{"/app/src/App.tsx": {"path":"/app/src/App.tsx","statementMap":{"0":{"start":{"line":25,"column":16},"end":{"line":25,"column":45}},"1":{"start":{"line":26,"column":21},"end":{"line":26,"column":52}},"2":{"start":{"line":27,"column":26},"end":{"line":27,"column":63}},"3":{"start":{"line":29,"column":2},"end":{"line":42,"column":null}},"4":{"start":{"line":30,"column":4},"end":{"line":40,"column":null}},"5":{"start":{"line":31,"column":6},"end":{"line":38,"column":null}},"6":{"start":{"line":33,"column":20},"end":{"line":33,"column":44}},"7":{"start":{"line":35,"column":10},"end":{"line":35,"column":null}},"8":{"start":{"line":36,"column":10},"end":{"line":36,"column":null}},"9":{"start":{"line":38,"column":23},"end":{"line":38,"column":43}},"10":{"start":{"line":40,"column":6},"end":{"line":40,"column":null}},"11":{"start":{"line":40,"column":23},"end":{"line":40,"column":43}},"12":{"start":{"line":44,"column":2},"end":{"line":45,"column":null}},"13":{"start":{"line":45,"column":4},"end":{"line":45,"column":null}},"14":{"start":{"line":48,"column":2},"end":{"line":70,"column":null}},"15":{"start":{"line":75,"column":15},"end":{"line":75,"column":53}},"16":{"start":{"line":76,"column":18},"end":{"line":76,"column":46}},"17":{"start":{"line":78,"column":2},"end":{"line":87,"column":null}},"18":{"start":{"line":79,"column":4},"end":{"line":86,"column":null}},"19":{"start":{"line":83,"column":8},"end":{"line":83,"column":null}},"20":{"start":{"line":84,"column":8},"end":{"line":84,"column":null}},"21":{"start":{"line":86,"column":21},"end":{"line":86,"column":38}},"22":{"start":{"line":89,"column":2},"end":{"line":90,"column":null}},"23":{"start":{"line":90,"column":4},"end":{"line":90,"column":null}},"24":{"start":{"line":93,"column":2},"end":{"line":98,"column":null}},"25":{"start":{"line":104,"column":23},"end":{"line":104,"column":57}},"26":{"start":{"line":106,"column":8},"end":{"line":107,"column":null}},"27":{"start":{"line":107,"column":4},"end":{"line":107,"column":null}},"28":{"start":{"line":110,"column":2},"end":{"line":142,"column":null}},"29":{"start":{"line":116,"column":37},"end":{"line":116,"column":59}},"30":{"start":{"line":117,"column":31},"end":{"line":117,"column":null}},"31":{"start":{"line":128,"column":31},"end":{"line":128,"column":52}}},"fnMap":{"0":{"name":"App","decl":{"start":{"line":24,"column":9},"end":{"line":24,"column":15}},"loc":{"start":{"line":24,"column":15},"end":{"line":70,"column":null}},"line":24},"1":{"name":"(anonymous_1)","decl":{"start":{"line":29,"column":2},"end":{"line":29,"column":18}},"loc":{"start":{"line":29,"column":18},"end":{"line":42,"column":6}},"line":29},"2":{"name":"(anonymous_2)","decl":{"start":{"line":33,"column":9},"end":{"line":33,"column":20}},"loc":{"start":{"line":33,"column":20},"end":{"line":33,"column":44}},"line":33},"3":{"name":"(anonymous_3)","decl":{"start":{"line":34,"column":9},"end":{"line":34,"column":21}},"loc":{"start":{"line":34,"column":21},"end":{"line":37,"column":null}},"line":34},"4":{"name":"(anonymous_4)","decl":{"start":{"line":38,"column":9},"end":{"line":38,"column":23}},"loc":{"start":{"line":38,"column":23},"end":{"line":38,"column":43}},"line":38},"5":{"name":"(anonymous_5)","decl":{"start":{"line":40,"column":6},"end":{"line":40,"column":23}},"loc":{"start":{"line":40,"column":23},"end":{"line":40,"column":43}},"line":40},"6":{"name":"AuthenticatedLayout","decl":{"start":{"line":74,"column":9},"end":{"line":74,"column":31}},"loc":{"start":{"line":74,"column":31},"end":{"line":98,"column":null}},"line":74},"7":{"name":"(anonymous_7)","decl":{"start":{"line":78,"column":2},"end":{"line":78,"column":18}},"loc":{"start":{"line":78,"column":18},"end":{"line":87,"column":7}},"line":78},"8":{"name":"(anonymous_8)","decl":{"start":{"line":82,"column":7},"end":{"line":82,"column":19}},"loc":{"start":{"line":82,"column":19},"end":{"line":85,"column":null}},"line":82},"9":{"name":"(anonymous_9)","decl":{"start":{"line":86,"column":7},"end":{"line":86,"column":21}},"loc":{"start":{"line":86,"column":21},"end":{"line":86,"column":38}},"line":86},"10":{"name":"AuthLayout","decl":{"start":{"line":103,"column":9},"end":{"line":103,"column":22}},"loc":{"start":{"line":103,"column":22},"end":{"line":142,"column":null}},"line":103},"11":{"name":"(anonymous_11)","decl":{"start":{"line":106,"column":8},"end":{"line":106,"column":34}},"loc":{"start":{"line":106,"column":34},"end":{"line":107,"column":null}},"line":106},"12":{"name":"(anonymous_12)","decl":{"start":{"line":116,"column":14},"end":{"line":116,"column":37}},"loc":{"start":{"line":116,"column":37},"end":{"line":116,"column":59}},"line":116},"13":{"name":"(anonymous_13)","decl":{"start":{"line":117,"column":14},"end":{"line":117,"column":31}},"loc":{"start":{"line":117,"column":31},"end":{"line":117,"column":null}},"line":117},"14":{"name":"(anonymous_14)","decl":{"start":{"line":128,"column":16},"end":{"line":128,"column":31}},"loc":{"start":{"line":128,"column":31},"end":{"line":128,"column":52}},"line":128}},"branchMap":{"0":{"loc":{"start":{"line":30,"column":4},"end":{"line":40,"column":null}},"type":"if","locations":[{"start":{"line":30,"column":4},"end":{"line":40,"column":null}},{"start":{"line":39,"column":11},"end":{"line":40,"column":null}}],"line":30},"1":{"loc":{"start":{"line":44,"column":2},"end":{"line":45,"column":null}},"type":"if","locations":[{"start":{"line":44,"column":2},"end":{"line":45,"column":null}},{"start":{},"end":{}}],"line":44},"2":{"loc":{"start":{"line":54,"column":12},"end":{"line":54,"column":null}},"type":"cond-expr","locations":[{"start":{"line":54,"column":30},"end":{"line":54,"column":67}},{"start":{"line":54,"column":66},"end":{"line":54,"column":null}}],"line":54},"3":{"loc":{"start":{"line":89,"column":2},"end":{"line":90,"column":null}},"type":"if","locations":[{"start":{"line":89,"column":2},"end":{"line":90,"column":null}},{"start":{},"end":{}}],"line":89},"4":{"loc":{"start":{"line":114,"column":11},"end":{"line":123,"column":12}},"type":"cond-expr","locations":[{"start":{"line":115,"column":12},"end":{"line":120,"column":13}},{"start":{"line":120,"column":12},"end":{"line":123,"column":12}}],"line":114},"5":{"loc":{"start":{"line":123,"column":11},"end":{"line":131,"column":null}},"type":"binary-expr","locations":[{"start":{"line":123,"column":11},"end":{"line":123,"column":null}},{"start":{"line":124,"column":12},"end":{"line":131,"column":null}}],"line":123}},"s":{"0":19,"1":19,"2":19,"3":19,"4":10,"5":3,"6":2,"7":1,"8":1,"9":3,"10":7,"11":7,"12":19,"13":10,"14":9,"15":4,"16":4,"17":4,"18":2,"19":1,"20":1,"21":2,"22":4,"23":2,"24":2,"25":12,"26":12,"27":1,"28":12,"29":1,"30":1,"31":3},"f":{"0":19,"1":10,"2":2,"3":1,"4":3,"5":7,"6":4,"7":2,"8":1,"9":2,"10":12,"11":1,"12":1,"13":1,"14":3},"b":{"0":[3,7],"1":[10,9],"2":[2,7],"3":[2,2],"4":[3,9],"5":[12,9]},"meta":{"lastBranch":6,"lastFunction":15,"lastStatement":32,"seen":{"f:24:9:24:15":0,"s:25:16:25:45":0,"s:26:21:26:52":1,"s:27:26:27:63":2,"s:29:2:42:Infinity":3,"f:29:2:29:18":1,"b:30:4:40:Infinity:39:11:40:Infinity":0,"s:30:4:40:Infinity":4,"s:31:6:38:Infinity":5,"f:33:9:33:20":2,"s:33:20:33:44":6,"f:34:9:34:21":3,"s:35:10:35:Infinity":7,"s:36:10:36:Infinity":8,"f:38:9:38:23":4,"s:38:23:38:43":9,"s:40:6:40:Infinity":10,"f:40:6:40:23":5,"s:40:23:40:43":11,"b:44:2:45:Infinity:undefined:undefined:undefined:undefined":1,"s:44:2:45:Infinity":12,"s:45:4:45:Infinity":13,"s:48:2:70:Infinity":14,"b:54:30:54:67:54:66:54:Infinity":2,"f:74:9:74:31":6,"s:75:15:75:53":15,"s:76:18:76:46":16,"s:78:2:87:Infinity":17,"f:78:2:78:18":7,"s:79:4:86:Infinity":18,"f:82:7:82:19":8,"s:83:8:83:Infinity":19,"s:84:8:84:Infinity":20,"f:86:7:86:21":9,"s:86:21:86:38":21,"b:89:2:90:Infinity:undefined:undefined:undefined:undefined":3,"s:89:2:90:Infinity":22,"s:90:4:90:Infinity":23,"s:93:2:98:Infinity":24,"f:103:9:103:22":10,"s:104:23:104:57":25,"s:106:8:107:Infinity":26,"f:106:8:106:34":11,"s:107:4:107:Infinity":27,"s:110:2:142:Infinity":28,"b:115:12:120:13:120:12:123:12":4,"f:116:14:116:37":12,"s:116:37:116:59":29,"f:117:14:117:31":13,"s:117:31:117:Infinity":30,"b:123:11:123:Infinity:124:12:131:Infinity":5,"f:128:16:128:31":14,"s:128:31:128:52":31}}}
,"/app/src/main.tsx": {"path":"/app/src/main.tsx","statementMap":{"0":{"start":{"line":6,"column":20},"end":{"line":6,"column":51}},"1":{"start":{"line":14,"column":0},"end":{"line":18,"column":null}}},"fnMap":{},"branchMap":{},"s":{"0":1,"1":1},"f":{},"b":{},"meta":{"lastBranch":0,"lastFunction":0,"lastStatement":2,"seen":{"s:6:20:6:51":0,"s:14:0:18:Infinity":1}}}
,"/app/src/components/AuthForm/AuthForm.tsx": {"path":"/app/src/components/AuthForm/AuthForm.tsx","statementMap":{"0":{"start":{"line":35,"column":24},"end":{"line":35,"column":105}},"1":{"start":{"line":35,"column":51},"end":{"line":35,"column":76}},"2":{"start":{"line":37,"column":53},"end":{"line":41,"column":4}},"3":{"start":{"line":43,"column":2},"end":{"line":69,"column":null}},"4":{"start":{"line":52,"column":8},"end":{"line":62,"column":null}},"5":{"start":{"line":58,"column":29},"end":{"line":58,"column":63}}},"fnMap":{"0":{"name":"AuthForm","decl":{"start":{"line":24,"column":16},"end":{"line":24,"column":25}},"loc":{"start":{"line":34,"column":18},"end":{"line":69,"column":null}},"line":34},"1":{"name":"(anonymous_1)","decl":{"start":{"line":35,"column":31},"end":{"line":35,"column":39}},"loc":{"start":{"line":35,"column":51},"end":{"line":35,"column":76}},"line":35},"2":{"name":"(anonymous_2)","decl":{"start":{"line":51,"column":14},"end":{"line":51,"column":19}},"loc":{"start":{"line":52,"column":8},"end":{"line":62,"column":null}},"line":52},"3":{"name":"(anonymous_3)","decl":{"start":{"line":58,"column":12},"end":{"line":58,"column":23}},"loc":{"start":{"line":58,"column":29},"end":{"line":58,"column":63}},"line":58}},"branchMap":{"0":{"loc":{"start":{"line":48,"column":7},"end":{"line":48,"column":null}},"type":"binary-expr","locations":[{"start":{"line":48,"column":7},"end":{"line":48,"column":16}},{"start":{"line":48,"column":16},"end":{"line":48,"column":null}}],"line":48},"1":{"loc":{"start":{"line":48,"column":32},"end":{"line":48,"column":68}},"type":"binary-expr","locations":[{"start":{"line":48,"column":32},"end":{"line":48,"column":50}},{"start":{"line":48,"column":50},"end":{"line":48,"column":68}}],"line":48},"2":{"loc":{"start":{"line":49,"column":7},"end":{"line":49,"column":null}},"type":"binary-expr","locations":[{"start":{"line":49,"column":7},"end":{"line":49,"column":25}},{"start":{"line":49,"column":25},"end":{"line":49,"column":36}},{"start":{"line":49,"column":36},"end":{"line":49,"column":null}}],"line":49},"3":{"loc":{"start":{"line":57,"column":19},"end":{"line":57,"column":null}},"type":"binary-expr","locations":[{"start":{"line":57,"column":19},"end":{"line":57,"column":39}},{"start":{"line":57,"column":39},"end":{"line":57,"column":null}}],"line":57},"4":{"loc":{"start":{"line":68,"column":9},"end":{"line":68,"column":null}},"type":"cond-expr","locations":[{"start":{"line":68,"column":19},"end":{"line":68,"column":37}},{"start":{"line":68,"column":37},"end":{"line":68,"column":null}}],"line":68}},"s":{"0":39,"1":108,"2":39,"3":39,"4":108,"5":14},"f":{"0":39,"1":108,"2":108,"3":14},"b":{"0":[39,1],"1":[1,1],"2":[39,18,3],"3":[108,51],"4":[7,32]},"meta":{"lastBranch":5,"lastFunction":4,"lastStatement":6,"seen":{"f:24:16:24:25":0,"s:35:24:35:105":0,"f:35:31:35:39":1,"s:35:51:35:76":1,"s:37:53:41:4":2,"s:43:2:69:Infinity":3,"b:48:7:48:16:48:16:48:Infinity":0,"b:48:32:48:50:48:50:48:68":1,"b:49:7:49:25:49:25:49:36:49:36:49:Infinity":2,"f:51:14:51:19":2,"s:52:8:62:Infinity":4,"b:57:19:57:39:57:39:57:Infinity":3,"f:58:12:58:23":3,"s:58:29:58:63":5,"b:68:19:68:37:68:37:68:Infinity":4}}}
,"/app/src/components/CardPlantilla/CardPlantilla.tsx": {"path":"/app/src/components/CardPlantilla/CardPlantilla.tsx","statementMap":{"0":{"start":{"line":13,"column":8},"end":{"line":13,"column":32}},"1":{"start":{"line":15,"column":8},"end":{"line":16,"column":null}},"2":{"start":{"line":16,"column":4},"end":{"line":16,"column":null}},"3":{"start":{"line":19,"column":8},"end":{"line":20,"column":null}},"4":{"start":{"line":20,"column":4},"end":{"line":20,"column":null}},"5":{"start":{"line":23,"column":8},"end":{"line":25,"column":null}},"6":{"start":{"line":24,"column":4},"end":{"line":25,"column":null}},"7":{"start":{"line":25,"column":6},"end":{"line":25,"column":null}},"8":{"start":{"line":29,"column":2},"end":{"line":59,"column":null}}},"fnMap":{"0":{"name":"CardPlantilla","decl":{"start":{"line":12,"column":16},"end":{"line":12,"column":30}},"loc":{"start":{"line":12,"column":113},"end":{"line":59,"column":null}},"line":12},"1":{"name":"(anonymous_1)","decl":{"start":{"line":15,"column":8},"end":{"line":15,"column":27}},"loc":{"start":{"line":15,"column":27},"end":{"line":16,"column":null}},"line":15},"2":{"name":"(anonymous_2)","decl":{"start":{"line":19,"column":8},"end":{"line":19,"column":32}},"loc":{"start":{"line":19,"column":32},"end":{"line":20,"column":null}},"line":19},"3":{"name":"(anonymous_3)","decl":{"start":{"line":23,"column":8},"end":{"line":23,"column":29}},"loc":{"start":{"line":23,"column":29},"end":{"line":25,"column":null}},"line":23}},"branchMap":{"0":{"loc":{"start":{"line":12,"column":43},"end":{"line":12,"column":63}},"type":"default-arg","locations":[{"start":{"line":12,"column":57},"end":{"line":12,"column":63}}],"line":12},"1":{"loc":{"start":{"line":24,"column":4},"end":{"line":25,"column":null}},"type":"if","locations":[{"start":{"line":24,"column":4},"end":{"line":25,"column":null}},{"start":{},"end":{}}],"line":24},"2":{"loc":{"start":{"line":31,"column":7},"end":{"line":34,"column":null}},"type":"binary-expr","locations":[{"start":{"line":31,"column":7},"end":{"line":31,"column":null}},{"start":{"line":32,"column":8},"end":{"line":34,"column":null}}],"line":31},"3":{"loc":{"start":{"line":39,"column":39},"end":{"line":39,"column":86}},"type":"binary-expr","locations":[{"start":{"line":39,"column":39},"end":{"line":39,"column":64}},{"start":{"line":39,"column":64},"end":{"line":39,"column":86}}],"line":39},"4":{"loc":{"start":{"line":42,"column":13},"end":{"line":42,"column":null}},"type":"cond-expr","locations":[{"start":{"line":42,"column":51},"end":{"line":42,"column":63}},{"start":{"line":42,"column":63},"end":{"line":42,"column":null}}],"line":42},"5":{"loc":{"start":{"line":44,"column":47},"end":{"line":44,"column":null}},"type":"cond-expr","locations":[{"start":{"line":44,"column":66},"end":{"line":44,"column":77}},{"start":{"line":44,"column":77},"end":{"line":44,"column":null}}],"line":44},"6":{"loc":{"start":{"line":45,"column":13},"end":{"line":45,"column":null}},"type":"cond-expr","locations":[{"start":{"line":45,"column":32},"end":{"line":45,"column":43}},{"start":{"line":45,"column":43},"end":{"line":45,"column":null}}],"line":45},"7":{"loc":{"start":{"line":49,"column":7},"end":{"line":59,"column":null}},"type":"binary-expr","locations":[{"start":{"line":49,"column":7},"end":{"line":49,"column":null}},{"start":{"line":50,"column":8},"end":{"line":59,"column":null}}],"line":49}},"s":{"0":14,"1":14,"2":1,"3":14,"4":1,"5":14,"6":2,"7":1,"8":14},"f":{"0":14,"1":1,"2":1,"3":2},"b":{"0":[14],"1":[1,1],"2":[14,1],"3":[14,1],"4":[13,1],"5":[13,1],"6":[13,1],"7":[14,13]},"meta":{"lastBranch":8,"lastFunction":4,"lastStatement":9,"seen":{"f:12:16:12:30":0,"b:12:57:12:63":0,"s:13:8:13:32":0,"s:15:8:16:Infinity":1,"f:15:8:15:27":1,"s:16:4:16:Infinity":2,"s:19:8:20:Infinity":3,"f:19:8:19:32":2,"s:20:4:20:Infinity":4,"s:23:8:25:Infinity":5,"f:23:8:23:29":3,"b:24:4:25:Infinity:undefined:undefined:undefined:undefined":1,"s:24:4:25:Infinity":6,"s:25:6:25:Infinity":7,"s:29:2:59:Infinity":8,"b:31:7:31:Infinity:32:8:34:Infinity":2,"b:39:39:39:64:39:64:39:86":3,"b:42:51:42:63:42:63:42:Infinity":4,"b:44:66:44:77:44:77:44:Infinity":5,"b:45:32:45:43:45:43:45:Infinity":6,"b:49:7:49:Infinity:50:8:59:Infinity":7}}}
,"/app/src/components/CardSitio/CardSitio.tsx": {"path":"/app/src/components/CardSitio/CardSitio.tsx","statementMap":{"0":{"start":{"line":6,"column":16},"end":{"line":6,"column":54}},"1":{"start":{"line":16,"column":8},"end":{"line":16,"column":32}},"2":{"start":{"line":18,"column":8},"end":{"line":19,"column":null}},"3":{"start":{"line":19,"column":4},"end":{"line":19,"column":null}},"4":{"start":{"line":22,"column":8},"end":{"line":24,"column":null}},"5":{"start":{"line":23,"column":4},"end":{"line":24,"column":null}},"6":{"start":{"line":24,"column":6},"end":{"line":24,"column":null}},"7":{"start":{"line":28,"column":8},"end":{"line":29,"column":null}},"8":{"start":{"line":29,"column":4},"end":{"line":29,"column":null}},"9":{"start":{"line":32,"column":20},"end":{"line":32,"column":47}},"10":{"start":{"line":33,"column":24},"end":{"line":33,"column":71}},"11":{"start":{"line":33,"column":45},"end":{"line":33,"column":64}},"12":{"start":{"line":35,"column":2},"end":{"line":68,"column":null}},"13":{"start":{"line":54,"column":14},"end":{"line":54,"column":null}}},"fnMap":{"0":{"name":"CardSitio","decl":{"start":{"line":15,"column":16},"end":{"line":15,"column":26}},"loc":{"start":{"line":15,"column":96},"end":{"line":68,"column":null}},"line":15},"1":{"name":"(anonymous_1)","decl":{"start":{"line":18,"column":8},"end":{"line":18,"column":27}},"loc":{"start":{"line":18,"column":27},"end":{"line":19,"column":null}},"line":18},"2":{"name":"(anonymous_2)","decl":{"start":{"line":22,"column":8},"end":{"line":22,"column":29}},"loc":{"start":{"line":22,"column":29},"end":{"line":24,"column":null}},"line":22},"3":{"name":"(anonymous_3)","decl":{"start":{"line":28,"column":8},"end":{"line":28,"column":27}},"loc":{"start":{"line":28,"column":27},"end":{"line":29,"column":null}},"line":28},"4":{"name":"(anonymous_4)","decl":{"start":{"line":33,"column":33},"end":{"line":33,"column":40}},"loc":{"start":{"line":33,"column":45},"end":{"line":33,"column":64}},"line":33},"5":{"name":"(anonymous_5)","decl":{"start":{"line":53,"column":27},"end":{"line":53,"column":31}},"loc":{"start":{"line":54,"column":14},"end":{"line":54,"column":null}},"line":54}},"branchMap":{"0":{"loc":{"start":{"line":23,"column":4},"end":{"line":24,"column":null}},"type":"if","locations":[{"start":{"line":23,"column":4},"end":{"line":24,"column":null}},{"start":{},"end":{}}],"line":23},"1":{"loc":{"start":{"line":32,"column":28},"end":{"line":32,"column":46}},"type":"binary-expr","locations":[{"start":{"line":32,"column":28},"end":{"line":32,"column":44}},{"start":{"line":32,"column":44},"end":{"line":32,"column":46}}],"line":32},"2":{"loc":{"start":{"line":33,"column":24},"end":{"line":33,"column":71}},"type":"binary-expr","locations":[{"start":{"line":33,"column":24},"end":{"line":33,"column":65}},{"start":{"line":33,"column":69},"end":{"line":33,"column":71}}],"line":33},"3":{"loc":{"start":{"line":37,"column":7},"end":{"line":40,"column":null}},"type":"binary-expr","locations":[{"start":{"line":37,"column":7},"end":{"line":37,"column":null}},{"start":{"line":38,"column":8},"end":{"line":40,"column":null}}],"line":37},"4":{"loc":{"start":{"line":45,"column":41},"end":{"line":45,"column":null}},"type":"cond-expr","locations":[{"start":{"line":45,"column":56},"end":{"line":45,"column":67}},{"start":{"line":45,"column":67},"end":{"line":45,"column":null}}],"line":45},"5":{"loc":{"start":{"line":46,"column":11},"end":{"line":46,"column":null}},"type":"cond-expr","locations":[{"start":{"line":46,"column":26},"end":{"line":46,"column":37}},{"start":{"line":46,"column":37},"end":{"line":46,"column":null}}],"line":46},"6":{"loc":{"start":{"line":49,"column":7},"end":{"line":56,"column":null}},"type":"binary-expr","locations":[{"start":{"line":49,"column":7},"end":{"line":49,"column":null}},{"start":{"line":50,"column":8},"end":{"line":56,"column":null}}],"line":49}},"s":{"0":3,"1":11,"2":11,"3":1,"4":11,"5":2,"6":1,"7":11,"8":1,"9":11,"10":11,"11":2,"12":11,"13":1},"f":{"0":11,"1":1,"2":2,"3":1,"4":2,"5":1},"b":{"0":[1,1],"1":[11,10],"2":[11,10],"3":[11,10],"4":[10,1],"5":[10,1],"6":[11,1]},"meta":{"lastBranch":7,"lastFunction":6,"lastStatement":14,"seen":{"s:6:16:6:54":0,"f:15:16:15:26":0,"s:16:8:16:32":1,"s:18:8:19:Infinity":2,"f:18:8:18:27":1,"s:19:4:19:Infinity":3,"s:22:8:24:Infinity":4,"f:22:8:22:29":2,"b:23:4:24:Infinity:undefined:undefined:undefined:undefined":0,"s:23:4:24:Infinity":5,"s:24:6:24:Infinity":6,"s:28:8:29:Infinity":7,"f:28:8:28:27":3,"s:29:4:29:Infinity":8,"s:32:20:32:47":9,"b:32:28:32:44:32:44:32:46":1,"s:33:24:33:71":10,"b:33:24:33:65:33:69:33:71":2,"f:33:33:33:40":4,"s:33:45:33:64":11,"s:35:2:68:Infinity":12,"b:37:7:37:Infinity:38:8:40:Infinity":3,"b:45:56:45:67:45:67:45:Infinity":4,"b:46:26:46:37:46:37:46:Infinity":5,"b:49:7:49:Infinity:50:8:56:Infinity":6,"f:53:27:53:31":5,"s:54:14:54:Infinity":13}}}
,"/app/src/components/GrapesJS/index.ts": {"path":"/app/src/components/GrapesJS/index.ts","statementMap":{"0":{"start":{"line":16,"column":13},"end":{"line":417,"column":null}},"1":{"start":{"line":17,"column":17},"end":{"line":17,"column":null}},"2":{"start":{"line":18,"column":18},"end":{"line":18,"column":null}},"3":{"start":{"line":19,"column":22},"end":{"line":19,"column":null}},"4":{"start":{"line":20,"column":23},"end":{"line":20,"column":null}},"5":{"start":{"line":22,"column":31},"end":{"line":56,"column":null}},"6":{"start":{"line":58,"column":17},"end":{"line":58,"column":38}},"7":{"start":{"line":61,"column":17},"end":{"line":61,"column":47}},"8":{"start":{"line":62,"column":2},"end":{"line":62,"column":null}},"9":{"start":{"line":63,"column":2},"end":{"line":63,"column":null}},"10":{"start":{"line":64,"column":2},"end":{"line":64,"column":null}},"11":{"start":{"line":67,"column":21},"end":{"line":67,"column":null}},"12":{"start":{"line":68,"column":2},"end":{"line":78,"column":null}},"13":{"start":{"line":70,"column":4},"end":{"line":70,"column":null}},"14":{"start":{"line":71,"column":4},"end":{"line":71,"column":null}},"15":{"start":{"line":73,"column":4},"end":{"line":74,"column":null}},"16":{"start":{"line":73,"column":17},"end":{"line":73,"column":20}},"17":{"start":{"line":74,"column":6},"end":{"line":74,"column":null}},"18":{"start":{"line":77,"column":4},"end":{"line":77,"column":null}},"19":{"start":{"line":77,"column":35},"end":{"line":77,"column":null}},"20":{"start":{"line":78,"column":4},"end":{"line":78,"column":null}},"21":{"start":{"line":78,"column":34},"end":{"line":78,"column":null}},"22":{"start":{"line":143,"column":8},"end":{"line":152,"column":null}},"23":{"start":{"line":144,"column":19},"end":{"line":144,"column":49}},"24":{"start":{"line":145,"column":4},"end":{"line":145,"column":null}},"25":{"start":{"line":146,"column":4},"end":{"line":146,"column":null}},"26":{"start":{"line":147,"column":4},"end":{"line":150,"column":null}},"27":{"start":{"line":148,"column":6},"end":{"line":148,"column":null}},"28":{"start":{"line":149,"column":23},"end":{"line":149,"column":null}},"29":{"start":{"line":150,"column":6},"end":{"line":150,"column":null}},"30":{"start":{"line":152,"column":4},"end":{"line":152,"column":null}},"31":{"start":{"line":155,"column":8},"end":{"line":164,"column":null}},"32":{"start":{"line":156,"column":21},"end":{"line":156,"column":null}},"33":{"start":{"line":157,"column":15},"end":{"line":157,"column":44}},"34":{"start":{"line":158,"column":4},"end":{"line":158,"column":null}},"35":{"start":{"line":159,"column":4},"end":{"line":159,"column":null}},"36":{"start":{"line":160,"column":4},"end":{"line":162,"column":null}},"37":{"start":{"line":161,"column":6},"end":{"line":161,"column":null}},"38":{"start":{"line":162,"column":6},"end":{"line":162,"column":null}},"39":{"start":{"line":164,"column":4},"end":{"line":164,"column":null}},"40":{"start":{"line":167,"column":8},"end":{"line":181,"column":null}},"41":{"start":{"line":168,"column":4},"end":{"line":168,"column":null}},"42":{"start":{"line":168,"column":20},"end":{"line":168,"column":null}},"43":{"start":{"line":169,"column":4},"end":{"line":169,"column":null}},"44":{"start":{"line":170,"column":18},"end":{"line":170,"column":39}},"45":{"start":{"line":171,"column":4},"end":{"line":173,"column":null}},"46":{"start":{"line":172,"column":6},"end":{"line":172,"column":null}},"47":{"start":{"line":173,"column":6},"end":{"line":173,"column":null}},"48":{"start":{"line":175,"column":4},"end":{"line":181,"column":null}},"49":{"start":{"line":176,"column":17},"end":{"line":176,"column":51}},"50":{"start":{"line":177,"column":6},"end":{"line":178,"column":null}},"51":{"start":{"line":178,"column":8},"end":{"line":178,"column":null}},"52":{"start":{"line":180,"column":6},"end":{"line":180,"column":null}},"53":{"start":{"line":184,"column":8},"end":{"line":190,"column":null}},"54":{"start":{"line":185,"column":14},"end":{"line":185,"column":50}},"55":{"start":{"line":186,"column":4},"end":{"line":186,"column":null}},"56":{"start":{"line":186,"column":11},"end":{"line":186,"column":null}},"57":{"start":{"line":187,"column":14},"end":{"line":187,"column":51}},"58":{"start":{"line":188,"column":4},"end":{"line":190,"column":null}},"59":{"start":{"line":189,"column":6},"end":{"line":190,"column":null}},"60":{"start":{"line":190,"column":8},"end":{"line":190,"column":null}},"61":{"start":{"line":195,"column":2},"end":{"line":196,"column":null}},"62":{"start":{"line":195,"column":44},"end":{"line":195,"column":null}},"63":{"start":{"line":196,"column":7},"end":{"line":196,"column":null}},"64":{"start":{"line":198,"column":2},"end":{"line":200,"column":null}},"65":{"start":{"line":199,"column":15},"end":{"line":199,"column":42}},"66":{"start":{"line":201,"column":2},"end":{"line":203,"column":null}},"67":{"start":{"line":202,"column":15},"end":{"line":202,"column":41}},"68":{"start":{"line":204,"column":2},"end":{"line":206,"column":null}},"69":{"start":{"line":205,"column":15},"end":{"line":205,"column":41}},"70":{"start":{"line":208,"column":8},"end":{"line":210,"column":null}},"71":{"start":{"line":209,"column":22},"end":{"line":209,"column":43}},"72":{"start":{"line":210,"column":4},"end":{"line":210,"column":null}},"73":{"start":{"line":213,"column":20},"end":{"line":213,"column":null}},"74":{"start":{"line":215,"column":8},"end":{"line":217,"column":null}},"75":{"start":{"line":216,"column":15},"end":{"line":216,"column":61}},"76":{"start":{"line":217,"column":4},"end":{"line":217,"column":null}},"77":{"start":{"line":217,"column":12},"end":{"line":217,"column":null}},"78":{"start":{"line":220,"column":8},"end":{"line":226,"column":null}},"79":{"start":{"line":221,"column":16},"end":{"line":221,"column":24}},"80":{"start":{"line":222,"column":4},"end":{"line":222,"column":null}},"81":{"start":{"line":222,"column":14},"end":{"line":222,"column":null}},"82":{"start":{"line":223,"column":4},"end":{"line":226,"column":null}},"83":{"start":{"line":224,"column":17},"end":{"line":224,"column":39}},"84":{"start":{"line":225,"column":6},"end":{"line":225,"column":null}},"85":{"start":{"line":225,"column":14},"end":{"line":225,"column":null}},"86":{"start":{"line":229,"column":8},"end":{"line":239,"column":null}},"87":{"start":{"line":230,"column":41},"end":{"line":235,"column":null}},"88":{"start":{"line":232,"column":8},"end":{"line":232,"column":null}},"89":{"start":{"line":233,"column":8},"end":{"line":233,"column":null}},"90":{"start":{"line":233,"column":33},"end":{"line":233,"column":53}},"91":{"start":{"line":236,"column":4},"end":{"line":237,"column":null}},"92":{"start":{"line":237,"column":6},"end":{"line":237,"column":null}},"93":{"start":{"line":237,"column":23},"end":{"line":237,"column":70}},"94":{"start":{"line":237,"column":48},"end":{"line":237,"column":69}},"95":{"start":{"line":239,"column":4},"end":{"line":239,"column":null}},"96":{"start":{"line":242,"column":2},"end":{"line":242,"column":null}},"97":{"start":{"line":243,"column":2},"end":{"line":243,"column":null}},"98":{"start":{"line":244,"column":2},"end":{"line":244,"column":null}},"99":{"start":{"line":245,"column":2},"end":{"line":245,"column":null}},"100":{"start":{"line":247,"column":2},"end":{"line":255,"column":null}},"101":{"start":{"line":249,"column":6},"end":{"line":249,"column":null}},"102":{"start":{"line":250,"column":6},"end":{"line":250,"column":null}},"103":{"start":{"line":251,"column":19},"end":{"line":251,"column":90}},"104":{"start":{"line":251,"column":90},"end":{"line":252,"column":null}},"105":{"start":{"line":252,"column":8},"end":{"line":252,"column":null}},"106":{"start":{"line":257,"column":2},"end":{"line":282,"column":null}},"107":{"start":{"line":259,"column":18},"end":{"line":259,"column":47}},"108":{"start":{"line":260,"column":6},"end":{"line":266,"column":null}},"109":{"start":{"line":270,"column":6},"end":{"line":270,"column":null}},"110":{"start":{"line":271,"column":18},"end":{"line":271,"column":53}},"111":{"start":{"line":272,"column":6},"end":{"line":279,"column":null}},"112":{"start":{"line":273,"column":8},"end":{"line":275,"column":null}},"113":{"start":{"line":276,"column":8},"end":{"line":278,"column":null}},"114":{"start":{"line":279,"column":8},"end":{"line":279,"column":null}},"115":{"start":{"line":284,"column":2},"end":{"line":294,"column":null}},"116":{"start":{"line":286,"column":6},"end":{"line":291,"column":null}},"117":{"start":{"line":287,"column":8},"end":{"line":291,"column":null}},"118":{"start":{"line":297,"column":2},"end":{"line":355,"column":null}},"119":{"start":{"line":300,"column":17},"end":{"line":300,"column":49}},"120":{"start":{"line":301,"column":6},"end":{"line":301,"column":null}},"121":{"start":{"line":303,"column":12},"end":{"line":332,"column":null}},"122":{"start":{"line":304,"column":24},"end":{"line":304,"column":52}},"123":{"start":{"line":305,"column":8},"end":{"line":305,"column":null}},"124":{"start":{"line":306,"column":14},"end":{"line":310,"column":null}},"125":{"start":{"line":307,"column":22},"end":{"line":307,"column":54}},"126":{"start":{"line":308,"column":10},"end":{"line":308,"column":null}},"127":{"start":{"line":309,"column":10},"end":{"line":309,"column":null}},"128":{"start":{"line":310,"column":10},"end":{"line":310,"column":null}},"129":{"start":{"line":312,"column":8},"end":{"line":312,"column":null}},"130":{"start":{"line":313,"column":8},"end":{"line":330,"column":null}},"131":{"start":{"line":314,"column":23},"end":{"line":314,"column":null}},"132":{"start":{"line":315,"column":23},"end":{"line":328,"column":33}},"133":{"start":{"line":329,"column":12},"end":{"line":329,"column":null}},"134":{"start":{"line":331,"column":8},"end":{"line":332,"column":null}},"135":{"start":{"line":331,"column":51},"end":{"line":331,"column":71}},"136":{"start":{"line":332,"column":10},"end":{"line":332,"column":null}},"137":{"start":{"line":336,"column":6},"end":{"line":336,"column":null}},"138":{"start":{"line":337,"column":6},"end":{"line":337,"column":null}},"139":{"start":{"line":339,"column":6},"end":{"line":349,"column":null}},"140":{"start":{"line":340,"column":20},"end":{"line":340,"column":null}},"141":{"start":{"line":341,"column":8},"end":{"line":341,"column":null}},"142":{"start":{"line":343,"column":26},"end":{"line":343,"column":45}},"143":{"start":{"line":351,"column":6},"end":{"line":351,"column":null}},"144":{"start":{"line":358,"column":2},"end":{"line":371,"column":null}},"145":{"start":{"line":373,"column":2},"end":{"line":405,"column":null}},"146":{"start":{"line":374,"column":4},"end":{"line":374,"column":null}},"147":{"start":{"line":375,"column":4},"end":{"line":375,"column":null}},"148":{"start":{"line":377,"column":10},"end":{"line":377,"column":66}},"149":{"start":{"line":378,"column":4},"end":{"line":378,"column":null}},"150":{"start":{"line":378,"column":25},"end":{"line":378,"column":null}},"151":{"start":{"line":380,"column":27},"end":{"line":380,"column":56}},"152":{"start":{"line":381,"column":24},"end":{"line":381,"column":79}},"153":{"start":{"line":381,"column":56},"end":{"line":381,"column":79}},"154":{"start":{"line":382,"column":22},"end":{"line":382,"column":74}},"155":{"start":{"line":382,"column":54},"end":{"line":382,"column":74}},"156":{"start":{"line":384,"column":4},"end":{"line":384,"column":null}},"157":{"start":{"line":384,"column":34},"end":{"line":384,"column":null}},"158":{"start":{"line":386,"column":22},"end":{"line":386,"column":24}},"159":{"start":{"line":387,"column":17},"end":{"line":387,"column":34}},"160":{"start":{"line":388,"column":4},"end":{"line":392,"column":null}},"161":{"start":{"line":389,"column":18},"end":{"line":389,"column":null}},"162":{"start":{"line":390,"column":6},"end":{"line":392,"column":null}},"163":{"start":{"line":391,"column":8},"end":{"line":391,"column":null}},"164":{"start":{"line":392,"column":8},"end":{"line":392,"column":null}},"165":{"start":{"line":395,"column":4},"end":{"line":396,"column":null}},"166":{"start":{"line":396,"column":6},"end":{"line":396,"column":null}},"167":{"start":{"line":398,"column":4},"end":{"line":402,"column":null}},"168":{"start":{"line":399,"column":6},"end":{"line":402,"column":null}},"169":{"start":{"line":404,"column":4},"end":{"line":404,"column":null}},"170":{"start":{"line":407,"column":2},"end":{"line":409,"column":null}},"171":{"start":{"line":408,"column":4},"end":{"line":408,"column":null}},"172":{"start":{"line":411,"column":2},"end":{"line":414,"column":null}},"173":{"start":{"line":412,"column":4},"end":{"line":414,"column":null}},"174":{"start":{"line":413,"column":6},"end":{"line":413,"column":null}},"175":{"start":{"line":413,"column":26},"end":{"line":413,"column":null}},"176":{"start":{"line":417,"column":2},"end":{"line":417,"column":null}}},"fnMap":{"0":{"name":"(anonymous_0)","decl":{"start":{"line":16,"column":13},"end":{"line":16,"column":29}},"loc":{"start":{"line":16,"column":70},"end":{"line":417,"column":null}},"line":16},"1":{"name":"(anonymous_1)","decl":{"start":{"line":143,"column":8},"end":{"line":143,"column":27}},"loc":{"start":{"line":143,"column":82},"end":{"line":152,"column":null}},"line":143},"2":{"name":"(anonymous_2)","decl":{"start":{"line":147,"column":11},"end":{"line":147,"column":22}},"loc":{"start":{"line":147,"column":28},"end":{"line":150,"column":null}},"line":147},"3":{"name":"(anonymous_3)","decl":{"start":{"line":155,"column":8},"end":{"line":155,"column":29}},"loc":{"start":{"line":155,"column":67},"end":{"line":164,"column":null}},"line":155},"4":{"name":"(anonymous_4)","decl":{"start":{"line":160,"column":7},"end":{"line":160,"column":23}},"loc":{"start":{"line":160,"column":23},"end":{"line":162,"column":null}},"line":160},"5":{"name":"(anonymous_5)","decl":{"start":{"line":167,"column":8},"end":{"line":167,"column":27}},"loc":{"start":{"line":167,"column":61},"end":{"line":181,"column":null}},"line":167},"6":{"name":"(anonymous_6)","decl":{"start":{"line":175,"column":10},"end":{"line":175,"column":19}},"loc":{"start":{"line":175,"column":33},"end":{"line":181,"column":null}},"line":175},"7":{"name":"(anonymous_7)","decl":{"start":{"line":184,"column":8},"end":{"line":184,"column":26}},"loc":{"start":{"line":184,"column":26},"end":{"line":190,"column":null}},"line":184},"8":{"name":"(anonymous_8)","decl":{"start":{"line":189,"column":8},"end":{"line":189,"column":24}},"loc":{"start":{"line":189,"column":24},"end":{"line":190,"column":null}},"line":189},"9":{"name":"(anonymous_9)","decl":{"start":{"line":199,"column":4},"end":{"line":199,"column":15}},"loc":{"start":{"line":199,"column":15},"end":{"line":199,"column":42}},"line":199},"10":{"name":"(anonymous_10)","decl":{"start":{"line":202,"column":4},"end":{"line":202,"column":15}},"loc":{"start":{"line":202,"column":15},"end":{"line":202,"column":41}},"line":202},"11":{"name":"(anonymous_11)","decl":{"start":{"line":205,"column":4},"end":{"line":205,"column":15}},"loc":{"start":{"line":205,"column":15},"end":{"line":205,"column":41}},"line":205},"12":{"name":"(anonymous_12)","decl":{"start":{"line":208,"column":8},"end":{"line":208,"column":43}},"loc":{"start":{"line":208,"column":43},"end":{"line":210,"column":null}},"line":208},"13":{"name":"(anonymous_13)","decl":{"start":{"line":215,"column":8},"end":{"line":215,"column":21}},"loc":{"start":{"line":215,"column":57},"end":{"line":217,"column":null}},"line":215},"14":{"name":"(anonymous_14)","decl":{"start":{"line":220,"column":8},"end":{"line":220,"column":24}},"loc":{"start":{"line":220,"column":24},"end":{"line":226,"column":null}},"line":220},"15":{"name":"(anonymous_15)","decl":{"start":{"line":223,"column":99},"end":{"line":223,"column":108}},"loc":{"start":{"line":223,"column":116},"end":{"line":226,"column":null}},"line":223},"16":{"name":"(anonymous_16)","decl":{"start":{"line":229,"column":8},"end":{"line":229,"column":27}},"loc":{"start":{"line":229,"column":79},"end":{"line":239,"column":null}},"line":229},"17":{"name":"(anonymous_17)","decl":{"start":{"line":231,"column":6},"end":{"line":231,"column":12}},"loc":{"start":{"line":231,"column":12},"end":{"line":235,"column":null}},"line":231},"18":{"name":"(anonymous_18)","decl":{"start":{"line":233,"column":18},"end":{"line":233,"column":26}},"loc":{"start":{"line":233,"column":33},"end":{"line":233,"column":53}},"line":233},"19":{"name":"(anonymous_19)","decl":{"start":{"line":237,"column":10},"end":{"line":237,"column":23}},"loc":{"start":{"line":237,"column":23},"end":{"line":237,"column":70}},"line":237},"20":{"name":"(anonymous_20)","decl":{"start":{"line":237,"column":33},"end":{"line":237,"column":41}},"loc":{"start":{"line":237,"column":48},"end":{"line":237,"column":69}},"line":237},"21":{"name":"(anonymous_21)","decl":{"start":{"line":248,"column":4},"end":{"line":248,"column":10}},"loc":{"start":{"line":248,"column":10},"end":{"line":255,"column":4}},"line":248},"22":{"name":"(anonymous_22)","decl":{"start":{"line":258,"column":4},"end":{"line":258,"column":8}},"loc":{"start":{"line":258,"column":20},"end":{"line":282,"column":4}},"line":258},"23":{"name":"(anonymous_23)","decl":{"start":{"line":272,"column":10},"end":{"line":272,"column":26}},"loc":{"start":{"line":272,"column":26},"end":{"line":279,"column":null}},"line":272},"24":{"name":"(anonymous_24)","decl":{"start":{"line":285,"column":10},"end":{"line":285,"column":14}},"loc":{"start":{"line":285,"column":26},"end":{"line":294,"column":4}},"line":285},"25":{"name":"(anonymous_25)","decl":{"start":{"line":299,"column":4},"end":{"line":299,"column":16}},"loc":{"start":{"line":299,"column":43},"end":{"line":355,"column":4}},"line":299},"26":{"name":"(anonymous_26)","decl":{"start":{"line":303,"column":12},"end":{"line":303,"column":34}},"loc":{"start":{"line":303,"column":34},"end":{"line":332,"column":null}},"line":303},"27":{"name":"(anonymous_27)","decl":{"start":{"line":306,"column":14},"end":{"line":306,"column":24}},"loc":{"start":{"line":306,"column":57},"end":{"line":310,"column":null}},"line":306},"28":{"name":"(anonymous_28)","decl":{"start":{"line":313,"column":30},"end":{"line":313,"column":39}},"loc":{"start":{"line":313,"column":50},"end":{"line":330,"column":null}},"line":313},"29":{"name":"(anonymous_29)","decl":{"start":{"line":331,"column":39},"end":{"line":331,"column":45}},"loc":{"start":{"line":331,"column":51},"end":{"line":331,"column":71}},"line":331},"30":{"name":"(anonymous_30)","decl":{"start":{"line":339,"column":26},"end":{"line":339,"column":42}},"loc":{"start":{"line":339,"column":42},"end":{"line":349,"column":null}},"line":339},"31":{"name":"(anonymous_31)","decl":{"start":{"line":373,"column":12},"end":{"line":373,"column":35}},"loc":{"start":{"line":373,"column":54},"end":{"line":405,"column":null}},"line":373},"32":{"name":"(anonymous_32)","decl":{"start":{"line":381,"column":39},"end":{"line":381,"column":45}},"loc":{"start":{"line":381,"column":56},"end":{"line":381,"column":79}},"line":381},"33":{"name":"(anonymous_33)","decl":{"start":{"line":382,"column":37},"end":{"line":382,"column":43}},"loc":{"start":{"line":382,"column":54},"end":{"line":382,"column":74}},"line":382},"34":{"name":"(anonymous_34)","decl":{"start":{"line":407,"column":12},"end":{"line":407,"column":26}},"loc":{"start":{"line":407,"column":26},"end":{"line":409,"column":null}},"line":407},"35":{"name":"(anonymous_35)","decl":{"start":{"line":412,"column":35},"end":{"line":412,"column":41}},"loc":{"start":{"line":412,"column":50},"end":{"line":414,"column":null}},"line":412}},"branchMap":{"0":{"loc":{"start":{"line":68,"column":2},"end":{"line":78,"column":null}},"type":"if","locations":[{"start":{"line":68,"column":2},"end":{"line":78,"column":null}},{"start":{"line":76,"column":9},"end":{"line":78,"column":null}}],"line":68},"1":{"loc":{"start":{"line":68,"column":6},"end":{"line":68,"column":43}},"type":"binary-expr","locations":[{"start":{"line":68,"column":6},"end":{"line":68,"column":20}},{"start":{"line":68,"column":20},"end":{"line":68,"column":43}}],"line":68},"2":{"loc":{"start":{"line":71,"column":20},"end":{"line":71,"column":44}},"type":"binary-expr","locations":[{"start":{"line":71,"column":20},"end":{"line":71,"column":41}},{"start":{"line":71,"column":41},"end":{"line":71,"column":44}}],"line":71},"3":{"loc":{"start":{"line":77,"column":4},"end":{"line":77,"column":null}},"type":"if","locations":[{"start":{"line":77,"column":4},"end":{"line":77,"column":null}},{"start":{},"end":{}}],"line":77},"4":{"loc":{"start":{"line":78,"column":4},"end":{"line":78,"column":null}},"type":"if","locations":[{"start":{"line":78,"column":4},"end":{"line":78,"column":null}},{"start":{},"end":{}}],"line":78},"5":{"loc":{"start":{"line":149,"column":23},"end":{"line":149,"column":null}},"type":"binary-expr","locations":[{"start":{"line":149,"column":23},"end":{"line":149,"column":39}},{"start":{"line":149,"column":43},"end":{"line":149,"column":null}}],"line":149},"6":{"loc":{"start":{"line":158,"column":49},"end":{"line":158,"column":82}},"type":"cond-expr","locations":[{"start":{"line":158,"column":60},"end":{"line":158,"column":72}},{"start":{"line":158,"column":72},"end":{"line":158,"column":82}}],"line":158},"7":{"loc":{"start":{"line":159,"column":19},"end":{"line":159,"column":null}},"type":"binary-expr","locations":[{"start":{"line":159,"column":19},"end":{"line":159,"column":35}},{"start":{"line":159,"column":39},"end":{"line":159,"column":null}}],"line":159},"8":{"loc":{"start":{"line":168,"column":4},"end":{"line":168,"column":null}},"type":"if","locations":[{"start":{"line":168,"column":4},"end":{"line":168,"column":null}},{"start":{},"end":{}}],"line":168},"9":{"loc":{"start":{"line":171,"column":4},"end":{"line":173,"column":null}},"type":"if","locations":[{"start":{"line":171,"column":4},"end":{"line":173,"column":null}},{"start":{},"end":{}}],"line":171},"10":{"loc":{"start":{"line":177,"column":6},"end":{"line":178,"column":null}},"type":"if","locations":[{"start":{"line":177,"column":6},"end":{"line":178,"column":null}},{"start":{},"end":{}}],"line":177},"11":{"loc":{"start":{"line":186,"column":4},"end":{"line":186,"column":null}},"type":"if","locations":[{"start":{"line":186,"column":4},"end":{"line":186,"column":null}},{"start":{},"end":{}}],"line":186},"12":{"loc":{"start":{"line":188,"column":4},"end":{"line":190,"column":null}},"type":"if","locations":[{"start":{"line":188,"column":4},"end":{"line":190,"column":null}},{"start":{},"end":{}}],"line":188},"13":{"loc":{"start":{"line":195,"column":2},"end":{"line":196,"column":null}},"type":"if","locations":[{"start":{"line":195,"column":2},"end":{"line":196,"column":null}},{"start":{"line":196,"column":7},"end":{"line":196,"column":null}}],"line":195},"14":{"loc":{"start":{"line":210,"column":11},"end":{"line":210,"column":null}},"type":"cond-expr","locations":[{"start":{"line":210,"column":46},"end":{"line":210,"column":78}},{"start":{"line":210,"column":81},"end":{"line":210,"column":null}}],"line":210},"15":{"loc":{"start":{"line":217,"column":4},"end":{"line":217,"column":null}},"type":"if","locations":[{"start":{"line":217,"column":4},"end":{"line":217,"column":null}},{"start":{},"end":{}}],"line":217},"16":{"loc":{"start":{"line":217,"column":31},"end":{"line":217,"column":null}},"type":"cond-expr","locations":[{"start":{"line":217,"column":38},"end":{"line":217,"column":43}},{"start":{"line":217,"column":43},"end":{"line":217,"column":null}}],"line":217},"17":{"loc":{"start":{"line":222,"column":4},"end":{"line":222,"column":null}},"type":"if","locations":[{"start":{"line":222,"column":4},"end":{"line":222,"column":null}},{"start":{},"end":{}}],"line":222},"18":{"loc":{"start":{"line":225,"column":6},"end":{"line":225,"column":null}},"type":"if","locations":[{"start":{"line":225,"column":6},"end":{"line":225,"column":null}},{"start":{},"end":{}}],"line":225},"19":{"loc":{"start":{"line":229,"column":60},"end":{"line":229,"column":79}},"type":"default-arg","locations":[{"start":{"line":229,"column":70},"end":{"line":229,"column":79}}],"line":229},"20":{"loc":{"start":{"line":236,"column":4},"end":{"line":237,"column":null}},"type":"if","locations":[{"start":{"line":236,"column":4},"end":{"line":237,"column":null}},{"start":{},"end":{}}],"line":236},"21":{"loc":{"start":{"line":251,"column":19},"end":{"line":251,"column":90}},"type":"binary-expr","locations":[{"start":{"line":251,"column":19},"end":{"line":251,"column":75}},{"start":{"line":251,"column":79},"end":{"line":251,"column":90}}],"line":251},"22":{"loc":{"start":{"line":251,"column":90},"end":{"line":252,"column":null}},"type":"if","locations":[{"start":{"line":251,"column":90},"end":{"line":252,"column":null}},{"start":{},"end":{}}],"line":251},"23":{"loc":{"start":{"line":286,"column":6},"end":{"line":291,"column":null}},"type":"if","locations":[{"start":{"line":286,"column":6},"end":{"line":291,"column":null}},{"start":{},"end":{}}],"line":286},"24":{"loc":{"start":{"line":304,"column":24},"end":{"line":304,"column":52}},"type":"binary-expr","locations":[{"start":{"line":304,"column":24},"end":{"line":304,"column":36}},{"start":{"line":304,"column":36},"end":{"line":304,"column":52}}],"line":304},"25":{"loc":{"start":{"line":314,"column":23},"end":{"line":314,"column":null}},"type":"binary-expr","locations":[{"start":{"line":314,"column":23},"end":{"line":314,"column":36}},{"start":{"line":314,"column":40},"end":{"line":314,"column":null}}],"line":314},"26":{"loc":{"start":{"line":331,"column":8},"end":{"line":332,"column":null}},"type":"if","locations":[{"start":{"line":331,"column":8},"end":{"line":332,"column":null}},{"start":{},"end":{}}],"line":331},"27":{"loc":{"start":{"line":331,"column":12},"end":{"line":331,"column":71}},"type":"binary-expr","locations":[{"start":{"line":331,"column":12},"end":{"line":331,"column":23}},{"start":{"line":331,"column":23},"end":{"line":331,"column":71}}],"line":331},"28":{"loc":{"start":{"line":377,"column":21},"end":{"line":377,"column":53}},"type":"binary-expr","locations":[{"start":{"line":377,"column":21},"end":{"line":377,"column":45}},{"start":{"line":377,"column":49},"end":{"line":377,"column":53}}],"line":377},"29":{"loc":{"start":{"line":378,"column":4},"end":{"line":378,"column":null}},"type":"if","locations":[{"start":{"line":378,"column":4},"end":{"line":378,"column":null}},{"start":{},"end":{}}],"line":378},"30":{"loc":{"start":{"line":380,"column":27},"end":{"line":380,"column":56}},"type":"binary-expr","locations":[{"start":{"line":380,"column":27},"end":{"line":380,"column":50}},{"start":{"line":380,"column":54},"end":{"line":380,"column":56}}],"line":380},"31":{"loc":{"start":{"line":384,"column":4},"end":{"line":384,"column":null}},"type":"if","locations":[{"start":{"line":384,"column":4},"end":{"line":384,"column":null}},{"start":{},"end":{}}],"line":384},"32":{"loc":{"start":{"line":384,"column":8},"end":{"line":384,"column":34}},"type":"binary-expr","locations":[{"start":{"line":384,"column":8},"end":{"line":384,"column":23}},{"start":{"line":384,"column":23},"end":{"line":384,"column":34}}],"line":384},"33":{"loc":{"start":{"line":389,"column":18},"end":{"line":389,"column":null}},"type":"binary-expr","locations":[{"start":{"line":389,"column":18},"end":{"line":389,"column":28}},{"start":{"line":389,"column":28},"end":{"line":389,"column":null}}],"line":389},"34":{"loc":{"start":{"line":390,"column":6},"end":{"line":392,"column":null}},"type":"if","locations":[{"start":{"line":390,"column":6},"end":{"line":392,"column":null}},{"start":{},"end":{}}],"line":390},"35":{"loc":{"start":{"line":395,"column":4},"end":{"line":396,"column":null}},"type":"if","locations":[{"start":{"line":395,"column":4},"end":{"line":396,"column":null}},{"start":{},"end":{}}],"line":395},"36":{"loc":{"start":{"line":398,"column":4},"end":{"line":402,"column":null}},"type":"if","locations":[{"start":{"line":398,"column":4},"end":{"line":402,"column":null}},{"start":{},"end":{}}],"line":398},"37":{"loc":{"start":{"line":411,"column":2},"end":{"line":414,"column":null}},"type":"if","locations":[{"start":{"line":411,"column":2},"end":{"line":414,"column":null}},{"start":{},"end":{}}],"line":411},"38":{"loc":{"start":{"line":413,"column":6},"end":{"line":413,"column":null}},"type":"if","locations":[{"start":{"line":413,"column":6},"end":{"line":413,"column":null}},{"start":{},"end":{}}],"line":413}},"s":{"0":3,"1":61,"2":61,"3":61,"4":61,"5":61,"6":61,"7":61,"8":61,"9":61,"10":61,"11":61,"12":61,"13":2,"14":2,"15":2,"16":2,"17":2,"18":59,"19":3,"20":59,"21":2,"22":61,"23":18,"24":18,"25":18,"26":18,"27":4,"28":4,"29":4,"30":18,"31":61,"32":23,"33":23,"34":23,"35":23,"36":23,"37":1,"38":1,"39":23,"40":61,"41":29,"42":1,"43":28,"44":28,"45":28,"46":14,"47":14,"48":14,"49":23,"50":23,"51":18,"52":23,"53":61,"54":33,"55":33,"56":23,"57":33,"58":33,"59":24,"60":5,"61":61,"62":23,"63":38,"64":61,"65":1,"66":61,"67":1,"68":61,"69":1,"70":61,"71":23,"72":23,"73":61,"74":61,"75":11,"76":11,"77":6,"78":61,"79":10,"80":10,"81":4,"82":6,"83":30,"84":30,"85":25,"86":61,"87":244,"88":8,"89":8,"90":8,"91":244,"92":183,"93":1,"94":1,"95":244,"96":61,"97":61,"98":61,"99":61,"100":61,"101":2,"102":2,"103":2,"104":2,"105":1,"106":61,"107":1,"108":1,"109":1,"110":1,"111":1,"112":1,"113":1,"114":1,"115":61,"116":2,"117":1,"118":61,"119":7,"120":7,"121":7,"122":8,"123":8,"124":8,"125":18,"126":18,"127":18,"128":18,"129":8,"130":8,"131":10,"132":10,"133":10,"134":8,"135":6,"136":2,"137":7,"138":7,"139":7,"140":3,"141":3,"142":3,"143":7,"144":61,"145":61,"146":10,"147":10,"148":10,"149":10,"150":2,"151":8,"152":10,"153":7,"154":10,"155":10,"156":10,"157":2,"158":6,"159":6,"160":6,"161":5,"162":5,"163":4,"164":4,"165":6,"166":5,"167":6,"168":5,"169":6,"170":61,"171":2,"172":61,"173":2,"174":2,"175":1,"176":61},"f":{"0":61,"1":18,"2":4,"3":23,"4":1,"5":29,"6":23,"7":33,"8":5,"9":1,"10":1,"11":1,"12":23,"13":11,"14":10,"15":30,"16":244,"17":8,"18":8,"19":1,"20":1,"21":2,"22":1,"23":1,"24":2,"25":7,"26":8,"27":18,"28":10,"29":6,"30":3,"31":10,"32":7,"33":10,"34":2,"35":2},"b":{"0":[2,59],"1":[61,2],"2":[2,1],"3":[3,56],"4":[2,57],"5":[4,1],"6":[14,9],"7":[23,2],"8":[1,28],"9":[14,14],"10":[18,5],"11":[23,10],"12":[24,9],"13":[23,38],"14":[15,8],"15":[6,5],"16":[5,1],"17":[4,6],"18":[25,5],"19":[244],"20":[183,61],"21":[2,1],"22":[1,1],"23":[1,1],"24":[8,8],"25":[10,1],"26":[2,6],"27":[8,3],"28":[10,1],"29":[2,8],"30":[8,1],"31":[2,8],"32":[10,3],"33":[5,4],"34":[4,1],"35":[5,1],"36":[5,1],"37":[2,59],"38":[1,1]},"meta":{"lastBranch":39,"lastFunction":36,"lastStatement":177,"seen":{"s:16:13:417:Infinity":0,"f:16:13:16:29":0,"s:17:17:17:Infinity":1,"s:18:18:18:Infinity":2,"s:19:22:19:Infinity":3,"s:20:23:20:Infinity":4,"s:22:31:56:Infinity":5,"s:58:17:58:38":6,"s:61:17:61:47":7,"s:62:2:62:Infinity":8,"s:63:2:63:Infinity":9,"s:64:2:64:Infinity":10,"s:67:21:67:Infinity":11,"b:68:2:78:Infinity:76:9:78:Infinity":0,"s:68:2:78:Infinity":12,"b:68:6:68:20:68:20:68:43":1,"s:70:4:70:Infinity":13,"s:71:4:71:Infinity":14,"b:71:20:71:41:71:41:71:44":2,"s:73:4:74:Infinity":15,"s:73:17:73:20":16,"s:74:6:74:Infinity":17,"b:77:4:77:Infinity:undefined:undefined:undefined:undefined":3,"s:77:4:77:Infinity":18,"s:77:35:77:Infinity":19,"b:78:4:78:Infinity:undefined:undefined:undefined:undefined":4,"s:78:4:78:Infinity":20,"s:78:34:78:Infinity":21,"s:143:8:152:Infinity":22,"f:143:8:143:27":1,"s:144:19:144:49":23,"s:145:4:145:Infinity":24,"s:146:4:146:Infinity":25,"s:147:4:150:Infinity":26,"f:147:11:147:22":2,"s:148:6:148:Infinity":27,"s:149:23:149:Infinity":28,"b:149:23:149:39:149:43:149:Infinity":5,"s:150:6:150:Infinity":29,"s:152:4:152:Infinity":30,"s:155:8:164:Infinity":31,"f:155:8:155:29":3,"s:156:21:156:Infinity":32,"s:157:15:157:44":33,"s:158:4:158:Infinity":34,"b:158:60:158:72:158:72:158:82":6,"s:159:4:159:Infinity":35,"b:159:19:159:35:159:39:159:Infinity":7,"s:160:4:162:Infinity":36,"f:160:7:160:23":4,"s:161:6:161:Infinity":37,"s:162:6:162:Infinity":38,"s:164:4:164:Infinity":39,"s:167:8:181:Infinity":40,"f:167:8:167:27":5,"b:168:4:168:Infinity:undefined:undefined:undefined:undefined":8,"s:168:4:168:Infinity":41,"s:168:20:168:Infinity":42,"s:169:4:169:Infinity":43,"s:170:18:170:39":44,"b:171:4:173:Infinity:undefined:undefined:undefined:undefined":9,"s:171:4:173:Infinity":45,"s:172:6:172:Infinity":46,"s:173:6:173:Infinity":47,"s:175:4:181:Infinity":48,"f:175:10:175:19":6,"s:176:17:176:51":49,"b:177:6:178:Infinity:undefined:undefined:undefined:undefined":10,"s:177:6:178:Infinity":50,"s:178:8:178:Infinity":51,"s:180:6:180:Infinity":52,"s:184:8:190:Infinity":53,"f:184:8:184:26":7,"s:185:14:185:50":54,"b:186:4:186:Infinity:undefined:undefined:undefined:undefined":11,"s:186:4:186:Infinity":55,"s:186:11:186:Infinity":56,"s:187:14:187:51":57,"b:188:4:190:Infinity:undefined:undefined:undefined:undefined":12,"s:188:4:190:Infinity":58,"s:189:6:190:Infinity":59,"f:189:8:189:24":8,"s:190:8:190:Infinity":60,"b:195:2:196:Infinity:196:7:196:Infinity":13,"s:195:2:196:Infinity":61,"s:195:44:195:Infinity":62,"s:196:7:196:Infinity":63,"s:198:2:200:Infinity":64,"f:199:4:199:15":9,"s:199:15:199:42":65,"s:201:2:203:Infinity":66,"f:202:4:202:15":10,"s:202:15:202:41":67,"s:204:2:206:Infinity":68,"f:205:4:205:15":11,"s:205:15:205:41":69,"s:208:8:210:Infinity":70,"f:208:8:208:43":12,"s:209:22:209:43":71,"s:210:4:210:Infinity":72,"b:210:46:210:78:210:81:210:Infinity":14,"s:213:20:213:Infinity":73,"s:215:8:217:Infinity":74,"f:215:8:215:21":13,"s:216:15:216:61":75,"b:217:4:217:Infinity:undefined:undefined:undefined:undefined":15,"s:217:4:217:Infinity":76,"s:217:12:217:Infinity":77,"b:217:38:217:43:217:43:217:Infinity":16,"s:220:8:226:Infinity":78,"f:220:8:220:24":14,"s:221:16:221:24":79,"b:222:4:222:Infinity:undefined:undefined:undefined:undefined":17,"s:222:4:222:Infinity":80,"s:222:14:222:Infinity":81,"s:223:4:226:Infinity":82,"f:223:99:223:108":15,"s:224:17:224:39":83,"b:225:6:225:Infinity:undefined:undefined:undefined:undefined":18,"s:225:6:225:Infinity":84,"s:225:14:225:Infinity":85,"s:229:8:239:Infinity":86,"f:229:8:229:27":16,"b:229:70:229:79":19,"s:230:41:235:Infinity":87,"f:231:6:231:12":17,"s:232:8:232:Infinity":88,"s:233:8:233:Infinity":89,"f:233:18:233:26":18,"s:233:33:233:53":90,"b:236:4:237:Infinity:undefined:undefined:undefined:undefined":20,"s:236:4:237:Infinity":91,"s:237:6:237:Infinity":92,"f:237:10:237:23":19,"s:237:23:237:70":93,"f:237:33:237:41":20,"s:237:48:237:69":94,"s:239:4:239:Infinity":95,"s:242:2:242:Infinity":96,"s:243:2:243:Infinity":97,"s:244:2:244:Infinity":98,"s:245:2:245:Infinity":99,"s:247:2:255:Infinity":100,"f:248:4:248:10":21,"s:249:6:249:Infinity":101,"s:250:6:250:Infinity":102,"s:251:19:251:90":103,"b:251:19:251:75:251:79:251:90":21,"b:251:90:252:Infinity:undefined:undefined:undefined:undefined":22,"s:251:90:252:Infinity":104,"s:252:8:252:Infinity":105,"s:257:2:282:Infinity":106,"f:258:4:258:8":22,"s:259:18:259:47":107,"s:260:6:266:Infinity":108,"s:270:6:270:Infinity":109,"s:271:18:271:53":110,"s:272:6:279:Infinity":111,"f:272:10:272:26":23,"s:273:8:275:Infinity":112,"s:276:8:278:Infinity":113,"s:279:8:279:Infinity":114,"s:284:2:294:Infinity":115,"f:285:10:285:14":24,"b:286:6:291:Infinity:undefined:undefined:undefined:undefined":23,"s:286:6:291:Infinity":116,"s:287:8:291:Infinity":117,"s:297:2:355:Infinity":118,"f:299:4:299:16":25,"s:300:17:300:49":119,"s:301:6:301:Infinity":120,"s:303:12:332:Infinity":121,"f:303:12:303:34":26,"s:304:24:304:52":122,"b:304:24:304:36:304:36:304:52":24,"s:305:8:305:Infinity":123,"s:306:14:310:Infinity":124,"f:306:14:306:24":27,"s:307:22:307:54":125,"s:308:10:308:Infinity":126,"s:309:10:309:Infinity":127,"s:310:10:310:Infinity":128,"s:312:8:312:Infinity":129,"s:313:8:330:Infinity":130,"f:313:30:313:39":28,"s:314:23:314:Infinity":131,"b:314:23:314:36:314:40:314:Infinity":25,"s:315:23:328:33":132,"s:329:12:329:Infinity":133,"b:331:8:332:Infinity:undefined:undefined:undefined:undefined":26,"s:331:8:332:Infinity":134,"b:331:12:331:23:331:23:331:71":27,"f:331:39:331:45":29,"s:331:51:331:71":135,"s:332:10:332:Infinity":136,"s:336:6:336:Infinity":137,"s:337:6:337:Infinity":138,"s:339:6:349:Infinity":139,"f:339:26:339:42":30,"s:340:20:340:Infinity":140,"s:341:8:341:Infinity":141,"s:343:26:343:45":142,"s:351:6:351:Infinity":143,"s:358:2:371:Infinity":144,"s:373:2:405:Infinity":145,"f:373:12:373:35":31,"s:374:4:374:Infinity":146,"s:375:4:375:Infinity":147,"s:377:10:377:66":148,"b:377:21:377:45:377:49:377:53":28,"b:378:4:378:Infinity:undefined:undefined:undefined:undefined":29,"s:378:4:378:Infinity":149,"s:378:25:378:Infinity":150,"s:380:27:380:56":151,"b:380:27:380:50:380:54:380:56":30,"s:381:24:381:79":152,"f:381:39:381:45":32,"s:381:56:381:79":153,"s:382:22:382:74":154,"f:382:37:382:43":33,"s:382:54:382:74":155,"b:384:4:384:Infinity:undefined:undefined:undefined:undefined":31,"s:384:4:384:Infinity":156,"b:384:8:384:23:384:23:384:34":32,"s:384:34:384:Infinity":157,"s:386:22:386:24":158,"s:387:17:387:34":159,"s:388:4:392:Infinity":160,"s:389:18:389:Infinity":161,"b:389:18:389:28:389:28:389:Infinity":33,"b:390:6:392:Infinity:undefined:undefined:undefined:undefined":34,"s:390:6:392:Infinity":162,"s:391:8:391:Infinity":163,"s:392:8:392:Infinity":164,"b:395:4:396:Infinity:undefined:undefined:undefined:undefined":35,"s:395:4:396:Infinity":165,"s:396:6:396:Infinity":166,"b:398:4:402:Infinity:undefined:undefined:undefined:undefined":36,"s:398:4:402:Infinity":167,"s:399:6:402:Infinity":168,"s:404:4:404:Infinity":169,"s:407:2:409:Infinity":170,"f:407:12:407:26":34,"s:408:4:408:Infinity":171,"b:411:2:414:Infinity:undefined:undefined:undefined:undefined":37,"s:411:2:414:Infinity":172,"s:412:4:414:Infinity":173,"f:412:35:412:41":35,"b:413:6:413:Infinity:undefined:undefined:undefined:undefined":38,"s:413:6:413:Infinity":174,"s:413:26:413:Infinity":175,"s:417:2:417:Infinity":176}}}
,"/app/src/components/Login/Login.tsx": {"path":"/app/src/components/Login/Login.tsx","statementMap":{"0":{"start":{"line":11,"column":2},"end":{"line":22,"column":null}},"1":{"start":{"line":20,"column":31},"end":{"line":20,"column":null}}},"fnMap":{"0":{"name":"Login","decl":{"start":{"line":10,"column":16},"end":{"line":10,"column":22}},"loc":{"start":{"line":10,"column":59},"end":{"line":22,"column":null}},"line":10},"1":{"name":"(anonymous_1)","decl":{"start":{"line":20,"column":16},"end":{"line":20,"column":23}},"loc":{"start":{"line":20,"column":29},"end":{"line":20,"column":null}},"line":20}},"branchMap":{},"s":{"0":3,"1":2},"f":{"0":3,"1":2},"b":{},"meta":{"lastBranch":0,"lastFunction":2,"lastStatement":2,"seen":{"f:10:16:10:22":0,"s:11:2:22:Infinity":0,"f:20:16:20:23":1,"s:20:31:20:Infinity":1}}}
,"/app/src/components/ModalDialog/ModalDialog.tsx": {"path":"/app/src/components/ModalDialog/ModalDialog.tsx","statementMap":{"0":{"start":{"line":11,"column":2},"end":{"line":11,"column":null}},"1":{"start":{"line":11,"column":15},"end":{"line":11,"column":null}},"2":{"start":{"line":13,"column":2},"end":{"line":33,"column":null}}},"fnMap":{"0":{"name":"ModalDialog","decl":{"start":{"line":10,"column":16},"end":{"line":10,"column":28}},"loc":{"start":{"line":10,"column":85},"end":{"line":33,"column":null}},"line":10}},"branchMap":{"0":{"loc":{"start":{"line":11,"column":2},"end":{"line":11,"column":null}},"type":"if","locations":[{"start":{"line":11,"column":2},"end":{"line":11,"column":null}},{"start":{},"end":{}}],"line":11}},"s":{"0":186,"1":117,"2":69},"f":{"0":186},"b":{"0":[117,69]},"meta":{"lastBranch":1,"lastFunction":1,"lastStatement":3,"seen":{"f:10:16:10:28":0,"b:11:2:11:Infinity:undefined:undefined:undefined:undefined":0,"s:11:2:11:Infinity":0,"s:11:15:11:Infinity":1,"s:13:2:33:Infinity":2}}}
,"/app/src/components/Register/Register.tsx": {"path":"/app/src/components/Register/Register.tsx","statementMap":{"0":{"start":{"line":12,"column":2},"end":{"line":26,"column":null}},"1":{"start":{"line":23,"column":31},"end":{"line":23,"column":null}}},"fnMap":{"0":{"name":"Register","decl":{"start":{"line":11,"column":16},"end":{"line":11,"column":25}},"loc":{"start":{"line":11,"column":65},"end":{"line":26,"column":null}},"line":11},"1":{"name":"(anonymous_1)","decl":{"start":{"line":23,"column":16},"end":{"line":23,"column":23}},"loc":{"start":{"line":23,"column":29},"end":{"line":23,"column":null}},"line":23}},"branchMap":{},"s":{"0":3,"1":2},"f":{"0":3,"1":2},"b":{},"meta":{"lastBranch":0,"lastFunction":2,"lastStatement":2,"seen":{"f:11:16:11:25":0,"s:12:2:26:Infinity":0,"f:23:16:23:23":1,"s:23:31:23:Infinity":1}}}
,"/app/src/components/Sidebar/Sidebar.tsx": {"path":"/app/src/components/Sidebar/Sidebar.tsx","statementMap":{"0":{"start":{"line":14,"column":22},"end":{"line":22,"column":null}},"1":{"start":{"line":25,"column":8},"end":{"line":25,"column":32}},"2":{"start":{"line":26,"column":20},"end":{"line":26,"column":56}},"3":{"start":{"line":27,"column":18},"end":{"line":27,"column":61}},"4":{"start":{"line":28,"column":17},"end":{"line":28,"column":76}},"5":{"start":{"line":29,"column":29},"end":{"line":29,"column":86}},"6":{"start":{"line":31,"column":2},"end":{"line":39,"column":null}},"7":{"start":{"line":32,"column":4},"end":{"line":38,"column":null}},"8":{"start":{"line":33,"column":19},"end":{"line":33,"column":50}},"9":{"start":{"line":34,"column":6},"end":{"line":34,"column":null}},"10":{"start":{"line":35,"column":6},"end":{"line":36,"column":null}},"11":{"start":{"line":36,"column":8},"end":{"line":36,"column":null}},"12":{"start":{"line":41,"column":2},"end":{"line":54,"column":null}},"13":{"start":{"line":42,"column":4},"end":{"line":44,"column":null}},"14":{"start":{"line":43,"column":6},"end":{"line":43,"column":null}},"15":{"start":{"line":44,"column":6},"end":{"line":44,"column":null}},"16":{"start":{"line":46,"column":4},"end":{"line":53,"column":null}},"17":{"start":{"line":47,"column":61},"end":{"line":47,"column":63}},"18":{"start":{"line":48,"column":45},"end":{"line":48,"column":47}},"19":{"start":{"line":50,"column":23},"end":{"line":50,"column":99}},"20":{"start":{"line":50,"column":83},"end":{"line":50,"column":97}},"21":{"start":{"line":51,"column":20},"end":{"line":51,"column":108}},"22":{"start":{"line":51,"column":58},"end":{"line":51,"column":74}},"23":{"start":{"line":51,"column":103},"end":{"line":51,"column":107}},"24":{"start":{"line":52,"column":6},"end":{"line":52,"column":null}},"25":{"start":{"line":56,"column":8},"end":{"line":59,"column":null}},"26":{"start":{"line":57,"column":4},"end":{"line":57,"column":null}},"27":{"start":{"line":58,"column":4},"end":{"line":58,"column":null}},"28":{"start":{"line":59,"column":4},"end":{"line":59,"column":null}},"29":{"start":{"line":62,"column":23},"end":{"line":65,"column":null}},"30":{"start":{"line":63,"column":4},"end":{"line":63,"column":null}},"31":{"start":{"line":63,"column":22},"end":{"line":63,"column":null}},"32":{"start":{"line":64,"column":4},"end":{"line":64,"column":null}},"33":{"start":{"line":67,"column":2},"end":{"line":125,"column":null}},"34":{"start":{"line":91,"column":27},"end":{"line":91,"column":69}},"35":{"start":{"line":102,"column":12},"end":{"line":102,"column":null}},"36":{"start":{"line":109,"column":10},"end":{"line":117,"column":null}}},"fnMap":{"0":{"name":"Sidebar","decl":{"start":{"line":24,"column":16},"end":{"line":24,"column":24}},"loc":{"start":{"line":24,"column":58},"end":{"line":125,"column":null}},"line":24},"1":{"name":"(anonymous_1)","decl":{"start":{"line":31,"column":2},"end":{"line":31,"column":18}},"loc":{"start":{"line":31,"column":18},"end":{"line":39,"column":7}},"line":31},"2":{"name":"(anonymous_2)","decl":{"start":{"line":32,"column":26},"end":{"line":32,"column":32}},"loc":{"start":{"line":32,"column":41},"end":{"line":38,"column":7}},"line":32},"3":{"name":"(anonymous_3)","decl":{"start":{"line":38,"column":7},"end":{"line":38,"column":19}},"loc":{"start":{"line":38,"column":19},"end":{"line":38,"column":22}},"line":38},"4":{"name":"(anonymous_4)","decl":{"start":{"line":41,"column":2},"end":{"line":41,"column":18}},"loc":{"start":{"line":41,"column":18},"end":{"line":54,"column":6}},"line":41},"5":{"name":"(anonymous_5)","decl":{"start":{"line":47,"column":39},"end":{"line":47,"column":61}},"loc":{"start":{"line":47,"column":61},"end":{"line":47,"column":63}},"line":47},"6":{"name":"(anonymous_6)","decl":{"start":{"line":48,"column":29},"end":{"line":48,"column":45}},"loc":{"start":{"line":48,"column":45},"end":{"line":48,"column":47}},"line":48},"7":{"name":"(anonymous_7)","decl":{"start":{"line":49,"column":7},"end":{"line":49,"column":13}},"loc":{"start":{"line":49,"column":41},"end":{"line":53,"column":null}},"line":49},"8":{"name":"(anonymous_8)","decl":{"start":{"line":50,"column":42},"end":{"line":50,"column":47}},"loc":{"start":{"line":50,"column":83},"end":{"line":50,"column":97}},"line":50},"9":{"name":"(anonymous_9)","decl":{"start":{"line":51,"column":38},"end":{"line":51,"column":43}},"loc":{"start":{"line":51,"column":58},"end":{"line":51,"column":74}},"line":51},"10":{"name":"(anonymous_10)","decl":{"start":{"line":51,"column":76},"end":{"line":51,"column":84}},"loc":{"start":{"line":51,"column":103},"end":{"line":51,"column":107}},"line":51},"11":{"name":"(anonymous_11)","decl":{"start":{"line":56,"column":8},"end":{"line":56,"column":29}},"loc":{"start":{"line":56,"column":29},"end":{"line":59,"column":null}},"line":56},"12":{"name":"(anonymous_12)","decl":{"start":{"line":62,"column":37},"end":{"line":62,"column":45}},"loc":{"start":{"line":62,"column":54},"end":{"line":65,"column":null}},"line":62},"13":{"name":"(anonymous_13)","decl":{"start":{"line":91,"column":10},"end":{"line":91,"column":21}},"loc":{"start":{"line":91,"column":27},"end":{"line":91,"column":69}},"line":91},"14":{"name":"(anonymous_14)","decl":{"start":{"line":101,"column":18},"end":{"line":101,"column":23}},"loc":{"start":{"line":102,"column":12},"end":{"line":102,"column":null}},"line":102},"15":{"name":"(anonymous_15)","decl":{"start":{"line":108,"column":22},"end":{"line":108,"column":27}},"loc":{"start":{"line":109,"column":10},"end":{"line":117,"column":null}},"line":109}},"branchMap":{"0":{"loc":{"start":{"line":33,"column":19},"end":{"line":33,"column":50}},"type":"cond-expr","locations":[{"start":{"line":33,"column":41},"end":{"line":33,"column":48}},{"start":{"line":33,"column":48},"end":{"line":33,"column":50}}],"line":33},"1":{"loc":{"start":{"line":35,"column":6},"end":{"line":36,"column":null}},"type":"if","locations":[{"start":{"line":35,"column":6},"end":{"line":36,"column":null}},{"start":{},"end":{}}],"line":35},"2":{"loc":{"start":{"line":35,"column":10},"end":{"line":35,"column":39}},"type":"binary-expr","locations":[{"start":{"line":35,"column":10},"end":{"line":35,"column":29}},{"start":{"line":35,"column":29},"end":{"line":35,"column":39}}],"line":35},"3":{"loc":{"start":{"line":42,"column":4},"end":{"line":44,"column":null}},"type":"if","locations":[{"start":{"line":42,"column":4},"end":{"line":44,"column":null}},{"start":{},"end":{}}],"line":42},"4":{"loc":{"start":{"line":63,"column":4},"end":{"line":63,"column":null}},"type":"if","locations":[{"start":{"line":63,"column":4},"end":{"line":63,"column":null}},{"start":{},"end":{}}],"line":63},"5":{"loc":{"start":{"line":72,"column":13},"end":{"line":75,"column":null}},"type":"cond-expr","locations":[{"start":{"line":73,"column":14},"end":{"line":75,"column":20}},{"start":{"line":75,"column":14},"end":{"line":75,"column":null}}],"line":72},"6":{"loc":{"start":{"line":75,"column":14},"end":{"line":75,"column":null}},"type":"binary-expr","locations":[{"start":{"line":75,"column":14},"end":{"line":75,"column":51}},{"start":{"line":75,"column":55},"end":{"line":75,"column":null}}],"line":75},"7":{"loc":{"start":{"line":80,"column":28},"end":{"line":80,"column":54}},"type":"binary-expr","locations":[{"start":{"line":80,"column":28},"end":{"line":80,"column":44}},{"start":{"line":80,"column":44},"end":{"line":80,"column":54}}],"line":80},"8":{"loc":{"start":{"line":90,"column":17},"end":{"line":90,"column":null}},"type":"binary-expr","locations":[{"start":{"line":90,"column":17},"end":{"line":90,"column":28}},{"start":{"line":90,"column":28},"end":{"line":90,"column":null}}],"line":90},"9":{"loc":{"start":{"line":91,"column":38},"end":{"line":91,"column":69}},"type":"binary-expr","locations":[{"start":{"line":91,"column":38},"end":{"line":91,"column":60}},{"start":{"line":91,"column":64},"end":{"line":91,"column":69}}],"line":91},"10":{"loc":{"start":{"line":112,"column":35},"end":{"line":112,"column":null}},"type":"cond-expr","locations":[{"start":{"line":112,"column":69},"end":{"line":112,"column":80}},{"start":{"line":112,"column":80},"end":{"line":112,"column":null}}],"line":112}},"s":{"0":3,"1":47,"2":47,"3":47,"4":47,"5":47,"6":47,"7":17,"8":14,"9":14,"10":14,"11":12,"12":47,"13":24,"14":18,"15":18,"16":6,"17":1,"18":1,"19":6,"20":10,"21":6,"22":8,"23":8,"24":6,"25":47,"26":1,"27":1,"28":1,"29":47,"30":329,"31":235,"32":94,"33":47,"34":2,"35":26,"36":241},"f":{"0":47,"1":17,"2":14,"3":3,"4":24,"5":1,"6":1,"7":6,"8":10,"9":8,"10":8,"11":1,"12":329,"13":2,"14":26,"15":241},"b":{"0":[13,1],"1":[12,2],"2":[14,12],"3":[18,6],"4":[235,94],"5":[4,43],"6":[43,3],"7":[47,3],"8":[47,37],"9":[2,1],"10":[47,194]},"meta":{"lastBranch":11,"lastFunction":16,"lastStatement":37,"seen":{"s:14:22:22:Infinity":0,"f:24:16:24:24":0,"s:25:8:25:32":1,"s:26:20:26:56":2,"s:27:18:27:61":3,"s:28:17:28:76":4,"s:29:29:29:86":5,"s:31:2:39:Infinity":6,"f:31:2:31:18":1,"s:32:4:38:Infinity":7,"f:32:26:32:32":2,"s:33:19:33:50":8,"b:33:41:33:48:33:48:33:50":0,"s:34:6:34:Infinity":9,"b:35:6:36:Infinity:undefined:undefined:undefined:undefined":1,"s:35:6:36:Infinity":10,"b:35:10:35:29:35:29:35:39":2,"s:36:8:36:Infinity":11,"f:38:7:38:19":3,"s:41:2:54:Infinity":12,"f:41:2:41:18":4,"b:42:4:44:Infinity:undefined:undefined:undefined:undefined":3,"s:42:4:44:Infinity":13,"s:43:6:43:Infinity":14,"s:44:6:44:Infinity":15,"s:46:4:53:Infinity":16,"f:47:39:47:61":5,"s:47:61:47:63":17,"f:48:29:48:45":6,"s:48:45:48:47":18,"f:49:7:49:13":7,"s:50:23:50:99":19,"f:50:42:50:47":8,"s:50:83:50:97":20,"s:51:20:51:108":21,"f:51:38:51:43":9,"s:51:58:51:74":22,"f:51:76:51:84":10,"s:51:103:51:107":23,"s:52:6:52:Infinity":24,"s:56:8:59:Infinity":25,"f:56:8:56:29":11,"s:57:4:57:Infinity":26,"s:58:4:58:Infinity":27,"s:59:4:59:Infinity":28,"s:62:23:65:Infinity":29,"f:62:37:62:45":12,"b:63:4:63:Infinity:undefined:undefined:undefined:undefined":4,"s:63:4:63:Infinity":30,"s:63:22:63:Infinity":31,"s:64:4:64:Infinity":32,"s:67:2:125:Infinity":33,"b:73:14:75:20:75:14:75:Infinity":5,"b:75:14:75:51:75:55:75:Infinity":6,"b:80:28:80:44:80:44:80:54":7,"b:90:17:90:28:90:28:90:Infinity":8,"f:91:10:91:21":13,"s:91:27:91:69":34,"b:91:38:91:60:91:64:91:69":9,"f:101:18:101:23":14,"s:102:12:102:Infinity":35,"f:108:22:108:27":15,"s:109:10:117:Infinity":36,"b:112:69:112:80:112:80:112:Infinity":10}}}
,"/app/src/components/ToggleSwitch/ToggleSwitch.tsx": {"path":"/app/src/components/ToggleSwitch/ToggleSwitch.tsx","statementMap":{"0":{"start":{"line":11,"column":2},"end":{"line":20,"column":null}},"1":{"start":{"line":17,"column":25},"end":{"line":17,"column":51}}},"fnMap":{"0":{"name":"ToggleSwitch","decl":{"start":{"line":10,"column":16},"end":{"line":10,"column":29}},"loc":{"start":{"line":10,"column":88},"end":{"line":20,"column":null}},"line":10},"1":{"name":"(anonymous_1)","decl":{"start":{"line":17,"column":8},"end":{"line":17,"column":19}},"loc":{"start":{"line":17,"column":25},"end":{"line":17,"column":51}},"line":17}},"branchMap":{"0":{"loc":{"start":{"line":12,"column":39},"end":{"line":12,"column":null}},"type":"cond-expr","locations":[{"start":{"line":12,"column":50},"end":{"line":12,"column":70}},{"start":{"line":12,"column":70},"end":{"line":12,"column":null}}],"line":12},"1":{"loc":{"start":{"line":13,"column":7},"end":{"line":13,"column":null}},"type":"binary-expr","locations":[{"start":{"line":13,"column":7},"end":{"line":13,"column":16}},{"start":{"line":13,"column":16},"end":{"line":13,"column":null}}],"line":13}},"s":{"0":38,"1":4},"f":{"0":38,"1":4},"b":{"0":[4,34],"1":[38,1]},"meta":{"lastBranch":2,"lastFunction":2,"lastStatement":2,"seen":{"f:10:16:10:29":0,"s:11:2:20:Infinity":0,"b:12:50:12:70:12:70:12:Infinity":0,"b:13:7:13:16:13:16:13:Infinity":1,"f:17:8:17:19":1,"s:17:25:17:51":1}}}
,"/app/src/config/index.ts": {"path":"/app/src/config/index.ts","statementMap":{"0":{"start":{"line":2,"column":26},"end":{"line":5,"column":null}},"1":{"start":{"line":7,"column":13},"end":{"line":7,"column":null}},"2":{"start":{"line":7,"column":31},"end":{"line":7,"column":null}}},"fnMap":{"0":{"name":"(anonymous_0)","decl":{"start":{"line":7,"column":13},"end":{"line":7,"column":31}},"loc":{"start":{"line":7,"column":31},"end":{"line":7,"column":null}},"line":7}},"branchMap":{},"s":{"0":12,"1":12,"2":11},"f":{"0":11},"b":{},"meta":{"lastBranch":0,"lastFunction":1,"lastStatement":3,"seen":{"s:2:26:5:Infinity":0,"s:7:13:7:Infinity":1,"f:7:13:7:31":0,"s:7:31:7:Infinity":2}}}
,"/app/src/hooks/index.ts": {"path":"/app/src/hooks/index.ts","statementMap":{},"fnMap":{},"branchMap":{},"s":{},"f":{},"b":{},"meta":{"lastBranch":0,"lastFunction":0,"lastStatement":0,"seen":{}}}
,"/app/src/hooks/useEscapeKey.ts": {"path":"/app/src/hooks/useEscapeKey.ts","statementMap":{"0":{"start":{"line":4,"column":2},"end":{"line":12,"column":null}},"1":{"start":{"line":5,"column":10},"end":{"line":7,"column":null}},"2":{"start":{"line":6,"column":6},"end":{"line":7,"column":null}},"3":{"start":{"line":7,"column":8},"end":{"line":7,"column":null}},"4":{"start":{"line":10,"column":4},"end":{"line":10,"column":null}},"5":{"start":{"line":11,"column":4},"end":{"line":11,"column":null}},"6":{"start":{"line":11,"column":17},"end":{"line":11,"column":70}}},"fnMap":{"0":{"name":"useEscapeKey","decl":{"start":{"line":3,"column":16},"end":{"line":3,"column":29}},"loc":{"start":{"line":3,"column":67},"end":{"line":12,"column":null}},"line":3},"1":{"name":"(anonymous_1)","decl":{"start":{"line":4,"column":2},"end":{"line":4,"column":18}},"loc":{"start":{"line":4,"column":18},"end":{"line":12,"column":6}},"line":4},"2":{"name":"(anonymous_2)","decl":{"start":{"line":5,"column":10},"end":{"line":5,"column":26}},"loc":{"start":{"line":5,"column":47},"end":{"line":7,"column":null}},"line":5},"3":{"name":"(anonymous_3)","decl":{"start":{"line":11,"column":4},"end":{"line":11,"column":17}},"loc":{"start":{"line":11,"column":17},"end":{"line":11,"column":70}},"line":11}},"branchMap":{"0":{"loc":{"start":{"line":6,"column":6},"end":{"line":7,"column":null}},"type":"if","locations":[{"start":{"line":6,"column":6},"end":{"line":7,"column":null}},{"start":{},"end":{}}],"line":6},"1":{"loc":{"start":{"line":6,"column":10},"end":{"line":6,"column":40}},"type":"binary-expr","locations":[{"start":{"line":6,"column":10},"end":{"line":6,"column":32}},{"start":{"line":6,"column":32},"end":{"line":6,"column":40}}],"line":6}},"s":{"0":209,"1":208,"2":31,"3":2,"4":208,"5":208,"6":208},"f":{"0":209,"1":208,"2":31,"3":208},"b":{"0":[2,29],"1":[31,2]},"meta":{"lastBranch":2,"lastFunction":4,"lastStatement":7,"seen":{"f:3:16:3:29":0,"s:4:2:12:Infinity":0,"f:4:2:4:18":1,"s:5:10:7:Infinity":1,"f:5:10:5:26":2,"b:6:6:7:Infinity:undefined:undefined:undefined:undefined":0,"s:6:6:7:Infinity":2,"b:6:10:6:32:6:32:6:40":1,"s:7:8:7:Infinity":3,"s:10:4:10:Infinity":4,"s:11:4:11:Infinity":5,"f:11:4:11:17":3,"s:11:17:11:70":6}}}
,"/app/src/hooks/useForm.ts": {"path":"/app/src/hooks/useForm.ts","statementMap":{"0":{"start":{"line":24,"column":17},"end":{"line":24,"column":56}},"1":{"start":{"line":25,"column":16},"end":{"line":25,"column":40}},"2":{"start":{"line":26,"column":18},"end":{"line":26,"column":44}},"3":{"start":{"line":27,"column":18},"end":{"line":27,"column":47}},"4":{"start":{"line":29,"column":8},"end":{"line":30,"column":null}},"5":{"start":{"line":30,"column":4},"end":{"line":30,"column":null}},"6":{"start":{"line":30,"column":23},"end":{"line":30,"column":52}},"7":{"start":{"line":33,"column":8},"end":{"line":36,"column":null}},"8":{"start":{"line":34,"column":4},"end":{"line":34,"column":null}},"9":{"start":{"line":35,"column":4},"end":{"line":35,"column":null}},"10":{"start":{"line":36,"column":4},"end":{"line":36,"column":null}},"11":{"start":{"line":39,"column":23},"end":{"line":52,"column":null}},"12":{"start":{"line":40,"column":4},"end":{"line":40,"column":null}},"13":{"start":{"line":41,"column":4},"end":{"line":41,"column":null}},"14":{"start":{"line":42,"column":4},"end":{"line":42,"column":null}},"15":{"start":{"line":43,"column":4},"end":{"line":43,"column":null}},"16":{"start":{"line":45,"column":4},"end":{"line":52,"column":null}},"17":{"start":{"line":46,"column":6},"end":{"line":46,"column":null}},"18":{"start":{"line":47,"column":6},"end":{"line":47,"column":null}},"19":{"start":{"line":48,"column":6},"end":{"line":48,"column":null}},"20":{"start":{"line":50,"column":6},"end":{"line":50,"column":null}},"21":{"start":{"line":52,"column":6},"end":{"line":52,"column":null}},"22":{"start":{"line":56,"column":2},"end":{"line":56,"column":null}}},"fnMap":{"0":{"name":"useForm","decl":{"start":{"line":19,"column":16},"end":{"line":19,"column":58}},"loc":{"start":{"line":23,"column":40},"end":{"line":56,"column":null}},"line":23},"1":{"name":"(anonymous_1)","decl":{"start":{"line":29,"column":8},"end":{"line":29,"column":20}},"loc":{"start":{"line":29,"column":54},"end":{"line":30,"column":null}},"line":29},"2":{"name":"(anonymous_2)","decl":{"start":{"line":30,"column":4},"end":{"line":30,"column":14}},"loc":{"start":{"line":30,"column":23},"end":{"line":30,"column":52}},"line":30},"3":{"name":"(anonymous_3)","decl":{"start":{"line":33,"column":8},"end":{"line":33,"column":22}},"loc":{"start":{"line":33,"column":22},"end":{"line":36,"column":null}},"line":33},"4":{"name":"(anonymous_4)","decl":{"start":{"line":39,"column":23},"end":{"line":39,"column":30}},"loc":{"start":{"line":39,"column":72},"end":{"line":52,"column":null}},"line":39}},"branchMap":{"0":{"loc":{"start":{"line":50,"column":15},"end":{"line":50,"column":72}},"type":"cond-expr","locations":[{"start":{"line":50,"column":38},"end":{"line":50,"column":52}},{"start":{"line":50,"column":52},"end":{"line":50,"column":72}}],"line":50}},"s":{"0":53,"1":53,"2":53,"3":53,"4":53,"5":16,"6":16,"7":53,"8":1,"9":1,"10":1,"11":53,"12":11,"13":11,"14":11,"15":11,"16":11,"17":11,"18":8,"19":8,"20":3,"21":11,"22":53},"f":{"0":53,"1":16,"2":16,"3":1,"4":11},"b":{"0":[2,1]},"meta":{"lastBranch":1,"lastFunction":5,"lastStatement":23,"seen":{"f:19:16:19:58":0,"s:24:17:24:56":0,"s:25:16:25:40":1,"s:26:18:26:44":2,"s:27:18:27:47":3,"s:29:8:30:Infinity":4,"f:29:8:29:20":1,"s:30:4:30:Infinity":5,"f:30:4:30:14":2,"s:30:23:30:52":6,"s:33:8:36:Infinity":7,"f:33:8:33:22":3,"s:34:4:34:Infinity":8,"s:35:4:35:Infinity":9,"s:36:4:36:Infinity":10,"s:39:23:52:Infinity":11,"f:39:23:39:30":4,"s:40:4:40:Infinity":12,"s:41:4:41:Infinity":13,"s:42:4:42:Infinity":14,"s:43:4:43:Infinity":15,"s:45:4:52:Infinity":16,"s:46:6:4
[...]
":80,"s:173:15:174:Infinity":81,"b:174:60:174:71:174:71:174:Infinity":27,"s:176:2:176:Infinity":82,"f:179:15:179:29":12,"s:180:15:181:Infinity":83,"s:183:2:183:Infinity":84,"f:186:15:186:31":13,"s:187:15:188:Infinity":85,"s:190:2:190:Infinity":86,"f:193:15:193:28":14,"b:194:2:194:Infinity:undefined:undefined:undefined:undefined":28,"s:194:2:194:Infinity":87,"s:194:18:194:Infinity":88,"s:195:2:197:Infinity":89,"f:200:15:200:25":15,"s:201:40:201:Infinity":90,"b:202:2:202:Infinity:undefined:undefined:undefined:undefined":29,"s:202:2:202:Infinity":91,"s:202:17:202:Infinity":92,"s:204:19:208:4":93,"b:209:2:209:Infinity:undefined:undefined:undefined:undefined":30,"s:209:2:209:Infinity":94,"s:209:20:209:Infinity":95,"f:212:15:212:30":16,"s:213:2:215:Infinity":96,"f:218:15:218:30":17,"s:219:2:221:Infinity":97,"f:224:15:224:28":18,"s:225:19:229:4":98,"b:231:2:233:Infinity:undefined:undefined:undefined:undefined":31,"s:231:2:233:Infinity":99,"s:232:16:232:94":100,"f:232:38:232:51":19,"s:232:51:232:92":101,"s:233:4:233:Infinity":102,"b:233:20:233:34:233:34:233:64":32,"s:236:2:236:Infinity":103,"f:239:9:239:23":20,"b:240:2:240:Infinity:undefined:undefined:undefined:undefined":33,"s:240:2:240:Infinity":104,"s:240:15:240:Infinity":105,"b:240:49:240:54:240:54:240:Infinity":34,"f:243:9:243:21":21,"s:244:2:244:Infinity":106,"b:244:17:244:47:244:47:244:91":35,"f:247:9:247:25":22,"s:248:16:248:83":107,"b:249:2:249:Infinity:undefined:undefined:undefined:undefined":36,"s:249:2:249:Infinity":108,"s:249:14:249:Infinity":109,"s:251:2:251:Infinity":110,"s:252:2:252:Infinity":111,"f:255:9:255:28":23,"s:256:18:256:82":112,"s:257:16:257:79":113,"b:259:2:262:Infinity:undefined:undefined:undefined:undefined":37,"s:259:2:262:Infinity":114,"s:260:4:260:Infinity":115,"s:261:4:261:Infinity":116,"s:262:4:262:Infinity":117,"b:265:2:267:Infinity:undefined:undefined:undefined:undefined":38,"s:265:2:267:Infinity":118,"b:265:6:265:17:265:17:265:45":39,"s:266:4:266:Infinity":119,"s:267:4:267:Infinity":120,"b:270:2:273:Infinity:undefined:undefined:undefined:undefined":40,"s:270:2:273:Infinity":121,"b:270:6:270:15:270:15:270:43":41,"s:271:21:271:88":122,"s:272:4:272:Infinity":123,"s:273:4:273:Infinity":124,"f:277:9:277:25":24,"s:278:16:278:78":125,"b:279:2:279:Infinity:undefined:undefined:undefined:undefined":42,"s:279:2:279:Infinity":126,"s:279:14:279:Infinity":127,"s:281:2:281:Infinity":128,"b:281:42:281:57:281:57:281:Infinity":43,"s:282:2:282:Infinity":129,"b:282:42:282:54:282:54:282:Infinity":44,"f:285:9:285:25":25,"s:286:2:286:Infinity":130,"s:287:2:287:Infinity":131,"s:288:2:288:Infinity":132,"s:290:15:290:76":133,"s:291:16:291:78":134,"s:292:15:292:76":135,"s:293:23:293:85":136,"b:295:2:295:Infinity:undefined:undefined:undefined:undefined":45,"s:295:2:295:Infinity":137,"s:295:12:295:Infinity":138,"b:296:2:296:Infinity:undefined:undefined:undefined:undefined":46,"s:296:2:296:Infinity":139,"s:296:13:296:Infinity":140,"b:297:2:297:Infinity:undefined:undefined:undefined:undefined":47,"s:297:2:297:Infinity":141,"s:297:12:297:Infinity":142,"b:297:31:297:54:297:54:297:Infinity":48,"b:298:2:298:Infinity:undefined:undefined:undefined:undefined":49,"s:298:2:298:Infinity":143,"b:298:6:298:22:298:22:298:41":50,"s:298:41:298:Infinity":144,"s:300:2:300:Infinity":145,"f:303:9:303:33":26,"s:304:15:304:73":146,"s:305:19:305:77":147,"s:306:16:306:75":148,"b:308:2:308:Infinity:undefined:undefined:undefined:undefined":51,"s:308:2:308:Infinity":149,"b:308:6:308:15:308:15:308:26":52,"s:308:26:308:Infinity":150,"b:310:2:312:Infinity:undefined:undefined:undefined:undefined":53,"s:310:2:312:Infinity":151,"s:311:4:311:Infinity":152,"s:312:4:312:Infinity":153,"b:315:2:315:Infinity:undefined:undefined:undefined:undefined":54,"s:315:2:315:Infinity":154,"s:315:13:315:Infinity":155,"s:317:17:317:37":156,"s:319:25:319:49":157,"s:320:2:320:Infinity":158,"s:322:2:363:Infinity":159,"f:322:12:322:21":27,"s:323:17:323:47":160,"s:324:4:324:Infinity":161,"s:326:4:326:Infinity":162,"s:328:19:328:76":163,"b:329:4:359:Infinity:undefined:undefined:undefined:undefined":55,"s:329:4:359:Infinity":164,"s:330:6:359:Infinity":165,"f:330:39:330:46":28,"s:331:8:331:Infinity":166,"s:332:8:332:Infinity":167,"b:334:8:334:Infinity:undefined:undefined:undefined:undefined":56,"s:334:8:334:Infinity":168,"s:334:21:334:Infinity":169,"s:335:20:335:34":170,"b:336:8:338:Infinity:undefined:undefined:undefined:undefined":57,"s:336:8:338:Infinity":171,"s:337:10:337:Infinity":172,"s:338:10:338:Infinity":173,"s:341:8:357:Infinity":174,"s:342:10:342:Infinity":175,"s:343:10:343:Infinity":176,"s:344:10:344:Infinity":177,"s:345:10:345:Infinity":178,"s:346:10:346:Infinity":179,"s:347:10:350:Infinity":180,"f:347:10:347:27":29,"s:348:12:348:Infinity":181,"s:349:12:349:Infinity":182,"s:352:10:352:Infinity":183,"s:353:10:353:Infinity":184,"s:354:10:357:Infinity":185,"f:354:10:354:27":30,"s:355:12:355:Infinity":186,"s:356:12:356:Infinity":187,"s:362:4:362:Infinity":188,"f:366:15:366:33":31,"s:367:17:367:37":189,"s:374:2:381:Infinity":190,"s:375:18:375:52":191,"s:376:22:376:61":192,"s:377:4:377:Infinity":193,"s:380:4:380:Infinity":194,"s:381:4:381:Infinity":195,"f:385:15:385:33":32,"s:386:17:386:37":196,"b:387:2:389:Infinity:undefined:undefined:undefined:undefined":58,"s:387:2:389:Infinity":197,"s:388:4:388:Infinity":198,"s:389:4:389:Infinity":199,"s:392:2:398:Infinity":200,"s:393:18:393:40":201,"s:394:22:394:61":202,"s:395:4:395:Infinity":203,"s:397:4:397:Infinity":204,"s:398:4:398:Infinity":205,"f:402:15:402:37":33,"s:403:17:403:37":206,"b:404:2:406:Infinity:undefined:undefined:undefined:undefined":59,"s:404:2:406:Infinity":207,"s:405:4:405:Infinity":208,"s:406:4:406:Infinity":209,"s:409:2:454:Infinity":210,"s:410:22:410:80":211,"s:411:20:411:Infinity":212,"b:413:4:415:Infinity:undefined:undefined:undefined:undefined":60,"s:413:4:415:Infinity":213,"s:414:6:414:Infinity":214,"s:415:6:415:Infinity":215,"s:418:17:418:Infinity":216,"b:418:17:418:75:418:80:418:Infinity":61,"s:419:4:419:Infinity":217,"s:421:18:421:77":218,"b:422:4:422:Infinity:undefined:undefined:undefined:undefined":62,"s:422:4:422:Infinity":219,"s:422:15:422:Infinity":220,"s:424:19:424:76":221,"b:426:4:450:Infinity:undefined:undefined:undefined:undefined":63,"s:426:4:450:Infinity":222,"s:427:6:450:Infinity":223,"f:427:39:427:46":34,"s:428:8:428:Infinity":224,"s:430:20:430:34":225,"b:431:8:433:Infinity:undefined:undefined:undefined:undefined":64,"s:431:8:433:Infinity":226,"s:432:10:432:Infinity":227,"s:433:10:433:Infinity":228,"s:436:8:448:Infinity":229,"s:437:10:437:Infinity":230,"s:438:10:438:Infinity":231,"s:439:10:439:Infinity":232,"s:440:10:440:Infinity":233,"s:441:10:441:Infinity":234,"s:442:10:445:Infinity":235,"f:442:10:442:27":35,"s:443:12:443:Infinity":236,"s:444:12:444:Infinity":237,"s:447:10:447:Infinity":238,"s:448:10:448:Infinity":239,"s:453:4:453:Infinity":240,"s:454:4:454:Infinity":241,"f:458:15:458:Infinity":36,"b:463:2:463:Infinity:undefined:undefined:undefined:undefined":65,"s:463:2:463:Infinity":242,"s:463:18:463:Infinity":243,"b:464:2:464:Infinity:undefined:undefined:undefined:undefined":66,"s:464:2:464:Infinity":244,"s:464:13:464:Infinity":245,"s:466:20:466:64":246,"s:467:2:467:Infinity":247,"b:467:9:467:47:467:51:467:Infinity":67,"f:467:19:467:25":37,"s:467:31:467:47":248,"f:470:9:470:25":38,"s:471:19:471:82":249,"s:472:19:472:82":250,"s:473:18:473:80":251,"s:474:17:474:Infinity":252,"s:476:8:477:Infinity":253,"f:476:8:476:26":39,"b:477:4:477:Infinity:undefined:undefined:undefined:undefined":68,"s:477:4:477:Infinity":254,"s:477:18:477:Infinity":255,"s:480:2:483:Infinity":256,"f:480:29:480:44":40,"s:481:4:481:Infinity":257,"s:482:4:482:Infinity":258,"s:485:2:488:Infinity":259,"f:485:28:485:43":41,"s:486:4:486:Infinity":260,"s:487:4:487:Infinity":261,"s:490:2:490:Infinity":262,"f:490:2:490:15":42,"s:490:15:490:Infinity":263,"f:493:9:493:Infinity":43,"s:499:17:499:79":264,"b:500:2:500:Infinity:undefined:undefined:undefined:undefined":69,"s:500:2:500:Infinity":265,"s:500:15:500:Infinity":266,"s:502:2:525:Infinity":267,"f:502:35:502:42":44,"s:503:4:503:Infinity":268,"s:505:16:505:30":269,"b:506:4:508:Infinity:undefined:undefined:undefined:undefined":70,"s:506:4:508:Infinity":270,"s:507:6:507:Infinity":271,"s:508:6:508:Infinity":272,"s:511:4:523:Infinity":273,"s:512:6:512:Infinity":274,"s:513:6:513:Infinity":275,"s:514:6:514:Infinity":276,"s:515:6:515:Infinity":277,"s:516:6:516:Infinity":278,"s:517:6:520:Infinity":279,"f:517:6:517:23":45,"s:518:8:518:Infinity":280,"s:519:8:519:Infinity":281,"s:522:6:522:Infinity":282,"s:523:6:523:Infinity":283,"f:528:15:528:35":46,"s:529:17:529:37":284,"b:530:2:530:Infinity:undefined:undefined:undefined:undefined":71,"s:530:2:530:Infinity":285,"s:530:15:530:Infinity":286,"s:532:17:532:64":287,"s:533:15:533:37":288,"s:534:26:534:Infinity":289,"s:535:21:535:Infinity":290,"b:535:38:535:60:535:63:535:Infinity":72,"b:537:2:537:Infinity:undefined:undefined:undefined:undefined":73,"s:537:2:537:Infinity":291,"b:537:6:537:21:537:21:537:28":74,"s:537:28:537:Infinity":292,"s:539:16:539:75":293,"s:541:2:555:Infinity":294,"s:542:20:542:75":295,"b:543:4:545:Infinity:undefined:undefined:undefined:undefined":75,"s:543:4:545:Infinity":296,"s:544:6:544:Infinity":297,"s:545:6:545:Infinity":298,"s:548:4:548:Infinity":299,"s:549:4:549:Infinity":300,"s:551:24:551:59":301,"s:552:4:552:Infinity":302,"s:554:4:554:Infinity":303,"s:555:4:555:Infinity":304,"f:559:15:559:30":47,"s:560:17:560:37":305,"b:561:2:563:Infinity:undefined:undefined:undefined:undefined":76,"s:561:2:563:Infinity":306,"s:562:4:562:Infinity":307,"s:563:4:563:Infinity":308,"s:566:2:603:Infinity":309,"s:567:23:567:52":310,"s:569:17:569:75":311,"s:570:21:570:79":312,"s:571:18:571:77":313,"b:573:4:573:Infinity:undefined:undefined:undefined:undefined":77,"s:573:4:573:Infinity":314,"b:573:8:573:17:573:17:573:28":78,"s:573:28:573:Infinity":315,"b:575:4:577:Infinity:undefined:undefined:undefined:undefined":79,"s:575:4:577:Infinity":316,"s:576:6:576:Infinity":317,"s:577:6:577:Infinity":318,"b:580:4:580:Infinity:undefined:undefined:undefined:undefined":80,"s:580:4:580:Infinity":319,"s:580:15:580:Infinity":320,"s:582:27:582:51":321,"s:583:4:583:Infinity":322,"s:585:19:585:49":323,"s:586:20:586:84":324,"s:587:4:587:Infinity":325,"b:588:4:588:Infinity:undefined:undefined:undefined:undefined":81,"s:588:4:588:Infinity":326,"s:588:17:588:Infinity":327,"s:589:4:589:Infinity":328,"f:589:28:589:43":48,"s:589:43:589:76":329,"s:590:4:590:Infinity":330,"s:592:4:600:Infinity":331,"f:592:15:592:24":49,"s:593:18:593:48":332,"s:594:19:594:80":333,"s:595:6:595:Infinity":334,"b:596:6:596:Infinity:undefined:undefined:undefined:undefined":82,"s:596:6:596:Infinity":335,"s:596:16:596:Infinity":336,"s:598:6:598:Infinity":337,"f:598:27:598:42":50,"s:598:42:598:77":338,"s:599:6:599:Infinity":339,"s:602:4:602:Infinity":340,"s:603:4:603:Infinity":341,"f:607:9:607:26":51,"s:608:27:609:Infinity":342,"s:612:2:623:Infinity":343,"f:612:19:612:28":52,"s:613:18:613:75":344,"s:615:4:622:Infinity":345,"f:615:10:615:19":53,"b:616:6:618:Infinity:undefined:undefined:undefined:undefined":83,"s:616:6:618:Infinity":346,"s:617:8:617:Infinity":347,"s:618:8:618:Infinity":348,"b:621:6:621:Infinity:undefined:undefined:undefined:undefined":84,"s:621:6:621:Infinity":349,"s:621:41:621:Infinity":350,"f:626:9:626:28":54,"b:627:2:627:Infinity:undefined:undefined:undefined:undefined":85,"s:627:2:627:Infinity":351,"b:627:6:627:15:627:15:627:33":86,"s:627:33:627:Infinity":352,"s:629:19:629:72":353,"b:630:2:630:Infinity:undefined:undefined:undefined:undefined":87,"s:630:2:630:Infinity":354,"s:630:16:630:Infinity":355,"f:633:9:633:25":55,"s:634:23:634:90":356,"s:635:18:635:82":357,"s:637:2:637:Infinity":358,"b:638:2:640:Infinity:undefined:undefined:undefined:undefined":88,"s:638:2:640:Infinity":359,"s:639:20:639:Infinity":360,"b:640:4:640:Infinity:undefined:undefined:undefined:undefined":89,"s:640:4:640:Infinity":361,"s:640:17:640:Infinity":362,"f:644:9:644:28":56,"s:645:16:645:81":363,"s:646:15:646:74":364,"s:647:16:647:76":365,"s:648:19:648:75":366,"s:649:19:649:79":367,"b:651:2:653:Infinity:undefined:undefined:undefined:undefined":90,"s:651:2:653:Infinity":368,"s:652:4:652:Infinity":369,"s:653:4:653:Infinity":370,"b:655:2:655:Infinity:undefined:undefined:undefined:undefined":91,"s:655:2:655:Infinity":371,"s:655:12:655:Infinity":372,"b:656:2:656:Infinity:undefined:undefined:undefined:undefined":92,"s:656:2:656:Infinity":373,"s:656:13:656:Infinity":374,"b:657:2:657:Infinity:undefined:undefined:undefined:undefined":93,"s:657:2:657:Infinity":375,"s:657:16:657:Infinity":376,"b:658:2:658:Infinity:undefined:undefined:undefined:undefined":94,"s:658:2:658:Infinity":377,"s:658:16:658:Infinity":378,"f:661:9:661:25":57,"s:662:18:662:82":379,"b:663:2:663:Infinity:undefined:undefined:undefined:undefined":95,"s:663:2:663:Infinity":380,"s:663:16:663:Infinity":381,"s:665:16:665:81":382,"f:665:22:665:30":58,"s:665:41:665:79":383,"s:666:2:666:Infinity":384,"f:669:9:669:27":59,"b:670:2:670:Infinity:undefined:undefined:undefined:undefined":96,"s:670:2:670:Infinity":385,"s:670:25:670:Infinity":386,"s:672:15:672:44":387,"s:673:2:673:Infinity":388,"s:675:13:675:Infinity":389,"b:676:2:676:Infinity:undefined:undefined:undefined:undefined":97,"s:676:2:676:Infinity":390,"s:676:11:676:Infinity":391,"s:678:2:678:Infinity":392,"s:679:2:679:Infinity":393,"s:680:2:680:Infinity":394,"s:681:2:681:Infinity":395,"f:684:9:684:Infinity":60,"s:692:2:707:Infinity":396,"f:692:36:692:48":61,"s:693:19:693:32":397,"b:694:4:694:Infinity:undefined:undefined:undefined:undefined":98,"s:694:4:694:Infinity":398,"s:694:34:694:Infinity":399,"s:696:4:705:Infinity":400,"s:697:6:697:Infinity":401,"s:698:6:698:Infinity":402,"s:699:23:699:73":403,"b:700:6:701:Infinity:undefined:undefined:undefined:undefined":99,"s:700:6:701:Infinity":404,"s:701:8:701:Infinity":405,"s:703:6:703:Infinity":406,"s:705:6:705:Infinity":407,"f:710:9:710:Infinity":62,"s:719:2:730:Infinity":408,"f:719:39:719:51":63,"s:720:4:728:Infinity":409,"s:721:6:721:Infinity":410,"s:722:6:722:Infinity":411,"s:724:24:724:67":412,"b:725:6:726:Infinity:726:11:726:Infinity":100,"s:725:6:726:Infinity":413,"s:725:34:725:Infinity":414,"s:726:11:726:Infinity":415,"s:728:6:728:Infinity":416,"f:733:9:733:Infinity":64,"s:741:19:741:75":417,"s:742:18:742:73":418,"s:743:20:743:78":419,"s:745:2:745:Infinity":420,"f:745:65:745:77":65,"s:745:77:745:107":421,"s:746:2:746:Infinity":422,"f:746:64:746:76":66,"s:746:76:746:94":423,"s:747:2:747:Infinity":424,"f:750:9:750:Infinity":67,"s:757:2:757:Infinity":425,"s:759:2:765:Infinity":426,"f:759:8:759:17":68,"s:760:15:760:38":427,"b:761:4:761:Infinity:undefined:undefined:undefined:undefined":101,"s:761:4:761:Infinity":428,"s:761:13:761:Infinity":429,"s:763:4:763:Infinity":430,"s:764:4:764:Infinity":431,"f:768:9:768:25":69,"s:769:22:769:81":432,"b:770:2:770:Infinity:undefined:undefined:undefined:undefined":102,"s:770:2:770:Infinity":433,"s:770:19:770:Infinity":434,"s:772:19:772:51":435,"s:773:2:773:Infinity":436,"s:774:2:774:Infinity":437,"s:775:2:786:Infinity":438,"b:779:28:779:40:779:40:779:Infinity":103,"s:787:2:797:Infinity":439,"f:787:28:787:43":70,"s:788:16:788:30":440,"b:789:4:791:Infinity:undefined:undefined:undefined:undefined":104,"s:789:4:791:Infinity":441,"s:790:6:790:Infinity":442,"s:791:6:791:Infinity":443,"s:794:21:794:84":444,"b:795:4:796:Infinity:796:9:796:Infinity":105,"s:795:4:796:Infinity":445,"s:795:18:795:Infinity":446,"s:796:9:796:Infinity":447,"s:799:23:799:Infinity":448,"b:799:23:799:90:799:94:799:Infinity":106,"s:800:2:800:Infinity":449,"f:803:15:803:27":71,"s:804:17:804:37":450,"s:805:20:805:34":451,"b:807:2:809:Infinity:undefined:undefined:undefined:undefined":107,"s:807:2:809:Infinity":452,"s:808:4:808:Infinity":453,"s:809:4:809:Infinity":454,"s:812:15:812:73":455,"s:813:2:813:Infinity":456,"s:815:2:833:Infinity":457,"s:816:20:816:57":458,"b:818:4:820:Infinity:undefined:undefined:undefined:undefined":108,"s:818:4:820:Infinity":459,"s:819:6:819:Infinity":460,"s:820:6:820:Infinity":461,"b:823:4:823:Infinity:undefined:undefined:undefined:undefined":109,"s:823:4:823:Infinity":462,"b:823:8:823:17:823:17:823:36":110,"s:823:36:823:Infinity":463,"s:825:4:825:Infinity":464,"s:826:4:826:Infinity":465,"s:827:4:827:Infinity":466,"s:828:4:828:Infinity":467,"s:829:4:829:Infinity":468,"s:832:4:832:Infinity":469,"s:833:4:833:Infinity":470,"f:837:9:837:26":72,"s:838:2:846:Infinity":471,"f:839:5:839:11":73,"s:840:22:840:86":472,"b:841:6:843:Infinity:undefined:undefined:undefined:undefined":111,"s:841:6:843:Infinity":473,"s:842:22:842:95":474,"f:842:36:842:44":74,"s:842:55:842:93":475,"s:843:8:843:Infinity":476,"f:846:5:846:17":75,"f:849:16:849:41":76,"s:850:21:850:83":477,"s:851:2:853:Infinity":478,"f:851:13:851:22":77,"s:852:4:852:Infinity":479,"f:856:9:856:27":78,"b:857:2:857:Infinity:undefined:undefined:undefined:undefined":112,"s:857:2:857:Infinity":480,"s:857:16:857:Infinity":481,"s:859:2:859:Infinity":482,"s:860:2:860:Infinity":483,"f:863:9:863:26":79,"s:864:13:865:Infinity":484,"s:867:2:867:Infinity":485,"b:867:9:867:26:867:30:867:Infinity":113,"f:870:9:870:27":80,"s:871:2:882:Infinity":486,"f:885:9:885:26":81,"b:886:2:886:Infinity:undefined:undefined:undefined:undefined":114,"s:886:2:886:Infinity":487,"s:886:18:886:Infinity":488,"s:888:2:888:Infinity":489,"b:888:36:888:54:888:54:888:Infinity":115,"s:889:3:889:Infinity":490,"f:892:9:892:29":82,"b:893:2:893:Infinity:undefined:undefined:undefined:undefined":116,"s:893:2:893:Infinity":491,"s:893:26:893:Infinity":492,"s:895:2:912:Infinity":493,"f:895:29:895:48":83,"s:896:4:911:Infinity":494,"f:896:19:896:25":84,"s:897:12:901:Infinity":495,"f:897:12:897:24":85,"s:898:19:899:Infinity":496,"b:901:8:901:Infinity:undefined:undefined:undefined:undefined":117,"s:901:8:901:Infinity":497,"b:901:12:901:18:901:18:901:25":118,"s:901:25:901:Infinity":498,"s:904:6:904:Infinity":499,"s:905:6:905:Infinity":500,"s:906:6:906:Infinity":501,"s:907:6:907:Infinity":502,"s:908:6:908:Infinity":503,"s:909:6:909:Infinity":504,"s:910:6:910:Infinity":505,"f:911:7:911:19":86,"f:915:15:915:Infinity":87,"s:923:2:923:Infinity":506,"s:925:17:925:37":507,"s:926:20:926:34":508,"b:928:2:930:Infinity:undefined:undefined:undefined:undefined":119,"s:928:2:930:Infinity":509,"s:929:4:929:Infinity":510,"s:930:4:930:Infinity":511,"b:933:2:936:Infinity:undefined:undefined:undefined:undefined":120,"s:933:2:936:Infinity":512,"s:934:4:934:Infinity":513,"s:935:4:935:Infinity":514,"s:936:4:936:Infinity":515,"s:939:20:939:76":516,"s:941:2:953:Infinity":517,"s:942:4:942:Infinity":518,"s:943:4:943:Infinity":519,"s:945:19:945:81":520,"s:947:4:947:Infinity":521,"s:948:4:948:Infinity":522,"b:949:4:949:Infinity:undefined:undefined:undefined:undefined":121,"s:949:4:949:Infinity":523,"s:949:19:949:Infinity":524,"b:949:43:949:61:949:61:949:Infinity":122,"s:951:4:951:Infinity":525,"s:952:4:952:Infinity":526,"b:952:56:952:72:952:72:952:102":123,"s:953:4:953:Infinity":527,"f:957:9:957:22":88,"s:958:15:958:86":528,"s:959:20:959:90":529,"s:960:18:960:86":530,"s:961:20:961:90":531,"b:963:2:963:Infinity:undefined:undefined:undefined:undefined":124,"s:963:2:963:Infinity":532,"s:963:13:963:Infinity":533,"s:965:2:965:Infinity":534,"s:966:2:968:Infinity":535,"f:966:24:966:35":89,"s:967:4:967:Infinity":536,"f:971:16:971:41":90,"s:972:24:972:82":537,"s:973:2:975:Infinity":538,"f:973:16:973:25":91,"s:974:4:974:Infinity":539,"s:977:25:977:83":540,"s:978:2:980:Infinity":541,"f:978:17:978:26":92,"s:979:4:979:Infinity":542,"s:982:25:982:86":543,"s:983:2:985:Infinity":544,"f:983:17:983:26":93,"s:984:4:984:Infinity":545,"s:987:23:987:82":546,"s:988:2:990:Infinity":547,"f:988:15:988:24":94,"s:989:4:989:Infinity":548,"s:992:27:992:82":549,"s:993:2:995:Infinity":550,"f:993:19:993:28":95,"s:994:4:994:Infinity":551,"s:997:21:997:70":552,"s:998:2:1000:Infinity":553,"f:998:13:998:22":96,"s:999:4:999:Infinity":554,"s:1002:25:1002:78":555,"s:1003:2:1005:Infinity":556,"f:1003:17:1003:26":97,"s:1004:4:1004:Infinity":557}}}
}
