{"/app/src/App.tsx": {"path":"/app/src/App.tsx","statementMap":{"0":{"start":{"line":25,"column":16},"end":{"line":25,"column":45}},"1":{"start":{"line":26,"column":21},"end":{"line":26,"column":52}},"2":{"start":{"line":27,"column":26},"end":{"line":27,"column":63}},"3":{"start":{"line":29,"column":2},"end":{"line":42,"column":null}},"4":{"start":{"line":30,"column":4},"end":{"line":40,"column":null}},"5":{"start":{"line":31,"column":6},"end":{"line":38,"column":null}},"6":{"start":{"line":33,"column":20},"end":{"line":33,"column":44}},"7":{"start":{"line":35,"column":10},"end":{"line":35,"column":null}},"8":{"start":{"line":36,"column":10},"end":{"line":36,"column":null}},"9":{"start":{"line":38,"column":23},"end":{"line":38,"column":43}},"10":{"start":{"line":40,"column":6},"end":{"line":40,"column":null}},"11":{"start":{"line":40,"column":23},"end":{"line":40,"column":43}},"12":{"start":{"line":44,"column":2},"end":{"line":45,"column":null}},"13":{"start":{"line":45,"column":4},"end":{"line":45,"column":null}},"14":{"start":{"line":48,"column":2},"end":{"line":70,"column":null}},"15":{"start":{"line":75,"column":15},"end":{"line":75,"column":53}},"16":{"start":{"line":76,"column":18},"end":{"line":76,"column":46}},"17":{"start":{"line":78,"column":2},"end":{"line":87,"column":null}},"18":{"start":{"line":79,"column":4},"end":{"line":86,"column":null}},"19":{"start":{"line":83,"column":8},"end":{"line":83,"column":null}},"20":{"start":{"line":84,"column":8},"end":{"line":84,"column":null}},"21":{"start":{"line":86,"column":21},"end":{"line":86,"column":38}},"22":{"start":{"line":89,"column":2},"end":{"line":90,"column":null}},"23":{"start":{"line":90,"column":4},"end":{"line":90,"column":null}},"24":{"start":{"line":93,"column":2},"end":{"line":98,"column":null}},"25":{"start":{"line":104,"column":23},"end":{"line":104,"column":57}},"26":{"start":{"line":106,"column":8},"end":{"line":107,"column":null}},"27":{"start":{"line":107,"column":4},"end":{"line":107,"column":null}},"28":{"start":{"line":110,"column":2},"end":{"line":142,"column":null}},"29":{"start":{"line":116,"column":37},"end":{"line":116,"column":59}},"30":{"start":{"line":117,"column":31},"end":{"line":117,"column":null}},"31":{"start":{"line":128,"column":31},"end":{"line":128,"column":52}}},"fnMap":{"0":{"name":"App","decl":{"start":{"line":24,"column":9},"end":{"line":24,"column":15}},"loc":{"start":{"line":24,"column":15},"end":{"line":70,"column":null}},"line":24},"1":{"name":"(anonymous_1)","decl":{"start":{"line":29,"column":2},"end":{"line":29,"column":18}},"loc":{"start":{"line":29,"column":18},"end":{"line":42,"column":6}},"line":29},"2":{"name":"(anonymous_2)","decl":{"start":{"line":33,"column":9},"end":{"line":33,"column":20}},"loc":{"start":{"line":33,"column":20},"end":{"line":33,"column":44}},"line":33},"3":{"name":"(anonymous_3)","decl":{"start":{"line":34,"column":9},"end":{"line":34,"column":21}},"loc":{"start":{"line":34,"column":21},"end":{"line":37,"column":null}},"line":34},"4":{"name":"(anonymous_4)","decl":{"start":{"line":38,"column":9},"end":{"line":38,"column":23}},"loc":{"start":{"line":38,"column":23},"end":{"line":38,"column":43}},"line":38},"5":{"name":"(anonymous_5)","decl":{"start":{"line":40,"column":6},"end":{"line":40,"column":23}},"loc":{"start":{"line":40,"column":23},"end":{"line":40,"column":43}},"line":40},"6":{"name":"AuthenticatedLayout","decl":{"start":{"line":74,"column":9},"end":{"line":74,"column":31}},"loc":{"start":{"line":74,"column":31},"end":{"line":98,"column":null}},"line":74},"7":{"name":"(anonymous_7)","decl":{"start":{"line":78,"column":2},"end":{"line":78,"column":18}},"loc":{"start":{"line":78,"column":18},"end":{"line":87,"column":7}},"line":78},"8":{"name":"(anonymous_8)","decl":{"start":{"line":82,"column":7},"end":{"line":82,"column":19}},"loc":{"start":{"line":82,"column":19},"end":{"line":85,"column":null}},"line":82},"9":{"name":"(anonymous_9)","decl":{"start":{"line":86,"column":7},"end":{"line":86,"column":21}},"loc":{"start":{"line":86,"column":21},"end":{"line":86,"column":38}},"line":86},"10":{"name":"AuthLayout","decl":{"start":{"line":103,"column":9},"end":{"line":103,"column":22}},"loc":{"start":{"line":103,"column":22},"end":{"line":142,"column":null}},"line":103},"11":{"name":"(anonymous_11)","decl":{"start":{"line":106,"column":8},"end":{"line":106,"column":34}},"loc":{"start":{"line":106,"column":34},"end":{"line":107,"column":null}},"line":106},"12":{"name":"(anonymous_12)","decl":{"start":{"line":116,"column":14},"end":{"line":116,"column":37}},"loc":{"start":{"line":116,"column":37},"end":{"line":116,"column":59}},"line":116},"13":{"name":"(anonymous_13)","decl":{"start":{"line":117,"column":14},"end":{"line":117,"column":31}},"loc":{"start":{"line":117,"column":31},"end":{"line":117,"column":null}},"line":117},"14":{"name":"(anonymous_14)","decl":{"start":{"line":128,"column":16},"end":{"line":128,"column":31}},"loc":{"start":{"line":128,"column":31},"end":{"line":128,"column":52}},"line":128}},"branchMap":{"0":{"loc":{"start":{"line":30,"column":4},"end":{"line":40,"column":null}},"type":"if","locations":[{"start":{"line":30,"column":4},"end":{"line":40,"column":null}},{"start":{"line":39,"column":11},"end":{"line":40,"column":null}}],"line":30},"1":{"loc":{"start":{"line":44,"column":2},"end":{"line":45,"column":null}},"type":"if","locations":[{"start":{"line":44,"column":2},"end":{"line":45,"column":null}},{"start":{},"end":{}}],"line":44},"2":{"loc":{"start":{"line":54,"column":12},"end":{"line":54,"column":null}},"type":"cond-expr","locations":[{"start":{"line":54,"column":30},"end":{"line":54,"column":67}},{"start":{"line":54,"column":66},"end":{"line":54,"column":null}}],"line":54},"3":{"loc":{"start":{"line":89,"column":2},"end":{"line":90,"column":null}},"type":"if","locations":[{"start":{"line":89,"column":2},"end":{"line":90,"column":null}},{"start":{},"end":{}}],"line":89},"4":{"loc":{"start":{"line":114,"column":11},"end":{"line":123,"column":12}},"type":"cond-expr","locations":[{"start":{"line":115,"column":12},"end":{"line":120,"column":13}},{"start":{"line":120,"column":12},"end":{"line":123,"column":12}}],"line":114},"5":{"loc":{"start":{"line":123,"column":11},"end":{"line":131,"column":null}},"type":"binary-expr","locations":[{"start":{"line":123,"column":11},"end":{"line":123,"column":null}},{"start":{"line":124,"column":12},"end":{"line":131,"column":null}}],"line":123}},"s":{"0":19,"1":19,"2":19,"3":19,"4":10,"5":3,"6":2,"7":1,"8":1,"9":3,"10":7,"11":7,"12":19,"13":10,"14":9,"15":4,"16":4,"17":4,"18":2,"19":1,"20":1,"21":2,"22":4,"23":2,"24":2,"25":12,"26":12,"27":1,"28":12,"29":1,"30":1,"31":3},"f":{"0":19,"1":10,"2":2,"3":1,"4":3,"5":7,"6":4,"7":2,"8":1,"9":2,"10":12,"11":1,"12":1,"13":1,"14":3},"b":{"0":[3,7],"1":[10,9],"2":[2,7],"3":[2,2],"4":[3,9],"5":[12,9]},"meta":{"lastBranch":6,"lastFunction":15,"lastStatement":32,"seen":{"f:24:9:24:15":0,"s:25:16:25:45":0,"s:26:21:26:52":1,"s:27:26:27:63":2,"s:29:2:42:Infinity":3,"f:29:2:29:18":1,"b:30:4:40:Infinity:39:11:40:Infinity":0,"s:30:4:40:Infinity":4,"s:31:6:38:Infinity":5,"f:33:9:33:20":2,"s:33:20:33:44":6,"f:34:9:34:21":3,"s:35:10:35:Infinity":7,"s:36:10:36:Infinity":8,"f:38:9:38:23":4,"s:38:23:38:43":9,"s:40:6:40:Infinity":10,"f:40:6:40:23":5,"s:40:23:40:43":11,"b:44:2:45:Infinity:undefined:undefined:undefined:undefined":1,"s:44:2:45:Infinity":12,"s:45:4:45:Infinity":13,"s:48:2:70:Infinity":14,"b:54:30:54:67:54:66:54:Infinity":2,"f:74:9:74:31":6,"s:75:15:75:53":15,"s:76:18:76:46":16,"s:78:2:87:Infinity":17,"f:78:2:78:18":7,"s:79:4:86:Infinity":18,"f:82:7:82:19":8,"s:83:8:83:Infinity":19,"s:84:8:84:Infinity":20,"f:86:7:86:21":9,"s:86:21:86:38":21,"b:89:2:90:Infinity:undefined:undefined:undefined:undefined":3,"s:89:2:90:Infinity":22,"s:90:4:90:Infinity":23,"s:93:2:98:Infinity":24,"f:103:9:103:22":10,"s:104:23:104:57":25,"s:106:8:107:Infinity":26,"f:106:8:106:34":11,"s:107:4:107:Infinity":27,"s:110:2:142:Infinity":28,"b:115:12:120:13:120:12:123:12":4,"f:116:14:116:37":12,"s:116:37:116:59":29,"f:117:14:117:31":13,"s:117:31:117:Infinity":30,"b:123:11:123:Infinity:124:12:131:Infinity":5,"f:128:16:128:31":14,"s:128:31:128:52":31}}}
,"/app/src/main.tsx": {"path":"/app/src/main.tsx","statementMap":{"0":{"start":{"line":6,"column":20},"end":{"line":6,"column":51}},"1":{"start":{"line":9,"column":0},"end":{"line":11,"column":null}},"2":{"start":{"line":14,"column":0},"end":{"line":18,"column":null}}},"fnMap":{},"branchMap":{"0":{"loc":{"start":{"line":9,"column":0},"end":{"line":11,"column":null}},"type":"if","locations":[{"start":{"line":9,"column":0},"end":{"line":11,"column":null}},{"start":{},"end":{}}],"line":9}},"s":{"0":1,"1":1,"2":1},"f":{},"b":{"0":[0,1]},"meta":{"lastBranch":1,"lastFunction":0,"lastStatement":3,"seen":{"s:6:20:6:51":0,"b:9:0:11:Infinity:undefined:undefined:undefined:undefined":0,"s:9:0:11:Infinity":1,"s:14:0:18:Infinity":2}}}
,"/app/src/components/AuthForm/AuthForm.tsx": {"path":"/app/src/components/AuthForm/AuthForm.tsx","statementMap":{"0":{"start":{"line":35,"column":24},"end":{"line":35,"column":105}},"1":{"start":{"line":35,"column":51},"end":{"line":35,"column":76}},"2":{"start":{"line":37,"column":53},"end":{"line":41,"column":4}},"3":{"start":{"line":43,"column":2},"end":{"line":69,"column":null}},"4":{"start":{"line":52,"column":8},"end":{"line":62,"column":null}},"5":{"start":{"line":58,"column":29},"end":{"line":58,"column":63}}},"fnMap":{"0":{"name":"AuthForm","decl":{"start":{"line":24,"column":16},"end":{"line":24,"column":25}},"loc":{"start":{"line":34,"column":18},"end":{"line":69,"column":null}},"line":34},"1":{"name":"(anonymous_1)","decl":{"start":{"line":35,"column":31},"end":{"line":35,"column":39}},"loc":{"start":{"line":35,"column":51},"end":{"line":35,"column":76}},"line":35},"2":{"name":"(anonymous_2)","decl":{"start":{"line":51,"column":14},"end":{"line":51,"column":19}},"loc":{"start":{"line":52,"column":8},"end":{"line":62,"column":null}},"line":52},"3":{"name":"(anonymous_3)","decl":{"start":{"line":58,"column":12},"end":{"line":58,"column":23}},"loc":{"start":{"line":58,"column":29},"end":{"line":58,"column":63}},"line":58}},"branchMap":{"0":{"loc":{"start":{"line":48,"column":7},"end":{"line":48,"column":null}},"type":"binary-expr","locations":[{"start":{"line":48,"column":7},"end":{"line":48,"column":16}},{"start":{"line":48,"column":16},"end":{"line":48,"column":null}}],"line":48},"1":{"loc":{"start":{"line":48,"column":32},"end":{"line":48,"column":68}},"type":"binary-expr","locations":[{"start":{"line":48,"column":32},"end":{"line":48,"column":50}},{"start":{"line":48,"column":50},"end":{"line":48,"column":68}}],"line":48},"2":{"loc":{"start":{"line":49,"column":7},"end":{"line":49,"column":null}},"type":"binary-expr","locations":[{"start":{"line":49,"column":7},"end":{"line":49,"column":25}},{"start":{"line":49,"column":25},"end":{"line":49,"column":36}},{"start":{"line":49,"column":36},"end":{"line":49,"column":null}}],"line":49},"3":{"loc":{"start":{"line":57,"column":19},"end":{"line":57,"column":null}},"type":"binary-expr","locations":[{"start":{"line":57,"column":19},"end":{"line":57,"column":39}},{"start":{"line":57,"column":39},"end":{"line":57,"column":null}}],"line":57},"4":{"loc":{"start":{"line":68,"column":9},"end":{"line":68,"column":null}},"type":"cond-expr","locations":[{"start":{"line":68,"column":19},"end":{"line":68,"column":37}},{"start":{"line":68,"column":37},"end":{"line":68,"column":null}}],"line":68}},"s":{"0":39,"1":108,"2":39,"3":39,"4":108,"5":14},"f":{"0":39,"1":108,"2":108,"3":14},"b":{"0":[39,1],"1":[1,1],"2":[39,18,3],"3":[108,51],"4":[7,32]},"meta":{"lastBranch":5,"lastFunction":4,"lastStatement":6,"seen":{"f:24:16:24:25":0,"s:35:24:35:105":0,"f:35:31:35:39":1,"s:35:51:35:76":1,"s:37:53:41:4":2,"s:43:2:69:Infinity":3,"b:48:7:48:16:48:16:48:Infinity":0,"b:48:32:48:50:48:50:48:68":1,"b:49:7:49:25:49:25:49:36:49:36:49:Infinity":2,"f:51:14:51:19":2,"s:52:8:62:Infinity":4,"b:57:19:57:39:57:39:57:Infinity":3,"f:58:12:58:23":3,"s:58:29:58:63":5,"b:68:19:68:37:68:37:68:Infinity":4}}}
,"/app/src/components/CardPlantilla/CardPlantilla.tsx": {"path":"/app/src/components/CardPlantilla/CardPlantilla.tsx","statementMap":{"0":{"start":{"line":13,"column":8},"end":{"line":13,"column":32}},"1":{"start":{"line":15,"column":8},"end":{"line":16,"column":null}},"2":{"start":{"line":16,"column":4},"end":{"line":16,"column":null}},"3":{"start":{"line":19,"column":8},"end":{"line":20,"column":null}},"4":{"start":{"line":20,"column":4},"end":{"line":20,"column":null}},"5":{"start":{"line":23,"column":8},"end":{"line":25,"column":null}},"6":{"start":{"line":24,"column":4},"end":{"line":25,"column":null}},"7":{"start":{"line":25,"column":6},"end":{"line":25,"column":null}},"8":{"start":{"line":29,"column":2},"end":{"line":59,"column":null}}},"fnMap":{"0":{"name":"CardPlantilla","decl":{"start":{"line":12,"column":16},"end":{"line":12,"column":30}},"loc":{"start":{"line":12,"column":113},"end":{"line":59,"column":null}},"line":12},"1":{"name":"(anonymous_1)","decl":{"start":{"line":15,"column":8},"end":{"line":15,"column":27}},"loc":{"start":{"line":15,"column":27},"end":{"line":16,"column":null}},"line":15},"2":{"name":"(anonymous_2)","decl":{"start":{"line":19,"column":8},"end":{"line":19,"column":32}},"loc":{"start":{"line":19,"column":32},"end":{"line":20,"column":null}},"line":19},"3":{"name":"(anonymous_3)","decl":{"start":{"line":23,"column":8},"end":{"line":23,"column":29}},"loc":{"start":{"line":23,"column":29},"end":{"line":25,"column":null}},"line":23}},"branchMap":{"0":{"loc":{"start":{"line":12,"column":43},"end":{"line":12,"column":63}},"type":"default-arg","locations":[{"start":{"line":12,"column":57},"end":{"line":12,"column":63}}],"line":12},"1":{"loc":{"start":{"line":24,"column":4},"end":{"line":25,"column":null}},"type":"if","locations":[{"start":{"line":24,"column":4},"end":{"line":25,"column":null}},{"start":{},"end":{}}],"line":24},"2":{"loc":{"start":{"line":31,"column":7},"end":{"line":34,"column":null}},"type":"binary-expr","locations":[{"start":{"line":31,"column":7},"end":{"line":31,"column":null}},{"start":{"line":32,"column":8},"end":{"line":34,"column":null}}],"line":31},"3":{"loc":{"start":{"line":39,"column":39},"end":{"line":39,"column":86}},"type":"binary-expr","locations":[{"start":{"line":39,"column":39},"end":{"line":39,"column":64}},{"start":{"line":39,"column":64},"end":{"line":39,"column":86}}],"line":39},"4":{"loc":{"start":{"line":42,"column":13},"end":{"line":42,"column":null}},"type":"cond-expr","locations":[{"start":{"line":42,"column":51},"end":{"line":42,"column":63}},{"start":{"line":42,"column":63},"end":{"line":42,"column":null}}],"line":42},"5":{"loc":{"start":{"line":44,"column":47},"end":{"line":44,"column":null}},"type":"cond-expr","locations":[{"start":{"line":44,"column":66},"end":{"line":44,"column":77}},{"start":{"line":44,"column":77},"end":{"line":44,"column":null}}],"line":44},"6":{"loc":{"start":{"line":45,"column":13},"end":{"line":45,"column":null}},"type":"cond-expr","locations":[{"start":{"line":45,"column":32},"end":{"line":45,"column":43}},{"start":{"line":45,"column":43},"end":{"line":45,"column":null}}],"line":45},"7":{"loc":{"start":{"line":49,"column":7},"end":{"line":59,"column":null}},"type":"binary-expr","locations":[{"start":{"line":49,"column":7},"end":{"line":49,"column":null}},{"start":{"line":50,"column":8},"end":{"line":59,"column":null}}],"line":49}},"s":{"0":14,"1":14,"2":1,"3":14,"4":1,"5":14,"6":2,"7":1,"8":14},"f":{"0":14,"1":1,"2":1,"3":2},"b":{"0":[14],"1":[1,1],"2":[14,1],"3":[14,1],"4":[13,1],"5":[13,1],"6":[13,1],"7":[14,13]},"meta":{"lastBranch":8,"lastFunction":4,"lastStatement":9,"seen":{"f:12:16:12:30":0,"b:12:57:12:63":0,"s:13:8:13:32":0,"s:15:8:16:Infinity":1,"f:15:8:15:27":1,"s:16:4:16:Infinity":2,"s:19:8:20:Infinity":3,"f:19:8:19:32":2,"s:20:4:20:Infinity":4,"s:23:8:25:Infinity":5,"f:23:8:23:29":3,"b:24:4:25:Infinity:undefined:undefined:undefined:undefined":1,"s:24:4:25:Infinity":6,"s:25:6:25:Infinity":7,"s:29:2:59:Infinity":8,"b:31:7:31:Infinity:32:8:34:Infinity":2,"b:39:39:39:64:39:64:39:86":3,"b:42:51:42:63:42:63:42:Infinity":4,"b:44:66:44:77:44:77:44:Infinity":5,"b:45:32:45:43:45:43:45:Infinity":6,"b:49:7:49:Infinity:50:8:59:Infinity":7}}}
,"/app/src/components/CardSitio/CardSitio.tsx": {"path":"/app/src/components/CardSitio/CardSitio.tsx","statementMap":{"0":{"start":{"line":6,"column":16},"end":{"line":6,"column":54}},"1":{"start":{"line":16,"column":8},"end":{"line":16,"column":32}},"2":{"start":{"line":18,"column":8},"end":{"line":19,"column":null}},"3":{"start":{"line":19,"column":4},"end":{"line":19,"column":null}},"4":{"start":{"line":22,"column":8},"end":{"line":24,"column":null}},"5":{"start":{"line":23,"column":4},"end":{"line":24,"column":null}},"6":{"start":{"line":24,"column":6},"end":{"line":24,"column":null}},"7":{"start":{"line":28,"column":8},"end":{"line":29,"column":null}},"8":{"start":{"line":29,"column":4},"end":{"line":29,"column":null}},"9":{"start":{"line":32,"column":20},"end":{"line":32,"column":47}},"10":{"start":{"line":33,"column":24},"end":{"line":33,"column":71}},"11":{"start":{"line":33,"column":45},"end":{"line":33,"column":64}},"12":{"start":{"line":35,"column":2},"end":{"line":68,"column":null}},"13":{"start":{"line":54,"column":14},"end":{"line":54,"column":null}}},"fnMap":{"0":{"name":"CardSitio","decl":{"start":{"line":15,"column":16},"end":{"line":15,"column":26}},"loc":{"start":{"line":15,"column":96},"end":{"line":68,"column":null}},"line":15},"1":{"name":"(anonymous_1)","decl":{"start":{"line":18,"column":8},"end":{"line":18,"column":27}},"loc":{"start":{"line":18,"column":27},"end":{"line":19,"column":null}},"line":18},"2":{"name":"(anonymous_2)","decl":{"start":{"line":22,"column":8},"end":{"line":22,"column":29}},"loc":{"start":{"line":22,"column":29},"end":{"line":24,"column":null}},"line":22},"3":{"name":"(anonymous_3)","decl":{"start":{"line":28,"column":8},"end":{"line":28,"column":27}},"loc":{"start":{"line":28,"column":27},"end":{"line":29,"column":null}},"line":28},"4":{"name":"(anonymous_4)","decl":{"start":{"line":33,"column":33},"end":{"line":33,"column":40}},"loc":{"start":{"line":33,"column":45},"end":{"line":33,"column":64}},"line":33},"5":{"name":"(anonymous_5)","decl":{"start":{"line":53,"column":27},"end":{"line":53,"column":31}},"loc":{"start":{"line":54,"column":14},"end":{"line":54,"column":null}},"line":54}},"branchMap":{"0":{"loc":{"start":{"line":23,"column":4},"end":{"line":24,"column":null}},"type":"if","locations":[{"start":{"line":23,"column":4},"end":{"line":24,"column":null}},{"start":{},"end":{}}],"line":23},"1":{"loc":{"start":{"line":32,"column":28},"end":{"line":32,"column":46}},"type":"binary-expr","locations":[{"start":{"line":32,"column":28},"end":{"line":32,"column":44}},{"start":{"line":32,"column":44},"end":{"line":32,"column":46}}],"line":32},"2":{"loc":{"start":{"line":33,"column":24},"end":{"line":33,"column":71}},"type":"binary-expr","locations":[{"start":{"line":33,"column":24},"end":{"line":33,"column":65}},{"start":{"line":33,"column":69},"end":{"line":33,"column":71}}],"line":33},"3":{"loc":{"start":{"line":37,"column":7},"end":{"line":40,"column":null}},"type":"binary-expr","locations":[{"start":{"line":37,"column":7},"end":{"line":37,"column":null}},{"start":{"line":38,"column":8},"end":{"line":40,"column":null}}],"line":37},"4":{"loc":{"start":{"line":45,"column":41},"end":{"line":45,"column":null}},"type":"cond-expr","locations":[{"start":{"line":45,"column":56},"end":{"line":45,"column":67}},{"start":{"line":45,"column":67},"end":{"line":45,"column":null}}],"line":45},"5":{"loc":{"start":{"line":46,"column":11},"end":{"line":46,"column":null}},"type":"cond-expr","locations":[{"start":{"line":46,"column":26},"end":{"line":46,"column":37}},{"start":{"line":46,"column":37},"end":{"line":46,"column":null}}],"line":46},"6":{"loc":{"start":{"line":49,"column":7},"end":{"line":56,"column":null}},"type":"binary-expr","locations":[{"start":{"line":49,"column":7},"end":{"line":49,"column":null}},{"start":{"line":50,"column":8},"end":{"line":56,"column":null}}],"line":49}},"s":{"0":3,"1":11,"2":11,"3":1,"4":11,"5":2,"6":1,"7":11,"8":1,"9":11,"10":11,"11":2,"12":11,"13":1},"f":{"0":11,"1":1,"2":2,"3":1,"4":2,"5":1},"b":{"0":[1,1],"1":[11,10],"2":[11,10],"3":[11,10],"4":[10,1],"5":[10,1],"6":[11,1]},"meta":{"lastBranch":7,"lastFunction":6,"lastStatement":14,"seen":{"s:6:16:6:54":0,"f:15:16:15:26":0,"s:16:8:16:32":1,"s:18:8:19:Infinity":2,"f:18:8:18:27":1,"s:19:4:19:Infinity":3,"s:22:8:24:Infinity":4,"f:22:8:22:29":2,"b:23:4:24:Infinity:undefined:undefined:undefined:undefined":0,"s:23:4:24:Infinity":5,"s:24:6:24:Infinity":6,"s:28:8:29:Infinity":7,"f:28:8:28:27":3,"s:29:4:29:Infinity":8,"s:32:20:32:47":9,"b:32:28:32:44:32:44:32:46":1,"s:33:24:33:71":10,"b:33:24:33:65:33:69:33:71":2,"f:33:33:33:40":4,"s:33:45:33:64":11,"s:35:2:68:Infinity":12,"b:37:7:37:Infinity:38:8:40:Infinity":3,"b:45:56:45:67:45:67:45:Infinity":4,"b:46:26:46:37:46:37:46:Infinity":5,"b:49:7:49:Infinity:50:8:56:Infinity":6,"f:53:27:53:31":5,"s:54:14:54:Infinity":13}}}
,"/app/src/components/GrapesJS/index.ts": {"path":"/app/src/components/GrapesJS/index.ts","statementMap":{"0":{"start":{"line":16,"column":13},"end":{"line":399,"column":null}},"1":{"start":{"line":17,"column":17},"end":{"line":17,"column":null}},"2":{"start":{"line":18,"column":18},"end":{"line":18,"column":null}},"3":{"start":{"line":19,"column":22},"end":{"line":19,"column":null}},"4":{"start":{"line":20,"column":23},"end":{"line":20,"column":null}},"5":{"start":{"line":22,"column":31},"end":{"line":56,"column":null}},"6":{"start":{"line":58,"column":17},"end":{"line":58,"column":38}},"7":{"start":{"line":61,"column":17},"end":{"line":61,"column":47}},"8":{"start":{"line":62,"column":2},"end":{"line":62,"column":null}},"9":{"start":{"line":63,"column":2},"end":{"line":63,"column":null}},"10":{"start":{"line":64,"column":2},"end":{"line":64,"column":null}},"11":{"start":{"line":67,"column":21},"end":{"line":67,"column":null}},"12":{"start":{"line":68,"column":2},"end":{"line":78,"column":null}},"13":{"start":{"line":70,"column":4},"end":{"line":70,"column":null}},"14":{"start":{"line":71,"column":4},"end":{"line":71,"column":null}},"15":{"start":{"line":73,"column":4},"end":{"line":74,"column":null}},"16":{"start":{"line":73,"column":17},"end":{"line":73,"column":20}},"17":{"start":{"line":74,"column":6},"end":{"line":74,"column":null}},"18":{"start":{"line":77,"column":4},"end":{"line":77,"column":null}},"19":{"start":{"line":77,"column":35},"end":{"line":77,"column":null}},"20":{"start":{"line":78,"column":4},"end":{"line":78,"column":null}},"21":{"start":{"line":78,"column":34},"end":{"line":78,"column":null}},"22":{"start":{"line":81,"column":8},"end":{"line":104,"column":null}},"23":{"start":{"line":82,"column":16},"end":{"line":82,"column":45}},"24":{"start":{"line":83,"column":4},"end":{"line":83,"column":null}},"25":{"start":{"line":84,"column":4},"end":{"line":85,"column":null}},"26":{"start":{"line":90,"column":22},"end":{"line":90,"column":84}},"27":{"start":{"line":91,"column":23},"end":{"line":91,"column":86}},"28":{"start":{"line":93,"column":4},"end":{"line":94,"column":null}},"29":{"start":{"line":94,"column":6},"end":{"line":94,"column":null}},"30":{"start":{"line":94,"column":32},"end":{"line":94,"column":52}},"31":{"start":{"line":97,"column":4},"end":{"line":101,"column":null}},"32":{"start":{"line":98,"column":6},"end":{"line":101,"column":null}},"33":{"start":{"line":99,"column":8},"end":{"line":99,"column":null}},"34":{"start":{"line":100,"column":8},"end":{"line":100,"column":null}},"35":{"start":{"line":101,"column":8},"end":{"line":101,"column":null}},"36":{"start":{"line":104,"column":4},"end":{"line":104,"column":null}},"37":{"start":{"line":107,"column":8},"end":{"line":137,"column":null}},"38":{"start":{"line":108,"column":16},"end":{"line":108,"column":45}},"39":{"start":{"line":109,"column":4},"end":{"line":109,"column":null}},"40":{"start":{"line":110,"column":4},"end":{"line":110,"column":null}},"41":{"start":{"line":117,"column":18},"end":{"line":117,"column":71}},"42":{"start":{"line":118,"column":22},"end":{"line":118,"column":84}},"43":{"start":{"line":119,"column":22},"end":{"line":119,"column":84}},"44":{"start":{"line":121,"column":4},"end":{"line":121,"column":null}},"45":{"start":{"line":123,"column":4},"end":{"line":124,"column":null}},"46":{"start":{"line":124,"column":6},"end":{"line":124,"column":null}},"47":{"start":{"line":124,"column":32},"end":{"line":124,"column":52}},"48":{"start":{"line":127,"column":4},"end":{"line":134,"column":null}},"49":{"start":{"line":128,"column":6},"end":{"line":134,"column":null}},"50":{"start":{"line":129,"column":21},"end":{"line":129,"column":39}},"51":{"start":{"line":130,"column":8},"end":{"line":132,"column":null}},"52":{"start":{"line":131,"column":10},"end":{"line":131,"column":null}},"53":{"start":{"line":132,"column":10},"end":{"line":132,"column":null}},"54":{"start":{"line":134,"column":8},"end":{"line":134,"column":null}},"55":{"start":{"line":137,"column":4},"end":{"line":137,"column":null}},"56":{"start":{"line":140,"column":8},"end":{"line":149,"column":null}},"57":{"start":{"line":141,"column":19},"end":{"line":141,"column":49}},"58":{"start":{"line":142,"column":4},"end":{"line":142,"column":null}},"59":{"start":{"line":143,"column":4},"end":{"line":143,"column":null}},"60":{"start":{"line":144,"column":4},"end":{"line":147,"column":null}},"61":{"start":{"line":145,"column":6},"end":{"line":145,"column":null}},"62":{"start":{"line":146,"column":23},"end":{"line":146,"column":null}},"63":{"start":{"line":147,"column":6},"end":{"line":147,"column":null}},"64":{"start":{"line":149,"column":4},"end":{"line":149,"column":null}},"65":{"start":{"line":152,"column":8},"end":{"line":161,"column":null}},"66":{"start":{"line":153,"column":21},"end":{"line":153,"column":null}},"67":{"start":{"line":154,"column":15},"end":{"line":154,"column":44}},"68":{"start":{"line":155,"column":4},"end":{"line":155,"column":null}},"69":{"start":{"line":156,"column":4},"end":{"line":156,"column":null}},"70":{"start":{"line":157,"column":4},"end":{"line":159,"column":null}},"71":{"start":{"line":158,"column":6},"end":{"line":158,"column":null}},"72":{"start":{"line":159,"column":6},"end":{"line":159,"column":null}},"73":{"start":{"line":161,"column":4},"end":{"line":161,"column":null}},"74":{"start":{"line":164,"column":8},"end":{"line":178,"column":null}},"75":{"start":{"line":165,"column":4},"end":{"line":165,"column":null}},"76":{"start":{"line":165,"column":20},"end":{"line":165,"column":null}},"77":{"start":{"line":166,"column":4},"end":{"line":166,"column":null}},"78":{"start":{"line":167,"column":18},"end":{"line":167,"column":39}},"79":{"start":{"line":168,"column":4},"end":{"line":170,"column":null}},"80":{"start":{"line":169,"column":6},"end":{"line":169,"column":null}},"81":{"start":{"line":170,"column":6},"end":{"line":170,"column":null}},"82":{"start":{"line":172,"column":4},"end":{"line":178,"column":null}},"83":{"start":{"line":173,"column":17},"end":{"line":173,"column":51}},"84":{"start":{"line":174,"column":6},"end":{"line":175,"column":null}},"85":{"start":{"line":175,"column":8},"end":{"line":175,"column":null}},"86":{"start":{"line":177,"column":6},"end":{"line":177,"column":null}},"87":{"start":{"line":181,"column":8},"end":{"line":187,"column":null}},"88":{"start":{"line":182,"column":14},"end":{"line":182,"column":50}},"89":{"start":{"line":183,"column":4},"end":{"line":183,"column":null}},"90":{"start":{"line":183,"column":11},"end":{"line":183,"column":null}},"91":{"start":{"line":184,"column":14},"end":{"line":184,"column":51}},"92":{"start":{"line":185,"column":4},"end":{"line":187,"column":null}},"93":{"start":{"line":186,"column":6},"end":{"line":187,"column":null}},"94":{"start":{"line":187,"column":8},"end":{"line":187,"column":null}},"95":{"start":{"line":192,"column":2},"end":{"line":193,"column":null}},"96":{"start":{"line":192,"column":44},"end":{"line":192,"column":null}},"97":{"start":{"line":193,"column":7},"end":{"line":193,"column":null}},"98":{"start":{"line":195,"column":2},"end":{"line":197,"column":null}},"99":{"start":{"line":196,"column":15},"end":{"line":196,"column":42}},"100":{"start":{"line":198,"column":2},"end":{"line":200,"column":null}},"101":{"start":{"line":199,"column":15},"end":{"line":199,"column":41}},"102":{"start":{"line":201,"column":2},"end":{"line":203,"column":null}},"103":{"start":{"line":202,"column":15},"end":{"line":202,"column":41}},"104":{"start":{"line":205,"column":8},"end":{"line":207,"column":null}},"105":{"start":{"line":206,"column":22},"end":{"line":206,"column":43}},"106":{"start":{"line":207,"column":4},"end":{"line":207,"column":null}},"107":{"start":{"line":210,"column":20},"end":{"line":210,"column":null}},"108":{"start":{"line":212,"column":8},"end":{"line":214,"column":null}},"109":{"start":{"line":213,"column":15},"end":{"line":213,"column":61}},"110":{"start":{"line":214,"column":4},"end":{"line":214,"column":null}},"111":{"start":{"line":214,"column":12},"end":{"line":214,"column":null}},"112":{"start":{"line":217,"column":8},"end":{"line":223,"column":null}},"113":{"start":{"line":218,"column":16},"end":{"line":218,"column":24}},"114":{"start":{"line":219,"column":4},"end":{"line":219,"column":null}},"115":{"start":{"line":219,"column":14},"end":{"line":219,"column":null}},"116":{"start":{"line":220,"column":4},"end":{"line":223,"column":null}},"117":{"start":{"line":221,"column":17},"end":{"line":221,"column":39}},"118":{"start":{"line":222,"column":6},"end":{"line":222,"column":null}},"119":{"start":{"line":222,"column":14},"end":{"line":222,"column":null}},"120":{"start":{"line":226,"column":8},"end":{"line":236,"column":null}},"121":{"start":{"line":227,"column":41},"end":{"line":232,"column":null}},"122":{"start":{"line":229,"column":8},"end":{"line":229,"column":null}},"123":{"start":{"line":230,"column":8},"end":{"line":230,"column":null}},"124":{"start":{"line":230,"column":33},"end":{"line":230,"column":53}},"125":{"start":{"line":233,"column":4},"end":{"line":234,"column":null}},"126":{"start":{"line":234,"column":6},"end":{"line":234,"column":null}},"127":{"start":{"line":234,"column":23},"end":{"line":234,"column":70}},"128":{"start":{"line":234,"column":48},"end":{"line":234,"column":69}},"129":{"start":{"line":236,"column":4},"end":{"line":236,"column":null}},"130":{"start":{"line":239,"column":2},"end":{"line":239,"column":null}},"131":{"start":{"line":240,"column":2},"end":{"line":240,"column":null}},"132":{"start":{"line":241,"column":2},"end":{"line":241,"column":null}},"133":{"start":{"line":242,"column":2},"end":{"line":242,"column":null}},"134":{"start":{"line":244,"column":2},"end":{"line":253,"column":null}},"135":{"start":{"line":246,"column":6},"end":{"line":246,"column":null}},"136":{"start":{"line":247,"column":6},"end":{"line":247,"column":null}},"137":{"start":{"line":248,"column":17},"end":{"line":248,"column":60}},"138":{"start":{"line":249,"column":6},"end":{"line":250,"column":null}},"139":{"start":{"line":250,"column":8},"end":{"line":250,"column":null}},"140":{"start":{"line":255,"column":2},"end":{"line":280,"column":null}},"141":{"start":{"line":257,"column":18},"end":{"line":257,"column":47}},"142":{"start":{"line":258,"column":6},"end":{"line":264,"column":null}},"143":{"start":{"line":268,"column":6},"end":{"line":268,"column":null}},"144":{"start":{"line":269,"column":18},"end":{"line":269,"column":53}},"145":{"start":{"line":270,"column":6},"end":{"line":277,"column":null}},"146":{"start":{"line":271,"column":8},"end":{"line":273,"column":null}},"147":{"start":{"line":274,"column":8},"end":{"line":276,"column":null}},"148":{"start":{"line":277,"column":8},"end":{"line":277,"column":null}},"149":{"start":{"line":282,"column":2},"end":{"line":292,"column":null}},"150":{"start":{"line":284,"column":6},"end":{"line":289,"column":null}},"151":{"start":{"line":285,"column":8},"end":{"line":289,"column":null}},"152":{"start":{"line":295,"column":2},"end":{"line":337,"column":null}},"153":{"start":{"line":298,"column":17},"end":{"line":298,"column":49}},"154":{"start":{"line":299,"column":6},"end":{"line":299,"column":null}},"155":{"start":{"line":301,"column":12},"end":{"line":317,"column":null}},"156":{"start":{"line":302,"column":24},"end":{"line":302,"column":52}},"157":{"start":{"line":303,"column":8},"end":{"line":303,"column":null}},"158":{"start":{"line":304,"column":14},"end":{"line":308,"column":null}},"159":{"start":{"line":305,"column":22},"end":{"line":305,"column":54}},"160":{"start":{"line":306,"column":10},"end":{"line":306,"column":null}},"161":{"start":{"line":307,"column":10},"end":{"line":307,"column":null}},"162":{"start":{"line":308,"column":10},"end":{"line":308,"column":null}},"163":{"start":{"line":310,"column":8},"end":{"line":310,"column":null}},"164":{"start":{"line":311,"column":8},"end":{"line":315,"column":null}},"165":{"start":{"line":312,"column":23},"end":{"line":312,"column":null}},"166":{"start":{"line":313,"column":23},"end":{"line":313,"column":91}},"167":{"start":{"line":314,"column":10},"end":{"line":314,"column":null}},"168":{"start":{"line":316,"column":8},"end":{"line":317,"column":null}},"169":{"start":{"line":316,"column":51},"end":{"line":316,"column":71}},"170":{"start":{"line":317,"column":10},"end":{"line":317,"column":null}},"171":{"start":{"line":321,"column":6},"end":{"line":321,"column":null}},"172":{"start":{"line":322,"column":6},"end":{"line":322,"column":null}},"173":{"start":{"line":324,"column":6},"end":{"line":331,"column":null}},"174":{"start":{"line":325,"column":20},"end":{"line":325,"column":null}},"175":{"start":{"line":326,"column":8},"end":{"line":326,"column":null}},"176":{"start":{"line":327,"column":27},"end":{"line":327,"column":52}},"177":{"start":{"line":333,"column":6},"end":{"line":333,"column":null}},"178":{"start":{"line":340,"column":2},"end":{"line":353,"column":null}},"179":{"start":{"line":355,"column":2},"end":{"line":387,"column":null}},"180":{"start":{"line":356,"column":4},"end":{"line":356,"column":null}},"181":{"start":{"line":357,"column":4},"end":{"line":357,"column":null}},"182":{"start":{"line":359,"column":10},"end":{"line":359,"column":66}},"183":{"start":{"line":360,"column":4},"end":{"line":360,"column":null}},"184":{"start":{"line":360,"column":25},"end":{"line":360,"column":null}},"185":{"start":{"line":362,"column":34},"end":{"line":362,"column":63}},"186":{"start":{"line":363,"column":24},"end":{"line":363,"column":79}},"187":{"start":{"line":363,"column":56},"end":{"line":363,"column":79}},"188":{"start":{"line":364,"column":22},"end":{"line":364,"column":74}},"189":{"start":{"line":364,"column":54},"end":{"line":364,"column":74}},"190":{"start":{"line":366,"column":4},"end":{"line":366,"column":null}},"191":{"start":{"line":366,"column":34},"end":{"line":366,"column":null}},"192":{"start":{"line":368,"column":29},"end":{"line":368,"column":31}},"193":{"start":{"line":369,"column":17},"end":{"line":369,"column":34}},"194":{"start":{"line":370,"column":4},"end":{"line":374,"column":null}},"195":{"start":{"line":371,"column":18},"end":{"line":371,"column":null}},"196":{"start":{"line":372,"column":6},"end":{"line":374,"column":null}},"197":{"start":{"line":373,"column":8},"end":{"line":373,"column":null}},"198":{"start":{"line":374,"column":8},"end":{"line":374,"column":null}},"199":{"start":{"line":377,"column":4},"end":{"line":378,"column":null}},"200":{"start":{"line":378,"column":6},"end":{"line":378,"column":null}},"201":{"start":{"line":380,"column":4},"end":{"line":384,"column":null}},"202":{"start":{"line":381,"column":6},"end":{"line":384,"column":null}},"203":{"start":{"line":386,"column":4},"end":{"line":386,"column":null}},"204":{"start":{"line":389,"column":2},"end":{"line":391,"column":null}},"205":{"start":{"line":390,"column":4},"end":{"line":390,"column":null}},"206":{"start":{"line":393,"column":2},"end":{"line":396,"column":null}},"207":{"start":{"line":394,"column":4},"end":{"line":396,"column":null}},"208":{"start":{"line":395,"column":6},"end":{"line":395,"column":null}},"209":{"start":{"line":395,"column":26},"end":{"line":395,"column":null}},"210":{"start":{"line":399,"column":2},"end":{"line":399,"column":null}}},"fnMap":{"0":{"name":"(anonymous_0)","decl":{"start":{"line":16,"column":13},"end":{"line":16,"column":29}},"loc":{"start":{"line":16,"column":70},"end":{"line":399,"column":null}},"line":16},"1":{"name":"(anonymous_1)","decl":{"start":{"line":81,"column":8},"end":{"line":81,"column":29}},"loc":{"start":{"line":81,"column":90},"end":{"line":104,"column":null}},"line":81},"2":{"name":"(anonymous_2)","decl":{"start":{"line":94,"column":16},"end":{"line":94,"column":32}},"loc":{"start":{"line":94,"column":32},"end":{"line":94,"column":52}},"line":94},"3":{"name":"(anonymous_3)","decl":{"start":{"line":98,"column":17},"end":{"line":98,"column":33}},"loc":{"start":{"line":98,"column":33},"end":{"line":101,"column":null}},"line":98},"4":{"name":"(anonymous_4)","decl":{"start":{"line":107,"column":8},"end":{"line":107,"column":35}},"loc":{"start":{"line":107,"column":35},"end":{"line":137,"column":null}},"line":107},"5":{"name":"(anonymous_5)","decl":{"start":{"line":124,"column":16},"end":{"line":124,"column":32}},"loc":{"start":{"line":124,"column":32},"end":{"line":124,"column":52}},"line":124},"6":{"name":"(anonymous_6)","decl":{"start":{"line":128,"column":16},"end":{"line":128,"column":32}},"loc":{"start":{"line":128,"column":32},"end":{"line":134,"column":null}},"line":128},"7":{"name":"(anonymous_7)","decl":{"start":{"line":140,"column":8},"end":{"line":140,"column":27}},"loc":{"start":{"line":140,"column":82},"end":{"line":149,"column":null}},"line":140},"8":{"name":"(anonymous_8)","decl":{"start":{"line":144,"column":11},"end":{"line":144,"column":22}},"loc":{"start":{"line":144,"column":28},"end":{"line":147,"column":null}},"line":144},"9":{"name":"(anonymous_9)","decl":{"start":{"line":152,"column":8},"end":{"line":152,"column":29}},"loc":{"start":{"line":152,"column":67},"end":{"line":161,"column":null}},"line":152},"10":{"name":"(anonymous_10)","decl":{"start":{"line":157,"column":7},"end":{"line":157,"column":23}},"loc":{"start":{"line":157,"column":23},"end":{"line":159,"column":null}},"line":157},"11":{"name":"(anonymous_11)","decl":{"start":{"line":164,"column":8},"end":{"line":164,"column":27}},"loc":{"start":{"line":164,"column":61},"end":{"line":178,"column":null}},"line":164},"12":{"name":"(anonymous_12)","decl":{"start":{"line":172,"column":10},"end":{"line":172,"column":19}},"loc":{"start":{"line":172,"column":33},"end":{"line":178,"column":null}},"line":172},"13":{"name":"(anonymous_13)","decl":{"start":{"line":181,"column":8},"end":{"line":181,"column":26}},"loc":{"start":{"line":181,"column":26},"end":{"line":187,"column":null}},"line":181},"14":{"name":"(anonymous_14)","decl":{"start":{"line":186,"column":8},"end":{"line":186,"column":24}},"loc":{"start":{"line":186,"column":24},"end":{"line":187,"column":null}},"line":186},"15":{"name":"(anonymous_15)","decl":{"start":{"line":196,"column":4},"end":{"line":196,"column":15}},"loc":{"start":{"line":196,"column":15},"end":{"line":196,"column":42}},"line":196},"16":{"name":"(anonymous_16)","decl":{"start":{"line":199,"column":4},"end":{"line":199,"column":15}},"loc":{"start":{"line":199,"column":15},"end":{"line":199,"column":41}},"line":199},"17":{"name":"(anonymous_17)","decl":{"start":{"line":202,"column":4},"end":{"line":202,"column":15}},"loc":{"start":{"line":202,"column":15},"end":{"line":202,"column":41}},"line":202},"18":{"name":"(anonymous_18)","decl":{"start":{"line":205,"column":8},"end":{"line":205,"column":43}},"loc":{"start":{"line":205,"column":43},"end":{"line":207,"column":null}},"line":205},"19":{"name":"(anonymous_19)","decl":{"start":{"line":212,"column":8},"end":{"line":212,"column":21}},"loc":{"start":{"line":212,"column":57},"end":{"line":214,"column":null}},"line":212},"20":{"name":"(anonymous_20)","decl":{"start":{"line":217,"column":8},"end":{"line":217,"column":24}},"loc":{"start":{"line":217,"column":24},"end":{"line":223,"column":null}},"line":217},"21":{"name":"(anonymous_21)","decl":{"start":{"line":220,"column":99},"end":{"line":220,"column":108}},"loc":{"start":{"line":220,"column":116},"end":{"line":223,"column":null}},"line":220},"22":{"name":"(anonymous_22)","decl":{"start":{"line":226,"column":8},"end":{"line":226,"column":27}},"loc":{"start":{"line":226,"column":79},"end":{"line":236,"column":null}},"line":226},"23":{"name":"(anonymous_23)","decl":{"start":{"line":228,"column":6},"end":{"line":228,"column":12}},"loc":{"start":{"line":228,"column":12},"end":{"line":232,"column":null}},"line":228},"24":{"name":"(anonymous_24)","decl":{"start":{"line":230,"column":18},"end":{"line":230,"column":26}},"loc":{"start":{"line":230,"column":33},"end":{"line":230,"column":53}},"line":230},"25":{"name":"(anonymous_25)","decl":{"start":{"line":234,"column":10},"end":{"line":234,"column":23}},"loc":{"start":{"line":234,"column":23},"end":{"line":234,"column":70}},"line":234},"26":{"name":"(anonymous_26)","decl":{"start":{"line":234,"column":33},"end":{"line":234,"column":41}},"loc":{"start":{"line":234,"column":48},"end":{"line":234,"column":69}},"line":234},"27":{"name":"(anonymous_27)","decl":{"start":{"line":245,"column":4},"end":{"line":245,"column":10}},"loc":{"start":{"line":245,"column":10},"end":{"line":253,"column":4}},"line":245},"28":{"name":"(anonymous_28)","decl":{"start":{"line":256,"column":4},"end":{"line":256,"column":8}},"loc":{"start":{"line":256,"column":20},"end":{"line":280,"column":4}},"line":256},"29":{"name":"(anonymous_29)","decl":{"start":{"line":270,"column":10},"end":{"line":270,"column":26}},"loc":{"start":{"line":270,"column":26},"end":{"line":277,"column":null}},"line":270},"30":{"name":"(anonymous_30)","decl":{"start":{"line":283,"column":10},"end":{"line":283,"column":14}},"loc":{"start":{"line":283,"column":26},"end":{"line":292,"column":4}},"line":283},"31":{"name":"(anonymous_31)","decl":{"start":{"line":297,"column":4},"end":{"line":297,"column":16}},"loc":{"start":{"line":297,"column":43},"end":{"line":337,"column":4}},"line":297},"32":{"name":"(anonymous_32)","decl":{"start":{"line":301,"column":12},"end":{"line":301,"column":34}},"loc":{"start":{"line":301,"column":34},"end":{"line":317,"column":null}},"line":301},"33":{"name":"(anonymous_33)","decl":{"start":{"line":304,"column":14},"end":{"line":304,"column":24}},"loc":{"start":{"line":304,"column":57},"end":{"line":308,"column":null}},"line":304},"34":{"name":"(anonymous_34)","decl":{"start":{"line":311,"column":30},"end":{"line":311,"column":39}},"loc":{"start":{"line":311,"column":50},"end":{"line":315,"column":null}},"line":311},"35":{"name":"(anonymous_35)","decl":{"start":{"line":316,"column":39},"end":{"line":316,"column":45}},"loc":{"start":{"line":316,"column":51},"end":{"line":316,"column":71}},"line":316},"36":{"name":"(anonymous_36)","decl":{"start":{"line":324,"column":26},"end":{"line":324,"column":42}},"loc":{"start":{"line":324,"column":42},"end":{"line":331,"column":null}},"line":324},"37":{"name":"(anonymous_37)","decl":{"start":{"line":355,"column":12},"end":{"line":355,"column":35}},"loc":{"start":{"line":355,"column":54},"end":{"line":387,"column":null}},"line":355},"38":{"name":"(anonymous_38)","decl":{"start":{"line":363,"column":39},"end":{"line":363,"column":45}},"loc":{"start":{"line":363,"column":56},"end":{"line":363,"column":79}},"line":363},"39":{"name":"(anonymous_39)","decl":{"start":{"line":364,"column":37},"end":{"line":364,"column":43}},"loc":{"start":{"line":364,"column":54},"end":{"line":364,"column":74}},"line":364},"40":{"name":"(anonymous_40)","decl":{"start":{"line":389,"column":12},"end":{"line":389,"column":26}},"loc":{"start":{"line":389,"column":26},"end":{"line":391,"column":null}},"line":389},"41":{"name":"(anonymous_41)","decl":{"start":{"line":394,"column":35},"end":{"line":394,"column":41}},"loc":{"start":{"line":394,"column":50},"end":{"line":396,"column":null}},"line":394}},"branchMap":{"0":{"loc":{"start":{"line":68,"column":2},"end":{"line":78,"column":null}},"type":"if","locations":[{"start":{"line":68,"column":2},"end":{"line":78,"column":null}},{"start":{"line":76,"column":9},"end":{"line":78,"column":null}}],"line":68},"1":{"loc":{"start":{"line":68,"column":6},"end":{"line":68,"column":43}},"type":"binary-expr","locations":[{"start":{"line":68,"column":6},"end":{"line":68,"column":20}},{"start":{"line":68,"column":20},"end":{"line":68,"column":43}}],"line":68},"2":{"loc":{"start":{"line":71,"column":20},"end":{"line":71,"column":44}},"type":"binary-expr","locations":[{"start":{"line":71,"column":20},"end":{"line":71,"column":41}},{"start":{"line":71,"column":41},"end":{"line":71,"column":44}}],"line":71},"3":{"loc":{"start":{"line":77,"column":4},"end":{"line":77,"column":null}},"type":"if","locations":[{"start":{"line":77,"column":4},"end":{"line":77,"column":null}},{"start":{},"end":{}}],"line":77},"4":{"loc":{"start":{"line":78,"column":4},"end":{"line":78,"column":null}},"type":"if","locations":[{"start":{"line":78,"column":4},"end":{"line":78,"column":null}},{"start":{},"end":{}}],"line":78},"5":{"loc":{"start":{"line":93,"column":4},"end":{"line":94,"column":null}},"type":"if","locations":[{"start":{"line":93,"column":4},"end":{"line":94,"column":null}},{"start":{},"end":{}}],"line":93},"6":{"loc":{"start":{"line":97,"column":4},"end":{"line":101,"column":null}},"type":"if","locations":[{"start":{"line":97,"column":4},"end":{"line":101,"column":null}},{"start":{},"end":{}}],"line":97},"7":{"loc":{"start":{"line":123,"column":4},"end":{"line":124,"column":null}},"type":"if","locations":[{"start":{"line":123,"column":4},"end":{"line":124,"column":null}},{"start":{},"end":{}}],"line":123},"8":{"loc":{"start":{"line":127,"column":4},"end":{"line":134,"column":null}},"type":"if","locations":[{"start":{"line":127,"column":4},"end":{"line":134,"column":null}},{"start":{},"end":{}}],"line":127},"9":{"loc":{"start":{"line":130,"column":8},"end":{"line":132,"column":null}},"type":"if","locations":[{"start":{"line":130,"column":8},"end":{"line":132,"column":null}},{"start":{},"end":{}}],"line":130},"10":{"loc":{"start":{"line":146,"column":23},"end":{"line":146,"column":null}},"type":"binary-expr","locations":[{"start":{"line":146,"column":23},"end":{"line":146,"column":39}},{"start":{"line":146,"column":43},"end":{"line":146,"column":null}}],"line":146},"11":{"loc":{"start":{"line":155,"column":49},"end":{"line":155,"column":82}},"type":"cond-expr","locations":[{"start":{"line":155,"column":60},"end":{"line":155,"column":72}},{"start":{"line":155,"column":72},"end":{"line":155,"column":82}}],"line":155},"12":{"loc":{"start":{"line":156,"column":19},"end":{"line":156,"column":null}},"type":"binary-expr","locations":[{"start":{"line":156,"column":19},"end":{"line":156,"column":35}},{"start":{"line":156,"column":39},"end":{"line":156,"column":null}}],"line":156},"13":{"loc":{"start":{"line":165,"column":4},"end":{"line":165,"column":null}},"type":"if","locations":[{"start":{"line":165,"column":4},"end":{"line":165,"column":null}},{"start":{},"end":{}}],"line":165},"14":{"loc":{"start":{"line":168,"column":4},"end":{"line":170,"column":null}},"type":"if","locations":[{"start":{"line":168,"column":4},"end":{"line":170,"column":null}},{"start":{},"end":{}}],"line":168},"15":{"loc":{"start":{"line":174,"column":6},"end":{"line":175,"column":null}},"type":"if","locations":[{"start":{"line":174,"column":6},"end":{"line":175,"column":null}},{"start":{},"end":{}}],"line":174},"16":{"loc":{"start":{"line":183,"column":4},"end":{"line":183,"column":null}},"type":"if","locations":[{"start":{"line":183,"column":4},"end":{"line":183,"column":null}},{"start":{},"end":{}}],"line":183},"17":{"loc":{"start":{"line":185,"column":4},"end":{"line":187,"column":null}},"type":"if","locations":[{"start":{"line":185,"column":4},"end":{"line":187,"column":null}},{"start":{},"end":{}}],"line":185},"18":{"loc":{"start":{"line":192,"column":2},"end":{"line":193,"column":null}},"type":"if","locations":[{"start":{"line":192,"column":2},"end":{"line":193,"column":null}},{"start":{"line":193,"column":7},"end":{"line":193,"column":null}}],"line":192},"19":{"loc":{"start":{"line":207,"column":11},"end":{"line":207,"column":null}},"type":"cond-expr","locations":[{"start":{"line":207,"column":46},"end":{"line":207,"column":78}},{"start":{"line":207,"column":81},"end":{"line":207,"column":null}}],"line":207},"20":{"loc":{"start":{"line":214,"column":4},"end":{"line":214,"column":null}},"type":"if","locations":[{"start":{"line":214,"column":4},"end":{"line":214,"column":null}},{"start":{},"end":{}}],"line":214},"21":{"loc":{"start":{"line":214,"column":31},"end":{"line":214,"column":null}},"type":"cond-expr","locations":[{"start":{"line":214,"column":38},"end":{"line":214,"column":43}},{"start":{"line":214,"column":43},"end":{"line":214,"column":null}}],"line":214},"22":{"loc":{"start":{"line":219,"column":4},"end":{"line":219,"column":null}},"type":"if","locations":[{"start":{"line":219,"column":4},"end":{"line":219,"column":null}},{"start":{},"end":{}}],"line":219},"23":{"loc":{"start":{"line":222,"column":6},"end":{"line":222,"column":null}},"type":"if","locations":[{"start":{"line":222,"column":6},"end":{"line":222,"column":null}},{"start":{},"end":{}}],"line":222},"24":{"loc":{"start":{"line":226,"column":60},"end":{"line":226,"column":79}},"type":"default-arg","locations":[{"start":{"line":226,"column":70},"end":{"line":226,"column":79}}],"line":226},"25":{"loc":{"start":{"line":233,"column":4},"end":{"line":234,"column":null}},"type":"if","locations":[{"start":{"line":233,"column":4},"end":{"line":234,"column":null}},{"start":{},"end":{}}],"line":233},"26":{"loc":{"start":{"line":249,"column":6},"end":{"line":250,"column":null}},"type":"if","locations":[{"start":{"line":249,"column":6},"end":{"line":250,"column":null}},{"start":{},"end":{}}],"line":249},"27":{"loc":{"start":{"line":284,"column":6},"end":{"line":289,"column":null}},"type":"if","locations":[{"start":{"line":284,"column":6},"end":{"line":289,"column":null}},{"start":{},"end":{}}],"line":284},"28":{"loc":{"start":{"line":302,"column":24},"end":{"line":302,"column":52}},"type":"binary-expr","locations":[{"start":{"line":302,"column":24},"end":{"line":302,"column":36}},{"start":{"line":302,"column":36},"end":{"line":302,"column":52}}],"line":302},"29":{"loc":{"start":{"line":312,"column":23},"end":{"line":312,"column":null}},"type":"binary-expr","locations":[{"start":{"line":312,"column":23},"end":{"line":312,"column":36}},{"start":{"line":312,"column":40},"end":{"line":312,"column":null}}],"line":312},"30":{"loc":{"start":{"line":316,"column":8},"end":{"line":317,"column":null}},"type":"if","locations":[{"start":{"line":316,"column":8},"end":{"line":317,"column":null}},{"start":{},"end":{}}],"line":316},"31":{"loc":{"start":{"line":316,"column":12},"end":{"line":316,"column":71}},"type":"binary-expr","locations":[{"start":{"line":316,"column":12},"end":{"line":316,"column":23}},{"start":{"line":316,"column":23},"end":{"line":316,"column":71}}],"line":316},"32":{"loc":{"start":{"line":359,"column":21},"end":{"line":359,"column":53}},"type":"binary-expr","locations":[{"start":{"line":359,"column":21},"end":{"line":359,"column":45}},{"start":{"line":359,"column":49},"end":{"line":359,"column":53}}],"line":359},"33":{"loc":{"start":{"line":360,"column":4},"end":{"line":360,"column":null}},"type":"if","locations":[{"start":{"line":360,"column":4},"end":{"line":360,"column":null}},{"start":{},"end":{}}],"line":360},"34":{"loc":{"start":{"line":362,"column":34},"end":{"line":362,"column":63}},"type":"binary-expr","locations":[{"start":{"line":362,"column":34},"end":{"line":362,"column":57}},{"start":{"line":362,"column":61},"end":{"line":362,"column":63}}],"line":362},"35":{"loc":{"start":{"line":366,"column":4},"end":{"line":366,"column":null}},"type":"if","locations":[{"start":{"line":366,"column":4},"end":{"line":366,"column":null}},{"start":{},"end":{}}],"line":366},"36":{"loc":{"start":{"line":366,"column":8},"end":{"line":366,"column":34}},"type":"binary-expr","locations":[{"start":{"line":366,"column":8},"end":{"line":366,"column":23}},{"start":{"line":366,"column":23},"end":{"line":366,"column":34}}],"line":366},"37":{"loc":{"start":{"line":371,"column":18},"end":{"line":371,"column":null}},"type":"binary-expr","locations":[{"start":{"line":371,"column":18},"end":{"line":371,"column":28}},{"start":{"line":371,"column":28},"end":{"line":371,"column":null}}],"line":371},"38":{"loc":{"start":{"line":372,"column":6},"end":{"line":374,"column":null}},"type":"if","locations":[{"start":{"line":372,"column":6},"end":{"line":374,"column":null}},{"start":{},"end":{}}],"line":372},"39":{"loc":{"start":{"line":377,"column":4},"end":{"line":378,"column":null}},"type":"if","locations":[{"start":{"line":377,"column":4},"end":{"line":378,"column":null}},{"start":{},"end":{}}],"line":377},"40":{"loc":{"start":{"line":380,"column":4},"end":{"line":384,"column":null}},"type":"if","locations":[{"start":{"line":380,"column":4},"end":{"line":384,"column":null}},{"start":{},"end":{}}],"line":380},"41":{"loc":{"start":{"line":393,"column":2},"end":{"line":396,"column":null}},"type":"if","locations":[{"start":{"line":393,"column":2},"end":{"line":396,"column":null}},{"start":{},"end":{}}],"line":393},"42":{"loc":{"start":{"line":395,"column":6},"end":{"line":395,"column":null}},"type":"if","locations":[{"start":{"line":395,"column":6},"end":{"line":395,"column":null}},{"start":{},"end":{}}],"line":395}},"s":{"0":3,"1":61,"2":61,"3":61,"4":61,"5":61,"6":61,"7":61,"8":61,"9":61,"10":61,"11":61,"12":61,"13":2,"14":2,"15":2,"16":2,"17":2,"18":59,"19":3,"20":59,"21":2,"22":61,"23":4,"24":4,"25":4,"26":4,"27":4,"28":4,"29":4,"30":1,"31":4,"32":4,"33":1,"34":1,"35":1,"36":4,"37":61,"38":5,"39":5,"40":5,"41":5,"42":5,"43":5,"44":5,"45":5,"46":5,"47":1,"48":5,"49":5,"50":2,"51":2,"52":1,"53":1,"54":2,"55":5,"56":61,"57":18,"58":18,"59":18,"60":18,"61":4,"62":4,"63":4,"64":18,"65":61,"66":23,"67":23,"68":23,"69":23,"70":23,"71":1,"72":1,"73":23,"74":61,"75":29,"76":1,"77":28,"78":28,"79":28,"80":14,"81":14,"82":14,"83":23,"84":23,"85":18,"86":23,"87":61,"88":33,"89":33,"90":23,"91":33,"92":33,"93":24,"94":5,"95":61,"96":23,"97":38,"98":61,"99":1,"100":61,"101":1,"102":61,"103":1,"104":61,"105":23,"106":23,"107":61,"108":61,"109":11,"110":11,"111":6,"112":61,"113":10,"114":10,"115":4,"116":6,"117":30,"118":30,"119":25,"120":61,"121":244,"122":8,"123":8,"124":8,"125":244,"126":183,"127":1,"128":1,"129":244,"130":61,"131":61,"132":61,"133":61,"134":61,"135":2,"136":2,"137":2,"138":2,"139":1,"140":61,"141":1,"142":1,"143":1,"144":1,"145":1,"146":1,"147":1,"148":1,"149":61,"150":2,"151":1,"152":61,"153":7,"154":7,"155":7,"156":8,"157":8,"158":8,"159":18,"160":18,"161":18,"162":18,"163":8,"164":8,"165":10,"166":10,"167":10,"168":8,"169":6,"170":2,"171":7,"172":7,"173":7,"174":3,"175":3,"176":3,"177":7,"178":61,"179":61,"180":10,"181":10,"182":10,"183":10,"184":2,"185":8,"186":10,"187":7,"188":10,"189":10,"190":10,"191":2,"192":6,"193":6,"194":6,"195":5,"196":5,"197":4,"198":4,"199":6,"200":5,"201":6,"202":5,"203":6,"204":61,"205":2,"206":61,"207":2,"208":2,"209":1,"210":61},"f":{"0":61,"1":4,"2":1,"3":1,"4":5,"5":1,"6":2,"7":18,"8":4,"9":23,"10":1,"11":29,"12":23,"13":33,"14":5,"15":1,"16":1,"17":1,"18":23,"19":11,"20":10,"21":30,"22":244,"23":8,"24":8,"25":1,"26":1,"27":2,"28":1,"29":1,"30":2,"31":7,"32":8,"33":18,"34":10,"35":6,"36":3,"37":10,"38":7,"39":10,"40":2,"41":2},"b":{"0":[2,59],"1":[61,2],"2":[2,1],"3":[3,56],"4":[2,57],"5":[4,0],"6":[4,0],"7":[5,0],"8":[5,0],"9":[1,1],"10":[4,1],"11":[14,9],"12":[23,2],"13":[1,28],"14":[14,14],"15":[18,5],"16":[23,10],"17":[24,9],"18":[23,38],"19":[15,8],"20":[6,5],"21":[5,1],"22":[4,6],"23":[25,5],"24":[244],"25":[183,61],"26":[1,1],"27":[1,1],"28":[8,8],"29":[10,1],"30":[2,6],"31":[8,3],"32":[10,1],"33":[2,8],"34":[8,1],"35":[2,8],"36":[10,3],"37":[5,4],"38":[4,1],"39":[5,1],"40":[5,1],"41":[2,59],"42":[1,1]},"meta":{"lastBranch":43,"lastFunction":42,"lastStatement":211,"seen":{"s:16:13:399:Infinity":0,"f:16:13:16:29":0,"s:17:17:17:Infinity":1,"s:18:18:18:Infinity":2,"s:19:22:19:Infinity":3,"s:20:23:20:Infinity":4,"s:22:31:56:Infinity":5,"s:58:17:58:38":6,"s:61:17:61:47":7,"s:62:2:62:Infinity":8,"s:63:2:63:Infinity":9,"s:64:2:64:Infinity":10,"s:67:21:67:Infinity":11,"b:68:2:78:Infinity:76:9:78:Infinity":0,"s:68:2:78:Infinity":12,"b:68:6:68:20:68:20:68:43":1,"s:70:4:70:Infinity":13,"s:71:4:71:Infinity":14,"b:71:20:71:41:71:41:71:44":2,"s:73:4:74:Infinity":15,"s:73:17:73:20":16,"s:74:6:74:Infinity":17,"b:77:4:77:Infinity:undefined:undefined:undefined:undefined":3,"s:77:4:77:Infinity":18,"s:77:35:77:Infinity":19,"b:78:4:78:Infinity:undefined:undefined:undefined:undefined":4,"s:78:4:78:Infinity":20,"s:78:34:78:Infinity":21,"s:81:8:104:Infinity":22,"f:81:8:81:29":1,"s:82:16:82:45":23,"s:83:4:83:Infinity":24,"s:84:4:85:Infinity":25,"s:90:22:90:84":26,"s:91:23:91:86":27,"b:93:4:94:Infinity:undefined:undefined:undefined:undefined":5,"s:93:4:94:Infinity":28,"s:94:6:94:Infinity":29,"f:94:16:94:32":2,"s:94:32:94:52":30,"b:97:4:101:Infinity:undefined:undefined:undefined:undefined":6,"s:97:4:101:Infinity":31,"s:98:6:101:Infinity":32,"f:98:17:98:33":3,"s:99:8:99:Infinity":33,"s:100:8:100:Infinity":34,"s:101:8:101:Infinity":35,"s:104:4:104:Infinity":36,"s:107:8:137:Infinity":37,"f:107:8:107:35":4,"s:108:16:108:45":38,"s:109:4:109:Infinity":39,"s:110:4:110:Infinity":40,"s:117:18:117:71":41,"s:118:22:118:84":42,"s:119:22:119:84":43,"s:121:4:121:Infinity":44,"b:123:4:124:Infinity:undefined:undefined:undefined:undefined":7,"s:123:4:124:Infinity":45,"s:124:6:124:Infinity":46,"f:124:16:124:32":5,"s:124:32:124:52":47,"b:127:4:134:Infinity:undefined:undefined:undefined:undefined":8,"s:127:4:134:Infinity":48,"s:128:6:134:Infinity":49,"f:128:16:128:32":6,"s:129:21:129:39":50,"b:130:8:132:Infinity:undefined:undefined:undefined:undefined":9,"s:130:8:132:Infinity":51,"s:131:10:131:Infinity":52,"s:132:10:132:Infinity":53,"s:134:8:134:Infinity":54,"s:137:4:137:Infinity":55,"s:140:8:149:Infinity":56,"f:140:8:140:27":7,"s:141:19:141:49":57,"s:142:4:142:Infinity":58,"s:143:4:143:Infinity":59,"s:144:4:147:Infinity":60,"f:144:11:144:22":8,"s:145:6:145:Infinity":61,"s:146:23:146:Infinity":62,"b:146:23:146:39:146:43:146:Infinity":10,"s:147:6:147:Infinity":63,"s:149:4:149:Infinity":64,"s:152:8:161:Infinity":65,"f:152:8:152:29":9,"s:153:21:153:Infinity":66,"s:154:15:154:44":67,"s:155:4:155:Infinity":68,"b:155:60:155:72:155:72:155:82":11,"s:156:4:156:Infinity":69,"b:156:19:156:35:156:39:156:Infinity":12,"s:157:4:159:Infinity":70,"f:157:7:157:23":10,"s:158:6:158:Infinity":71,"s:159:6:159:Infinity":72,"s:161:4:161:Infinity":73,"s:164:8:178:Infinity":74,"f:164:8:164:27":11,"b:165:4:165:Infinity:undefined:undefined:undefined:undefined":13,"s:165:4:165:Infinity":75,"s:165:20:165:Infinity":76,"s:166:4:166:Infinity":77,"s:167:18:167:39":78,"b:168:4:170:Infinity:undefined:undefined:undefined:undefined":14,"s:168:4:170:Infinity":79,"s:169:6:169:Infinity":80,"s:170:6:170:Infinity":81,"s:172:4:178:Infinity":82,"f:172:10:172:19":12,"s:173:17:173:51":83,"b:174:6:175:Infinity:undefined:undefined:undefined:undefined":15,"s:174:6:175:Infinity":84,"s:175:8:175:Infinity":85,"s:177:6:177:Infinity":86,"s:181:8:187:Infinity":87,"f:181:8:181:26":13,"s:182:14:182:50":88,"b:183:4:183:Infinity:undefined:undefined:undefined:undefined":16,"s:183:4:183:Infinity":89,"s:183:11:183:Infinity":90,"s:184:14:184:51":91,"b:185:4:187:Infinity:undefined:undefined:undefined:undefined":17,"s:185:4:187:Infinity":92,"s:186:6:187:Infinity":93,"f:186:8:186:24":14,"s:187:8:187:Infinity":94,"b:192:2:193:Infinity:193:7:193:Infinity":18,"s:192:2:193:Infinity":95,"s:192:44:192:Infinity":96,"s:193:7:193:Infinity":97,"s:195:2:197:Infinity":98,"f:196:4:196:15":15,"s:196:15:196:42":99,"s:198:2:200:Infinity":100,"f:199:4:199:15":16,"s:199:15:199:41":101,"s:201:2:203:Infinity":102,"f:202:4:202:15":17,"s:202:15:202:41":103,"s:205:8:207:Infinity":104,"f:205:8:205:43":18,"s:206:22:206:43":105,"s:207:4:207:Infinity":106,"b:207:46:207:78:207:81:207:Infinity":19,"s:210:20:210:Infinity":107,"s:212:8:214:Infinity":108,"f:212:8:212:21":19,"s:213:15:213:61":109,"b:214:4:214:Infinity:undefined:undefined:undefined:undefined":20,"s:214:4:214:Infinity":110,"s:214:12:214:Infinity":111,"b:214:38:214:43:214:43:214:Infinity":21,"s:217:8:223:Infinity":112,"f:217:8:217:24":20,"s:218:16:218:24":113,"b:219:4:219:Infinity:undefined:undefined:undefined:undefined":22,"s:219:4:219:Infinity":114,"s:219:14:219:Infinity":115,"s:220:4:223:Infinity":116,"f:220:99:220:108":21,"s:221:17:221:39":117,"b:222:6:222:Infinity:undefined:undefined:undefined:undefined":23,"s:222:6:222:Infinity":118,"s:222:14:222:Infinity":119,"s:226:8:236:Infinity":120,"f:226:8:226:27":22,"b:226:70:226:79":24,"s:227:41:232:Infinity":121,"f:228:6:228:12":23,"s:229:8:229:Infinity":122,"s:230:8:230:Infinity":123,"f:230:18:230:26":24,"s:230:33:230:53":124,"b:233:4:234:Infinity:undefined:undefined:undefined:undefined":25,"s:233:4:234:Infinity":125,"s:234:6:234:Infinity":126,"f:234:10:234:23":25,"s:234:23:234:70":127,"f:234:33:234:41":26,"s:234:48:234:69":128,"s:236:4:236:Infinity":129,"s:239:2:239:Infinity":130,"s:240:2:240:Infinity":131,"s:241:2:241:Infinity":132,"s:242:2:242:Infinity":133,"s:244:2:253:Infinity":134,"f:245:4:245:10":27,"s:246:6:246:Infinity":135,"s:247:6:247:Infinity":136,"s:248:17:248:60":137,"b:249:6:250:Infinity:undefined:undefined:undefined:undefined":26,"s:249:6:250:Infinity":138,"s:250:8:250:Infinity":139,"s:255:2:280:Infinity":140,"f:256:4:256:8":28,"s:257:18:257:47":141,"s:258:6:264:Infinity":142,"s:268:6:268:Infinity":143,"s:269:18:269:53":144,"s:270:6:277:Infinity":145,"f:270:10:270:26":29,"s:271:8:273:Infinity":146,"s:274:8:276:Infinity":147,"s:277:8:277:Infinity":148,"s:282:2:292:Infinity":149,"f:283:10:283:14":30,"b:284:6:289:Infinity:undefined:undefined:undefined:undefined":27,"s:284:6:289:Infinity":150,"s:285:8:289:Infinity":151,"s:295:2:337:Infinity":152,"f:297:4:297:16":31,"s:298:17:298:49":153,"s:299:6:299:Infinity":154,"s:301:12:317:Infinity":155,"f:301:12:301:34":32,"s:302:24:302:52":156,"b:302:24:302:36:302:36:302:52":28,"s:303:8:303:Infinity":157,"s:304:14:308:Infinity":158,"f:304:14:304:24":33,"s:305:22:305:54":159,"s:306:10:306:Infinity":160,"s:307:10:307:Infinity":161,"s:308:10:308:Infinity":162,"s:310:8:310:Infinity":163,"s:311:8:315:Infinity":164,"f:311:30:311:39":34,"s:312:23:312:Infinity":165,"b:312:23:312:36:312:40:312:Infinity":29,"s:313:23:313:91":166,"s:314:10:314:Infinity":167,"b:316:8:317:Infinity:undefined:undefined:undefined:undefined":30,"s:316:8:317:Infinity":168,"b:316:12:316:23:316:23:316:71":31,"f:316:39:316:45":35,"s:316:51:316:71":169,"s:317:10:317:Infinity":170,"s:321:6:321:Infinity":171,"s:322:6:322:Infinity":172,"s:324:6:331:Infinity":173,"f:324:26:324:42":36,"s:325:20:325:Infinity":174,"s:326:8:326:Infinity":175,"s:327:27:327:52":176,"s:333:6:333:Infinity":177,"s:340:2:353:Infinity":178,"s:355:2:387:Infinity":179,"f:355:12:355:35":37,"s:356:4:356:Infinity":180,"s:357:4:357:Infinity":181,"s:359:10:359:66":182,"b:359:21:359:45:359:49:359:53":32,"b:360:4:360:Infinity:undefined:undefined:undefined:undefined":33,"s:360:4:360:Infinity":183,"s:360:25:360:Infinity":184,"s:362:34:362:63":185,"b:362:34:362:57:362:61:362:63":34,"s:363:24:363:79":186,"f:363:39:363:45":38,"s:363:56:363:79":187,"s:364:22:364:74":188,"f:364:37:364:43":39,"s:364:54:364:74":189,"b:366:4:366:Infinity:undefined:undefined:undefined:undefined":35,"s:366:4:366:Infinity":190,"b:366:8:366:23:366:23:366:34":36,"s:366:34:366:Infinity":191,"s:368:29:368:31":192,"s:369:17:369:34":193,"s:370:4:374:Infinity":194,"s:371:18:371:Infinity":195,"b:371:18:371:28:371:28:371:Infinity":37,"b:372:6:374:Infinity:undefined:undefined:undefined:undefined":38,"s:372:6:374:Infinity":196,"s:373:8:373:Infinity":197,"s:374:8:374:Infinity":198,"b:377:4:378:Infinity:undefined:undefined:undefined:undefined":39,"s:377:4:378:Infinity":199,"s:378:6:378:Infinity":200,"b:380:4:384:Infinity:undefined:undefined:undefined:undefined":40,"s:380:4:384:Infinity":201,"s:381:6:384:Infinity":202,"s:386:4:386:Infinity":203,"s:389:2:391:Infinity":204,"f:389:12:389:26":40,"s:390:4:390:Infinity":205,"b:393:2:396:Infinity:undefined:undefined:undefined:undefined":41,"s:393:2:396:Infinity":206,"s:394:4:396:Infinity":207,"f:394:35:394:41":41,"b:395:6:395:Infinity:undefined:undefined:undefined:undefined":42,"s:395:6:395:Infinity":208,"s:395:26:395:Infinity":209,"s:399:2:399:Infinity":210}}}
,"/app/src/components/Login/Login.tsx": {"path":"/app/src/components/Login/Login.tsx","statementMap":{"0":{"start":{"line":11,"column":2},"end":{"line":22,"column":null}},"1":{"start":{"line":20,"column":31},"end":{"line":20,"column":null}}},"fnMap":{"0":{"name":"Login","decl":{"start":{"line":10,"column":16},"end":{"line":10,"column":22}},"loc":{"start":{"line":10,"column":59},"end":{"line":22,"column":null}},"line":10},"1":{"name":"(anonymous_1)","decl":{"start":{"line":20,"column":16},"end":{"line":20,"column":23}},"loc":{"start":{"line":20,"column":29},"end":{"line":20,"column":null}},"line":20}},"branchMap":{},"s":{"0":3,"1":2},"f":{"0":3,"1":2},"b":{},"meta":{"lastBranch":0,"lastFunction":2,"lastStatement":2,"seen":{"f:10:16:10:22":0,"s:11:2:22:Infinity":0,"f:20:16:20:23":1,"s:20:31:20:Infinity":1}}}
,"/app/src/components/ModalDialog/ModalDialog.tsx": {"path":"/app/src/components/ModalDialog/ModalDialog.tsx","statementMap":{"0":{"start":{"line":11,"column":2},"end":{"line":11,"column":null}},"1":{"start":{"line":11,"column":15},"end":{"line":11,"column":null}},"2":{"start":{"line":13,"column":2},"end":{"line":33,"column":null}}},"fnMap":{"0":{"name":"ModalDialog","decl":{"start":{"line":10,"column":16},"end":{"line":10,"column":28}},"loc":{"start":{"line":10,"column":85},"end":{"line":33,"column":null}},"line":10}},"branchMap":{"0":{"loc":{"start":{"line":11,"column":2},"end":{"line":11,"column":null}},"type":"if","locations":[{"start":{"line":11,"column":2},"end":{"line":11,"column":null}},{"start":{},"end":{}}],"line":11}},"s":{"0":182,"1":113,"2":69},"f":{"0":182},"b":{"0":[113,69]},"meta":{"lastBranch":1,"lastFunction":1,"lastStatement":3,"seen":{"f:10:16:10:28":0,"b:11:2:11:Infinity:undefined:undefined:undefined:undefined":0,"s:11:2:11:Infinity":0,"s:11:15:11:Infinity":1,"s:13:2:33:Infinity":2}}}
,"/app/src/components/Register/Register.tsx": {"path":"/app/src/components/Register/Register.tsx","statementMap":{"0":{"start":{"line":12,"column":2},"end":{"line":26,"column":null}},"1":{"start":{"line":23,"column":31},"end":{"line":23,"column":null}}},"fnMap":{"0":{"name":"Register","decl":{"start":{"line":11,"column":16},"end":{"line":11,"column":25}},"loc":{"start":{"line":11,"column":65},"end":{"line":26,"column":null}},"line":11},"1":{"name":"(anonymous_1)","decl":{"start":{"line":23,"column":16},"end":{"line":23,"column":23}},"loc":{"start":{"line":23,"column":29},"end":{"line":23,"column":null}},"line":23}},"branchMap":{},"s":{"0":3,"1":2},"f":{"0":3,"1":2},"b":{},"meta":{"lastBranch":0,"lastFunction":2,"lastStatement":2,"seen":{"f:11:16:11:25":0,"s:12:2:26:Infinity":0,"f:23:16:23:23":1,"s:23:31:23:Infinity":1}}}
,"/app/src/components/Sidebar/Sidebar.tsx": {"path":"/app/src/components/Sidebar/Sidebar.tsx","statementMap":{"0":{"start":{"line":14,"column":22},"end":{"line":22,"column":null}},"1":{"start":{"line":25,"column":8},"end":{"line":25,"column":32}},"2":{"start":{"line":26,"column":20},"end":{"line":26,"column":56}},"3":{"start":{"line":27,"column":18},"end":{"line":27,"column":61}},"4":{"start":{"line":28,"column":17},"end":{"line":28,"column":76}},"5":{"start":{"line":29,"column":29},"end":{"line":29,"column":86}},"6":{"start":{"line":31,"column":2},"end":{"line":39,"column":null}},"7":{"start":{"line":32,"column":4},"end":{"line":38,"column":null}},"8":{"start":{"line":33,"column":19},"end":{"line":33,"column":50}},"9":{"start":{"line":34,"column":6},"end":{"line":34,"column":null}},"10":{"start":{"line":35,"column":6},"end":{"line":36,"column":null}},"11":{"start":{"line":36,"column":8},"end":{"line":36,"column":null}},"12":{"start":{"line":41,"column":2},"end":{"line":54,"column":null}},"13":{"start":{"line":42,"column":4},"end":{"line":44,"column":null}},"14":{"start":{"line":43,"column":6},"end":{"line":43,"column":null}},"15":{"start":{"line":44,"column":6},"end":{"line":44,"column":null}},"16":{"start":{"line":46,"column":4},"end":{"line":53,"column":null}},"17":{"start":{"line":47,"column":61},"end":{"line":47,"column":63}},"18":{"start":{"line":48,"column":45},"end":{"line":48,"column":47}},"19":{"start":{"line":50,"column":23},"end":{"line":50,"column":99}},"20":{"start":{"line":50,"column":83},"end":{"line":50,"column":97}},"21":{"start":{"line":51,"column":20},"end":{"line":51,"column":108}},"22":{"start":{"line":51,"column":58},"end":{"line":51,"column":74}},"23":{"start":{"line":51,"column":103},"end":{"line":51,"column":107}},"24":{"start":{"line":52,"column":6},"end":{"line":52,"column":null}},"25":{"start":{"line":56,"column":8},"end":{"line":59,"column":null}},"26":{"start":{"line":57,"column":4},"end":{"line":57,"column":null}},"27":{"start":{"line":58,"column":4},"end":{"line":58,"column":null}},"28":{"start":{"line":59,"column":4},"end":{"line":59,"column":null}},"29":{"start":{"line":62,"column":23},"end":{"line":65,"column":null}},"30":{"start":{"line":63,"column":4},"end":{"line":63,"column":null}},"31":{"start":{"line":63,"column":22},"end":{"line":63,"column":null}},"32":{"start":{"line":64,"column":4},"end":{"line":64,"column":null}},"33":{"start":{"line":67,"column":2},"end":{"line":125,"column":null}},"34":{"start":{"line":91,"column":27},"end":{"line":91,"column":69}},"35":{"start":{"line":102,"column":12},"end":{"line":102,"column":null}},"36":{"start":{"line":109,"column":10},"end":{"line":117,"column":null}}},"fnMap":{"0":{"name":"Sidebar","decl":{"start":{"line":24,"column":16},"end":{"line":24,"column":24}},"loc":{"start":{"line":24,"column":58},"end":{"line":125,"column":null}},"line":24},"1":{"name":"(anonymous_1)","decl":{"start":{"line":31,"column":2},"end":{"line":31,"column":18}},"loc":{"start":{"line":31,"column":18},"end":{"line":39,"column":7}},"line":31},"2":{"name":"(anonymous_2)","decl":{"start":{"line":32,"column":26},"end":{"line":32,"column":32}},"loc":{"start":{"line":32,"column":41},"end":{"line":38,"column":7}},"line":32},"3":{"name":"(anonymous_3)","decl":{"start":{"line":38,"column":7},"end":{"line":38,"column":19}},"loc":{"start":{"line":38,"column":19},"end":{"line":38,"column":22}},"line":38},"4":{"name":"(anonymous_4)","decl":{"start":{"line":41,"column":2},"end":{"line":41,"column":18}},"loc":{"start":{"line":41,"column":18},"end":{"line":54,"column":6}},"line":41},"5":{"name":"(anonymous_5)","decl":{"start":{"line":47,"column":39},"end":{"line":47,"column":61}},"loc":{"start":{"line":47,"column":61},"end":{"line":47,"column":63}},"line":47},"6":{"name":"(anonymous_6)","decl":{"start":{"line":48,"column":29},"end":{"line":48,"column":45}},"loc":{"start":{"line":48,"column":45},"end":{"line":48,"column":47}},"line":48},"7":{"name":"(anonymous_7)","decl":{"start":{"line":49,"column":7},"end":{"line":49,"column":13}},"loc":{"start":{"line":49,"column":41},"end":{"line":53,"column":null}},"line":49},"8":{"name":"(anonymous_8)","decl":{"start":{"line":50,"column":42},"end":{"line":50,"column":47}},"loc":{"start":{"line":50,"column":83},"end":{"line":50,"column":97}},"line":50},"9":{"name":"(anonymous_9)","decl":{"start":{"line":51,"column":38},"end":{"line":51,"column":43}},"loc":{"start":{"line":51,"column":58},"end":{"line":51,"column":74}},"line":51},"10":{"name":"(anonymous_10)","decl":{"start":{"line":51,"column":76},"end":{"line":51,"column":84}},"loc":{"start":{"line":51,"column":103},"end":{"line":51,"column":107}},"line":51},"11":{"name":"(anonymous_11)","decl":{"start":{"line":56,"column":8},"end":{"line":56,"column":29}},"loc":{"start":{"line":56,"column":29},"end":{"line":59,"column":null}},"line":56},"12":{"name":"(anonymous_12)","decl":{"start":{"line":62,"column":37},"end":{"line":62,"column":45}},"loc":{"start":{"line":62,"column":54},"end":{"line":65,"column":null}},"line":62},"13":{"name":"(anonymous_13)","decl":{"start":{"line":91,"column":10},"end":{"line":91,"column":21}},"loc":{"start":{"line":91,"column":27},"end":{"line":91,"column":69}},"line":91},"14":{"name":"(anonymous_14)","decl":{"start":{"line":101,"column":18},"end":{"line":101,"column":23}},"loc":{"start":{"line":102,"column":12},"end":{"line":102,"column":null}},"line":102},"15":{"name":"(anonymous_15)","decl":{"start":{"line":108,"column":22},"end":{"line":108,"column":27}},"loc":{"start":{"line":109,"column":10},"end":{"line":117,"column":null}},"line":109}},"branchMap":{"0":{"loc":{"start":{"line":33,"column":19},"end":{"line":33,"column":50}},"type":"cond-expr","locations":[{"start":{"line":33,"column":41},"end":{"line":33,"column":48}},{"start":{"line":33,"column":48},"end":{"line":33,"column":50}}],"line":33},"1":{"loc":{"start":{"line":35,"column":6},"end":{"line":36,"column":null}},"type":"if","locations":[{"start":{"line":35,"column":6},"end":{"line":36,"column":null}},{"start":{},"end":{}}],"line":35},"2":{"loc":{"start":{"line":35,"column":10},"end":{"line":35,"column":39}},"type":"binary-expr","locations":[{"start":{"line":35,"column":10},"end":{"line":35,"column":29}},{"start":{"line":35,"column":29},"end":{"line":35,"column":39}}],"line":35},"3":{"loc":{"start":{"line":42,"column":4},"end":{"line":44,"column":null}},"type":"if","locations":[{"start":{"line":42,"column":4},"end":{"line":44,"column":null}},{"start":{},"end":{}}],"line":42},"4":{"loc":{"start":{"line":63,"column":4},"end":{"line":63,"column":null}},"type":"if","locations":[{"start":{"line":63,"column":4},"end":{"line":63,"column":null}},{"start":{},"end":{}}],"line":63},"5":{"loc":{"start":{"line":72,"column":13},"end":{"line":75,"column":null}},"type":"cond-expr","locations":[{"start":{"line":73,"column":14},"end":{"line":75,"column":20}},{"start":{"line":75,"column":14},"end":{"line":75,"column":null}}],"line":72},"6":{"loc":{"start":{"line":75,"column":14},"end":{"line":75,"column":null}},"type":"binary-expr","locations":[{"start":{"line":75,"column":14},"end":{"line":75,"column":51}},{"start":{"line":75,"column":55},"end":{"line":75,"column":null}}],"line":75},"7":{"loc":{"start":{"line":80,"column":28},"end":{"line":80,"column":54}},"type":"binary-expr","locations":[{"start":{"line":80,"column":28},"end":{"line":80,"column":44}},{"start":{"line":80,"column":44},"end":{"line":80,"column":54}}],"line":80},"8":{"loc":{"start":{"line":90,"column":17},"end":{"line":90,"column":null}},"type":"binary-expr","locations":[{"start":{"line":90,"column":17},"end":{"line":90,"column":28}},{"start":{"line":90,"column":28},"end":{"line":90,"column":null}}],"line":90},"9":{"loc":{"start":{"line":91,"column":38},"end":{"line":91,"column":69}},"type":"binary-expr","locations":[{"start":{"line":91,"column":38},"end":{"line":91,"column":60}},{"start":{"line":91,"column":64},"end":{"line":91,"column":69}}],"line":91},"10":{"loc":{"start":{"line":112,"column":35},"end":{"line":112,"column":null}},"type":"cond-expr","locations":[{"start":{"line":112,"column":69},"end":{"line":112,"column":80}},{"start":{"line":112,"column":80},"end":{"line":112,"column":null}}],"line":112}},"s":{"0":3,"1":47,"2":47,"3":47,"4":47,"5":47,"6":47,"7":17,"8":14,"9":14,"10":14,"11":12,"12":47,"13":24,"14":18,"15":18,"16":6,"17":1,"18":1,"19":6,"20":10,"21":6,"22":8,"23":8,"24":6,"25":47,"26":1,"27":1,"28":1,"29":47,"30":329,"31":235,"32":94,"33":47,"34":2,"35":26,"36":241},"f":{"0":47,"1":17,"2":14,"3":3,"4":24,"5":1,"6":1,"7":6,"8":10,"9":8,"10":8,"11":1,"12":329,"13":2,"14":26,"15":241},"b":{"0":[13,1],"1":[12,2],"2":[14,12],"3":[18,6],"4":[235,94],"5":[4,43],"6":[43,3],"7":[47,3],"8":[47,37],"9":[2,1],"10":[47,194]},"meta":{"lastBranch":11,"lastFunction":16,"lastStatement":37,"seen":{"s:14:22:22:Infinity":0,"f:24:16:24:24":0,"s:25:8:25:32":1,"s:26:20:26:56":2,"s:27:18:27:61":3,"s:28:17:28:76":4,"s:29:29:29:86":5,"s:31:2:39:Infinity":6,"f:31:2:31:18":1,"s:32:4:38:Infinity":7,"f:32:26:32:32":2,"s:33:19:33:50":8,"b:33:41:33:48:33:48:33:50":0,"s:34:6:34:Infinity":9,"b:35:6:36:Infinity:undefined:undefined:undefined:undefined":1,"s:35:6:36:Infinity":10,"b:35:10:35:29:35:29:35:39":2,"s:36:8:36:Infinity":11,"f:38:7:38:19":3,"s:41:2:54:Infinity":12,"f:41:2:41:18":4,"b:42:4:44:Infinity:undefined:undefined:undefined:undefined":3,"s:42:4:44:Infinity":13,"s:43:6:43:Infinity":14,"s:44:6:44:Infinity":15,"s:46:4:53:Infinity":16,"f:47:39:47:61":5,"s:47:61:47:63":17,"f:48:29:48:45":6,"s:48:45:48:47":18,"f:49:7:49:13":7,"s:50:23:50:99":19,"f:50:42:50:47":8,"s:50:83:50:97":20,"s:51:20:51:108":21,"f:51:38:51:43":9,"s:51:58:51:74":22,"f:51:76:51:84":10,"s:51:103:51:107":23,"s:52:6:52:Infinity":24,"s:56:8:59:Infinity":25,"f:56:8:56:29":11,"s:57:4:57:Infinity":26,"s:58:4:58:Infinity":27,"s:59:4:59:Infinity":28,"s:62:23:65:Infinity":29,"f:62:37:62:45":12,"b:63:4:63:Infinity:undefined:undefined:undefined:undefined":4,"s:63:4:63:Infinity":30,"s:63:22:63:Infinity":31,"s:64:4:64:Infinity":32,"s:67:2:125:Infinity":33,"b:73:14:75:20:75:14:75:Infinity":5,"b:75:14:75:51:75:55:75:Infinity":6,"b:80:28:80:44:80:44:80:54":7,"b:90:17:90:28:90:28:90:Infinity":8,"f:91:10:91:21":13,"s:91:27:91:69":34,"b:91:38:91:60:91:64:91:69":9,"f:101:18:101:23":14,"s:102:12:102:Infinity":35,"f:108:22:108:27":15,"s:109:10:117:Infinity":36,"b:112:69:112:80:112:80:112:Infinity":10}}}
,"/app/src/components/ToggleSwitch/ToggleSwitch.tsx": {"path":"/app/src/components/ToggleSwitch/ToggleSwitch.tsx","statementMap":{"0":{"start":{"line":11,"column":2},"end":{"line":20,"column":null}},"1":{"start":{"line":17,"column":25},"end":{"line":17,"column":51}}},"fnMap":{"0":{"name":"ToggleSwitch","decl":{"start":{"line":10,"column":16},"end":{"line":10,"column":29}},"loc":{"start":{"line":10,"column":88},"end":{"line":20,"column":null}},"line":10},"1":{"name":"(anonymous_1)","decl":{"start":{"line":17,"column":8},"end":{"line":17,"column":19}},"loc":{"start":{"line":17,"column":25},"end":{"line":17,"column":51}},"line":17}},"branchMap":{"0":{"loc":{"start":{"line":12,"column":39},"end":{"line":12,"column":null}},"type":"cond-expr","locations":[{"start":{"line":12,"column":50},"end":{"line":12,"column":70}},{"start":{"line":12,"column":70},"end":{"line":12,"column":null}}],"line":12},"1":{"loc":{"start":{"line":13,"column":7},"end":{"line":13,"column":null}},"type":"binary-expr","locations":[{"start":{"line":13,"column":7},"end":{"line":13,"column":16}},{"start":{"line":13,"column":16},"end":{"line":13,"column":null}}],"line":13}},"s":{"0":36,"1":4},"f":{"0":36,"1":4},"b":{"0":[4,32],"1":[36,1]},"meta":{"lastBranch":2,"lastFunction":2,"lastStatement":2,"seen":{"f:10:16:10:29":0,"s:11:2:20:Infinity":0,"b:12:50:12:70:12:70:12:Infinity":0,"b:13:7:13:16:13:16:13:Infinity":1,"f:17:8:17:19":1,"s:17:25:17:51":1}}}
[...]
":80,"s:173:15:174:Infinity":81,"b:174:60:174:71:174:71:174:Infinity":27,"s:176:2:176:Infinity":82,"f:179:15:179:29":12,"s:180:15:181:Infinity":83,"s:183:2:183:Infinity":84,"f:186:15:186:31":13,"s:187:15:188:Infinity":85,"s:190:2:190:Infinity":86,"f:193:15:193:28":14,"b:194:2:194:Infinity:undefined:undefined:undefined:undefined":28,"s:194:2:194:Infinity":87,"s:194:18:194:Infinity":88,"s:195:2:197:Infinity":89,"f:200:15:200:25":15,"s:201:40:201:Infinity":90,"b:202:2:202:Infinity:undefined:undefined:undefined:undefined":29,"s:202:2:202:Infinity":91,"s:202:17:202:Infinity":92,"s:204:19:208:4":93,"b:209:2:209:Infinity:undefined:undefined:undefined:undefined":30,"s:209:2:209:Infinity":94,"s:209:20:209:Infinity":95,"f:212:15:212:30":16,"s:213:2:215:Infinity":96,"f:218:15:218:30":17,"s:219:2:221:Infinity":97,"f:224:15:224:28":18,"s:225:19:229:4":98,"b:231:2:233:Infinity:undefined:undefined:undefined:undefined":31,"s:231:2:233:Infinity":99,"s:232:16:232:94":100,"f:232:38:232:51":19,"s:232:51:232:92":101,"s:233:4:233:Infinity":102,"b:233:20:233:34:233:34:233:64":32,"s:236:2:236:Infinity":103,"f:239:9:239:23":20,"b:240:2:240:Infinity:undefined:undefined:undefined:undefined":33,"s:240:2:240:Infinity":104,"s:240:15:240:Infinity":105,"b:240:49:240:54:240:54:240:Infinity":34,"f:243:9:243:21":21,"s:244:2:244:Infinity":106,"b:244:17:244:47:244:47:244:91":35,"f:247:9:247:25":22,"s:248:16:248:83":107,"b:249:2:249:Infinity:undefined:undefined:undefined:undefined":36,"s:249:2:249:Infinity":108,"s:249:14:249:Infinity":109,"s:251:2:251:Infinity":110,"s:252:2:252:Infinity":111,"f:255:9:255:28":23,"s:256:18:256:82":112,"s:257:16:257:79":113,"b:259:2:262:Infinity:undefined:undefined:undefined:undefined":37,"s:259:2:262:Infinity":114,"s:260:4:260:Infinity":115,"s:261:4:261:Infinity":116,"s:262:4:262:Infinity":117,"b:265:2:267:Infinity:undefined:undefined:undefined:undefined":38,"s:265:2:267:Infinity":118,"b:265:6:265:17:265:17:265:45":39,"s:266:4:266:Infinity":119,"s:267:4:267:Infinity":120,"b:270:2:273:Infinity:undefined:undefined:undefined:undefined":40,"s:270:2:273:Infinity":121,"b:270:6:270:15:270:15:270:43":41,"s:271:21:271:88":122,"s:272:4:272:Infinity":123,"s:273:4:273:Infinity":124,"f:277:9:277:25":24,"s:278:16:278:78":125,"b:279:2:279:Infinity:undefined:undefined:undefined:undefined":42,"s:279:2:279:Infinity":126,"s:279:14:279:Infinity":127,"s:281:2:281:Infinity":128,"b:281:42:281:57:281:57:281:Infinity":43,"s:282:2:282:Infinity":129,"b:282:42:282:54:282:54:282:Infinity":44,"f:285:9:285:25":25,"s:286:2:286:Infinity":130,"s:287:2:287:Infinity":131,"s:288:2:288:Infinity":132,"s:290:15:290:76":133,"s:291:16:291:78":134,"s:292:15:292:76":135,"s:293:23:293:85":136,"b:295:2:295:Infinity:undefined:undefined:undefined:undefined":45,"s:295:2:295:Infinity":137,"s:295:12:295:Infinity":138,"b:296:2:296:Infinity:undefined:undefined:undefined:undefined":46,"s:296:2:296:Infinity":139,"s:296:13:296:Infinity":140,"b:297:2:297:Infinity:undefined:undefined:undefined:undefined":47,"s:297:2:297:Infinity":141,"s:297:12:297:Infinity":142,"b:297:31:297:54:297:54:297:Infinity":48,"b:298:2:298:Infinity:undefined:undefined:undefined:undefined":49,"s:298:2:298:Infinity":143,"b:298:6:298:22:298:22:298:41":50,"s:298:41:298:Infinity":144,"s:300:2:300:Infinity":145,"f:303:9:303:33":26,"s:304:15:304:73":146,"s:305:19:305:77":147,"s:306:16:306:75":148,"b:308:2:308:Infinity:undefined:undefined:undefined:undefined":51,"s:308:2:308:Infinity":149,"b:308:6:308:15:308:15:308:26":52,"s:308:26:308:Infinity":150,"b:310:2:312:Infinity:undefined:undefined:undefined:undefined":53,"s:310:2:312:Infinity":151,"s:311:4:311:Infinity":152,"s:312:4:312:Infinity":153,"b:315:2:315:Infinity:undefined:undefined:undefined:undefined":54,"s:315:2:315:Infinity":154,"s:315:13:315:Infinity":155,"s:317:17:317:37":156,"s:319:25:319:49":157,"s:320:2:320:Infinity":158,"s:322:2:363:Infinity":159,"f:322:12:322:21":27,"s:323:17:323:47":160,"s:324:4:324:Infinity":161,"s:326:4:326:Infinity":162,"s:328:19:328:76":163,"b:329:4:359:Infinity:undefined:undefined:undefined:undefined":55,"s:329:4:359:Infinity":164,"s:330:6:359:Infinity":165,"f:330:39:330:46":28,"s:331:8:331:Infinity":166,"s:332:8:332:Infinity":167,"b:334:8:334:Infinity:undefined:undefined:undefined:undefined":56,"s:334:8:334:Infinity":168,"s:334:21:334:Infinity":169,"s:335:20:335:34":170,"b:336:8:338:Infinity:undefined:undefined:undefined:undefined":57,"s:336:8:338:Infinity":171,"s:337:10:337:Infinity":172,"s:338:10:338:Infinity":173,"s:341:8:357:Infinity":174,"s:342:10:342:Infinity":175,"s:343:10:343:Infinity":176,"s:344:10:344:Infinity":177,"s:345:10:345:Infinity":178,"s:346:10:346:Infinity":179,"s:347:10:350:Infinity":180,"f:347:10:347:27":29,"s:348:12:348:Infinity":181,"s:349:12:349:Infinity":182,"s:352:10:352:Infinity":183,"s:353:10:353:Infinity":184,"s:354:10:357:Infinity":185,"f:354:10:354:27":30,"s:355:12:355:Infinity":186,"s:356:12:356:Infinity":187,"s:362:4:362:Infinity":188,"f:366:15:366:33":31,"s:367:17:367:37":189,"s:374:2:381:Infinity":190,"s:375:18:375:52":191,"s:376:22:376:61":192,"s:377:4:377:Infinity":193,"s:380:4:380:Infinity":194,"s:381:4:381:Infinity":195,"f:385:15:385:33":32,"s:386:17:386:37":196,"b:387:2:389:Infinity:undefined:undefined:undefined:undefined":58,"s:387:2:389:Infinity":197,"s:388:4:388:Infinity":198,"s:389:4:389:Infinity":199,"s:392:2:398:Infinity":200,"s:393:18:393:40":201,"s:394:22:394:61":202,"s:395:4:395:Infinity":203,"s:397:4:397:Infinity":204,"s:398:4:398:Infinity":205,"f:402:15:402:37":33,"s:403:17:403:37":206,"b:404:2:406:Infinity:undefined:undefined:undefined:undefined":59,"s:404:2:406:Infinity":207,"s:405:4:405:Infinity":208,"s:406:4:406:Infinity":209,"s:409:2:454:Infinity":210,"s:410:22:410:80":211,"s:411:20:411:Infinity":212,"b:413:4:415:Infinity:undefined:undefined:undefined:undefined":60,"s:413:4:415:Infinity":213,"s:414:6:414:Infinity":214,"s:415:6:415:Infinity":215,"s:418:17:418:Infinity":216,"b:418:17:418:75:418:80:418:Infinity":61,"s:419:4:419:Infinity":217,"s:421:18:421:77":218,"b:422:4:422:Infinity:undefined:undefined:undefined:undefined":62,"s:422:4:422:Infinity":219,"s:422:15:422:Infinity":220,"s:424:19:424:76":221,"b:426:4:450:Infinity:undefined:undefined:undefined:undefined":63,"s:426:4:450:Infinity":222,"s:427:6:450:Infinity":223,"f:427:39:427:46":34,"s:428:8:428:Infinity":224,"s:430:20:430:34":225,"b:431:8:433:Infinity:undefined:undefined:undefined:undefined":64,"s:431:8:433:Infinity":226,"s:432:10:432:Infinity":227,"s:433:10:433:Infinity":228,"s:436:8:448:Infinity":229,"s:437:10:437:Infinity":230,"s:438:10:438:Infinity":231,"s:439:10:439:Infinity":232,"s:440:10:440:Infinity":233,"s:441:10:441:Infinity":234,"s:442:10:445:Infinity":235,"f:442:10:442:27":35,"s:443:12:443:Infinity":236,"s:444:12:444:Infinity":237,"s:447:10:447:Infinity":238,"s:448:10:448:Infinity":239,"s:453:4:453:Infinity":240,"s:454:4:454:Infinity":241,"f:458:15:458:Infinity":36,"b:463:2:463:Infinity:undefined:undefined:undefined:undefined":65,"s:463:2:463:Infinity":242,"s:463:18:463:Infinity":243,"b:464:2:464:Infinity:undefined:undefined:undefined:undefined":66,"s:464:2:464:Infinity":244,"s:464:13:464:Infinity":245,"s:466:20:466:64":246,"s:467:2:467:Infinity":247,"b:467:9:467:47:467:51:467:Infinity":67,"f:467:19:467:25":37,"s:467:31:467:47":248,"f:470:9:470:25":38,"s:471:19:471:82":249,"s:472:19:472:82":250,"s:473:18:473:80":251,"s:474:17:474:Infinity":252,"s:476:8:477:Infinity":253,"f:476:8:476:26":39,"b:477:4:477:Infinity:undefined:undefined:undefined:undefined":68,"s:477:4:477:Infinity":254,"s:477:18:477:Infinity":255,"s:480:2:483:Infinity":256,"f:480:29:480:44":40,"s:481:4:481:Infinity":257,"s:482:4:482:Infinity":258,"s:485:2:488:Infinity":259,"f:485:28:485:43":41,"s:486:4:486:Infinity":260,"s:487:4:487:Infinity":261,"s:490:2:490:Infinity":262,"f:490:2:490:15":42,"s:490:15:490:Infinity":263,"f:493:9:493:Infinity":43,"s:499:17:499:79":264,"b:500:2:500:Infinity:undefined:undefined:undefined:undefined":69,"s:500:2:500:Infinity":265,"s:500:15:500:Infinity":266,"s:502:2:525:Infinity":267,"f:502:35:502:42":44,"s:503:4:503:Infinity":268,"s:505:16:505:30":269,"b:506:4:508:Infinity:undefined:undefined:undefined:undefined":70,"s:506:4:508:Infinity":270,"s:507:6:507:Infinity":271,"s:508:6:508:Infinity":272,"s:511:4:523:Infinity":273,"s:512:6:512:Infinity":274,"s:513:6:513:Infinity":275,"s:514:6:514:Infinity":276,"s:515:6:515:Infinity":277,"s:516:6:516:Infinity":278,"s:517:6:520:Infinity":279,"f:517:6:517:23":45,"s:518:8:518:Infinity":280,"s:519:8:519:Infinity":281,"s:522:6:522:Infinity":282,"s:523:6:523:Infinity":283,"f:528:15:528:35":46,"s:529:17:529:37":284,"b:530:2:530:Infinity:undefined:undefined:undefined:undefined":71,"s:530:2:530:Infinity":285,"s:530:15:530:Infinity":286,"s:532:17:532:60":287,"s:533:15:533:37":288,"s:534:26:534:Infinity":289,"s:535:21:535:Infinity":290,"b:535:38:535:60:535:63:535:Infinity":72,"b:537:2:537:Infinity:undefined:undefined:undefined:undefined":73,"s:537:2:537:Infinity":291,"b:537:6:537:21:537:21:537:28":74,"s:537:28:537:Infinity":292,"s:539:16:539:75":293,"s:541:2:555:Infinity":294,"s:542:20:542:75":295,"b:543:4:545:Infinity:undefined:undefined:undefined:undefined":75,"s:543:4:545:Infinity":296,"s:544:6:544:Infinity":297,"s:545:6:545:Infinity":298,"s:548:4:548:Infinity":299,"s:549:4:549:Infinity":300,"s:551:24:551:59":301,"s:552:4:552:Infinity":302,"s:554:4:554:Infinity":303,"s:555:4:555:Infinity":304,"f:559:15:559:30":47,"s:560:17:560:37":305,"b:561:2:563:Infinity:undefined:undefined:undefined:undefined":76,"s:561:2:563:Infinity":306,"s:562:4:562:Infinity":307,"s:563:4:563:Infinity":308,"s:566:2:603:Infinity":309,"s:567:23:567:52":310,"s:569:17:569:75":311,"s:570:21:570:79":312,"s:571:18:571:77":313,"b:573:4:573:Infinity:undefined:undefined:undefined:undefined":77,"s:573:4:573:Infinity":314,"b:573:8:573:17:573:17:573:28":78,"s:573:28:573:Infinity":315,"b:575:4:577:Infinity:undefined:undefined:undefined:undefined":79,"s:575:4:577:Infinity":316,"s:576:6:576:Infinity":317,"s:577:6:577:Infinity":318,"b:580:4:580:Infinity:undefined:undefined:undefined:undefined":80,"s:580:4:580:Infinity":319,"s:580:15:580:Infinity":320,"s:582:27:582:51":321,"s:583:4:583:Infinity":322,"s:585:19:585:49":323,"s:586:20:586:84":324,"s:587:4:587:Infinity":325,"b:588:4:588:Infinity:undefined:undefined:undefined:undefined":81,"s:588:4:588:Infinity":326,"s:588:17:588:Infinity":327,"s:589:4:589:Infinity":328,"f:589:28:589:43":48,"s:589:43:589:76":329,"s:590:4:590:Infinity":330,"s:592:4:600:Infinity":331,"f:592:15:592:24":49,"s:593:18:593:48":332,"s:594:19:594:80":333,"s:595:6:595:Infinity":334,"b:596:6:596:Infinity:undefined:undefined:undefined:undefined":82,"s:596:6:596:Infinity":335,"s:596:16:596:Infinity":336,"s:598:6:598:Infinity":337,"f:598:27:598:42":50,"s:598:42:598:77":338,"s:599:6:599:Infinity":339,"s:602:4:602:Infinity":340,"s:603:4:603:Infinity":341,"f:607:9:607:26":51,"s:608:27:609:Infinity":342,"s:612:2:623:Infinity":343,"f:612:19:612:28":52,"s:613:18:613:75":344,"s:615:4:622:Infinity":345,"f:615:10:615:19":53,"b:616:6:618:Infinity:undefined:undefined:undefined:undefined":83,"s:616:6:618:Infinity":346,"s:617:8:617:Infinity":347,"s:618:8:618:Infinity":348,"b:621:6:621:Infinity:undefined:undefined:undefined:undefined":84,"s:621:6:621:Infinity":349,"s:621:41:621:Infinity":350,"f:626:9:626:28":54,"b:627:2:627:Infinity:undefined:undefined:undefined:undefined":85,"s:627:2:627:Infinity":351,"b:627:6:627:15:627:15:627:33":86,"s:627:33:627:Infinity":352,"s:629:19:629:72":353,"b:630:2:630:Infinity:undefined:undefined:undefined:undefined":87,"s:630:2:630:Infinity":354,"s:630:16:630:Infinity":355,"f:633:9:633:25":55,"s:634:23:634:90":356,"s:635:18:635:82":357,"s:637:2:637:Infinity":358,"b:638:2:640:Infinity:undefined:undefined:undefined:undefined":88,"s:638:2:640:Infinity":359,"s:639:20:639:Infinity":360,"b:640:4:640:Infinity:undefined:undefined:undefined:undefined":89,"s:640:4:640:Infinity":361,"s:640:17:640:Infinity":362,"f:644:9:644:28":56,"s:645:16:645:81":363,"s:646:15:646:74":364,"s:647:16:647:76":365,"s:648:19:648:75":366,"s:649:19:649:79":367,"b:651:2:653:Infinity:undefined:undefined:undefined:undefined":90,"s:651:2:653:Infinity":368,"s:652:4:652:Infinity":369,"s:653:4:653:Infinity":370,"b:655:2:655:Infinity:undefined:undefined:undefined:undefined":91,"s:655:2:655:Infinity":371,"s:655:12:655:Infinity":372,"b:656:2:656:Infinity:undefined:undefined:undefined:undefined":92,"s:656:2:656:Infinity":373,"s:656:13:656:Infinity":374,"b:657:2:657:Infinity:undefined:undefined:undefined:undefined":93,"s:657:2:657:Infinity":375,"s:657:16:657:Infinity":376,"b:658:2:658:Infinity:undefined:undefined:undefined:undefined":94,"s:658:2:658:Infinity":377,"s:658:16:658:Infinity":378,"f:661:9:661:25":57,"s:662:18:662:82":379,"b:663:2:663:Infinity:undefined:undefined:undefined:undefined":95,"s:663:2:663:Infinity":380,"s:663:16:663:Infinity":381,"s:665:16:665:81":382,"f:665:22:665:30":58,"s:665:41:665:79":383,"s:666:2:666:Infinity":384,"f:669:9:669:27":59,"b:670:2:670:Infinity:undefined:undefined:undefined:undefined":96,"s:670:2:670:Infinity":385,"s:670:25:670:Infinity":386,"s:672:15:672:44":387,"s:673:2:673:Infinity":388,"s:675:13:675:Infinity":389,"b:676:2:676:Infinity:undefined:undefined:undefined:undefined":97,"s:676:2:676:Infinity":390,"s:676:11:676:Infinity":391,"s:678:2:678:Infinity":392,"s:679:2:679:Infinity":393,"s:680:2:680:Infinity":394,"s:681:2:681:Infinity":395,"f:684:9:684:Infinity":60,"s:692:2:707:Infinity":396,"f:692:36:692:48":61,"s:693:19:693:32":397,"b:694:4:694:Infinity:undefined:undefined:undefined:undefined":98,"s:694:4:694:Infinity":398,"s:694:34:694:Infinity":399,"s:696:4:705:Infinity":400,"s:697:6:697:Infinity":401,"s:698:6:698:Infinity":402,"s:699:23:699:73":403,"b:700:6:701:Infinity:undefined:undefined:undefined:undefined":99,"s:700:6:701:Infinity":404,"s:701:8:701:Infinity":405,"s:703:6:703:Infinity":406,"s:705:6:705:Infinity":407,"f:710:9:710:Infinity":62,"s:719:2:730:Infinity":408,"f:719:39:719:51":63,"s:720:4:728:Infinity":409,"s:721:6:721:Infinity":410,"s:722:6:722:Infinity":411,"s:724:24:724:67":412,"b:725:6:726:Infinity:726:11:726:Infinity":100,"s:725:6:726:Infinity":413,"s:725:34:725:Infinity":414,"s:726:11:726:Infinity":415,"s:728:6:728:Infinity":416,"f:733:9:733:Infinity":64,"s:741:19:741:75":417,"s:742:18:742:73":418,"s:743:20:743:78":419,"s:745:2:745:Infinity":420,"f:745:65:745:77":65,"s:745:77:745:107":421,"s:746:2:746:Infinity":422,"f:746:64:746:76":66,"s:746:76:746:94":423,"s:747:2:747:Infinity":424,"f:750:9:750:Infinity":67,"s:757:2:757:Infinity":425,"s:759:2:765:Infinity":426,"f:759:8:759:17":68,"s:760:15:760:38":427,"b:761:4:761:Infinity:undefined:undefined:undefined:undefined":101,"s:761:4:761:Infinity":428,"s:761:13:761:Infinity":429,"s:763:4:763:Infinity":430,"s:764:4:764:Infinity":431,"f:768:9:768:25":69,"s:769:22:769:81":432,"b:770:2:770:Infinity:undefined:undefined:undefined:undefined":102,"s:770:2:770:Infinity":433,"s:770:19:770:Infinity":434,"s:772:19:772:51":435,"s:773:2:773:Infinity":436,"s:774:2:774:Infinity":437,"s:775:2:786:Infinity":438,"b:779:28:779:40:779:40:779:Infinity":103,"s:787:2:797:Infinity":439,"f:787:28:787:43":70,"s:788:16:788:30":440,"b:789:4:791:Infinity:undefined:undefined:undefined:undefined":104,"s:789:4:791:Infinity":441,"s:790:6:790:Infinity":442,"s:791:6:791:Infinity":443,"s:794:21:794:84":444,"b:795:4:796:Infinity:796:9:796:Infinity":105,"s:795:4:796:Infinity":445,"s:795:18:795:Infinity":446,"s:796:9:796:Infinity":447,"s:799:23:799:Infinity":448,"b:799:23:799:90:799:94:799:Infinity":106,"s:800:2:800:Infinity":449,"f:803:15:803:27":71,"s:804:17:804:37":450,"s:805:20:805:34":451,"b:807:2:809:Infinity:undefined:undefined:undefined:undefined":107,"s:807:2:809:Infinity":452,"s:808:4:808:Infinity":453,"s:809:4:809:Infinity":454,"s:812:15:812:73":455,"s:813:2:813:Infinity":456,"s:815:2:833:Infinity":457,"s:816:20:816:57":458,"b:818:4:820:Infinity:undefined:undefined:undefined:undefined":108,"s:818:4:820:Infinity":459,"s:819:6:819:Infinity":460,"s:820:6:820:Infinity":461,"b:823:4:823:Infinity:undefined:undefined:undefined:undefined":109,"s:823:4:823:Infinity":462,"b:823:8:823:17:823:17:823:36":110,"s:823:36:823:Infinity":463,"s:825:4:825:Infinity":464,"s:826:4:826:Infinity":465,"s:827:4:827:Infinity":466,"s:828:4:828:Infinity":467,"s:829:4:829:Infinity":468,"s:832:4:832:Infinity":469,"s:833:4:833:Infinity":470,"f:837:9:837:26":72,"s:838:2:846:Infinity":471,"f:839:5:839:11":73,"s:840:22:840:86":472,"b:841:6:843:Infinity:undefined:undefined:undefined:undefined":111,"s:841:6:843:Infinity":473,"s:842:22:842:95":474,"f:842:36:842:44":74,"s:842:55:842:93":475,"s:843:8:843:Infinity":476,"f:846:5:846:17":75,"f:849:16:849:41":76,"s:850:21:850:83":477,"s:851:2:853:Infinity":478,"f:851:13:851:22":77,"s:852:4:852:Infinity":479,"f:856:9:856:27":78,"b:857:2:857:Infinity:undefined:undefined:undefined:undefined":112,"s:857:2:857:Infinity":480,"s:857:16:857:Infinity":481,"s:859:2:859:Infinity":482,"s:860:2:860:Infinity":483,"f:863:9:863:26":79,"s:864:13:865:Infinity":484,"s:867:2:867:Infinity":485,"b:867:9:867:26:867:30:867:Infinity":113,"f:870:9:870:27":80,"s:871:2:882:Infinity":486,"f:885:9:885:26":81,"b:886:2:886:Infinity:undefined:undefined:undefined:undefined":114,"s:886:2:886:Infinity":487,"s:886:18:886:Infinity":488,"s:888:2:888:Infinity":489,"b:888:36:888:54:888:54:888:Infinity":115,"s:889:3:889:Infinity":490,"f:892:9:892:29":82,"b:893:2:893:Infinity:undefined:undefined:undefined:undefined":116,"s:893:2:893:Infinity":491,"s:893:26:893:Infinity":492,"s:895:2:912:Infinity":493,"f:895:29:895:48":83,"s:896:4:911:Infinity":494,"f:896:19:896:25":84,"s:897:12:901:Infinity":495,"f:897:12:897:24":85,"s:898:19:899:Infinity":496,"b:901:8:901:Infinity:undefined:undefined:undefined:undefined":117,"s:901:8:901:Infinity":497,"b:901:12:901:18:901:18:901:25":118,"s:901:25:901:Infinity":498,"s:904:6:904:Infinity":499,"s:905:6:905:Infinity":500,"s:906:6:906:Infinity":501,"s:907:6:907:Infinity":502,"s:908:6:908:Infinity":503,"s:909:6:909:Infinity":504,"s:910:6:910:Infinity":505,"f:911:7:911:19":86,"f:915:15:915:Infinity":87,"s:923:2:923:Infinity":506,"s:925:17:925:37":507,"s:926:20:926:34":508,"b:928:2:930:Infinity:undefined:undefined:undefined:undefined":119,"s:928:2:930:Infinity":509,"s:929:4:929:Infinity":510,"s:930:4:930:Infinity":511,"b:933:2:936:Infinity:undefined:undefined:undefined:undefined":120,"s:933:2:936:Infinity":512,"s:934:4:934:Infinity":513,"s:935:4:935:Infinity":514,"s:936:4:936:Infinity":515,"s:939:20:939:76":516,"s:941:2:953:Infinity":517,"s:942:4:942:Infinity":518,"s:943:4:943:Infinity":519,"s:945:19:945:81":520,"s:947:4:947:Infinity":521,"s:948:4:948:Infinity":522,"b:949:4:949:Infinity:undefined:undefined:undefined:undefined":121,"s:949:4:949:Infinity":523,"s:949:19:949:Infinity":524,"b:949:43:949:61:949:61:949:Infinity":122,"s:951:4:951:Infinity":525,"s:952:4:952:Infinity":526,"b:952:56:952:72:952:72:952:102":123,"s:953:4:953:Infinity":527,"f:957:9:957:22":88,"s:958:15:958:86":528,"s:959:20:959:90":529,"s:960:18:960:86":530,"s:961:20:961:90":531,"b:963:2:963:Infinity:undefined:undefined:undefined:undefined":124,"s:963:2:963:Infinity":532,"s:963:13:963:Infinity":533,"s:965:2:965:Infinity":534,"s:966:2:968:Infinity":535,"f:966:24:966:35":89,"s:967:4:967:Infinity":536,"f:971:16:971:41":90,"s:972:24:972:82":537,"s:973:2:975:Infinity":538,"f:973:16:973:25":91,"s:974:4:974:Infinity":539,"s:977:25:977:83":540,"s:978:2:980:Infinity":541,"f:978:17:978:26":92,"s:979:4:979:Infinity":542,"s:982:25:982:86":543,"s:983:2:985:Infinity":544,"f:983:17:983:26":93,"s:984:4:984:Infinity":545,"s:987:23:987:82":546,"s:988:2:990:Infinity":547,"f:988:15:988:24":94,"s:989:4:989:Infinity":548,"s:992:27:992:82":549,"s:993:2:995:Infinity":550,"f:993:19:993:28":95,"s:994:4:994:Infinity":551,"s:997:21:997:70":552,"s:998:2:1000:Infinity":553,"f:998:13:998:22":96,"s:999:4:999:Infinity":554,"s:1002:25:1002:78":555,"s:1003:2:1005:Infinity":556,"f:1003:17:1003:26":97,"s:1004:4:1004:Infinity":557}}}
}
