TN:
SF:src/App.tsx
FN:30,App
FN:35,(anonymous_1)
FN:39,(anonymous_2)
FN:40,(anonymous_3)
FN:44,(anonymous_4)
FN:46,(anonymous_5)
FN:162,AuthenticatedLayout
FN:166,(anonymous_7)
FN:170,(anonymous_8)
FN:174,(anonymous_9)
FN:193,AuthLayout
FN:196,(anonymous_11)
FN:206,(anonymous_12)
FN:207,(anonymous_13)
FN:218,(anonymous_14)
FNF:15
FNH:0
FNDA:0,App
FNDA:0,(anonymous_1)
FNDA:0,(anonymous_2)
FNDA:0,(anonymous_3)
FNDA:0,(anonymous_4)
FNDA:0,(anonymous_5)
FNDA:0,AuthenticatedLayout
FNDA:0,(anonymous_7)
FNDA:0,(anonymous_8)
FNDA:0,(anonymous_9)
FNDA:0,AuthLayout
FNDA:0,(anonymous_11)
FNDA:0,(anonymous_12)
FNDA:0,(anonymous_13)
FNDA:0,(anonymous_14)
DA:31,0
DA:32,0
DA:33,0
DA:35,0
DA:36,0
DA:37,0
DA:39,0
DA:41,0
DA:42,0
DA:44,0
DA:46,0
DA:50,0
DA:51,0
DA:54,0
DA:163,0
DA:164,0
DA:166,0
DA:167,0
DA:171,0
DA:172,0
DA:174,0
DA:177,0
DA:178,0
DA:181,0
DA:194,0
DA:196,0
DA:197,0
DA:200,0
DA:206,0
DA:207,0
DA:218,0
LF:31
LH:0
BRDA:36,0,0,0
BRDA:36,0,1,0
BRDA:50,1,0,0
BRDA:50,1,1,0
BRDA:60,2,0,0
BRDA:60,2,1,0
BRDA:177,3,0,0
BRDA:177,3,1,0
BRDA:204,4,0,0
BRDA:204,4,1,0
BRDA:213,5,0,0
BRDA:213,5,1,0
BRF:12
BRH:0
end_of_record
TN:
SF:src/main.tsx
FNF:0
FNH:0
DA:7,0
DA:15,0
LF:2
LH:0
BRF:0
BRH:0
end_of_record
TN:
SF:src/components/AuthForm/AuthForm.tsx
FN:24,AuthForm
FN:35,(anonymous_1)
FN:51,(anonymous_2)
FN:58,(anonymous_3)
FNF:4
FNH:0
FNDA:0,AuthForm
FNDA:0,(anonymous_1)
FNDA:0,(anonymous_2)
FNDA:0,(anonymous_3)
DA:35,0
DA:37,0
DA:43,0
DA:52,0
DA:58,0
LF:5
LH:0
BRDA:48,0,0,0
BRDA:48,0,1,0
BRDA:48,1,0,0
BRDA:48,1,1,0
BRDA:49,2,0,0
BRDA:49,2,1,0
BRDA:49,2,2,0
BRDA:57,3,0,0
BRDA:57,3,1,0
BRDA:68,4,0,0
BRDA:68,4,1,0
BRF:11
BRH:0
end_of_record
TN:
SF:src/components/CardPlantilla/CardPlantilla.tsx
FN:12,CardPlantilla
FN:15,(anonymous_1)
FN:19,(anonymous_2)
FN:23,(anonymous_3)
FNF:4
FNH:0
FNDA:0,CardPlantilla
FNDA:0,(anonymous_1)
FNDA:0,(anonymous_2)
FNDA:0,(anonymous_3)
DA:13,0
DA:15,0
DA:16,0
DA:19,0
DA:20,0
DA:23,0
DA:24,0
DA:25,0
DA:29,0
LF:9
LH:0
BRDA:12,0,0,0
BRDA:24,1,0,0
BRDA:24,1,1,0
BRDA:31,2,0,0
BRDA:31,2,1,0
BRDA:39,3,0,0
BRDA:39,3,1,0
BRDA:42,4,0,0
BRDA:42,4,1,0
BRDA:44,5,0,0
BRDA:44,5,1,0
BRDA:45,6,0,0
BRDA:45,6,1,0
BRDA:49,7,0,0
BRDA:49,7,1,0
BRF:15
BRH:0
end_of_record
TN:
SF:src/components/CardSitio/CardSitio.tsx
FN:15,CardSitio
FN:18,(anonymous_1)
FN:22,(anonymous_2)
FN:28,(anonymous_3)
FN:33,(anonymous_4)
FN:53,(anonymous_5)
FNF:6
FNH:0
FNDA:0,CardSitio
FNDA:0,(anonymous_1)
FNDA:0,(anonymous_2)
FNDA:0,(anonymous_3)
FNDA:0,(anonymous_4)
FNDA:0,(anonymous_5)
DA:6,0
DA:16,0
DA:18,0
DA:19,0
DA:22,0
DA:23,0
DA:24,0
DA:28,0
DA:29,0
DA:32,0
DA:33,0
DA:35,0
DA:54,0
LF:13
LH:0
BRDA:23,0,0,0
BRDA:23,0,1,0
BRDA:32,1,0,0
BRDA:32,1,1,0
BRDA:33,2,0,0
BRDA:33,2,1,0
BRDA:37,3,0,0
BRDA:37,3,1,0
BRDA:45,4,0,0
BRDA:45,4,1,0
BRDA:46,5,0,0
BRDA:46,5,1,0
BRDA:49,6,0,0
BRDA:49,6,1,0
BRF:14
BRH:0
end_of_record
TN:
SF:src/components/GrapesJS/index.ts
FN:16,(anonymous_0)
FN:143,(anonymous_1)
FN:147,(anonymous_2)
FN:155,(anonymous_3)
FN:160,(anonymous_4)
FN:167,(anonymous_5)
FN:175,(anonymous_6)
FN:184,(anonymous_7)
FN:189,(anonymous_8)
FN:199,(anonymous_9)
FN:202,(anonymous_10)
FN:205,(anonymous_11)
FN:208,(anonymous_12)
FN:215,(anonymous_13)
FN:220,(anonymous_14)
FN:223,(anonymous_15)
FN:229,(anonymous_16)
FN:231,(anonymous_17)
FN:233,(anonymous_18)
FN:237,(anonymous_19)
FN:237,(anonymous_20)
FN:248,(anonymous_21)
FN:258,(anonymous_22)
FN:272,(anonymous_23)
FN:285,(anonymous_24)
FN:299,(anonymous_25)
FN:303,(anonymous_26)
FN:306,(anonymous_27)
FN:313,(anonymous_28)
FN:331,(anonymous_29)
FN:339,(anonymous_30)
FN:373,(anonymous_31)
FN:381,(anonymous_32)
FN:382,(anonymous_33)
FN:407,(anonymous_34)
FN:412,(anonymous_35)
FNF:36
FNH:0
FNDA:0,(anonymous_0)
FNDA:0,(anonymous_1)
FNDA:0,(anonymous_2)
FNDA:0,(anonymous_3)
FNDA:0,(anonymous_4)
FNDA:0,(anonymous_5)
FNDA:0,(anonymous_6)
FNDA:0,(anonymous_7)
FNDA:0,(anonymous_8)
FNDA:0,(anonymous_9)
FNDA:0,(anonymous_10)
FNDA:0,(anonymous_11)
FNDA:0,(anonymous_12)
FNDA:0,(anonymous_13)
FNDA:0,(anonymous_14)
FNDA:0,(anonymous_15)
FNDA:0,(anonymous_16)
FNDA:0,(anonymous_17)
FNDA:0,(anonymous_18)
FNDA:0,(anonymous_19)
FNDA:0,(anonymous_20)
FNDA:0,(anonymous_21)
FNDA:0,(anonymous_22)
FNDA:0,(anonymous_23)
FNDA:0,(anonymous_24)
FNDA:0,(anonymous_25)
FNDA:0,(anonymous_26)
FNDA:0,(anonymous_27)
FNDA:0,(anonymous_28)
FNDA:0,(anonymous_29)
FNDA:0,(anonymous_30)
FNDA:0,(anonymous_31)
FNDA:0,(anonymous_32)
FNDA:0,(anonymous_33)
FNDA:0,(anonymous_34)
FNDA:0,(anonymous_35)
DA:16,0
DA:17,0
DA:18,0
DA:19,0
DA:20,0
DA:22,0
DA:58,0
DA:61,0
DA:62,0
DA:63,0
DA:64,0
DA:67,0
DA:68,0
DA:70,0
DA:71,0
DA:73,0
DA:74,0
DA:77,0
DA:78,0
DA:143,0
DA:144,0
DA:145,0
DA:146,0
DA:147,0
DA:148,0
DA:149,0
DA:150,0
DA:152,0
DA:155,0
DA:156,0
DA:157,0
DA:158,0
DA:159,0
DA:160,0
DA:161,0
DA:162,0
DA:164,0
DA:167,0
DA:168,0
DA:169,0
DA:170,0
DA:171,0
DA:172,0
DA:173,0
DA:175,0
DA:176,0
DA:177,0
DA:178,0
DA:180,0
DA:184,0
DA:185,0
DA:186,0
DA:187,0
DA:188,0
DA:189,0
DA:190,0
DA:195,0
DA:196,0
DA:198,0
DA:199,0
DA:201,0
DA:202,0
DA:204,0
DA:205,0
DA:208,0
DA:209,0
DA:210,0
DA:213,0
DA:215,0
DA:216,0
DA:217,0
DA:220,0
DA:221,0
DA:222,0
DA:223,0
DA:224,0
DA:225,0
DA:229,0
DA:230,0
DA:232,0
DA:233,0
DA:236,0
DA:237,0
DA:239,0
DA:242,0
DA:243,0
DA:244,0
DA:245,0
DA:247,0
DA:249,0
DA:250,0
DA:251,0
DA:252,0
DA:257,0
DA:259,0
DA:260,0
DA:270,0
DA:271,0
DA:272,0
DA:273,0
DA:276,0
DA:279,0
DA:284,0
DA:286,0
DA:287,0
DA:297,0
DA:300,0
DA:301,0
DA:303,0
DA:304,0
DA:305,0
DA:306,0
DA:307,0
DA:308,0
DA:309,0
DA:310,0
DA:312,0
DA:313,0
DA:314,0
DA:315,0
DA:329,0
DA:331,0
DA:332,0
DA:336,0
DA:337,0
DA:339,0
DA:340,0
DA:341,0
DA:343,0
DA:351,0
DA:358,0
DA:373,0
DA:374,0
DA:375,0
DA:377,0
DA:378,0
DA:380,0
DA:381,0
DA:382,0
DA:384,0
DA:386,0
DA:387,0
DA:388,0
DA:389,0
DA:390,0
DA:391,0
DA:392,0
DA:395,0
DA:396,0
DA:398,0
DA:399,0
DA:404,0
DA:407,0
DA:408,0
DA:411,0
DA:412,0
DA:413,0
DA:417,0
LF:158
LH:0
BRDA:68,0,0,0
BRDA:68,0,1,0
BRDA:68,1,0,0
BRDA:68,1,1,0
BRDA:71,2,0,0
BRDA:71,2,1,0
BRDA:77,3,0,0
BRDA:77,3,1,0
BRDA:78,4,0,0
BRDA:78,4,1,0
BRDA:149,5,0,0
BRDA:149,5,1,0
BRDA:158,6,0,0
BRDA:158,6,1,0
BRDA:159,7,0,0
BRDA:159,7,1,0
BRDA:168,8,0,0
BRDA:168,8,1,0
BRDA:171,9,0,0
BRDA:171,9,1,0
BRDA:177,10,0,0
BRDA:177,10,1,0
BRDA:186,11,0,0
BRDA:186,11,1,0
BRDA:188,12,0,0
BRDA:188,12,1,0
BRDA:195,13,0,0
BRDA:195,13,1,0
BRDA:210,14,0,0
BRDA:210,14,1,0
BRDA:217,15,0,0
BRDA:217,15,1,0
BRDA:217,16,0,0
BRDA:217,16,1,0
BRDA:222,17,0,0
BRDA:222,17,1,0
BRDA:225,18,0,0
BRDA:225,18,1,0
BRDA:229,19,0,0
BRDA:236,20,0,0
BRDA:236,20,1,0
BRDA:251,21,0,0
BRDA:251,21,1,0
BRDA:251,22,0,0
BRDA:251,22,1,0
BRDA:286,23,0,0
BRDA:286,23,1,0
BRDA:304,24,0,0
BRDA:304,24,1,0
BRDA:314,25,0,0
BRDA:314,25,1,0
BRDA:331,26,0,0
BRDA:331,26,1,0
BRDA:331,27,0,0
BRDA:331,27,1,0
BRDA:377,28,0,0
BRDA:377,28,1,0
BRDA:378,29,0,0
BRDA:378,29,1,0
BRDA:380,30,0,0
BRDA:380,30,1,0
BRDA:384,31,0,0
BRDA:384,31,1,0
BRDA:384,32,0,0
BRDA:384,32,1,0
BRDA:389,33,0,0
BRDA:389,33,1,0
BRDA:390,34,0,0
BRDA:390,34,1,0
BRDA:395,35,0,0
BRDA:395,35,1,0
BRDA:398,36,0,0
BRDA:398,36,1,0
BRDA:411,37,0,0
BRDA:411,37,1,0
BRDA:413,38,0,0
BRDA:413,38,1,0
BRF:77
BRH:0
end_of_record
TN:
SF:src/components/Login/Login.tsx
FN:10,Login
FN:20,(anonymous_1)
FNF:2
FNH:0
FNDA:0,Login
FNDA:0,(anonymous_1)
DA:11,0
DA:20,0
LF:2
LH:0
BRF:0
BRH:0
end_of_record
TN:
SF:src/components/ModalDialog/ModalDialog.tsx
FN:10,ModalDialog
FNF:1
FNH:0
FNDA:0,ModalDialog
DA:11,0
DA:13,0
LF:2
LH:0
BRDA:11,0,0,0
BRDA:11,0,1,0
BRF:2
BRH:0
end_of_record
TN:
SF:src/components/ProtectedRoute/ProtectedRoute.tsx
FN:10,ProtectedRoute
FNF:1
FNH:0
FNDA:0,ProtectedRoute
DA:15,0
DA:17,0
DA:18,0
DA:21,0
DA:25,0
DA:26,0
DA:29,0
LF:7
LH:0
BRDA:13,0,0,0
BRDA:17,1,0,0
BRDA:17,1,1,0
BRDA:21,2,0,0
BRDA:21,2,1,0
BRDA:25,3,0,0
BRDA:25,3,1,0
BRDA:26,4,0,0
BRDA:26,4,1,0
BRF:9
BRH:0
end_of_record
TN:
SF:src/components/Register/Register.tsx
FN:11,Register
FN:23,(anonymous_1)
FNF:2
FNH:0
FNDA:0,Register
FNDA:0,(anonymous_1)
DA:12,0
DA:23,0
LF:2
LH:0
BRF:0
BRH:0
end_of_record
TN:
SF:src/components/Sidebar/Sidebar.tsx
FN:85,Sidebar
FN:95,(anonymous_1)
FN:98,(anonymous_2)
FN:101,(anonymous_3)
FN:105,(anonymous_4)
FN:110,(anonymous_5)
FN:113,(anonymous_6)
FN:119,(anonymous_7)
FN:122,(anonymous_8)
FN:128,(anonymous_9)
FN:135,(anonymous_10)
FN:139,(anonymous_11)
FN:143,(anonymous_12)
FN:145,(anonymous_13)
FN:150,(anonymous_14)
FN:151,(anonymous_15)
FN:158,(anonymous_16)
FN:166,(anonymous_17)
FN:212,(anonymous_18)
FN:222,(anonymous_19)
FN:232,(anonymous_20)
FNF:21
FNH:21
FNDA:61,Sidebar
FNDA:17,(anonymous_1)
FNDA:16,(anonymous_2)
FNDA:1,(anonymous_3)
FNDA:17,(anonymous_4)
FNDA:17,(anonymous_5)
FNDA:16,(anonymous_6)
FNDA:14,(anonymous_7)
FNDA:1,(anonymous_8)
FNDA:33,(anonymous_9)
FNDA:1,(anonymous_10)
FNDA:1,(anonymous_11)
FNDA:15,(anonymous_12)
FNDA:28,(anonymous_13)
FNDA:26,(anonymous_14)
FNDA:26,(anonymous_15)
FNDA:1,(anonymous_16)
FNDA:488,(anonymous_17)
FNDA:2,(anonymous_18)
FNDA:48,(anonymous_19)
FNDA:163,(anonymous_20)
DA:26,1
DA:86,61
DA:87,61
DA:89,61
DA:90,61
DA:91,61
DA:92,61
DA:93,61
DA:95,61
DA:96,17
DA:99,16
DA:102,1
DA:103,1
DA:106,17
DA:110,61
DA:111,17
DA:114,16
DA:116,16
DA:118,16
DA:119,14
DA:123,1
DA:124,1
DA:128,61
DA:129,33
DA:130,18
DA:131,18
DA:134,15
DA:136,1
DA:137,1
DA:140,1
DA:141,1
DA:144,15
DA:145,28
DA:148,15
DA:150,26
DA:151,26
DA:154,15
DA:158,61
DA:159,1
DA:160,1
DA:161,1
DA:164,61
DA:166,61
DA:167,488
DA:169,488
DA:170,287
DA:174,201
DA:175,151
DA:180,50
DA:181,10
DA:184,40
DA:187,61
DA:212,2
DA:223,48
DA:233,163
LF:55
LH:55
BRDA:99,0,0,16
BRDA:99,0,1,0
BRDA:114,1,0,15
BRDA:114,1,1,1
BRDA:118,2,0,14
BRDA:118,2,1,2
BRDA:119,3,0,14
BRDA:119,3,1,14
BRDA:129,4,0,18
BRDA:129,4,1,15
BRDA:167,5,0,488
BRDA:167,5,1,488
BRDA:169,6,0,287
BRDA:169,6,1,201
BRDA:174,7,0,151
BRDA:174,7,1,50
BRDA:180,8,0,10
BRDA:180,8,1,40
BRDA:192,9,0,6
BRDA:192,9,1,55
BRDA:195,10,0,55
BRDA:195,10,1,3
BRDA:201,11,0,61
BRDA:201,11,1,3
BRDA:211,12,0,61
BRDA:211,12,1,39
BRDA:212,13,0,2
BRDA:212,13,1,1
BRDA:231,14,0,61
BRDA:231,14,1,27
BRDA:236,15,0,26
BRDA:236,15,1,137
BRF:32
BRH:31
end_of_record
TN:
SF:src/components/ToggleSwitch/ToggleSwitch.tsx
FN:10,ToggleSwitch
FN:17,(anonymous_1)
FNF:2
FNH:0
FNDA:0,ToggleSwitch
FNDA:0,(anonymous_1)
DA:11,0
DA:17,0
LF:2
LH:0
BRDA:12,0,0,0
BRDA:12,0,1,0
BRDA:13,1,0,0
BRDA:13,1,1,0
BRF:4
BRH:0
end_of_record
TN:
SF:src/config/index.ts
FN:13,(anonymous_0)
FNF:1
FNH:1
FNDA:2,(anonymous_0)
DA:2,2
DA:4,2
DA:8,2
DA:13,2
LF:4
LH:4
BRDA:2,0,0,2
BRDA:2,0,1,0
BRDA:4,1,0,0
BRDA:4,1,1,2
BRF:4
BRH:2
end_of_record
TN:
SF:src/context/PermisosContext.tsx
FN:18,PermisosProvider
FN:23,(anonymous_1)
FN:26,(anonymous_2)
FN:30,(anonymous_3)
FN:35,(anonymous_4)
FN:40,(anonymous_5)
FN:45,(anonymous_6)
FN:49,(anonymous_7)
FN:51,(anonymous_8)
FN:64,usePermisos
FNF:10
FNH:0
FNDA:0,PermisosProvider
FNDA:0,(anonymous_1)
FNDA:0,(anonymous_2)
FNDA:0,(anonymous_3)
FNDA:0,(anonymous_4)
FNDA:0,(anonymous_5)
FNDA:0,(anonymous_6)
FNDA:0,(anonymous_7)
FNDA:0,(anonymous_8)
FNDA:0,usePermisos
DA:12,0
DA:19,0
DA:20,0
DA:21,0
DA:23,0
DA:24,0
DA:27,0
DA:28,0
DA:31,0
DA:32,0
DA:33,0
DA:36,0
DA:40,0
DA:41,0
DA:46,0
DA:47,0
DA:50,0
DA:51,0
DA:57,0
DA:65,0
DA:67,0
DA:68,0
DA:71,0
LF:23
LH:0
BRDA:27,0,0,0
BRDA:27,0,1,0
BRDA:28,1,0,0
BRDA:28,1,1,0
BRDA:46,2,0,0
BRDA:46,2,1,0
BRDA:50,3,0,0
BRDA:50,3,1,0
BRDA:67,4,0,0
BRDA:67,4,1,0
BRF:10
BRH:0
end_of_record
TN:
SF:src/hooks/index.ts
FNF:0
FNH:0
LF:0
LH:0
BRF:0
BRH:0
end_of_record
TN:
SF:src/hooks/useEscapeKey.ts
FN:3,useEscapeKey
FN:4,(anonymous_1)
FN:5,(anonymous_2)
FN:11,(anonymous_3)
FNF:4
FNH:0
FNDA:0,useEscapeKey
FNDA:0,(anonymous_1)
FNDA:0,(anonymous_2)
FNDA:0,(anonymous_3)
DA:4,0
DA:5,0
DA:6,0
DA:7,0
DA:10,0
DA:11,0
LF:6
LH:0
BRDA:6,0,0,0
BRDA:6,0,1,0
BRDA:6,1,0,0
BRDA:6,1,1,0
BRF:4
BRH:0
end_of_record
TN:
SF:src/hooks/useForm.ts
FN:19,useForm
FN:29,(anonymous_1)
FN:30,(anonymous_2)
FN:33,(anonymous_3)
FN:39,(anonymous_4)
FNF:5
FNH:0
FNDA:0,useForm
FNDA:0,(anonymous_1)
FNDA:0,(anonymous_2)
FNDA:0,(anonymous_3)
FNDA:0,(anonymous_4)
DA:24,0
DA:25,0
DA:26,0
DA:27,0
DA:29,0
DA:30,0
DA:33,0
DA:34,0
DA:35,0
DA:36,0
DA:39,0
DA:40,0
DA:41,0
DA:42,0
DA:43,0
DA:45,0
DA:46,0
DA:47,0
DA:48,0
DA:50,0
DA:52,0
DA:56,0
LF:22
LH:0
BRDA:50,0,0,0
BRDA:50,0,1,0
BRF:2
BRH:0
end_of_record
TN:
SF:src/pages/Blog/Blog.tsx
FN:48,stripHtml
FN:54,Blog
FN:75,(anonymous_2)
FN:81,(anonymous_3)
FN:82,(anonymous_4)
FN:96,(anonymous_5)
FN:100,(anonymous_6)
FN:108,loadSitios
FN:128,loadPosts
FN:144,openCreateForm
FN:153,openEditForm
FN:172,closeForm
FN:178,handleChange
FN:185,(anonymous_13)
FN:191,handleImageUpload
FN:209,(anonymous_15)
FN:222,buildPayload
FN:238,getPostDescription
FN:245,getSubmitButtonText
FN:252,getFormTitle
FN:257,getPostDateText
FN:265,handleSubmit
FN:318,handleDelete
FN:343,quickChangeStatus
FN:371,getPublicPostUrl
FN:378,renderPostImage
FN:386,renderPostsContent
FN:401,(anonymous_27)
FN:417,(anonymous_28)
FN:420,(anonymous_29)
FN:426,(anonymous_30)
FN:441,(anonymous_31)
FN:485,(anonymous_32)
FN:489,(anonymous_33)
FN:504,(anonymous_34)
FN:513,(anonymous_35)
FNF:36
FNH:0
FNDA:0,stripHtml
FNDA:0,Blog
FNDA:0,(anonymous_2)
FNDA:0,(anonymous_3)
FNDA:0,(anonymous_4)
FNDA:0,(anonymous_5)
FNDA:0,(anonymous_6)
FNDA:0,loadSitios
FNDA:0,loadPosts
FNDA:0,openCreateForm
FNDA:0,openEditForm
FNDA:0,closeForm
FNDA:0,handleChange
FNDA:0,(anonymous_13)
FNDA:0,handleImageUpload
FNDA:0,(anonymous_15)
FNDA:0,buildPayload
FNDA:0,getPostDescription
FNDA:0,getSubmitButtonText
FNDA:0,getFormTitle
FNDA:0,getPostDateText
FNDA:0,handleSubmit
FNDA:0,handleDelete
FNDA:0,quickChangeStatus
FNDA:0,getPublicPostUrl
FNDA:0,renderPostImage
FNDA:0,renderPostsContent
FNDA:0,(anonymous_27)
FNDA:0,(anonymous_28)
FNDA:0,(anonymous_29)
FNDA:0,(anonymous_30)
FNDA:0,(anonymous_31)
FNDA:0,(anonymous_32)
FNDA:0,(anonymous_33)
FNDA:0,(anonymous_34)
FNDA:0,(anonymous_35)
DA:29,0
DA:41,0
DA:49,0
DA:55,0
DA:56,0
DA:58,0
DA:59,0
DA:60,0
DA:61,0
DA:62,0
DA:64,0
DA:65,0
DA:67,0
DA:68,0
DA:70,0
DA:71,0
DA:72,0
DA:75,0
DA:76,0
DA:77,0
DA:78,0
DA:79,0
DA:81,0
DA:82,0
DA:83,0
DA:90,0
DA:92,0
DA:96,0
DA:97,0
DA:100,0
DA:101,0
DA:102,0
DA:104,0
DA:109,0
DA:110,0
DA:112,0
DA:113,0
DA:114,0
DA:116,0
DA:117,0
DA:120,0
DA:124,0
DA:129,0
DA:130,0
DA:132,0
DA:133,0
DA:134,0
DA:136,0
DA:140,0
DA:145,0
DA:146,0
DA:147,0
DA:148,0
DA:154,0
DA:155,0
DA:166,0
DA:167,0
DA:173,0
DA:174,0
DA:175,0
DA:183,0
DA:185,0
DA:199,0
DA:201,0
DA:203,0
DA:204,0
DA:206,0
DA:207,0
DA:209,0
DA:214,0
DA:216,0
DA:218,0
DA:223,0
DA:239,0
DA:240,0
DA:242,0
DA:246,0
DA:247,0
DA:249,0
DA:253,0
DA:254,0
DA:258,0
DA:259,0
DA:262,0
DA:268,0
DA:275,0
DA:276,0
DA:277,0
DA:280,0
DA:281,0
DA:282,0
DA:285,0
DA:286,0
DA:289,0
DA:292,0
DA:293,0
DA:297,0
DA:298,0
DA:300,0
DA:301,0
DA:302,0
DA:304,0
DA:305,0
DA:308,0
DA:309,0
DA:311,0
DA:313,0
DA:322,0
DA:326,0
DA:328,0
DA:332,0
DA:333,0
DA:334,0
DA:335,0
DA:337,0
DA:352,0
DA:356,0
DA:357,0
DA:362,0
DA:363,0
DA:365,0
DA:375,0
DA:379,0
DA:380,0
DA:383,0
DA:387,0
DA:388,0
DA:391,0
DA:392,0
DA:399,0
DA:402,0
DA:417,0
DA:420,0
DA:426,0
DA:441,0
DA:453,0
DA:485,0
DA:490,0
DA:504,0
DA:514,0
LF:140
LH:0
BRDA:75,0,0,0
BRDA:75,0,1,0
BRDA:90,1,0,0
BRDA:90,1,1,0
BRDA:92,2,0,0
BRDA:92,2,1,0
BRDA:101,3,0,0
BRDA:101,3,1,0
BRDA:116,4,0,0
BRDA:116,4,1,0
BRDA:121,5,0,0
BRDA:121,5,1,0
BRDA:137,6,0,0
BRDA:137,6,1,0
BRDA:156,7,0,0
BRDA:156,7,1,0
BRDA:157,8,0,0
BRDA:157,8,1,0
BRDA:158,9,0,0
BRDA:158,9,1,0
BRDA:159,10,0,0
BRDA:159,10,1,0
BRDA:160,11,0,0
BRDA:160,11,1,0
BRDA:161,12,0,0
BRDA:161,12,1,0
BRDA:162,13,0,0
BRDA:162,13,1,0
BRDA:163,14,0,0
BRDA:163,14,1,0
BRDA:164,15,0,0
BRDA:164,15,1,0
BRDA:201,16,0,0
BRDA:201,16,1,0
BRDA:216,17,0,0
BRDA:216,17,1,0
BRDA:226,18,0,0
BRDA:226,18,1,0
BRDA:227,19,0,0
BRDA:227,19,1,0
BRDA:229,20,0,0
BRDA:229,20,1,0
BRDA:232,21,0,0
BRDA:232,21,1,0
BRDA:233,22,0,0
BRDA:233,22,1,0
BRDA:234,23,0,0
BRDA:234,23,1,0
BRDA:239,24,0,0
BRDA:239,24,1,0
BRDA:240,25,0,0
BRDA:240,25,1,0
BRDA:246,26,0,0
BRDA:246,26,1,0
BRDA:247,27,0,0
BRDA:247,27,1,0
BRDA:253,28,0,0
BRDA:253,28,1,0
BRDA:258,29,0,0
BRDA:258,29,1,0
BRDA:275,30,0,0
BRDA:275,30,1,0
BRDA:280,31,0,0
BRDA:280,31,1,0
BRDA:285,32,0,0
BRDA:285,32,1,0
BRDA:285,33,0,0
BRDA:285,33,1,0
BRDA:300,34,0,0
BRDA:300,34,1,0
BRDA:311,35,0,0
BRDA:311,35,1,0
BRDA:326,36,0,0
BRDA:326,36,1,0
BRDA:338,37,0,0
BRDA:338,37,1,0
BRDA:366,38,0,0
BRDA:366,38,1,0
BRDA:379,39,0,0
BRDA:379,39,1,0
BRDA:387,40,0,0
BRDA:387,40,1,0
BRDA:391,41,0,0
BRDA:391,41,1,0
BRDA:419,42,0,0
BRDA:419,42,1,0
BRDA:425,43,0,0
BRDA:425,43,1,0
BRDA:474,44,0,0
BRDA:474,44,1,0
BRDA:475,45,0,0
BRDA:475,45,1,0
BRDA:484,46,0,0
BRDA:484,46,1,0
BRDA:526,47,0,0
BRDA:526,47,1,0
BRDA:532,48,0,0
BRDA:532,48,1,0
BRDA:543,49,0,0
BRDA:543,49,1,0
BRDA:601,50,0,0
BRDA:601,50,1,0
BRDA:603,51,0,0
BRDA:603,51,1,0
BRF:104
BRH:0
end_of_record
TN:
SF:src/pages/Configuraciones/Configuraciones.tsx
FN:7,Configuraciones
FN:23,(anonymous_1)
FN:27,(anonymous_2)
FN:31,(anonymous_3)
FN:44,(anonymous_4)
FN:63,(anonymous_5)
FN:79,(anonymous_6)
FN:92,(anonymous_7)
FN:98,(anonymous_8)
FN:121,(anonymous_9)
FN:128,(anonymous_10)
FN:135,(anonymous_11)
FN:142,(anonymous_12)
FN:185,(anonymous_13)
FN:194,(anonymous_14)
FN:236,(anonymous_15)
FN:246,(anonymous_16)
FNF:17
FNH:0
FNDA:0,Configuraciones
FNDA:0,(anonymous_1)
FNDA:0,(anonymous_2)
FNDA:0,(anonymous_3)
FNDA:0,(anonymous_4)
FNDA:0,(anonymous_5)
FNDA:0,(anonymous_6)
FNDA:0,(anonymous_7)
FNDA:0,(anonymous_8)
FNDA:0,(anonymous_9)
FNDA:0,(anonymous_10)
FNDA:0,(anonymous_11)
FNDA:0,(anonymous_12)
FNDA:0,(anonymous_13)
FNDA:0,(anonymous_14)
FNDA:0,(anonymous_15)
FNDA:0,(anonymous_16)
DA:8,0
DA:9,0
DA:10,0
DA:11,0
DA:12,0
DA:13,0
DA:15,0
DA:23,0
DA:24,0
DA:27,0
DA:28,0
DA:29,0
DA:30,0
DA:31,0
DA:36,0
DA:38,0
DA:40,0
DA:44,0
DA:45,0
DA:46,0
DA:47,0
DA:49,0
DA:50,0
DA:54,0
DA:55,0
DA:57,0
DA:59,0
DA:63,0
DA:64,0
DA:66,0
DA:67,0
DA:68,0
DA:71,0
DA:72,0
DA:74,0
DA:75,0
DA:78,0
DA:79,0
DA:86,0
DA:88,0
DA:92,0
DA:93,0
DA:97,0
DA:98,0
DA:99,0
DA:100,0
DA:101,0
DA:102,0
DA:104,0
DA:107,0
DA:108,0
DA:111,0
DA:121,0
DA:128,0
DA:135,0
DA:142,0
DA:185,0
DA:194,0
DA:236,0
DA:246,0
LF:60
LH:0
BRDA:66,0,0,0
BRDA:66,0,1,0
BRDA:107,1,0,0
BRDA:107,1,1,0
BRDA:120,2,0,0
BRDA:120,2,1,0
BRDA:127,3,0,0
BRDA:127,3,1,0
BRDA:134,4,0,0
BRDA:134,4,1,0
BRDA:141,5,0,0
BRDA:141,5,1,0
BRDA:150,6,0,0
BRDA:150,6,1,0
BRDA:156,7,0,0
BRDA:156,7,1,0
BRDA:159,8,0,0
BRDA:159,8,1,0
BRDA:172,9,0,0
BRDA:172,9,1,0
BRDA:173,10,0,0
BRDA:173,10,1,0
BRDA:202,11,0,0
BRDA:202,11,1,0
BRDA:208,12,0,0
BRDA:208,12,1,0
BRDA:214,13,0,0
BRDA:214,13,1,0
BRDA:221,14,0,0
BRDA:221,14,1,0
BRDA:224,15,0,0
BRDA:224,15,1,0
BRDA:225,16,0,0
BRDA:225,16,1,0
BRDA:251,17,0,0
BRDA:251,17,1,0
BRDA:257,18,0,0
BRDA:257,18,1,0
BRF:38
BRH:0
end_of_record
TN:
SF:src/pages/Inicio/Inicio.tsx
FN:5,Inicio
FNF:1
FNH:0
FNDA:0,Inicio
DA:6,0
LF:1
LH:0
BRF:0
BRH:0
end_of_record
TN:
SF:src/pages/Modulos/Modulos.tsx
FN:8,Modulos
FN:16,(anonymous_1)
FN:18,(anonymous_2)
FN:19,(anonymous_3)
FN:26,(anonymous_4)
FN:36,(anonymous_5)
FN:38,(anonymous_6)
FN:40,(anonymous_7)
FN:43,(anonymous_8)
FN:82,(anonymous_9)
FN:86,(anonymous_10)
FN:109,(anonymous_11)
FN:123,(anonymous_12)
FNF:13
FNH:0
FNDA:0,Modulos
FNDA:0,(anonymous_1)
FNDA:0,(anonymous_2)
FNDA:0,(anonymous_3)
FNDA:0,(anonymous_4)
FNDA:0,(anonymous_5)
FNDA:0,(anonymous_6)
FNDA:0,(anonymous_7)
FNDA:0,(anonymous_8)
FNDA:0,(anonymous_9)
FNDA:0,(anonymous_10)
FNDA:0,(anonymous_11)
FNDA:0,(anonymous_12)
DA:9,0
DA:10,0
DA:11,0
DA:12,0
DA:13,0
DA:14,0
DA:16,0
DA:18,0
DA:19,0
DA:20,0
DA:21,0
DA:25,0
DA:26,0
DA:28,0
DA:30,0
DA:33,0
DA:36,0
DA:37,0
DA:38,0
DA:39,0
DA:40,0
DA:43,0
DA:46,0
DA:47,0
DA:48,0
DA:49,0
DA:50,0
DA:51,0
DA:52,0
DA:53,0
DA:55,0
DA:58,0
DA:59,0
DA:61,0
DA:65,0
DA:66,0
DA:69,0
DA:83,0
DA:86,0
DA:110,0
DA:111,0
DA:123,0
LF:42
LH:0
BRDA:16,0,0,0
BRDA:16,0,1,0
BRDA:37,1,0,0
BRDA:37,1,1,0
BRDA:49,2,0,0
BRDA:49,2,1,0
BRDA:52,3,0,0
BRDA:52,3,1,0
BRDA:65,4,0,0
BRDA:65,4,1,0
BRDA:78,5,0,0
BRDA:78,5,1,0
BRDA:85,6,0,0
BRDA:85,6,1,0
BRDA:98,7,0,0
BRDA:98,7,1,0
BRDA:105,8,0,0
BRDA:105,8,1,0
BRDA:112,9,0,0
BRDA:112,9,1,0
BRDA:115,10,0,0
BRDA:115,10,1,0
BRF:22
BRH:0
end_of_record
TN:
SF:src/pages/NoAutorizado/NoAutorizado.tsx
FN:7,NoAutorizado
FNF:1
FNH:0
FNDA:0,NoAutorizado
DA:8,0
LF:1
LH:0
BRDA:29,0,0,0
BRDA:29,0,1,0
BRF:2
BRH:0
end_of_record
TN:
SF:src/pages/Plantillas/Plantillas.tsx
FN:11,Plantillas
FN:24,(anonymous_1)
FN:28,(anonymous_2)
FN:30,(anonymous_3)
FN:44,(anonymous_4)
FN:61,(anonymous_5)
FN:72,(anonymous_6)
FN:83,(anonymous_7)
FN:101,(anonymous_8)
FN:107,(anonymous_9)
FN:128,(anonymous_10)
FN:140,(anonymous_11)
FN:143,(anonymous_12)
FN:153,(anonymous_13)
FN:164,(anonymous_14)
FN:175,(anonymous_15)
FN:189,(anonymous_16)
FN:201,(anonymous_17)
FN:210,(anonymous_18)
FNF:19
FNH:0
FNDA:0,Plantillas
FNDA:0,(anonymous_1)
FNDA:0,(anonymous_2)
FNDA:0,(anonymous_3)
FNDA:0,(anonymous_4)
FNDA:0,(anonymous_5)
FNDA:0,(anonymous_6)
FNDA:0,(anonymous_7)
FNDA:0,(anonymous_8)
FNDA:0,(anonymous_9)
FNDA:0,(anonymous_10)
FNDA:0,(anonymous_11)
FNDA:0,(anonymous_12)
FNDA:0,(anonymous_13)
FNDA:0,(anonymous_14)
FNDA:0,(anonymous_15)
FNDA:0,(anonymous_16)
FNDA:0,(anonymous_17)
FNDA:0,(anonymous_18)
DA:12,0
DA:13,0
DA:14,0
DA:15,0
DA:16,0
DA:17,0
DA:24,0
DA:25,0
DA:28,0
DA:30,0
DA:31,0
DA:32,0
DA:33,0
DA:36,0
DA:38,0
DA:40,0
DA:44,0
DA:45,0
DA:46,0
DA:47,0
DA:48,0
DA:50,0
DA:52,0
DA:53,0
DA:54,0
DA:55,0
DA:57,0
DA:61,0
DA:62,0
DA:63,0
DA:69,0
DA:72,0
DA:73,0
DA:74,0
DA:75,0
DA:76,0
DA:78,0
DA:83,0
DA:84,0
DA:85,0
DA:86,0
DA:89,0
DA:101,0
DA:107,0
DA:129,0
DA:140,0
DA:143,0
DA:153,0
DA:164,0
DA:175,0
DA:189,0
DA:201,0
DA:210,0
LF:53
LH:0
BRDA:33,0,0,0
BRDA:33,0,1,0
BRDA:47,1,0,0
BRDA:47,1,1,0
BRDA:66,2,0,0
BRDA:66,2,1,0
BRDA:73,3,0,0
BRDA:73,3,1,0
BRDA:100,4,0,0
BRDA:100,4,1,0
BRDA:106,5,0,0
BRDA:106,5,1,0
BRDA:113,6,0,0
BRDA:113,6,1,0
BRDA:115,7,0,0
BRDA:115,7,1,0
BRDA:115,7,2,0
BRDA:117,8,0,0
BRDA:117,8,1,0
BRDA:118,9,0,0
BRDA:118,9,1,0
BRDA:126,10,0,0
BRDA:126,10,1,0
BRDA:126,10,2,0
BRDA:142,11,0,0
BRDA:142,11,1,0
BRDA:183,12,0,0
BRDA:183,12,1,0
BRDA:195,13,0,0
BRDA:195,13,1,0
BRDA:214,14,0,0
BRDA:214,14,1,0
BRF:32
BRH:0
end_of_record
TN:
SF:src/pages/Roles/RolesPage.tsx
FN:11,RolesPage
FN:25,cargarDatos
FN:46,crearUsuario
FN:68,desactivarUsuario
FN:82,activarUsuario
FN:91,(anonymous_5)
FN:116,(anonymous_6)
FN:124,(anonymous_7)
FN:133,(anonymous_8)
FN:142,(anonymous_9)
FN:149,(anonymous_10)
FN:151,(anonymous_11)
FN:182,(anonymous_12)
FN:196,(anonymous_13)
FN:203,(anonymous_14)
FN:220,(anonymous_15)
FN:239,(anonymous_16)
FNF:17
FNH:0
FNDA:0,RolesPage
FNDA:0,cargarDatos
FNDA:0,crearUsuario
FNDA:0,desactivarUsuario
FNDA:0,activarUsuario
FNDA:0,(anonymous_5)
FNDA:0,(anonymous_6)
FNDA:0,(anonymous_7)
FNDA:0,(anonymous_8)
FNDA:0,(anonymous_9)
FNDA:0,(anonymous_10)
FNDA:0,(anonymous_11)
FNDA:0,(anonymous_12)
FNDA:0,(anonymous_13)
FNDA:0,(anonymous_14)
FNDA:0,(anonymous_15)
FNDA:0,(anonymous_16)
DA:12,0
DA:13,0
DA:14,0
DA:15,0
DA:17,0
DA:26,0
DA:27,0
DA:29,0
DA:35,0
DA:36,0
DA:37,0
DA:39,0
DA:40,0
DA:42,0
DA:47,0
DA:49,0
DA:50,0
DA:52,0
DA:60,0
DA:61,0
DA:63,0
DA:64,0
DA:69,0
DA:71,0
DA:73,0
DA:74,0
DA:75,0
DA:77,0
DA:78,0
DA:83,0
DA:84,0
DA:85,0
DA:87,0
DA:88,0
DA:91,0
DA:92,0
DA:95,0
DA:96,0
DA:99,0
DA:116,0
DA:124,0
DA:133,0
DA:142,0
DA:149,0
DA:152,0
DA:183,0
DA:196,0
DA:203,0
DA:221,0
DA:240,0
LF:50
LH:0
BRDA:71,0,0,0
BRDA:71,0,1,0
BRDA:95,1,0,0
BRDA:95,1,1,0
BRDA:190,2,0,0
BRDA:190,2,1,0
BRDA:193,3,0,0
BRDA:193,3,1,0
BRF:8
BRH:0
end_of_record
TN:
SF:src/pages/Sitios/Sitios.tsx
FN:13,Sitios
FN:30,(anonymous_1)
FN:32,(anonymous_2)
FN:33,(anonymous_3)
FN:39,(anonymous_4)
FN:44,(anonymous_5)
FN:44,(anonymous_6)
FN:44,(anonymous_7)
FN:54,(anonymous_8)
FN:64,(anonymous_9)
FN:67,(anonymous_10)
FN:73,(anonymous_11)
FN:78,(anonymous_12)
FN:82,(anonymous_13)
FN:102,(anonymous_14)
FN:113,(anonymous_15)
FN:118,(anonymous_16)
FN:149,(anonymous_17)
FN:162,(anonymous_18)
FN:171,(anonymous_19)
FN:182,(anonymous_20)
FN:194,(anonymous_21)
FN:201,(anonymous_22)
FN:208,(anonymous_23)
FN:220,(anonymous_24)
FN:225,(anonymous_25)
FN:230,(anonymous_26)
FN:241,(anonymous_27)
FNF:28
FNH:0
FNDA:0,Sitios
FNDA:0,(anonymous_1)
FNDA:0,(anonymous_2)
FNDA:0,(anonymous_3)
FNDA:0,(anonymous_4)
FNDA:0,(anonymous_5)
FNDA:0,(anonymous_6)
FNDA:0,(anonymous_7)
FNDA:0,(anonymous_8)
FNDA:0,(anonymous_9)
FNDA:0,(anonymous_10)
FNDA:0,(anonymous_11)
FNDA:0,(anonymous_12)
FNDA:0,(anonymous_13)
FNDA:0,(anonymous_14)
FNDA:0,(anonymous_15)
FNDA:0,(anonymous_16)
FNDA:0,(anonymous_17)
FNDA:0,(anonymous_18)
FNDA:0,(anonymous_19)
FNDA:0,(anonymous_20)
FNDA:0,(anonymous_21)
FNDA:0,(anonymous_22)
FNDA:0,(anonymous_23)
FNDA:0,(anonymous_24)
FNDA:0,(anonymous_25)
FNDA:0,(anonymous_26)
FNDA:0,(anonymous_27)
DA:14,0
DA:15,0
DA:16,0
DA:17,0
DA:18,0
DA:19,0
DA:20,0
DA:21,0
DA:22,0
DA:28,0
DA:30,0
DA:32,0
DA:33,0
DA:34,0
DA:35,0
DA:39,0
DA:40,0
DA:41,0
DA:42,0
DA:43,0
DA:44,0
DA:46,0
DA:48,0
DA:50,0
DA:54,0
DA:55,0
DA:56,0
DA:57,0
DA:58,0
DA:60,0
DA:64,0
DA:65,0
DA:66,0
DA:67,0
DA:69,0
DA:73,0
DA:74,0
DA:75,0
DA:78,0
DA:79,0
DA:82,0
DA:83,0
DA:84,0
DA:92,0
DA:93,0
DA:94,0
DA:95,0
DA:96,0
DA:98,0
DA:102,0
DA:103,0
DA:104,0
DA:105,0
DA:106,0
DA:108,0
DA:113,0
DA:114,0
DA:115,0
DA:116,0
DA:118,0
DA:119,0
DA:121,0
DA:122,0
DA:125,0
DA:127,0
DA:128,0
DA:131,0
DA:150,0
DA:162,0
DA:171,0
DA:182,0
DA:194,0
DA:201,0
DA:208,0
DA:221,0
DA:226,0
DA:230,0
DA:241,0
LF:78
LH:0
BRDA:103,0,0,0
BRDA:103,0,1,0
BRDA:121,1,0,0
BRDA:121,1,1,0
BRDA:127,2,0,0
BRDA:127,2,1,0
BRDA:140,3,0,0
BRDA:140,3,1,0
BRDA:162,4,0,0
BRDA:162,4,1,0
BRDA:193,5,0,0
BRDA:193,5,1,0
BRDA:200,6,0,0
BRDA:200,6,1,0
BRDA:207,7,0,0
BRDA:207,7,1,0
BRDA:215,8,0,0
BRDA:215,8,1,0
BRDA:221,9,0,0
BRDA:221,9,1,0
BRDA:222,10,0,0
BRDA:222,10,1,0
BRDA:229,11,0,0
BRDA:229,11,1,0
BRDA:232,12,0,0
BRDA:232,12,1,0
BRF:26
BRH:0
end_of_record
TN:
SF:src/pages/Tienda/Tienda.tsx
FN:81,slugify
FN:90,formatPrice
FN:94,getFirstImage
FN:104,Tienda
FN:150,(anonymous_4)
FN:155,(anonymous_5)
FN:162,(anonymous_6)
FN:165,(anonymous_7)
FN:168,(anonymous_8)
FN:172,(anonymous_9)
FN:185,loadSitios
FN:204,loadProductos
FN:219,loadCategorias
FN:233,loadPedidos
FN:247,openCreateForm
FN:255,openEditForm
FN:279,closeForm
FN:285,shouldGenerateSlug
FN:289,buildFormUpdate
FN:309,handleCheckboxChange
FN:310,(anonymous_20)
FN:316,handleTextChange
FN:317,(anonymous_22)
FN:320,handleChange
FN:335,buildProductoPayload
FN:359,handleProductoSubmit
FN:406,handleDeleteProducto
FN:426,handleImageUpload
FN:452,(anonymous_28)
FN:463,openCreateCategoria
FN:469,openEditCategoria
FN:480,closeCategoriaModal
FN:486,shouldGenerateCategoriaSlug
FN:490,buildCategoriaFormUpdate
FN:510,handleCategoriaChange
FN:514,(anonymous_35)
FN:517,handleCategoriaSubmit
FN:560,handleDeleteCategoria
FN:577,openPedidoDetail
FN:590,handleCambiarEstadoPedido
FN:610,closePedidoModal
FN:616,getProductoSubmitText
FN:623,getCategoriaSubmitText
FN:630,getPedidoEmptyText
FN:637,getProductoFormTitle
FN:643,getCategoriaFormTitle
FN:649,renderProductoImage
FN:659,renderProductosContent
FN:674,(anonymous_48)
FN:703,(anonymous_49)
FN:706,(anonymous_50)
FN:718,renderCategoriasContent
FN:733,(anonymous_52)
FN:747,(anonymous_53)
FN:750,(anonymous_54)
FN:761,renderPedidosContent
FN:789,(anonymous_56)
FN:803,(anonymous_57)
FN:812,renderDireccionEnvio
FN:839,renderPedidoNotas
FN:854,renderTelefonoCliente
FN:865,renderPedidoItems
FN:882,(anonymous_62)
FN:898,renderEstadoButtons
FN:899,(anonymous_64)
FN:905,(anonymous_65)
FN:924,renderPedidoModal
FN:931,(anonymous_67)
FN:1010,renderCategoriaModal
FN:1110,(anonymous_69)
FN:1114,(anonymous_70)
FN:1126,(anonymous_71)
FN:1132,(anonymous_72)
FN:1138,(anonymous_73)
FN:1172,(anonymous_74)
FN:1321,(anonymous_75)
FN:1426,(anonymous_76)
FN:1429,(anonymous_77)
FNF:78
FNH:0
FNDA:0,slugify
FNDA:0,formatPrice
FNDA:0,getFirstImage
FNDA:0,Tienda
FNDA:0,(anonymous_4)
FNDA:0,(anonymous_5)
FNDA:0,(anonymous_6)
FNDA:0,(anonymous_7)
FNDA:0,(anonymous_8)
FNDA:0,(anonymous_9)
FNDA:0,loadSitios
FNDA:0,loadProductos
FNDA:0,loadCategorias
FNDA:0,loadPedidos
FNDA:0,openCreateForm
FNDA:0,openEditForm
FNDA:0,closeForm
FNDA:0,shouldGenerateSlug
FNDA:0,buildFormUpdate
FNDA:0,handleCheckboxChange
FNDA:0,(anonymous_20)
FNDA:0,handleTextChange
FNDA:0,(anonymous_22)
FNDA:0,handleChange
FNDA:0,buildProductoPayload
FNDA:0,handleProductoSubmit
FNDA:0,handleDeleteProducto
FNDA:0,handleImageUpload
FNDA:0,(anonymous_28)
FNDA:0,openCreateCategoria
FNDA:0,openEditCategoria
FNDA:0,closeCategoriaModal
FNDA:0,shouldGenerateCategoriaSlug
FNDA:0,buildCategoriaFormUpdate
FNDA:0,handleCategoriaChange
FNDA:0,(anonymous_35)
FNDA:0,handleCategoriaSubmit
FNDA:0,handleDeleteCategoria
FNDA:0,openPedidoDetail
FNDA:0,handleCambiarEstadoPedido
FNDA:0,closePedidoModal
FNDA:0,getProductoSubmitText
FNDA:0,getCategoriaSubmitText
FNDA:0,getPedidoEmptyText
FNDA:0,getProductoFormTitle
FNDA:0,getCategoriaFormTitle
FNDA:0,renderProductoImage
FNDA:0,renderProductosContent
FNDA:0,(anonymous_48)
FNDA:0,(anonymous_49)
FNDA:0,(anonymous_50)
FNDA:0,renderCategoriasContent
FNDA:0,(anonymous_52)
FNDA:0,(anonymous_53)
FNDA:0,(anonymous_54)
FNDA:0,renderPedidosContent
FNDA:0,(anonymous_56)
FNDA:0,(anonymous_57)
FNDA:0,renderDireccionEnvio
FNDA:0,renderPedidoNotas
FNDA:0,renderTelefonoCliente
FNDA:0,renderPedidoItems
FNDA:0,(anonymous_62)
FNDA:0,renderEstadoButtons
FNDA:0,(anonymous_64)
FNDA:0,(anonymous_65)
FNDA:0,renderPedidoModal
FNDA:0,(anonymous_67)
FNDA:0,renderCategoriaModal
FNDA:0,(anonymous_69)
FNDA:0,(anonymous_70)
FNDA:0,(anonymous_71)
FNDA:0,(anonymous_72)
FNDA:0,(anonymous_73)
FNDA:0,(anonymous_74)
FNDA:0,(anonymous_75)
FNDA:0,(anonymous_76)
FNDA:0,(anonymous_77)
DA:44,0
DA:61,0
DA:68,0
DA:77,0
DA:78,0
DA:79,0
DA:82,0
DA:91,0
DA:95,0
DA:97,0
DA:98,0
DA:101,0
DA:105,0
DA:107,0
DA:108,0
DA:110,0
DA:111,0
DA:112,0
DA:113,0
DA:115,0
DA:116,0
DA:117,0
DA:118,0
DA:119,0
DA:120,0
DA:121,0
DA:123,0
DA:124,0
DA:126,0
DA:127,0
DA:129,0
DA:130,0
DA:131,0
DA:133,0
DA:134,0
DA:135,0
DA:137,0
DA:139,0
DA:140,0
DA:141,0
DA:142,0
DA:143,0
DA:144,0
DA:145,0
DA:146,0
DA:147,0
DA:148,0
DA:150,0
DA:151,0
DA:153,0
DA:155,0
DA:157,0
DA:162,0
DA:163,0
DA:165,0
DA:168,0
DA:169,0
DA:172,0
DA:173,0
DA:174,0
DA:175,0
DA:176,0
DA:177,0
DA:180,0
DA:181,0
DA:182,0
DA:186,0
DA:187,0
DA:189,0
DA:190,0
DA:191,0
DA:193,0
DA:194,0
DA:200,0
DA:205,0
DA:206,0
DA:208,0
DA:209,0
DA:210,0
DA:215,0
DA:220,0
DA:222,0
DA:223,0
DA:224,0
DA:229,0
DA:234,0
DA:236,0
DA:237,0
DA:238,0
DA:243,0
DA:248,0
DA:249,0
DA:250,0
DA:251,0
DA:252,0
DA:256,0
DA:257,0
DA:274,0
DA:275,0
DA:276,0
DA:280,0
DA:281,0
DA:282,0
DA:286,0
DA:294,0
DA:299,0
DA:300,0
DA:306,0
DA:310,0
DA:317,0
DA:325,0
DA:327,0
DA:328,0
DA:329,0
DA:332,0
DA:336,0
DA:352,0
DA:353,0
DA:356,0
DA:362,0
DA:371,0
DA:372,0
DA:373,0
DA:376,0
DA:377,0
DA:378,0
DA:381,0
DA:382,0
DA:383,0
DA:385,0
DA:386,0
DA:388,0
DA:389,0
DA:390,0
DA:392,0
DA:393,0
DA:396,0
DA:397,0
DA:402,0
DA:410,0
DA:411,0
DA:413,0
DA:414,0
DA:416,0
DA:417,0
DA:418,0
DA:419,0
DA:434,0
DA:435,0
DA:437,0
DA:438,0
DA:440,0
DA:441,0
DA:442,0
DA:443,0
DA:447,0
DA:451,0
DA:452,0
DA:453,0
DA:459,0
DA:464,0
DA:465,0
DA:466,0
DA:470,0
DA:471,0
DA:477,0
DA:481,0
DA:482,0
DA:483,0
DA:487,0
DA:495,0
DA:500,0
DA:501,0
DA:507,0
DA:513,0
DA:514,0
DA:520,0
DA:525,0
DA:526,0
DA:527,0
DA:530,0
DA:531,0
DA:532,0
DA:534,0
DA:535,0
DA:542,0
DA:543,0
DA:544,0
DA:546,0
DA:547,0
DA:550,0
DA:551,0
DA:556,0
DA:564,0
DA:565,0
DA:567,0
DA:568,0
DA:569,0
DA:570,0
DA:581,0
DA:582,0
DA:583,0
DA:584,0
DA:586,0
DA:594,0
DA:595,0
DA:598,0
DA:611,0
DA:617,0
DA:618,0
DA:620,0
DA:624,0
DA:625,0
DA:627,0
DA:634,0
DA:638,0
DA:640,0
DA:644,0
DA:646,0
DA:650,0
DA:652,0
DA:653,0
DA:656,0
DA:660,0
DA:661,0
DA:664,0
DA:665,0
DA:672,0
DA:675,0
DA:703,0
DA:706,0
DA:719,0
DA:720,0
DA:723,0
DA:724,0
DA:731,0
DA:734,0
DA:747,0
DA:750,0
DA:762,0
DA:763,0
DA:766,0
DA:767,0
DA:774,0
DA:790,0
DA:803,0
DA:813,0
DA:819,0
DA:824,0
DA:840,0
DA:842,0
DA:855,0
DA:857,0
DA:866,0
DA:883,0
DA:899,0
DA:900,0
DA:902,0
DA:905,0
DA:925,0
DA:927,0
DA:931,0
DA:1011,0
DA:1013,0
DA:1091,0
DA:1110,0
DA:1115,0
DA:1126,0
DA:1132,0
DA:1138,0
DA:1172,0
DA:1322,0
DA:1426,0
DA:1430,0
LF:274
LH:0
BRDA:97,0,0,0
BRDA:97,0,1,0
BRDA:97,1,0,0
BRDA:97,1,1,0
BRDA:148,2,0,0
BRDA:148,2,1,0
BRDA:151,3,0,0
BRDA:151,3,1,0
BRDA:157,4,0,0
BRDA:157,4,1,0
BRDA:163,5,0,0
BRDA:163,5,1,0
BRDA:173,6,0,0
BRDA:173,6,1,0
BRDA:193,7,0,0
BRDA:193,7,1,0
BRDA:264,8,0,0
BRDA:264,8,1,0
BRDA:286,9,0,0
BRDA:286,9,1,0
BRDA:299,10,0,0
BRDA:299,10,1,0
BRDA:327,11,0,0
BRDA:327,11,1,0
BRDA:339,12,0,0
BRDA:339,12,1,0
BRDA:340,13,0,0
BRDA:340,13,1,0
BRDA:342,14,0,0
BRDA:342,14,1,0
BRDA:343,15,0,0
BRDA:343,15,1,0
BRDA:349,16,0,0
BRDA:349,16,1,0
BRDA:352,17,0,0
BRDA:352,17,1,0
BRDA:371,18,0,0
BRDA:371,18,1,0
BRDA:376,19,0,0
BRDA:376,19,1,0
BRDA:376,20,0,0
BRDA:376,20,1,0
BRDA:388,21,0,0
BRDA:388,21,1,0
BRDA:411,22,0,0
BRDA:411,22,1,0
BRDA:435,23,0,0
BRDA:435,23,1,0
BRDA:444,24,0,0
BRDA:444,24,1,0
BRDA:451,25,0,0
BRDA:451,25,1,0
BRDA:474,26,0,0
BRDA:474,26,1,0
BRDA:475,27,0,0
BRDA:475,27,1,0
BRDA:487,28,0,0
BRDA:487,28,1,0
BRDA:500,29,0,0
BRDA:500,29,1,0
BRDA:525,30,0,0
BRDA:525,30,1,0
BRDA:538,31,0,0
BRDA:538,31,1,0
BRDA:539,32,0,0
BRDA:539,32,1,0
BRDA:542,33,0,0
BRDA:542,33,1,0
BRDA:565,34,0,0
BRDA:565,34,1,0
BRDA:617,35,0,0
BRDA:617,35,1,0
BRDA:618,36,0,0
BRDA:618,36,1,0
BRDA:624,37,0,0
BRDA:624,37,1,0
BRDA:625,38,0,0
BRDA:625,38,1,0
BRDA:638,39,0,0
BRDA:638,39,1,0
BRDA:644,40,0,0
BRDA:644,40,1,0
BRDA:652,41,0,0
BRDA:652,41,1,0
BRDA:660,42,0,0
BRDA:660,42,1,0
BRDA:664,43,0,0
BRDA:664,43,1,0
BRDA:678,44,0,0
BRDA:678,44,1,0
BRDA:683,45,0,0
BRDA:683,45,1,0
BRDA:719,46,0,0
BRDA:719,46,1,0
BRDA:723,47,0,0
BRDA:723,47,1,0
BRDA:738,48,0,0
BRDA:738,48,1,0
BRDA:762,49,0,0
BRDA:762,49,1,0
BRDA:766,50,0,0
BRDA:766,50,1,0
BRDA:797,51,0,0
BRDA:797,51,1,0
BRDA:814,52,0,0
BRDA:814,52,1,0
BRDA:814,52,2,0
BRDA:819,53,0,0
BRDA:819,53,1,0
BRDA:840,54,0,0
BRDA:840,54,1,0
BRDA:855,55,0,0
BRDA:855,55,1,0
BRDA:886,56,0,0
BRDA:886,56,1,0
BRDA:911,57,0,0
BRDA:911,57,1,0
BRDA:912,58,0,0
BRDA:912,58,1,0
BRDA:925,59,0,0
BRDA:925,59,1,0
BRDA:925,60,0,0
BRDA:925,60,1,0
BRDA:958,61,0,0
BRDA:958,61,1,0
BRDA:965,62,0,0
BRDA:965,62,1,0
BRDA:1011,63,0,0
BRDA:1011,63,1,0
BRDA:1101,64,0,0
BRDA:1101,64,1,0
BRDA:1102,65,0,0
BRDA:1102,65,1,0
BRDA:1109,66,0,0
BRDA:1109,66,1,0
BRDA:1125,67,0,0
BRDA:1125,67,1,0
BRDA:1131,68,0,0
BRDA:1131,68,1,0
BRDA:1137,69,0,0
BRDA:1137,69,1,0
BRDA:1144,70,0,0
BRDA:1144,70,1,0
BRDA:1150,71,0,0
BRDA:1150,71,1,0
BRDA:1150,71,2,0
BRDA:1188,72,0,0
BRDA:1188,72,1,0
BRDA:1337,73,0,0
BRDA:1337,73,1,0
BRDA:1348,74,0,0
BRDA:1348,74,1,0
BRDA:1399,75,0,0
BRDA:1399,75,1,0
BRDA:1399,75,2,0
BRDA:1413,76,0,0
BRDA:1413,76,1,0
BRDA:1413,76,2,0
BRF:158
BRH:0
end_of_record
TN:
SF:src/pages/WebEditor/WebEditor.tsx
FN:11,WebEditor
FN:27,(anonymous_1)
FN:28,(anonymous_2)
FN:35,(anonymous_3)
FN:100,(anonymous_4)
FN:110,(anonymous_5)
FN:138,(anonymous_6)
FN:156,(anonymous_7)
FN:209,(anonymous_8)
FN:229,(anonymous_9)
FN:242,(anonymous_10)
FN:255,(anonymous_11)
FN:268,(anonymous_12)
FN:276,(anonymous_13)
FN:284,(anonymous_14)
FNF:15
FNH:0
FNDA:0,WebEditor
FNDA:0,(anonymous_1)
FNDA:0,(anonymous_2)
FNDA:0,(anonymous_3)
FNDA:0,(anonymous_4)
FNDA:0,(anonymous_5)
FNDA:0,(anonymous_6)
FNDA:0,(anonymous_7)
FNDA:0,(anonymous_8)
FNDA:0,(anonymous_9)
FNDA:0,(anonymous_10)
FNDA:0,(anonymous_11)
FNDA:0,(anonymous_12)
FNDA:0,(anonymous_13)
FNDA:0,(anonymous_14)
DA:12,0
DA:13,0
DA:14,0
DA:16,0
DA:18,0
DA:19,0
DA:20,0
DA:25,0
DA:27,0
DA:28,0
DA:29,0
DA:30,0
DA:35,0
DA:36,0
DA:43,0
DA:53,0
DA:100,0
DA:101,0
DA:102,0
DA:103,0
DA:106,0
DA:108,0
DA:110,0
DA:113,0
DA:114,0
DA:115,0
DA:117,0
DA:123,0
DA:125,0
DA:130,0
DA:131,0
DA:132,0
DA:134,0
DA:138,0
DA:139,0
DA:141,0
DA:154,0
DA:156,0
DA:157,0
DA:158,0
DA:159,0
DA:209,0
DA:210,0
DA:213,0
DA:230,0
DA:231,0
DA:243,0
DA:244,0
DA:256,0
DA:257,0
DA:268,0
DA:276,0
DA:284,0
LF:53
LH:0
BRDA:29,0,0,0
BRDA:29,0,1,0
BRDA:101,1,0,0
BRDA:101,1,1,0
BRDA:114,2,0,0
BRDA:114,2,1,0
BRDA:141,3,0,0
BRDA:141,3,1,0
BRDA:157,4,0,0
BRDA:157,4,1,0
BRDA:210,5,0,0
BRDA:210,5,1,0
BRDA:227,6,0,0
BRDA:227,6,1,0
BRDA:240,7,0,0
BRDA:240,7,1,0
BRDA:253,8,0,0
BRDA:253,8,1,0
BRF:18
BRH:0
end_of_record
TN:
SF:src/services/api.ts
FN:5,fetchApi
FN:27,(anonymous_1)
FNF:2
FNH:2
FNDA:14,fetchApi
FNDA:1,(anonymous_1)
DA:3,2
DA:9,14
DA:11,14
DA:13,14
DA:19,14
DA:24,14
DA:25,4
DA:27,1
DA:30,4
DA:34,4
DA:35,1
DA:36,3
DA:37,0
DA:38,0
DA:39,0
DA:41,3
DA:44,4
DA:47,10
DA:48,1
DA:51,9
LF:20
LH:17
BRDA:7,0,0,14
BRDA:14,1,0,1
BRDA:14,1,1,13
BRDA:15,2,0,1
BRDA:15,2,1,13
BRDA:24,3,0,4
BRDA:24,3,1,10
BRDA:30,4,0,4
BRDA:30,4,1,1
BRDA:30,4,2,1
BRDA:34,5,0,1
BRDA:34,5,1,3
BRDA:36,6,0,0
BRDA:36,6,1,3
BRDA:47,7,0,1
BRDA:47,7,1,9
BRF:16
BRH:15
end_of_record
TN:
SF:src/services/auth.ts
FN:5,(anonymous_0)
FN:11,(anonymous_1)
FN:23,(anonymous_2)
FN:30,(anonymous_3)
FN:33,(anonymous_4)
FN:39,(anonymous_5)
FN:42,(anonymous_6)
FNF:7
FNH:0
FNDA:0,(anonymous_0)
FNDA:0,(anonymous_1)
FNDA:0,(anonymous_2)
FNDA:0,(anonymous_3)
FNDA:0,(anonymous_4)
FNDA:0,(anonymous_5)
FNDA:0,(anonymous_6)
DA:4,0
DA:6,0
DA:12,0
DA:13,0
DA:14,0
DA:15,0
DA:22,0
DA:23,0
DA:24,0
DA:26,0
DA:27,0
DA:28,0
DA:31,0
DA:34,0
DA:40,0
DA:43,0
LF:16
LH:0
BRDA:22,0,0,0
BRDA:22,0,1,0
BRDA:24,1,0,0
BRDA:24,1,1,0
BRF:4
BRH:0
end_of_record
TN:
SF:src/services/blog.ts
FN:13,(anonymous_0)
FN:18,(anonymous_1)
FN:22,(anonymous_2)
FN:29,(anonymous_3)
FN:40,(anonymous_4)
FN:49,(anonymous_5)
FN:59,(anonymous_6)
FN:79,(anonymous_7)
FNF:8
FNH:0
FNDA:0,(anonymous_0)
FNDA:0,(anonymous_1)
FNDA:0,(anonymous_2)
FNDA:0,(anonymous_3)
FNDA:0,(anonymous_4)
FNDA:0,(anonymous_5)
FNDA:0,(anonymous_6)
FNDA:0,(anonymous_7)
DA:12,0
DA:14,0
DA:15,0
DA:19,0
DA:23,0
DA:34,0
DA:41,0
DA:53,0
DA:60,0
DA:61,0
DA:63,0
DA:65,0
DA:76,0
DA:77,0
DA:79,0
DA:81,0
DA:84,0
LF:17
LH:0
BRDA:13,0,0,0
BRDA:14,1,0,0
BRDA:14,1,1,0
BRDA:70,2,0,0
BRDA:70,2,1,0
BRDA:76,3,0,0
BRDA:76,3,1,0
BRDA:81,4,0,0
BRDA:81,4,1,0
BRF:9
BRH:0
end_of_record
TN:
SF:src/services/modulo.ts
FN:5,(anonymous_0)
FN:8,(anonymous_1)
FN:11,(anonymous_2)
FN:17,(anonymous_3)
FN:23,(anonymous_4)
FNF:5
FNH:0
FNDA:0,(anonymous_0)
FNDA:0,(anonymous_1)
FNDA:0,(anonymous_2)
FNDA:0,(anonymous_3)
FNDA:0,(anonymous_4)
DA:4,0
DA:6,0
DA:9,0
DA:12,0
DA:18,0
DA:24,0
LF:6
LH:0
BRF:0
BRH:0
end_of_record
TN:
SF:src/services/plantilla.ts
FN:5,(anonymous_0)
FN:8,(anonymous_1)
FN:11,(anonymous_2)
FN:14,(anonymous_3)
FN:17,(anonymous_4)
FN:23,(anonymous_5)
FN:29,(anonymous_6)
FNF:7
FNH:0
FNDA:0,(anonymous_0)
FNDA:0,(anonymous_1)
FNDA:0,(anonymous_2)
FNDA:0,(anonymous_3)
FNDA:0,(anonymous_4)
FNDA:0,(anonymous_5)
FNDA:0,(anonymous_6)
DA:4,0
DA:6,0
DA:9,0
DA:12,0
DA:15,0
DA:18,0
DA:24,0
DA:30,0
LF:8
LH:0
BRF:0
BRH:0
end_of_record
TN:
SF:src/services/roles.ts
FN:14,(anonymous_0)
FN:18,(anonymous_1)
FN:22,(anonymous_2)
FN:26,(anonymous_3)
FN:33,(anonymous_4)
FN:40,(anonymous_5)
FN:46,(anonymous_6)
FN:50,(anonymous_7)
FN:57,(anonymous_8)
FN:64,(anonymous_9)
FN:70,(anonymous_10)
FNF:11
FNH:0
FNDA:0,(anonymous_0)
FNDA:0,(anonymous_1)
FNDA:0,(anonymous_2)
FNDA:0,(anonymous_3)
FNDA:0,(anonymous_4)
FNDA:0,(anonymous_5)
FNDA:0,(anonymous_6)
FNDA:0,(anonymous_7)
FNDA:0,(anonymous_8)
FNDA:0,(anonymous_9)
FNDA:0,(anonymous_10)
DA:13,0
DA:15,0
DA:19,0
DA:23,0
DA:27,0
DA:34,0
DA:41,0
DA:47,0
DA:51,0
DA:58,0
DA:65,0
DA:71,0
LF:12
LH:0
BRF:0
BRH:0
end_of_record
TN:
SF:src/services/siteAuth.ts
FN:12,(anonymous_0)
FN:19,(anonymous_1)
FN:26,(anonymous_2)
FN:32,(anonymous_3)
FN:36,(anonymous_4)
FN:43,(anonymous_5)
FN:49,(anonymous_6)
FNF:7
FNH:0
FNDA:0,(anonymous_0)
FNDA:0,(anonymous_1)
FNDA:0,(anonymous_2)
FNDA:0,(anonymous_3)
FNDA:0,(anonymous_4)
FNDA:0,(anonymous_5)
FNDA:0,(anonymous_6)
DA:11,0
DA:13,0
DA:20,0
DA:27,0
DA:33,0
DA:37,0
DA:44,0
DA:50,0
LF:8
LH:0
BRF:0
BRH:0
end_of_record
TN:
SF:src/services/sitio.ts
FN:4,normalizarSitios
FN:17,(anonymous_1)
FN:22,(anonymous_2)
FN:26,(anonymous_3)
FN:33,(anonymous_4)
FN:40,(anonymous_5)
FN:46,(anonymous_6)
FN:60,(anonymous_7)
FN:77,(anonymous_8)
FNF:9
FNH:9
FNDA:1,normalizarSitios
FNDA:1,(anonymous_1)
FNDA:1,(anonymous_2)
FNDA:1,(anonymous_3)
FNDA:1,(anonymous_4)
FNDA:1,(anonymous_5)
FNDA:1,(anonymous_6)
FNDA:4,(anonymous_7)
FNDA:1,(anonymous_8)
DA:5,1
DA:6,0
DA:9,1
DA:10,0
DA:13,1
DA:16,1
DA:18,1
DA:19,1
DA:23,1
DA:27,1
DA:34,1
DA:41,1
DA:47,1
DA:49,1
DA:50,0
DA:53,1
DA:54,0
DA:57,1
DA:61,4
DA:62,4
DA:64,4
DA:66,4
DA:74,4
DA:75,3
DA:77,1
DA:79,3
DA:82,1
DA:83,1
LF:28
LH:24
BRDA:5,0,0,0
BRDA:5,0,1,1
BRDA:9,1,0,0
BRDA:9,1,1,1
BRDA:49,2,0,0
BRDA:49,2,1,1
BRDA:53,3,0,0
BRDA:53,3,1,1
BRDA:69,4,0,1
BRDA:69,4,1,3
BRDA:74,5,0,3
BRDA:74,5,1,1
BRDA:79,6,0,3
BRDA:79,6,1,1
BRF:14
BRH:10
end_of_record
TN:
SF:src/services/sitioModulo.ts
FN:4,(anonymous_0)
FN:7,(anonymous_1)
FN:10,(anonymous_2)
FNF:3
FNH:0
FNDA:0,(anonymous_0)
FNDA:0,(anonymous_1)
FNDA:0,(anonymous_2)
DA:3,0
DA:4,0
DA:7,0
DA:10,0
LF:4
LH:0
BRF:0
BRH:0
end_of_record
TN:
SF:src/services/store.ts
FN:22,(anonymous_0)
FN:27,(anonymous_1)
FN:54,(anonymous_2)
FN:63,(anonymous_3)
FN:73,(anonymous_4)
FN:87,(anonymous_5)
FN:95,(anonymous_6)
FN:105,(anonymous_7)
FN:114,(anonymous_8)
FN:124,(anonymous_9)
FN:138,(anonymous_10)
FN:150,(anonymous_11)
FN:169,(anonymous_12)
FN:173,(anonymous_13)
FN:189,(anonymous_14)
FN:197,(anonymous_15)
FN:207,(anonymous_16)
FN:218,(anonymous_17)
FN:230,(anonymous_18)
FNF:19
FNH:0
FNDA:0,(anonymous_0)
FNDA:0,(anonymous_1)
FNDA:0,(anonymous_2)
FNDA:0,(anonymous_3)
FNDA:0,(anonymous_4)
FNDA:0,(anonymous_5)
FNDA:0,(anonymous_6)
FNDA:0,(anonymous_7)
FNDA:0,(anonymous_8)
FNDA:0,(anonymous_9)
FNDA:0,(anonymous_10)
FNDA:0,(anonymous_11)
FNDA:0,(anonymous_12)
FNDA:0,(anonymous_13)
FNDA:0,(anonymous_14)
FNDA:0,(anonymous_15)
FNDA:0,(anonymous_16)
FNDA:0,(anonymous_17)
FNDA:0,(anonymous_18)
DA:22,0
DA:24,0
DA:37,0
DA:38,0
DA:39,0
DA:40,0
DA:41,0
DA:42,0
DA:44,0
DA:45,0
DA:47,0
DA:51,0
DA:58,0
DA:67,0
DA:78,0
DA:88,0
DA:99,0
DA:100,0
DA:109,0
DA:118,0
DA:129,0
DA:142,0
DA:154,0
DA:155,0
DA:156,0
DA:157,0
DA:159,0
DA:160,0
DA:162,0
DA:166,0
DA:170,0
DA:178,0
DA:193,0
DA:194,0
DA:201,0
DA:212,0
DA:222,0
DA:234,0
LF:38
LH:0
BRDA:38,0,0,0
BRDA:38,0,1,0
BRDA:39,1,0,0
BRDA:39,1,1,0
BRDA:40,2,0,0
BRDA:40,2,1,0
BRDA:41,3,0,0
BRDA:41,3,1,0
BRDA:42,4,0,0
BRDA:42,4,1,0
BRDA:47,5,0,0
BRDA:47,5,1,0
BRDA:97,6,0,0
BRDA:99,7,0,0
BRDA:99,7,1,0
BRDA:155,8,0,0
BRDA:155,8,1,0
BRDA:156,9,0,0
BRDA:156,9,1,0
BRDA:157,10,0,0
BRDA:157,10,1,0
BRDA:162,11,0,0
BRDA:162,11,1,0
BRDA:193,12,0,0
BRDA:193,12,1,0
BRF:25
BRH:0
end_of_record
TN:
SF:src/site-widget/api.ts
FN:3,getToken
FN:11,setToken
FN:19,clearToken
FN:27,isAuthenticated
FN:41,apiFetch
FN:58,(anonymous_5)
FNF:6
FNH:0
FNDA:0,getToken
FNDA:0,setToken
FNDA:0,clearToken
FNDA:0,isAuthenticated
FNDA:0,apiFetch
FNDA:0,(anonymous_5)
DA:1,0
DA:4,0
DA:5,0
DA:7,0
DA:12,0
DA:13,0
DA:20,0
DA:21,0
DA:28,0
DA:29,0
DA:30,0
DA:31,0
DA:32,0
DA:33,0
DA:35,0
DA:37,0
DA:45,0
DA:46,0
DA:52,0
DA:57,0
DA:58,0
DA:59,0
DA:62,0
DA:63,0
DA:66,0
LF:25
LH:0
BRDA:29,0,0,0
BRDA:29,0,1,0
BRDA:32,1,0,0
BRDA:32,1,1,0
BRDA:43,2,0,0
BRDA:48,3,0,0
BRDA:48,3,1,0
BRDA:49,4,0,0
BRDA:49,4,1,0
BRDA:57,5,0,0
BRDA:57,5,1,0
BRDA:59,6,0,0
BRDA:59,6,1,0
BRDA:62,7,0,0
BRDA:62,7,1,0
BRF:15
BRH:0
end_of_record
TN:
SF:src/site-widget/auth.ts
FN:5,getSitioId
FN:12,showError
FN:20,hideError
FN:27,handleLogin
FN:28,(anonymous_4)
FN:83,handleRegister
FN:84,(anonymous_6)
FN:140,(anonymous_7)
FN:154,handleLogout
FN:155,(anonymous_9)
FN:166,initAuthBlocks
FN:168,(anonymous_11)
FN:186,(anonymous_12)
FN:197,(anonymous_13)
FNF:14
FNH:0
FNDA:0,getSitioId
FNDA:0,showError
FNDA:0,hideError
FNDA:0,handleLogin
FNDA:0,(anonymous_4)
FNDA:0,handleRegister
FNDA:0,(anonymous_6)
FNDA:0,(anonymous_7)
FNDA:0,handleLogout
FNDA:0,(anonymous_9)
FNDA:0,initAuthBlocks
FNDA:0,(anonymous_11)
FNDA:0,(anonymous_12)
FNDA:0,(anonymous_13)
DA:6,0
DA:7,0
DA:9,0
DA:13,0
DA:14,0
DA:15,0
DA:16,0
DA:21,0
DA:22,0
DA:23,0
DA:28,0
DA:29,0
DA:30,0
DA:32,0
DA:33,0
DA:34,0
DA:35,0
DA:38,0
DA:39,0
DA:40,0
DA:42,0
DA:43,0
DA:44,0
DA:47,0
DA:48,0
DA:49,0
DA:50,0
DA:53,0
DA:54,0
DA:59,0
DA:60,0
DA:62,0
DA:63,0
DA:64,0
DA:67,0
DA:68,0
DA:69,0
DA:70,0
DA:73,0
DA:75,0
DA:76,0
DA:77,0
DA:84,0
DA:85,0
DA:86,0
DA:88,0
DA:89,0
DA:90,0
DA:91,0
DA:94,0
DA:95,0
DA:96,0
DA:97,0
DA:98,0
DA:99,0
DA:101,0
DA:102,0
DA:103,0
DA:106,0
DA:107,0
DA:108,0
DA:109,0
DA:112,0
DA:113,0
DA:118,0
DA:136,0
DA:140,0
DA:141,0
DA:144,0
DA:146,0
DA:147,0
DA:148,0
DA:155,0
DA:156,0
DA:157,0
DA:161,0
DA:162,0
DA:167,0
DA:168,0
DA:169,0
DA:170,0
DA:171,0
DA:172,0
DA:173,0
DA:174,0
DA:175,0
DA:176,0
DA:179,0
DA:180,0
DA:185,0
DA:186,0
DA:187,0
DA:188,0
DA:189,0
DA:193,0
DA:194,0
DA:196,0
DA:197,0
DA:198,0
DA:199,0
DA:200,0
DA:202,0
LF:102
LH:0
BRDA:9,0,0,0
BRDA:9,0,1,0
BRDA:14,1,0,0
BRDA:14,1,1,0
BRDA:22,2,0,0
BRDA:22,2,1,0
BRDA:33,3,0,0
BRDA:33,3,1,0
BRDA:42,4,0,0
BRDA:42,4,1,0
BRDA:42,5,0,0
BRDA:42,5,1,0
BRDA:48,6,0,0
BRDA:48,6,1,0
BRDA:63,7,0,0
BRDA:63,7,1,0
BRDA:68,8,0,0
BRDA:68,8,1,0
BRDA:73,9,0,0
BRDA:73,9,1,0
BRDA:75,10,0,0
BRDA:75,10,1,0
BRDA:89,11,0,0
BRDA:89,11,1,0
BRDA:101,12,0,0
BRDA:101,12,1,0
BRDA:101,13,0,0
BRDA:101,13,1,0
BRDA:101,13,2,0
BRDA:101,13,3,0
BRDA:107,14,0,0
BRDA:107,14,1,0
BRDA:115,15,0,0
BRDA:115,15,1,0
BRDA:144,16,0,0
BRDA:144,16,1,0
BRDA:146,17,0,0
BRDA:146,17,1,0
BRDA:170,18,0,0
BRDA:170,18,1,0
BRDA:171,19,0,0
BRDA:171,19,1,0
BRDA:174,20,0,0
BRDA:174,20,1,0
BRDA:188,21,0,0
BRDA:188,21,1,0
BRDA:198,22,0,0
BRDA:198,22,1,0
BRF:48
BRH:0
end_of_record
TN:
SF:src/site-widget/blog.ts
FN:20,getSiteId
FN:35,getLimit
FN:43,formatDate
FN:57,normalizeImage
FN:67,getPostUrl
FN:72,fetchPosts
FN:84,fetchPostBySlug
FN:96,showEmpty
FN:105,stripHtml
FN:110,fillPostItem
FN:150,renderPostCollection
FN:167,(anonymous_11)
FN:174,(anonymous_12)
FN:183,initPostsBlock
FN:200,initFeaturedPost
FN:220,(anonymous_15)
FN:233,initPostDetail
FN:271,initSearchBlock
FN:277,(anonymous_18)
FN:286,(anonymous_19)
FN:289,(anonymous_20)
FN:300,createBlogModal
FN:392,(anonymous_22)
FN:397,(anonymous_23)
FN:404,(anonymous_24)
FN:414,openBlogModal
FN:446,initBlogBlocks
FN:448,(anonymous_27)
FN:453,(anonymous_28)
FN:458,(anonymous_29)
FN:463,(anonymous_30)
FN:468,(anonymous_31)
FN:473,(anonymous_32)
FNF:33
FNH:0
FNDA:0,getSiteId
FNDA:0,getLimit
FNDA:0,formatDate
FNDA:0,normalizeImage
FNDA:0,getPostUrl
FNDA:0,fetchPosts
FNDA:0,fetchPostBySlug
FNDA:0,showEmpty
FNDA:0,stripHtml
FNDA:0,fillPostItem
FNDA:0,renderPostCollection
FNDA:0,(anonymous_11)
FNDA:0,(anonymous_12)
FNDA:0,initPostsBlock
FNDA:0,initFeaturedPost
FNDA:0,(anonymous_15)
FNDA:0,initPostDetail
FNDA:0,initSearchBlock
FNDA:0,(anonymous_18)
FNDA:0,(anonymous_19)
FNDA:0,(anonymous_20)
FNDA:0,createBlogModal
FNDA:0,(anonymous_22)
FNDA:0,(anonymous_23)
FNDA:0,(anonymous_24)
FNDA:0,openBlogModal
FNDA:0,initBlogBlocks
FNDA:0,(anonymous_27)
FNDA:0,(anonymous_28)
FNDA:0,(anonymous_29)
FNDA:0,(anonymous_30)
FNDA:0,(anonymous_31)
FNDA:0,(anonymous_32)
DA:18,0
DA:21,0
DA:23,0
DA:24,0
DA:25,0
DA:27,0
DA:28,0
DA:31,0
DA:32,0
DA:36,0
DA:37,0
DA:39,0
DA:40,0
DA:44,0
DA:46,0
DA:47,0
DA:53,0
DA:58,0
DA:59,0
DA:62,0
DA:64,0
DA:68,0
DA:69,0
DA:73,0
DA:77,0
DA:78,0
DA:81,0
DA:85,0
DA:89,0
DA:90,0
DA:93,0
DA:97,0
DA:98,0
DA:99,0
DA:101,0
DA:102,0
DA:103,0
DA:106,0
DA:111,0
DA:112,0
DA:113,0
DA:114,0
DA:115,0
DA:116,0
DA:117,0
DA:119,0
DA:120,0
DA:121,0
DA:124,0
DA:126,0
DA:127,0
DA:133,0
DA:134,0
DA:137,0
DA:138,0
DA:141,0
DA:142,0
DA:145,0
DA:146,0
DA:151,0
DA:152,0
DA:153,0
DA:155,0
DA:157,0
DA:158,0
DA:159,0
DA:162,0
DA:164,0
DA:165,0
DA:167,0
DA:168,0
DA:169,0
DA:170,0
DA:172,0
DA:174,0
DA:175,0
DA:176,0
DA:179,0
DA:184,0
DA:185,0
DA:186,0
DA:187,0
DA:190,0
DA:191,0
DA:192,0
DA:193,0
DA:195,0
DA:196,0
DA:201,0
DA:202,0
DA:203,0
DA:204,0
DA:207,0
DA:208,0
DA:209,0
DA:211,0
DA:212,0
DA:213,0
DA:216,0
DA:217,0
DA:219,0
DA:220,0
DA:221,0
DA:222,0
DA:225,0
DA:226,0
DA:228,0
DA:229,0
DA:234,0
DA:235,0
DA:236,0
DA:238,0
DA:239,0
DA:242,0
DA:243,0
DA:244,0
DA:246,0
DA:247,0
DA:250,0
DA:251,0
DA:252,0
DA:254,0
DA:255,0
DA:256,0
DA:257,0
DA:260,0
DA:263,0
DA:264,0
DA:266,0
DA:267,0
DA:272,0
DA:273,0
DA:275,0
DA:277,0
DA:278,0
DA:280,0
DA:282,0
DA:286,0
DA:287,0
DA:289,0
DA:290,0
DA:291,0
DA:293,0
DA:294,0
DA:301,0
DA:303,0
DA:305,0
DA:306,0
DA:307,0
DA:318,0
DA:389,0
DA:391,0
DA:392,0
DA:393,0
DA:394,0
DA:397,0
DA:398,0
DA:399,0
DA:400,0
DA:404,0
DA:405,0
DA:406,0
DA:407,0
DA:411,0
DA:415,0
DA:417,0
DA:418,0
DA:419,0
DA:420,0
DA:421,0
DA:423,0
DA:424,0
DA:425,0
DA:428,0
DA:429,0
DA:431,0
DA:432,0
DA:438,0
DA:439,0
DA:442,0
DA:443,0
DA:447,0
DA:448,0
DA:449,0
DA:452,0
DA:453,0
DA:454,0
DA:457,0
DA:458,0
DA:459,0
DA:462,0
DA:463,0
DA:464,0
DA:467,0
DA:468,0
DA:469,0
DA:472,0
DA:473,0
DA:474,0
LF:199
LH:0
BRDA:23,0,0,0
BRDA:23,0,1,0
BRDA:23,1,0,0
BRDA:23,1,1,0
BRDA:25,2,0,0
BRDA:25,2,1,0
BRDA:28,3,0,0
BRDA:28,3,1,0
BRDA:32,4,0,0
BRDA:32,4,1,0
BRDA:37,5,0,0
BRDA:37,5,1,0
BRDA:40,6,0,0
BRDA:40,6,1,0
BRDA:44,7,0,0
BRDA:44,7,1,0
BRDA:58,8,0,0
BRDA:58,8,1,0
BRDA:62,9,0,0
BRDA:62,9,1,0
BRDA:77,10,0,0
BRDA:77,10,1,0
BRDA:89,11,0,0
BRDA:89,11,1,0
BRDA:101,12,0,0
BRDA:101,12,1,0
BRDA:102,13,0,0
BRDA:102,13,1,0
BRDA:103,14,0,0
BRDA:103,14,1,0
BRDA:119,15,0,0
BRDA:119,15,1,0
BRDA:124,16,0,0
BRDA:124,16,1,0
BRDA:126,17,0,0
BRDA:126,17,1,0
BRDA:128,18,0,0
BRDA:128,18,1,0
BRDA:128,18,2,0
BRDA:133,19,0,0
BRDA:133,19,1,0
BRDA:137,20,0,0
BRDA:137,20,1,0
BRDA:138,21,0,0
BRDA:138,21,1,0
BRDA:141,22,0,0
BRDA:141,22,1,0
BRDA:145,23,0,0
BRDA:145,23,1,0
BRDA:155,24,0,0
BRDA:155,24,1,0
BRDA:155,25,0,0
BRDA:155,25,1,0
BRDA:157,26,0,0
BRDA:157,26,1,0
BRDA:162,27,0,0
BRDA:162,27,1,0
BRDA:185,28,0,0
BRDA:185,28,1,0
BRDA:202,29,0,0
BRDA:202,29,1,0
BRDA:211,30,0,0
BRDA:211,30,1,0
BRDA:216,31,0,0
BRDA:216,31,1,0
BRDA:226,32,0,0
BRDA:226,32,1,0
BRDA:238,33,0,0
BRDA:238,33,1,0
BRDA:238,34,0,0
BRDA:238,34,1,0
BRDA:246,35,0,0
BRDA:246,35,1,0
BRDA:250,36,0,0
BRDA:250,36,1,0
BRDA:251,37,0,0
BRDA:251,37,1,0
BRDA:254,38,0,0
BRDA:254,38,1,0
BRDA:264,39,0,0
BRDA:264,39,1,0
BRDA:275,40,0,0
BRDA:275,40,1,0
BRDA:275,41,0,0
BRDA:275,41,1,0
BRDA:290,42,0,0
BRDA:290,42,1,0
BRDA:291,43,0,0
BRDA:291,43,1,0
BRDA:293,44,0,0
BRDA:293,44,1,0
BRDA:293,44,2,0
BRDA:294,45,0,0
BRDA:294,45,1,0
BRDA:303,46,0,0
BRDA:303,46,1,0
BRDA:398,47,0,0
BRDA:398,47,1,0
BRDA:405,48,0,0
BRDA:405,48,1,0
BRDA:405,49,0,0
BRDA:405,49,1,0
BRDA:423,50,0,0
BRDA:423,50,1,0
BRDA:428,51,0,0
BRDA:428,51,1,0
BRDA:429,52,0,0
BRDA:429,52,1,0
BRDA:429,53,0,0
BRDA:429,53,1,0
BRDA:431,54,0,0
BRDA:431,54,1,0
BRDA:433,55,0,0
BRDA:433,55,1,0
BRDA:433,55,2,0
BRDA:438,56,0,0
BRDA:438,56,1,0
BRDA:439,57,0,0
BRDA:439,57,1,0
BRF:119
BRH:0
end_of_record
TN:
SF:src/site-widget/index.ts
FN:7,(anonymous_0)
FN:8,init
FN:19,(anonymous_2)
FN:34,(anonymous_3)
FNF:4
FNH:0
FNDA:0,(anonymous_0)
FNDA:0,init
FNDA:0,(anonymous_2)
FNDA:0,(anonymous_3)
DA:7,0
DA:9,0
DA:10,0
DA:12,0
DA:13,0
DA:15,0
DA:16,0
DA:18,0
DA:19,0
DA:20,0
DA:21,0
DA:22,0
DA:23,0
DA:24,0
DA:26,0
DA:29,0
DA:33,0
DA:34,0
DA:35,0
DA:36,0
DA:37,0
DA:38,0
DA:46,0
DA:47,0
DA:50,0
DA:51,0
DA:53,0
LF:27
LH:0
BRDA:22,0,0,0
BRDA:22,0,1,0
BRDA:37,1,0,0
BRDA:37,1,1,0
BRDA:50,2,0,0
BRDA:50,2,1,0
BRF:6
BRH:0
end_of_record
TN:
SF:src/site-widget/perfil.ts
FN:15,fetchProfile
FN:19,loadProfile
FNF:2
FNH:0
FNDA:0,fetchProfile
FNDA:0,loadProfile
DA:16,0
DA:20,0
DA:21,0
DA:23,0
DA:24,0
DA:25,0
DA:28,0
DA:29,0
DA:30,0
DA:33,0
DA:34,0
DA:35,0
DA:36,0
DA:39,0
DA:40,0
DA:41,0
DA:43,0
LF:17
LH:0
BRDA:24,0,0,0
BRDA:24,0,1,0
BRDA:29,1,0,0
BRDA:29,1,1,0
BRDA:34,2,0,0
BRDA:34,2,1,0
BRDA:35,3,0,0
BRDA:35,3,1,0
BRDA:40,4,0,0
BRDA:40,4,1,0
BRF:10
BRH:0
end_of_record
TN:
SF:src/site-widget/tienda.ts
FN:46,getSiteId
FN:64,getLimit
FN:74,getUsuarioId
FN:99,formatPrice
FN:103,showToast
FN:128,(anonymous_5)
FN:129,(anonymous_6)
FN:136,normalizeImage
FN:144,getFirstImage
FN:151,showEmpty
FN:173,fetchData
FN:179,fetchProductos
FN:197,fetchProducto
FN:204,fetchCategorias
FN:211,fetchCarrito
FN:219,addToCart
FN:232,updateCartItem
FN:238,removeCartItem
FN:244,postCheckout
FN:252,(anonymous_19)
FN:260,toggleElement
FN:264,hasDiscount
FN:268,setProductImage
FN:276,setProductDiscount
FN:298,setProductStock
FN:306,fillProductItem
FN:324,renderProductCollection
FN:343,(anonymous_27)
FN:351,(anonymous_28)
FN:370,(anonymous_29)
FN:377,(anonymous_30)
FN:389,initProductosGrid
FN:408,initProductoLista
FN:425,initProductoDestacado
FN:450,(anonymous_34)
FN:467,(anonymous_35)
FN:483,resolveProductForDetail
FN:493,(anonymous_37)
FN:496,initQtyControls
FN:502,(anonymous_39)
FN:506,(anonymous_40)
FN:511,(anonymous_41)
FN:516,(anonymous_42)
FN:519,bindDetailAddButton
FN:528,(anonymous_44)
FN:544,(anonymous_45)
FN:555,initProductoDetalle
FN:587,initCategorias
FN:617,(anonymous_48)
FN:620,(anonymous_49)
FN:626,(anonymous_50)
FN:635,filterByCategory
FN:640,(anonymous_52)
FN:643,(anonymous_53)
FN:654,ensureCartTemplate
FN:662,showCartSummary
FN:674,updateCartItemView
FN:691,renderCartTotal
FN:695,(anonymous_58)
FN:699,createCartElement
FN:716,bindCartQuantityButton
FN:724,(anonymous_61)
FN:742,bindCartRemoveButton
FN:751,(anonymous_63)
FN:765,bindCartItemActions
FN:777,(anonymous_65)
FN:778,(anonymous_66)
FN:782,renderCartItems
FN:791,(anonymous_68)
FN:801,ensurePayButton
FN:829,(anonymous_70)
FN:850,initCarrito
FN:884,refreshCartTotal
FN:889,(anonymous_73)
FN:892,(anonymous_74)
FN:899,refreshCarritoUI
FN:901,(anonymous_76)
FN:906,showCheckoutError
FN:913,getCheckoutField
FN:920,buildCheckoutData
FN:935,setSubmitLoading
FN:942,fillCheckoutProfile
FN:945,(anonymous_82)
FN:946,(anonymous_83)
FN:947,(anonymous_84)
FN:961,(anonymous_85)
FN:965,handleCheckoutSubmit
FN:1007,initCheckout
FN:1016,(anonymous_88)
FN:1021,initTiendaBlocks
FN:1023,(anonymous_90)
FN:1028,(anonymous_91)
FN:1033,(anonymous_92)
FN:1038,(anonymous_93)
FN:1043,(anonymous_94)
FN:1048,(anonymous_95)
FN:1053,(anonymous_96)
FNF:97
FNH:0
FNDA:0,getSiteId
FNDA:0,getLimit
FNDA:0,getUsuarioId
FNDA:0,formatPrice
FNDA:0,showToast
FNDA:0,(anonymous_5)
FNDA:0,(anonymous_6)
FNDA:0,normalizeImage
FNDA:0,getFirstImage
FNDA:0,showEmpty
FNDA:0,fetchData
FNDA:0,fetchProductos
FNDA:0,fetchProducto
FNDA:0,fetchCategorias
FNDA:0,fetchCarrito
FNDA:0,addToCart
FNDA:0,updateCartItem
FNDA:0,removeCartItem
FNDA:0,postCheckout
FNDA:0,(anonymous_19)
FNDA:0,toggleElement
FNDA:0,hasDiscount
FNDA:0,setProductImage
FNDA:0,setProductDiscount
FNDA:0,setProductStock
FNDA:0,fillProductItem
FNDA:0,renderProductCollection
FNDA:0,(anonymous_27)
FNDA:0,(anonymous_28)
FNDA:0,(anonymous_29)
FNDA:0,(anonymous_30)
FNDA:0,initProductosGrid
FNDA:0,initProductoLista
FNDA:0,initProductoDestacado
FNDA:0,(anonymous_34)
FNDA:0,(anonymous_35)
FNDA:0,resolveProductForDetail
FNDA:0,(anonymous_37)
FNDA:0,initQtyControls
FNDA:0,(anonymous_39)
FNDA:0,(anonymous_40)
FNDA:0,(anonymous_41)
FNDA:0,(anonymous_42)
FNDA:0,bindDetailAddButton
FNDA:0,(anonymous_44)
FNDA:0,(anonymous_45)
FNDA:0,initProductoDetalle
FNDA:0,initCategorias
FNDA:0,(anonymous_48)
FNDA:0,(anonymous_49)
FNDA:0,(anonymous_50)
FNDA:0,filterByCategory
FNDA:0,(anonymous_52)
FNDA:0,(anonymous_53)
FNDA:0,ensureCartTemplate
FNDA:0,showCartSummary
FNDA:0,updateCartItemView
FNDA:0,renderCartTotal
FNDA:0,(anonymous_58)
FNDA:0,createCartElement
FNDA:0,bindCartQuantityButton
FNDA:0,(anonymous_61)
FNDA:0,bindCartRemoveButton
FNDA:0,(anonymous_63)
FNDA:0,bindCartItemActions
FNDA:0,(anonymous_65)
FNDA:0,(anonymous_66)
FNDA:0,renderCartItems
FNDA:0,(anonymous_68)
FNDA:0,ensurePayButton
FNDA:0,(anonymous_70)
FNDA:0,initCarrito
FNDA:0,refreshCartTotal
FNDA:0,(anonymous_73)
FNDA:0,(anonymous_74)
FNDA:0,refreshCarritoUI
FNDA:0,(anonymous_76)
FNDA:0,showCheckoutError
FNDA:0,getCheckoutField
FNDA:0,buildCheckoutData
FNDA:0,setSubmitLoading
FNDA:0,fillCheckoutProfile
FNDA:0,(anonymous_82)
FNDA:0,(anonymous_83)
FNDA:0,(anonymous_84)
FNDA:0,(anonymous_85)
FNDA:0,handleCheckoutSubmit
FNDA:0,initCheckout
FNDA:0,(anonymous_88)
FNDA:0,initTiendaBlocks
FNDA:0,(anonymous_90)
FNDA:0,(anonymous_91)
FNDA:0,(anonymous_92)
FNDA:0,(anonymous_93)
FNDA:0,(anonymous_94)
FNDA:0,(anonymous_95)
FNDA:0,(anonymous_96)
DA:43,0
DA:44,0
DA:47,0
DA:49,0
DA:50,0
DA:51,0
DA:53,0
DA:59,0
DA:65,0
DA:69,0
DA:75,0
DA:76,0
DA:80,0
DA:82,0
DA:83,0
DA:84,0
DA:85,0
DA:86,0
DA:100,0
DA:104,0
DA:105,0
DA:107,0
DA:108,0
DA:109,0
DA:110,0
DA:127,0
DA:128,0
DA:129,0
DA:130,0
DA:141,0
DA:145,0
DA:146,0
DA:148,0
DA:152,0
DA:153,0
DA:154,0
DA:155,0
DA:156,0
DA:157,0
DA:159,0
DA:160,0
DA:163,0
DA:164,0
DA:165,0
DA:166,0
DA:167,0
DA:174,0
DA:175,0
DA:176,0
DA:180,0
DA:188,0
DA:194,0
DA:198,0
DA:201,0
DA:205,0
DA:208,0
DA:214,0
DA:220,0
DA:224,0
DA:229,0
DA:233,0
DA:239,0
DA:245,0
DA:251,0
DA:252,0
DA:257,0
DA:261,0
DA:265,0
DA:269,0
DA:270,0
DA:272,0
DA:273,0
DA:277,0
DA:278,0
DA:280,0
DA:281,0
DA:282,0
DA:283,0
DA:286,0
DA:287,0
DA:288,0
DA:291,0
DA:292,0
DA:293,0
DA:294,0
DA:299,0
DA:300,0
DA:302,0
DA:303,0
DA:307,0
DA:308,0
DA:309,0
DA:311,0
DA:312,0
DA:313,0
DA:314,0
DA:316,0
DA:317,0
DA:318,0
DA:319,0
DA:321,0
DA:325,0
DA:326,0
DA:327,0
DA:331,0
DA:332,0
DA:333,0
DA:336,0
DA:338,0
DA:340,0
DA:341,0
DA:343,0
DA:344,0
DA:345,0
DA:347,0
DA:349,0
DA:350,0
DA:351,0
DA:352,0
DA:353,0
DA:356,0
DA:364,0
DA:365,0
DA:366,0
DA:367,0
DA:368,0
DA:369,0
DA:370,0
DA:371,0
DA:372,0
DA:375,0
DA:376,0
DA:377,0
DA:378,0
DA:379,0
DA:385,0
DA:390,0
DA:397,0
DA:398,0
DA:399,0
DA:400,0
DA:403,0
DA:404,0
DA:409,0
DA:410,0
DA:411,0
DA:412,0
DA:415,0
DA:416,0
DA:417,0
DA:418,0
DA:420,0
DA:421,0
DA:426,0
DA:427,0
DA:428,0
DA:429,0
DA:432,0
DA:433,0
DA:434,0
DA:436,0
DA:437,0
DA:438,0
DA:441,0
DA:442,0
DA:444,0
DA:445,0
DA:447,0
DA:449,0
DA:450,0
DA:451,0
DA:453,0
DA:461,0
DA:462,0
DA:463,0
DA:464,0
DA:465,0
DA:466,0
DA:467,0
DA:468,0
DA:469,0
DA:472,0
DA:473,0
DA:478,0
DA:479,0
DA:488,0
DA:492,0
DA:493,0
DA:497,0
DA:498,0
DA:499,0
DA:500,0
DA:502,0
DA:503,0
DA:506,0
DA:507,0
DA:508,0
DA:511,0
DA:512,0
DA:513,0
DA:516,0
DA:525,0
DA:526,0
DA:528,0
DA:529,0
DA:531,0
DA:538,0
DA:539,0
DA:540,0
DA:541,0
DA:542,0
DA:543,0
DA:544,0
DA:545,0
DA:546,0
DA:549,0
DA:550,0
DA:556,0
DA:560,0
DA:561,0
DA:562,0
DA:563,0
DA:565,0
DA:567,0
DA:569,0
DA:570,0
DA:571,0
DA:572,0
DA:573,0
DA:576,0
DA:577,0
DA:579,0
DA:580,0
DA:582,0
DA:583,0
DA:588,0
DA:589,0
DA:590,0
DA:591,0
DA:594,0
DA:595,0
DA:597,0
DA:598,0
DA:599,0
DA:603,0
DA:604,0
DA:605,0
DA:608,0
DA:610,0
DA:611,0
DA:613,0
DA:614,0
DA:615,0
DA:616,0
DA:617,0
DA:618,0
DA:620,0
DA:621,0
DA:622,0
DA:623,0
DA:624,0
DA:626,0
DA:627,0
DA:630,0
DA:631,0
DA:636,0
DA:640,0
DA:641,0
DA:643,0
DA:644,0
DA:645,0
DA:646,0
DA:658,0
DA:659,0
DA:663,0
DA:664,0
DA:666,0
DA:667,0
DA:668,0
DA:675,0
DA:676,0
DA:677,0
DA:678,0
DA:679,0
DA:681,0
DA:682,0
DA:683,0
DA:685,0
DA:686,0
DA:687,0
DA:688,0
DA:692,0
DA:693,0
DA:695,0
DA:696,0
DA:703,0
DA:704,0
DA:706,0
DA:710,0
DA:711,0
DA:712,0
DA:713,0
DA:724,0
DA:725,0
DA:726,0
DA:728,0
DA:729,0
DA:730,0
DA:731,0
DA:732,0
DA:733,0
DA:735,0
DA:737,0
DA:751,0
DA:752,0
DA:753,0
DA:754,0
DA:756,0
DA:757,0
DA:758,0
DA:760,0
DA:773,0
DA:774,0
DA:775,0
DA:777,0
DA:778,0
DA:779,0
DA:789,0
DA:791,0
DA:792,0
DA:796,0
DA:797,0
DA:802,0
DA:803,0
DA:805,0
DA:806,0
DA:807,0
DA:809,0
DA:816,0
DA:829,0
DA:830,0
DA:832,0
DA:833,0
DA:834,0
DA:837,0
DA:839,0
DA:840,0
DA:844,0
DA:847,0
DA:851,0
DA:852,0
DA:854,0
DA:855,0
DA:856,0
DA:859,0
DA:860,0
DA:862,0
DA:863,0
DA:865,0
DA:866,0
DA:867,0
DA:870,0
DA:872,0
DA:873,0
DA:874,0
DA:875,0
DA:876,0
DA:879,0
DA:880,0
DA:888,0
DA:890,0
DA:891,0
DA:892,0
DA:893,0
DA:900,0
DA:901,0
DA:902,0
DA:907,0
DA:909,0
DA:910,0
DA:914,0
DA:917,0
DA:921,0
DA:936,0
DA:938,0
DA:939,0
DA:943,0
DA:945,0
DA:946,0
DA:947,0
DA:948,0
DA:951,0
DA:954,0
DA:955,0
DA:956,0
DA:957,0
DA:958,0
DA:959,0
DA:960,0
DA:973,0
DA:975,0
DA:976,0
DA:978,0
DA:979,0
DA:980,0
DA:983,0
DA:984,0
DA:985,0
DA:986,0
DA:989,0
DA:991,0
DA:992,0
DA:993,0
DA:995,0
DA:997,0
DA:998,0
DA:999,0
DA:1001,0
DA:1002,0
DA:1003,0
DA:1008,0
DA:1009,0
DA:1010,0
DA:1011,0
DA:1013,0
DA:1015,0
DA:1016,0
DA:1017,0
DA:1022,0
DA:1023,0
DA:1024,0
DA:1027,0
DA:1028,0
DA:1029,0
DA:1032,0
DA:1033,0
DA:1034,0
DA:1037,0
DA:1038,0
DA:1039,0
DA:1042,0
DA:1043,0
DA:1044,0
DA:1047,0
DA:1048,0
DA:1049,0
DA:1052,0
DA:1053,0
DA:1054,0
LF:449
LH:0
BRDA:49,0,0,0
BRDA:49,0,1,0
BRDA:49,1,0,0
BRDA:49,1,1,0
BRDA:51,2,0,0
BRDA:51,2,1,0
BRDA:82,3,0,0
BRDA:82,3,1,0
BRDA:84,4,0,0
BRDA:84,4,1,0
BRDA:105,5,0,0
BRDA:105,5,1,0
BRDA:145,6,0,0
BRDA:145,6,1,0
BRDA:145,7,0,0
BRDA:145,7,1,0
BRDA:145,7,2,0
BRDA:159,8,0,0
BRDA:159,8,1,0
BRDA:160,9,0,0
BRDA:160,9,1,0
BRDA:163,10,0,0
BRDA:163,10,1,0
BRDA:164,11,0,0
BRDA:164,11,1,0
BRDA:165,12,0,0
BRDA:165,12,1,0
BRDA:175,13,0,0
BRDA:175,13,1,0
BRDA:229,14,0,0
BRDA:229,14,1,0
BRDA:251,15,0,0
BRDA:251,15,1,0
BRDA:261,16,0,0
BRDA:261,16,1,0
BRDA:261,17,0,0
BRDA:261,17,1,0
BRDA:265,18,0,0
BRDA:265,18,1,0
BRDA:270,19,0,0
BRDA:270,19,1,0
BRDA:280,20,0,0
BRDA:280,20,1,0
BRDA:286,21,0,0
BRDA:286,21,1,0
BRDA:286,22,0,0
BRDA:286,22,1,0
BRDA:291,23,0,0
BRDA:291,23,1,0
BRDA:291,24,0,0
BRDA:291,24,1,0
BRDA:300,25,0,0
BRDA:300,25,1,0
BRDA:302,26,0,0
BRDA:302,26,1,0
BRDA:303,27,0,0
BRDA:303,27,1,0
BRDA:316,28,0,0
BRDA:316,28,1,0
BRDA:317,29,0,0
BRDA:317,29,1,0
BRDA:318,30,0,0
BRDA:318,30,1,0
BRDA:318,31,0,0
BRDA:318,31,1,0
BRDA:319,32,0,0
BRDA:319,32,1,0
BRDA:319,33,0,0
BRDA:319,33,1,0
BRDA:331,34,0,0
BRDA:331,34,1,0
BRDA:336,35,0,0
BRDA:336,35,1,0
BRDA:350,36,0,0
BRDA:350,36,1,0
BRDA:410,37,0,0
BRDA:410,37,1,0
BRDA:427,38,0,0
BRDA:427,38,1,0
BRDA:436,39,0,0
BRDA:436,39,1,0
BRDA:441,40,0,0
BRDA:441,40,1,0
BRDA:445,41,0,0
BRDA:445,41,1,0
BRDA:449,42,0,0
BRDA:449,42,1,0
BRDA:488,43,0,0
BRDA:488,43,1,0
BRDA:493,44,0,0
BRDA:493,44,1,0
BRDA:503,45,0,0
BRDA:503,45,1,0
BRDA:526,46,0,0
BRDA:526,46,1,0
BRDA:563,47,0,0
BRDA:563,47,1,0
BRDA:565,48,0,0
BRDA:565,48,1,0
BRDA:565,49,0,0
BRDA:565,49,1,0
BRDA:571,50,0,0
BRDA:571,50,1,0
BRDA:589,51,0,0
BRDA:589,51,1,0
BRDA:603,52,0,0
BRDA:603,52,1,0
BRDA:608,53,0,0
BRDA:608,53,1,0
BRDA:616,54,0,0
BRDA:616,54,1,0
BRDA:624,55,0,0
BRDA:624,55,1,0
BRDA:644,56,0,0
BRDA:644,56,1,0
BRDA:659,57,0,0
BRDA:659,57,1,0
BRDA:667,58,0,0
BRDA:667,58,1,0
BRDA:681,59,0,0
BRDA:681,59,1,0
BRDA:685,60,0,0
BRDA:685,60,1,0
BRDA:686,61,0,0
BRDA:686,61,1,0
BRDA:687,62,0,0
BRDA:687,62,1,0
BRDA:688,63,0,0
BRDA:688,63,1,0
BRDA:693,64,0,0
BRDA:693,64,1,0
BRDA:726,65,0,0
BRDA:726,65,1,0
BRDA:732,66,0,0
BRDA:732,66,1,0
BRDA:757,67,0,0
BRDA:757,67,1,0
BRDA:803,68,0,0
BRDA:803,68,1,0
BRDA:832,69,0,0
BRDA:832,69,1,0
BRDA:839,70,0,0
BRDA:839,70,1,0
BRDA:844,71,0,0
BRDA:844,71,1,0
BRDA:854,72,0,0
BRDA:854,72,1,0
BRDA:865,73,0,0
BRDA:865,73,1,0
BRDA:870,74,0,0
BRDA:870,74,1,0
BRDA:870,75,0,0
BRDA:870,75,1,0
BRDA:891,76,0,0
BRDA:891,76,1,0
BRDA:907,77,0,0
BRDA:907,77,1,0
BRDA:917,78,0,0
BRDA:917,78,1,0
BRDA:936,79,0,0
BRDA:936,79,1,0
BRDA:938,80,0,0
BRDA:938,80,1,0
BRDA:943,81,0,0
BRDA:943,81,1,0
BRDA:951,82,0,0
BRDA:951,82,1,0
BRDA:951,83,0,0
BRDA:951,83,1,0
BRDA:978,84,0,0
BRDA:978,84,1,0
BRDA:983,85,0,0
BRDA:983,85,1,0
BRDA:999,86,0,0
BRDA:999,86,1,0
BRDA:999,87,0,0
BRDA:999,87,1,0
BRDA:1002,88,0,0
BRDA:1002,88,1,0
BRDA:1013,89,0,0
BRDA:1013,89,1,0
BRF:181
BRH:0
end_of_record
TN:
SF:src/utils/permisos.ts
FN:1,tienePermiso
FN:5,tieneAlgunPermiso
FN:6,(anonymous_2)
FN:9,esSuperAdmin
FNF:4
FNH:0
FNDA:0,tienePermiso
FNDA:0,tieneAlgunPermiso
FNDA:0,(anonymous_2)
FNDA:0,esSuperAdmin
DA:2,0
DA:6,0
DA:10,0
LF:3
LH:0
BRF:0
BRH:0
end_of_record
