TN:
SF:src/App.tsx
FN:24,App
FN:29,(anonymous_1)
FN:33,(anonymous_2)
FN:34,(anonymous_3)
FN:38,(anonymous_4)
FN:40,(anonymous_5)
FN:74,AuthenticatedLayout
FN:78,(anonymous_7)
FN:82,(anonymous_8)
FN:86,(anonymous_9)
FN:103,AuthLayout
FN:106,(anonymous_11)
FN:116,(anonymous_12)
FN:117,(anonymous_13)
FN:128,(anonymous_14)
FNF:15
FNH:0
FNDA:0,App
FNDA:0,(anonymous_1)
FNDA:0,(anonymous_2)
FNDA:0,(anonymous_3)
FNDA:0,(anonymous_4)
FNDA:0,(anonymous_5)
FNDA:0,AuthenticatedLayout
FNDA:0,(anonymous_7)
FNDA:0,(anonymous_8)
FNDA:0,(anonymous_9)
FNDA:0,AuthLayout
FNDA:0,(anonymous_11)
FNDA:0,(anonymous_12)
FNDA:0,(anonymous_13)
FNDA:0,(anonymous_14)
DA:25,0
DA:26,0
DA:27,0
DA:29,0
DA:30,0
DA:31,0
DA:33,0
DA:35,0
DA:36,0
DA:38,0
DA:40,0
DA:44,0
DA:45,0
DA:48,0
DA:75,0
DA:76,0
DA:78,0
DA:79,0
DA:83,0
DA:84,0
DA:86,0
DA:89,0
DA:90,0
DA:93,0
DA:104,0
DA:106,0
DA:107,0
DA:110,0
DA:116,0
DA:117,0
DA:128,0
LF:31
LH:0
BRDA:30,0,0,0
BRDA:30,0,1,0
BRDA:44,1,0,0
BRDA:44,1,1,0
BRDA:54,2,0,0
BRDA:54,2,1,0
BRDA:89,3,0,0
BRDA:89,3,1,0
BRDA:114,4,0,0
BRDA:114,4,1,0
BRDA:123,5,0,0
BRDA:123,5,1,0
BRF:12
BRH:0
end_of_record
TN:
SF:src/main.tsx
FNF:0
FNH:0
DA:6,0
DA:9,0
DA:14,0
LF:3
LH:0
BRDA:9,0,0,0
BRDA:9,0,1,0
BRF:2
BRH:0
end_of_record
TN:
SF:src/components/AuthForm/AuthForm.tsx
FN:24,AuthForm
FN:35,(anonymous_1)
FN:51,(anonymous_2)
FN:58,(anonymous_3)
FNF:4
FNH:0
FNDA:0,AuthForm
FNDA:0,(anonymous_1)
FNDA:0,(anonymous_2)
FNDA:0,(anonymous_3)
DA:35,0
DA:37,0
DA:43,0
DA:52,0
DA:58,0
LF:5
LH:0
BRDA:48,0,0,0
BRDA:48,0,1,0
BRDA:48,1,0,0
BRDA:48,1,1,0
BRDA:49,2,0,0
BRDA:49,2,1,0
BRDA:49,2,2,0
BRDA:57,3,0,0
BRDA:57,3,1,0
BRDA:68,4,0,0
BRDA:68,4,1,0
BRF:11
BRH:0
end_of_record
TN:
SF:src/components/CardPlantilla/CardPlantilla.tsx
FN:12,CardPlantilla
FN:15,(anonymous_1)
FN:19,(anonymous_2)
FN:23,(anonymous_3)
FNF:4
FNH:0
FNDA:0,CardPlantilla
FNDA:0,(anonymous_1)
FNDA:0,(anonymous_2)
FNDA:0,(anonymous_3)
DA:13,0
DA:15,0
DA:16,0
DA:19,0
DA:20,0
DA:23,0
DA:24,0
DA:25,0
DA:29,0
LF:9
LH:0
BRDA:12,0,0,0
BRDA:24,1,0,0
BRDA:24,1,1,0
BRDA:31,2,0,0
BRDA:31,2,1,0
BRDA:39,3,0,0
BRDA:39,3,1,0
BRDA:42,4,0,0
BRDA:42,4,1,0
BRDA:44,5,0,0
BRDA:44,5,1,0
BRDA:45,6,0,0
BRDA:45,6,1,0
BRDA:49,7,0,0
BRDA:49,7,1,0
BRF:15
BRH:0
end_of_record
TN:
SF:src/components/CardSitio/CardSitio.tsx
FN:15,CardSitio
FN:18,(anonymous_1)
FN:22,(anonymous_2)
FN:28,(anonymous_3)
FN:33,(anonymous_4)
FN:53,(anonymous_5)
FNF:6
FNH:0
FNDA:0,CardSitio
FNDA:0,(anonymous_1)
FNDA:0,(anonymous_2)
FNDA:0,(anonymous_3)
FNDA:0,(anonymous_4)
FNDA:0,(anonymous_5)
DA:6,0
DA:16,0
DA:18,0
DA:19,0
DA:22,0
DA:23,0
DA:24,0
DA:28,0
DA:29,0
DA:32,0
DA:33,0
DA:35,0
DA:54,0
LF:13
LH:0
BRDA:23,0,0,0
BRDA:23,0,1,0
BRDA:32,1,0,0
BRDA:32,1,1,0
BRDA:33,2,0,0
BRDA:33,2,1,0
BRDA:37,3,0,0
BRDA:37,3,1,0
BRDA:45,4,0,0
BRDA:45,4,1,0
BRDA:46,5,0,0
BRDA:46,5,1,0
BRDA:49,6,0,0
BRDA:49,6,1,0
BRF:14
BRH:0
end_of_record
TN:
SF:src/components/GrapesJS/index.ts
FN:16,(anonymous_0)
FN:81,(anonymous_1)
FN:91,(anonymous_2)
FN:92,(anonymous_3)
FN:100,(anonymous_4)
FN:113,(anonymous_5)
FN:114,(anonymous_6)
FN:125,(anonymous_7)
FN:129,(anonymous_8)
FN:137,(anonymous_9)
FN:142,(anonymous_10)
FN:149,(anonymous_11)
FN:157,(anonymous_12)
FN:166,(anonymous_13)
FN:171,(anonymous_14)
FN:181,(anonymous_15)
FN:184,(anonymous_16)
FN:187,(anonymous_17)
FN:190,(anonymous_18)
FN:197,(anonymous_19)
FN:202,(anonymous_20)
FN:205,(anonymous_21)
FN:211,(anonymous_22)
FN:213,(anonymous_23)
FN:215,(anonymous_24)
FN:219,(anonymous_25)
FN:219,(anonymous_26)
FN:230,(anonymous_27)
FN:241,(anonymous_28)
FN:255,(anonymous_29)
FN:268,(anonymous_30)
FN:282,(anonymous_31)
FN:286,(anonymous_32)
FN:289,(anonymous_33)
FN:296,(anonymous_34)
FN:301,(anonymous_35)
FN:309,(anonymous_36)
FN:340,(anonymous_37)
FN:348,(anonymous_38)
FN:349,(anonymous_39)
FN:374,(anonymous_40)
FN:379,(anonymous_41)
FNF:42
FNH:0
FNDA:0,(anonymous_0)
FNDA:0,(anonymous_1)
FNDA:0,(anonymous_2)
FNDA:0,(anonymous_3)
FNDA:0,(anonymous_4)
FNDA:0,(anonymous_5)
FNDA:0,(anonymous_6)
FNDA:0,(anonymous_7)
FNDA:0,(anonymous_8)
FNDA:0,(anonymous_9)
FNDA:0,(anonymous_10)
FNDA:0,(anonymous_11)
FNDA:0,(anonymous_12)
FNDA:0,(anonymous_13)
FNDA:0,(anonymous_14)
FNDA:0,(anonymous_15)
FNDA:0,(anonymous_16)
FNDA:0,(anonymous_17)
FNDA:0,(anonymous_18)
FNDA:0,(anonymous_19)
FNDA:0,(anonymous_20)
FNDA:0,(anonymous_21)
FNDA:0,(anonymous_22)
FNDA:0,(anonymous_23)
FNDA:0,(anonymous_24)
FNDA:0,(anonymous_25)
FNDA:0,(anonymous_26)
FNDA:0,(anonymous_27)
FNDA:0,(anonymous_28)
FNDA:0,(anonymous_29)
FNDA:0,(anonymous_30)
FNDA:0,(anonymous_31)
FNDA:0,(anonymous_32)
FNDA:0,(anonymous_33)
FNDA:0,(anonymous_34)
FNDA:0,(anonymous_35)
FNDA:0,(anonymous_36)
FNDA:0,(anonymous_37)
FNDA:0,(anonymous_38)
FNDA:0,(anonymous_39)
FNDA:0,(anonymous_40)
FNDA:0,(anonymous_41)
DA:16,0
DA:17,0
DA:18,0
DA:19,0
DA:20,0
DA:22,0
DA:58,0
DA:61,0
DA:62,0
DA:63,0
DA:64,0
DA:67,0
DA:68,0
DA:70,0
DA:71,0
DA:73,0
DA:74,0
DA:77,0
DA:78,0
DA:81,0
DA:82,0
DA:83,0
DA:84,0
DA:90,0
DA:91,0
DA:92,0
DA:93,0
DA:94,0
DA:95,0
DA:97,0
DA:100,0
DA:101,0
DA:102,0
DA:103,0
DA:110,0
DA:111,0
DA:112,0
DA:113,0
DA:114,0
DA:115,0
DA:116,0
DA:117,0
DA:118,0
DA:120,0
DA:122,0
DA:125,0
DA:126,0
DA:127,0
DA:128,0
DA:129,0
DA:130,0
DA:131,0
DA:132,0
DA:134,0
DA:137,0
DA:138,0
DA:139,0
DA:140,0
DA:141,0
DA:142,0
DA:143,0
DA:144,0
DA:146,0
DA:149,0
DA:150,0
DA:151,0
DA:152,0
DA:153,0
DA:154,0
DA:155,0
DA:157,0
DA:158,0
DA:159,0
DA:160,0
DA:162,0
DA:166,0
DA:167,0
DA:168,0
DA:169,0
DA:170,0
DA:171,0
DA:172,0
DA:177,0
DA:178,0
DA:180,0
DA:181,0
DA:183,0
DA:184,0
DA:186,0
DA:187,0
DA:190,0
DA:191,0
DA:192,0
DA:195,0
DA:197,0
DA:198,0
DA:199,0
DA:202,0
DA:203,0
DA:204,0
DA:205,0
DA:206,0
DA:207,0
DA:211,0
DA:212,0
DA:214,0
DA:215,0
DA:218,0
DA:219,0
DA:221,0
DA:224,0
DA:225,0
DA:226,0
DA:227,0
DA:229,0
DA:231,0
DA:232,0
DA:233,0
DA:234,0
DA:235,0
DA:240,0
DA:242,0
DA:243,0
DA:253,0
DA:254,0
DA:255,0
DA:256,0
DA:259,0
DA:262,0
DA:267,0
DA:269,0
DA:270,0
DA:280,0
DA:283,0
DA:284,0
DA:286,0
DA:287,0
DA:288,0
DA:289,0
DA:290,0
DA:291,0
DA:292,0
DA:293,0
DA:295,0
DA:296,0
DA:297,0
DA:298,0
DA:299,0
DA:301,0
DA:302,0
DA:306,0
DA:307,0
DA:309,0
DA:310,0
DA:311,0
DA:312,0
DA:318,0
DA:325,0
DA:340,0
DA:341,0
DA:342,0
DA:344,0
DA:345,0
DA:347,0
DA:348,0
DA:349,0
DA:351,0
DA:353,0
DA:354,0
DA:355,0
DA:356,0
DA:357,0
DA:358,0
DA:359,0
DA:362,0
DA:363,0
DA:365,0
DA:366,0
DA:371,0
DA:374,0
DA:375,0
DA:378,0
DA:379,0
DA:380,0
DA:384,0
LF:185
LH:0
BRDA:68,0,0,0
BRDA:68,0,1,0
BRDA:68,1,0,0
BRDA:68,1,1,0
BRDA:71,2,0,0
BRDA:71,2,1,0
BRDA:77,3,0,0
BRDA:77,3,1,0
BRDA:78,4,0,0
BRDA:78,4,1,0
BRDA:116,5,0,0
BRDA:116,5,1,0
BRDA:131,6,0,0
BRDA:131,6,1,0
BRDA:140,7,0,0
BRDA:140,7,1,0
BRDA:141,8,0,0
BRDA:141,8,1,0
BRDA:150,9,0,0
BRDA:150,9,1,0
BRDA:153,10,0,0
BRDA:153,10,1,0
BRDA:159,11,0,0
BRDA:159,11,1,0
BRDA:168,12,0,0
BRDA:168,12,1,0
BRDA:170,13,0,0
BRDA:170,13,1,0
BRDA:177,14,0,0
BRDA:177,14,1,0
BRDA:192,15,0,0
BRDA:192,15,1,0
BRDA:199,16,0,0
BRDA:199,16,1,0
BRDA:199,17,0,0
BRDA:199,17,1,0
BRDA:204,18,0,0
BRDA:204,18,1,0
BRDA:207,19,0,0
BRDA:207,19,1,0
BRDA:211,20,0,0
BRDA:218,21,0,0
BRDA:218,21,1,0
BRDA:234,22,0,0
BRDA:234,22,1,0
BRDA:269,23,0,0
BRDA:269,23,1,0
BRDA:287,24,0,0
BRDA:287,24,1,0
BRDA:297,25,0,0
BRDA:297,25,1,0
BRDA:301,26,0,0
BRDA:301,26,1,0
BRDA:301,27,0,0
BRDA:301,27,1,0
BRDA:344,28,0,0
BRDA:344,28,1,0
BRDA:345,29,0,0
BRDA:345,29,1,0
BRDA:347,30,0,0
BRDA:347,30,1,0
BRDA:351,31,0,0
BRDA:351,31,1,0
BRDA:351,32,0,0
BRDA:351,32,1,0
BRDA:356,33,0,0
BRDA:356,33,1,0
BRDA:357,34,0,0
BRDA:357,34,1,0
BRDA:362,35,0,0
BRDA:362,35,1,0
BRDA:365,36,0,0
BRDA:365,36,1,0
BRDA:378,37,0,0
BRDA:378,37,1,0
BRDA:380,38,0,0
BRDA:380,38,1,0
BRF:77
BRH:0
end_of_record
TN:
SF:src/components/Login/Login.tsx
FN:10,Login
FN:20,(anonymous_1)
FNF:2
FNH:0
FNDA:0,Login
FNDA:0,(anonymous_1)
DA:11,0
DA:20,0
LF:2
LH:0
BRF:0
BRH:0
end_of_record
TN:
SF:src/components/ModalDialog/ModalDialog.tsx
FN:10,ModalDialog
FNF:1
FNH:0
FNDA:0,ModalDialog
DA:11,0
DA:13,0
LF:2
LH:0
BRDA:11,0,0,0
BRDA:11,0,1,0
BRF:2
BRH:0
end_of_record
TN:
SF:src/components/Register/Register.tsx
FN:11,Register
FN:23,(anonymous_1)
FNF:2
FNH:0
FNDA:0,Register
FNDA:0,(anonymous_1)
DA:12,0
DA:23,0
LF:2
LH:0
BRF:0
BRH:0
end_of_record
TN:
SF:src/components/Sidebar/Sidebar.tsx
FN:24,Sidebar
FN:31,(anonymous_1)
FN:32,(anonymous_2)
FN:38,(anonymous_3)
FN:41,(anonymous_4)
FN:47,(anonymous_5)
FN:48,(anonymous_6)
FN:49,(anonymous_7)
FN:50,(anonymous_8)
FN:51,(anonymous_9)
FN:51,(anonymous_10)
FN:56,(anonymous_11)
FN:62,(anonymous_12)
FN:91,(anonymous_13)
FN:101,(anonymous_14)
FN:108,(anonymous_15)
FNF:16
FNH:0
FNDA:0,Sidebar
FNDA:0,(anonymous_1)
FNDA:0,(anonymous_2)
FNDA:0,(anonymous_3)
FNDA:0,(anonymous_4)
FNDA:0,(anonymous_5)
FNDA:0,(anonymous_6)
FNDA:0,(anonymous_7)
FNDA:0,(anonymous_8)
FNDA:0,(anonymous_9)
FNDA:0,(anonymous_10)
FNDA:0,(anonymous_11)
FNDA:0,(anonymous_12)
FNDA:0,(anonymous_13)
FNDA:0,(anonymous_14)
FNDA:0,(anonymous_15)
DA:14,0
DA:25,0
DA:26,0
DA:27,0
DA:28,0
DA:29,0
DA:31,0
DA:32,0
DA:33,0
DA:34,0
DA:35,0
DA:36,0
DA:41,0
DA:42,0
DA:43,0
DA:44,0
DA:46,0
DA:47,0
DA:48,0
DA:50,0
DA:51,0
DA:52,0
DA:56,0
DA:57,0
DA:58,0
DA:59,0
DA:62,0
DA:63,0
DA:64,0
DA:67,0
DA:91,0
DA:102,0
DA:109,0
LF:33
LH:0
BRDA:33,0,0,0
BRDA:33,0,1,0
BRDA:35,1,0,0
BRDA:35,1,1,0
BRDA:35,2,0,0
BRDA:35,2,1,0
BRDA:42,3,0,0
BRDA:42,3,1,0
BRDA:63,4,0,0
BRDA:63,4,1,0
BRDA:72,5,0,0
BRDA:72,5,1,0
BRDA:75,6,0,0
BRDA:75,6,1,0
BRDA:80,7,0,0
BRDA:80,7,1,0
BRDA:90,8,0,0
BRDA:90,8,1,0
BRDA:91,9,0,0
BRDA:91,9,1,0
BRDA:112,10,0,0
BRDA:112,10,1,0
BRF:22
BRH:0
end_of_record
TN:
SF:src/components/ToggleSwitch/ToggleSwitch.tsx
FN:10,ToggleSwitch
FN:17,(anonymous_1)
FNF:2
FNH:0
FNDA:0,ToggleSwitch
FNDA:0,(anonymous_1)
DA:11,0
DA:17,0
LF:2
LH:0
BRDA:12,0,0,0
BRDA:12,0,1,0
BRDA:13,1,0,0
BRDA:13,1,1,0
BRF:4
BRH:0
end_of_record
TN:
SF:src/config/index.ts
FN:6,(anonymous_0)
FNF:1
FNH:0
FNDA:0,(anonymous_0)
DA:1,0
DA:6,0
LF:2
LH:0
BRF:0
BRH:0
end_of_record
TN:
SF:src/hooks/index.ts
FNF:0
FNH:0
LF:0
LH:0
BRF:0
BRH:0
end_of_record
TN:
SF:src/hooks/useEscapeKey.ts
FN:3,useEscapeKey
FN:4,(anonymous_1)
FN:5,(anonymous_2)
FN:11,(anonymous_3)
FNF:4
FNH:0
FNDA:0,useEscapeKey
FNDA:0,(anonymous_1)
FNDA:0,(anonymous_2)
FNDA:0,(anonymous_3)
DA:4,0
DA:5,0
DA:6,0
DA:7,0
DA:10,0
DA:11,0
LF:6
LH:0
BRDA:6,0,0,0
BRDA:6,0,1,0
BRDA:6,1,0,0
BRDA:6,1,1,0
BRF:4
BRH:0
end_of_record
TN:
SF:src/hooks/useForm.ts
FN:19,useForm
FN:29,(anonymous_1)
FN:30,(anonymous_2)
FN:33,(anonymous_3)
FN:39,(anonymous_4)
FNF:5
FNH:0
FNDA:0,useForm
FNDA:0,(anonymous_1)
FNDA:0,(anonymous_2)
FNDA:0,(anonymous_3)
FNDA:0,(anonymous_4)
DA:24,0
DA:25,0
DA:26,0
DA:27,0
DA:29,0
DA:30,0
DA:33,0
DA:34,0
DA:35,0
DA:36,0
DA:39,0
DA:40,0
DA:41,0
DA:42,0
DA:43,0
DA:45,0
DA:46,0
DA:47,0
DA:48,0
DA:50,0
DA:52,0
DA:56,0
LF:22
LH:0
BRDA:50,0,0,0
BRDA:50,0,1,0
BRF:2
BRH:0
end_of_record
TN:
SF:src/pages/Blog/Blog.tsx
FN:39,Blog
FN:59,(anonymous_1)
FN:61,(anonymous_2)
FN:62,(anonymous_3)
FN:73,(anonymous_4)
FN:77,(anonymous_5)
FN:85,loadSitios
FN:103,loadPosts
FN:117,openCreateForm
FN:125,openEditForm
FN:143,closeForm
FN:149,handleChange
FN:154,(anonymous_12)
FN:160,handleImageUpload
FN:176,(anonymous_14)
FN:189,buildPayload
FN:205,handleSubmit
FN:251,handleDelete
FN:270,quickChangeStatus
FN:292,getPublicPostUrl
FN:323,(anonymous_20)
FN:327,(anonymous_21)
FN:341,(anonymous_22)
FN:349,(anonymous_23)
FN:382,(anonymous_24)
FN:409,(anonymous_25)
FN:412,(anonymous_26)
FN:418,(anonymous_27)
FN:427,(anonymous_28)
FNF:29
FNH:0
FNDA:0,Blog
FNDA:0,(anonymous_1)
FNDA:0,(anonymous_2)
FNDA:0,(anonymous_3)
FNDA:0,(anonymous_4)
FNDA:0,(anonymous_5)
FNDA:0,loadSitios
FNDA:0,loadPosts
FNDA:0,openCreateForm
FNDA:0,openEditForm
FNDA:0,closeForm
FNDA:0,handleChange
FNDA:0,(anonymous_12)
FNDA:0,handleImageUpload
FNDA:0,(anonymous_14)
FNDA:0,buildPayload
FNDA:0,handleSubmit
FNDA:0,handleDelete
FNDA:0,quickChangeStatus
FNDA:0,getPublicPostUrl
FNDA:0,(anonymous_20)
FNDA:0,(anonymous_21)
FNDA:0,(anonymous_22)
FNDA:0,(anonymous_23)
FNDA:0,(anonymous_24)
FNDA:0,(anonymous_25)
FNDA:0,(anonymous_26)
FNDA:0,(anonymous_27)
FNDA:0,(anonymous_28)
DA:20,0
DA:32,0
DA:40,0
DA:41,0
DA:43,0
DA:44,0
DA:45,0
DA:46,0
DA:47,0
DA:49,0
DA:50,0
DA:52,0
DA:53,0
DA:55,0
DA:56,0
DA:57,0
DA:59,0
DA:61,0
DA:62,0
DA:64,0
DA:67,0
DA:69,0
DA:73,0
DA:74,0
DA:77,0
DA:78,0
DA:79,0
DA:81,0
DA:86,0
DA:87,0
DA:89,0
DA:90,0
DA:91,0
DA:93,0
DA:94,0
DA:97,0
DA:99,0
DA:104,0
DA:105,0
DA:107,0
DA:108,0
DA:109,0
DA:111,0
DA:113,0
DA:118,0
DA:119,0
DA:120,0
DA:121,0
DA:122,0
DA:126,0
DA:127,0
DA:138,0
DA:139,0
DA:140,0
DA:144,0
DA:145,0
DA:146,0
DA:152,0
DA:154,0
DA:161,0
DA:162,0
DA:163,0
DA:166,0
DA:168,0
DA:170,0
DA:171,0
DA:173,0
DA:174,0
DA:176,0
DA:181,0
DA:183,0
DA:185,0
DA:190,0
DA:206,0
DA:208,0
DA:209,0
DA:210,0
DA:213,0
DA:214,0
DA:215,0
DA:218,0
DA:219,0
DA:220,0
DA:222,0
DA:223,0
DA:224,0
DA:227,0
DA:228,0
DA:229,0
DA:231,0
DA:232,0
DA:234,0
DA:235,0
DA:236,0
DA:238,0
DA:239,0
DA:242,0
DA:243,0
DA:245,0
DA:247,0
DA:252,0
DA:254,0
DA:256,0
DA:258,0
DA:259,0
DA:261,0
DA:262,0
DA:263,0
DA:264,0
DA:266,0
DA:271,0
DA:273,0
DA:274,0
DA:276,0
DA:277,0
DA:285,0
DA:286,0
DA:288,0
DA:293,0
DA:295,0
DA:298,0
DA:323,0
DA:328,0
DA:341,0
DA:349,0
DA:383,0
DA:409,0
DA:412,0
DA:418,0
DA:427,0
LF:130
LH:0
BRDA:59,0,0,0
BRDA:59,0,1,0
BRDA:64,1,0,0
BRDA:64,1,1,0
BRDA:65,2,0,0
BRDA:65,2,1,0
BRDA:67,3,0,0
BRDA:67,3,1,0
BRDA:69,4,0,0
BRDA:69,4,1,0
BRDA:78,5,0,0
BRDA:78,5,1,0
BRDA:93,6,0,0
BRDA:93,6,1,0
BRDA:97,7,0,0
BRDA:97,7,1,0
BRDA:111,8,0,0
BRDA:111,8,1,0
BRDA:128,9,0,0
BRDA:128,9,1,0
BRDA:129,10,0,0
BRDA:129,10,1,0
BRDA:130,11,0,0
BRDA:130,11,1,0
BRDA:131,12,0,0
BRDA:131,12,1,0
BRDA:132,13,0,0
BRDA:132,13,1,0
BRDA:133,14,0,0
BRDA:133,14,1,0
BRDA:134,15,0,0
BRDA:134,15,1,0
BRDA:135,16,0,0
BRDA:135,16,1,0
BRDA:136,17,0,0
BRDA:136,17,1,0
BRDA:161,18,0,0
BRDA:161,18,1,0
BRDA:168,19,0,0
BRDA:168,19,1,0
BRDA:183,20,0,0
BRDA:183,20,1,0
BRDA:193,21,0,0
BRDA:193,21,1,0
BRDA:194,22,0,0
BRDA:194,22,1,0
BRDA:196,23,0,0
BRDA:196,23,1,0
BRDA:199,24,0,0
BRDA:199,24,1,0
BRDA:200,25,0,0
BRDA:200,25,1,0
BRDA:201,26,0,0
BRDA:201,26,1,0
BRDA:208,27,0,0
BRDA:208,27,1,0
BRDA:213,28,0,0
BRDA:213,28,1,0
BRDA:218,29,0,0
BRDA:218,29,1,0
BRDA:222,30,0,0
BRDA:222,30,1,0
BRDA:222,31,0,0
BRDA:222,31,1,0
BRDA:234,32,0,0
BRDA:234,32,1,0
BRDA:245,33,0,0
BRDA:245,33,1,0
BRDA:252,34,0,0
BRDA:252,34,1,0
BRDA:256,35,0,0
BRDA:256,35,1,0
BRDA:266,36,0,0
BRDA:266,36,1,0
BRDA:271,37,0,0
BRDA:271,37,1,0
BRDA:280,38,0,0
BRDA:280,38,1,0
BRDA:280,39,0,0
BRDA:280,39,1,0
BRDA:282,40,0,0
BRDA:282,40,1,0
BRDA:288,41,0,0
BRDA:288,41,1,0
BRDA:293,42,0,0
BRDA:293,42,1,0
BRDA:315,43,0,0
BRDA:315,43,1,0
BRDA:316,44,0,0
BRDA:316,44,1,0
BRDA:322,45,0,0
BRDA:322,45,1,0
BRDA:360,46,0,0
BRDA:360,46,1,0
BRDA:366,47,0,0
BRDA:366,47,1,0
BRDA:374,48,0,0
BRDA:374,48,1,0
BRDA:376,49,0,0
BRDA:376,49,1,0
BRDA:385,50,0,0
BRDA:385,50,1,0
BRDA:397,51,0,0
BRDA:397,51,1,0
BRDA:403,52,0,0
BRDA:403,52,1,0
BRDA:403,52,2,0
BRDA:411,53,0,0
BRDA:411,53,1,0
BRDA:417,54,0,0
BRDA:417,54,1,0
BRDA:438,55,0,0
BRDA:438,55,1,0
BRDA:441,56,0,0
BRDA:441,56,1,0
BRDA:482,57,0,0
BRDA:482,57,1,0
BRDA:483,58,0,0
BRDA:483,58,1,0
BRDA:545,59,0,0
BRDA:545,59,1,0
BRDA:545,60,0,0
BRDA:545,60,1,0
BRF:123
BRH:0
end_of_record
TN:
SF:src/pages/Configuraciones/Configuraciones.tsx
FN:7,Configuraciones
FN:23,(anonymous_1)
FN:27,(anonymous_2)
FN:31,(anonymous_3)
FN:44,(anonymous_4)
FN:63,(anonymous_5)
FN:79,(anonymous_6)
FN:92,(anonymous_7)
FN:98,(anonymous_8)
FN:121,(anonymous_9)
FN:128,(anonymous_10)
FN:135,(anonymous_11)
FN:142,(anonymous_12)
FN:185,(anonymous_13)
FN:194,(anonymous_14)
FN:236,(anonymous_15)
FN:246,(anonymous_16)
FNF:17
FNH:0
FNDA:0,Configuraciones
FNDA:0,(anonymous_1)
FNDA:0,(anonymous_2)
FNDA:0,(anonymous_3)
FNDA:0,(anonymous_4)
FNDA:0,(anonymous_5)
FNDA:0,(anonymous_6)
FNDA:0,(anonymous_7)
FNDA:0,(anonymous_8)
FNDA:0,(anonymous_9)
FNDA:0,(anonymous_10)
FNDA:0,(anonymous_11)
FNDA:0,(anonymous_12)
FNDA:0,(anonymous_13)
FNDA:0,(anonymous_14)
FNDA:0,(anonymous_15)
FNDA:0,(anonymous_16)
DA:8,0
DA:9,0
DA:10,0
DA:11,0
DA:12,0
DA:13,0
DA:15,0
DA:23,0
DA:24,0
DA:27,0
DA:28,0
DA:29,0
DA:30,0
DA:31,0
DA:36,0
DA:38,0
DA:40,0
DA:44,0
DA:45,0
DA:46,0
DA:47,0
DA:49,0
DA:50,0
DA:54,0
DA:55,0
DA:57,0
DA:59,0
DA:63,0
DA:64,0
DA:66,0
DA:67,0
DA:68,0
DA:71,0
DA:72,0
DA:74,0
DA:75,0
DA:78,0
DA:79,0
DA:86,0
DA:88,0
DA:92,0
DA:93,0
DA:97,0
DA:98,0
DA:99,0
DA:100,0
DA:101,0
DA:102,0
DA:104,0
DA:107,0
DA:108,0
DA:111,0
DA:121,0
DA:128,0
DA:135,0
DA:142,0
DA:185,0
DA:194,0
DA:236,0
DA:246,0
LF:60
LH:0
BRDA:66,0,0,0
BRDA:66,0,1,0
BRDA:107,1,0,0
BRDA:107,1,1,0
BRDA:120,2,0,0
BRDA:120,2,1,0
BRDA:127,3,0,0
BRDA:127,3,1,0
BRDA:134,4,0,0
BRDA:134,4,1,0
BRDA:141,5,0,0
BRDA:141,5,1,0
BRDA:150,6,0,0
BRDA:150,6,1,0
BRDA:156,7,0,0
BRDA:156,7,1,0
BRDA:159,8,0,0
BRDA:159,8,1,0
BRDA:172,9,0,0
BRDA:172,9,1,0
BRDA:173,10,0,0
BRDA:173,10,1,0
BRDA:202,11,0,0
BRDA:202,11,1,0
BRDA:208,12,0,0
BRDA:208,12,1,0
BRDA:214,13,0,0
BRDA:214,13,1,0
BRDA:221,14,0,0
BRDA:221,14,1,0
BRDA:224,15,0,0
BRDA:224,15,1,0
BRDA:225,16,0,0
BRDA:225,16,1,0
BRDA:251,17,0,0
BRDA:251,17,1,0
BRDA:257,18,0,0
BRDA:257,18,1,0
BRF:38
BRH:0
end_of_record
TN:
SF:src/pages/Inicio/Inicio.tsx
FN:5,Inicio
FNF:1
FNH:0
FNDA:0,Inicio
DA:6,0
LF:1
LH:0
BRF:0
BRH:0
end_of_record
TN:
SF:src/pages/Modulos/Modulos.tsx
FN:8,Modulos
FN:16,(anonymous_1)
FN:18,(anonymous_2)
FN:19,(anonymous_3)
FN:26,(anonymous_4)
FN:36,(anonymous_5)
FN:38,(anonymous_6)
FN:40,(anonymous_7)
FN:43,(anonymous_8)
FN:82,(anonymous_9)
FN:86,(anonymous_10)
FN:109,(anonymous_11)
FN:123,(anonymous_12)
FNF:13
FNH:0
FNDA:0,Modulos
FNDA:0,(anonymous_1)
FNDA:0,(anonymous_2)
FNDA:0,(anonymous_3)
FNDA:0,(anonymous_4)
FNDA:0,(anonymous_5)
FNDA:0,(anonymous_6)
FNDA:0,(anonymous_7)
FNDA:0,(anonymous_8)
FNDA:0,(anonymous_9)
FNDA:0,(anonymous_10)
FNDA:0,(anonymous_11)
FNDA:0,(anonymous_12)
DA:9,0
DA:10,0
DA:11,0
DA:12,0
DA:13,0
DA:14,0
DA:16,0
DA:18,0
DA:19,0
DA:20,0
DA:21,0
DA:25,0
DA:26,0
DA:28,0
DA:30,0
DA:33,0
DA:36,0
DA:37,0
DA:38,0
DA:39,0
DA:40,0
DA:43,0
DA:46,0
DA:47,0
DA:48,0
DA:49,0
DA:50,0
DA:51,0
DA:52,0
DA:53,0
DA:55,0
DA:58,0
DA:59,0
DA:61,0
DA:65,0
DA:66,0
DA:69,0
DA:83,0
DA:86,0
DA:110,0
DA:111,0
DA:123,0
LF:42
LH:0
BRDA:16,0,0,0
BRDA:16,0,1,0
BRDA:37,1,0,0
BRDA:37,1,1,0
BRDA:49,2,0,0
BRDA:49,2,1,0
BRDA:52,3,0,0
BRDA:52,3,1,0
BRDA:65,4,0,0
BRDA:65,4,1,0
BRDA:78,5,0,0
BRDA:78,5,1,0
BRDA:85,6,0,0
BRDA:85,6,1,0
BRDA:98,7,0,0
BRDA:98,7,1,0
BRDA:105,8,0,0
BRDA:105,8,1,0
BRDA:112,9,0,0
BRDA:112,9,1,0
BRDA:115,10,0,0
BRDA:115,10,1,0
BRF:22
BRH:0
end_of_record
TN:
SF:src/pages/Plantillas/Plantillas.tsx
FN:11,Plantillas
FN:24,(anonymous_1)
FN:28,(anonymous_2)
FN:30,(anonymous_3)
FN:44,(anonymous_4)
FN:61,(anonymous_5)
FN:72,(anonymous_6)
FN:83,(anonymous_7)
FN:101,(anonymous_8)
FN:107,(anonymous_9)
FN:128,(anonymous_10)
FN:140,(anonymous_11)
FN:143,(anonymous_12)
FN:153,(anonymous_13)
FN:164,(anonymous_14)
FN:175,(anonymous_15)
FN:189,(anonymous_16)
FN:201,(anonymous_17)
FN:210,(anonymous_18)
FNF:19
FNH:0
FNDA:0,Plantillas
FNDA:0,(anonymous_1)
FNDA:0,(anonymous_2)
FNDA:0,(anonymous_3)
FNDA:0,(anonymous_4)
FNDA:0,(anonymous_5)
FNDA:0,(anonymous_6)
FNDA:0,(anonymous_7)
FNDA:0,(anonymous_8)
FNDA:0,(anonymous_9)
FNDA:0,(anonymous_10)
FNDA:0,(anonymous_11)
FNDA:0,(anonymous_12)
FNDA:0,(anonymous_13)
FNDA:0,(anonymous_14)
FNDA:0,(anonymous_15)
FNDA:0,(anonymous_16)
FNDA:0,(anonymous_17)
FNDA:0,(anonymous_18)
DA:12,0
DA:13,0
DA:14,0
DA:15,0
DA:16,0
DA:17,0
DA:24,0
DA:25,0
DA:28,0
DA:30,0
DA:31,0
DA:32,0
DA:33,0
DA:36,0
DA:38,0
DA:40,0
DA:44,0
DA:45,0
DA:46,0
DA:47,0
DA:48,0
DA:50,0
DA:52,0
DA:53,0
DA:54,0
DA:55,0
DA:57,0
DA:61,0
DA:62,0
DA:63,0
DA:69,0
DA:72,0
DA:73,0
DA:74,0
DA:75,0
DA:76,0
DA:78,0
DA:83,0
DA:84,0
DA:85,0
DA:86,0
DA:89,0
DA:101,0
DA:107,0
DA:129,0
DA:140,0
DA:143,0
DA:153,0
DA:164,0
DA:175,0
DA:189,0
DA:201,0
DA:210,0
LF:53
LH:0
BRDA:33,0,0,0
BRDA:33,0,1,0
BRDA:47,1,0,0
BRDA:47,1,1,0
BRDA:66,2,0,0
BRDA:66,2,1,0
BRDA:73,3,0,0
BRDA:73,3,1,0
BRDA:100,4,0,0
BRDA:100,4,1,0
BRDA:106,5,0,0
BRDA:106,5,1,0
BRDA:113,6,0,0
BRDA:113,6,1,0
BRDA:115,7,0,0
BRDA:115,7,1,0
BRDA:115,7,2,0
BRDA:117,8,0,0
BRDA:117,8,1,0
BRDA:118,9,0,0
BRDA:118,9,1,0
BRDA:126,10,0,0
BRDA:126,10,1,0
BRDA:126,10,2,0
BRDA:142,11,0,0
BRDA:142,11,1,0
BRDA:183,12,0,0
BRDA:183,12,1,0
BRDA:195,13,0,0
BRDA:195,13,1,0
BRDA:214,14,0,0
BRDA:214,14,1,0
BRF:32
BRH:0
end_of_record
TN:
SF:src/pages/Sitios/Sitios.tsx
FN:13,Sitios
FN:30,(anonymous_1)
FN:32,(anonymous_2)
FN:33,(anonymous_3)
FN:39,(anonymous_4)
FN:44,(anonymous_5)
FN:44,(anonymous_6)
FN:44,(anonymous_7)
FN:54,(anonymous_8)
FN:64,(anonymous_9)
FN:67,(anonymous_10)
FN:73,(anonymous_11)
FN:78,(anonymous_12)
FN:82,(anonymous_13)
FN:102,(anonymous_14)
FN:113,(anonymous_15)
FN:141,(anonymous_16)
FN:153,(anonymous_17)
FN:162,(anonymous_18)
FN:173,(anonymous_19)
FN:185,(anonymous_20)
FN:192,(anonymous_21)
FN:199,(anonymous_22)
FN:211,(anonymous_23)
FN:216,(anonymous_24)
FN:221,(anonymous_25)
FN:232,(anonymous_26)
FNF:27
FNH:0
FNDA:0,Sitios
FNDA:0,(anonymous_1)
FNDA:0,(anonymous_2)
FNDA:0,(anonymous_3)
FNDA:0,(anonymous_4)
FNDA:0,(anonymous_5)
FNDA:0,(anonymous_6)
FNDA:0,(anonymous_7)
FNDA:0,(anonymous_8)
FNDA:0,(anonymous_9)
FNDA:0,(anonymous_10)
FNDA:0,(anonymous_11)
FNDA:0,(anonymous_12)
FNDA:0,(anonymous_13)
FNDA:0,(anonymous_14)
FNDA:0,(anonymous_15)
FNDA:0,(anonymous_16)
FNDA:0,(anonymous_17)
FNDA:0,(anonymous_18)
FNDA:0,(anonymous_19)
FNDA:0,(anonymous_20)
FNDA:0,(anonymous_21)
FNDA:0,(anonymous_22)
FNDA:0,(anonymous_23)
FNDA:0,(anonymous_24)
FNDA:0,(anonymous_25)
FNDA:0,(anonymous_26)
DA:14,0
DA:15,0
DA:16,0
DA:17,0
DA:18,0
DA:19,0
DA:20,0
DA:21,0
DA:22,0
DA:28,0
DA:30,0
DA:32,0
DA:33,0
DA:34,0
DA:35,0
DA:39,0
DA:40,0
DA:41,0
DA:42,0
DA:43,0
DA:44,0
DA:46,0
DA:48,0
DA:50,0
DA:54,0
DA:55,0
DA:56,0
DA:57,0
DA:58,0
DA:60,0
DA:64,0
DA:65,0
DA:66,0
DA:67,0
DA:69,0
DA:73,0
DA:74,0
DA:75,0
DA:78,0
DA:79,0
DA:82,0
DA:83,0
DA:84,0
DA:92,0
DA:93,0
DA:94,0
DA:95,0
DA:96,0
DA:98,0
DA:102,0
DA:103,0
DA:104,0
DA:105,0
DA:106,0
DA:108,0
DA:113,0
DA:114,0
DA:115,0
DA:116,0
DA:119,0
DA:120,0
DA:123,0
DA:142,0
DA:153,0
DA:162,0
DA:173,0
DA:185,0
DA:192,0
DA:199,0
DA:212,0
DA:217,0
DA:221,0
DA:232,0
LF:73
LH:0
BRDA:103,0,0,0
BRDA:103,0,1,0
BRDA:119,1,0,0
BRDA:119,1,1,0
BRDA:132,2,0,0
BRDA:132,2,1,0
BRDA:147,3,0,0
BRDA:147,3,1,0
BRDA:153,4,0,0
BRDA:153,4,1,0
BRDA:184,5,0,0
BRDA:184,5,1,0
BRDA:191,6,0,0
BRDA:191,6,1,0
BRDA:198,7,0,0
BRDA:198,7,1,0
BRDA:206,8,0,0
BRDA:206,8,1,0
BRDA:212,9,0,0
BRDA:212,9,1,0
BRDA:213,10,0,0
BRDA:213,10,1,0
BRDA:220,11,0,0
BRDA:220,11,1,0
BRDA:223,12,0,0
BRDA:223,12,1,0
BRF:26
BRH:0
end_of_record
TN:
SF:src/pages/Tienda/Tienda.tsx
FN:77,slugify
FN:86,formatPrice
FN:90,getFirstImage
FN:98,Tienda
FN:133,(anonymous_4)
FN:136,(anonymous_5)
FN:143,(anonymous_6)
FN:145,(anonymous_7)
FN:148,(anonymous_8)
FN:152,(anonymous_9)
FN:164,loadSitios
FN:180,loadProductos
FN:193,loadCategorias
FN:205,loadPedidos
FN:217,openCreateForm
FN:225,openEditForm
FN:248,closeForm
FN:254,handleChange
FN:260,(anonymous_18)
FN:262,(anonymous_19)
FN:270,buildProductoPayload
FN:294,handleProductoSubmit
FN:336,handleDeleteProducto
FN:354,handleImageUpload
FN:376,(anonymous_24)
FN:386,openCreateCategoria
FN:392,openEditCategoria
FN:403,closeCategoriaModal
FN:409,handleCategoriaChange
FN:413,(anonymous_29)
FN:420,handleCategoriaSubmit
FN:459,handleDeleteCategoria
FN:474,openPedidoDetail
FN:485,handleCambiarEstadoPedido
FN:520,(anonymous_34)
FN:524,(anonymous_35)
FN:536,(anonymous_36)
FN:542,(anonymous_37)
FN:548,(anonymous_38)
FN:578,(anonymous_39)
FN:599,(anonymous_40)
FN:634,(anonymous_41)
FN:637,(anonymous_42)
FN:773,(anonymous_43)
FN:863,(anonymous_44)
FN:877,(anonymous_45)
FN:880,(anonymous_46)
FN:892,(anonymous_47)
FN:977,(anonymous_48)
FN:980,(anonymous_49)
FN:1012,(anonymous_50)
FN:1026,(anonymous_51)
FN:1035,(anonymous_52)
FN:1039,(anonymous_53)
FN:1043,(anonymous_54)
FN:1113,(anonymous_55)
FN:1142,(anonymous_56)
FN:1145,(anonymous_57)
FNF:58
FNH:0
FNDA:0,slugify
FNDA:0,formatPrice
FNDA:0,getFirstImage
FNDA:0,Tienda
FNDA:0,(anonymous_4)
FNDA:0,(anonymous_5)
FNDA:0,(anonymous_6)
FNDA:0,(anonymous_7)
FNDA:0,(anonymous_8)
FNDA:0,(anonymous_9)
FNDA:0,loadSitios
FNDA:0,loadProductos
FNDA:0,loadCategorias
FNDA:0,loadPedidos
FNDA:0,openCreateForm
FNDA:0,openEditForm
FNDA:0,closeForm
FNDA:0,handleChange
FNDA:0,(anonymous_18)
FNDA:0,(anonymous_19)
FNDA:0,buildProductoPayload
FNDA:0,handleProductoSubmit
FNDA:0,handleDeleteProducto
FNDA:0,handleImageUpload
FNDA:0,(anonymous_24)
FNDA:0,openCreateCategoria
FNDA:0,openEditCategoria
FNDA:0,closeCategoriaModal
FNDA:0,handleCategoriaChange
FNDA:0,(anonymous_29)
FNDA:0,handleCategoriaSubmit
FNDA:0,handleDeleteCategoria
FNDA:0,openPedidoDetail
FNDA:0,handleCambiarEstadoPedido
FNDA:0,(anonymous_34)
FNDA:0,(anonymous_35)
FNDA:0,(anonymous_36)
FNDA:0,(anonymous_37)
FNDA:0,(anonymous_38)
FNDA:0,(anonymous_39)
FNDA:0,(anonymous_40)
FNDA:0,(anonymous_41)
FNDA:0,(anonymous_42)
FNDA:0,(anonymous_43)
FNDA:0,(anonymous_44)
FNDA:0,(anonymous_45)
FNDA:0,(anonymous_46)
FNDA:0,(anonymous_47)
FNDA:0,(anonymous_48)
FNDA:0,(anonymous_49)
FNDA:0,(anonymous_50)
FNDA:0,(anonymous_51)
FNDA:0,(anonymous_52)
FNDA:0,(anonymous_53)
FNDA:0,(anonymous_54)
FNDA:0,(anonymous_55)
FNDA:0,(anonymous_56)
FNDA:0,(anonymous_57)
DA:44,0
DA:61,0
DA:68,0
DA:78,0
DA:87,0
DA:91,0
DA:92,0
DA:93,0
DA:95,0
DA:99,0
DA:101,0
DA:102,0
DA:104,0
DA:105,0
DA:106,0
DA:107,0
DA:109,0
DA:110,0
DA:111,0
DA:112,0
DA:113,0
DA:114,0
DA:115,0
DA:117,0
DA:118,0
DA:120,0
DA:121,0
DA:123,0
DA:124,0
DA:125,0
DA:127,0
DA:128,0
DA:129,0
DA:131,0
DA:133,0
DA:134,0
DA:135,0
DA:136,0
DA:138,0
DA:143,0
DA:144,0
DA:145,0
DA:148,0
DA:149,0
DA:152,0
DA:153,0
DA:154,0
DA:155,0
DA:156,0
DA:158,0
DA:159,0
DA:160,0
DA:165,0
DA:166,0
DA:167,0
DA:168,0
DA:169,0
DA:170,0
DA:171,0
DA:174,0
DA:176,0
DA:181,0
DA:182,0
DA:183,0
DA:184,0
DA:185,0
DA:187,0
DA:189,0
DA:194,0
DA:195,0
DA:196,0
DA:197,0
DA:201,0
DA:206,0
DA:207,0
DA:208,0
DA:209,0
DA:213,0
DA:218,0
DA:219,0
DA:220,0
DA:221,0
DA:222,0
DA:226,0
DA:227,0
DA:243,0
DA:244,0
DA:245,0
DA:249,0
DA:250,0
DA:251,0
DA:257,0
DA:258,0
DA:259,0
DA:260,0
DA:262,0
DA:271,0
DA:287,0
DA:288,0
DA:291,0
DA:295,0
DA:297,0
DA:298,0
DA:299,0
DA:302,0
DA:303,0
DA:304,0
DA:307,0
DA:308,0
DA:309,0
DA:312,0
DA:313,0
DA:314,0
DA:316,0
DA:317,0
DA:319,0
DA:320,0
DA:321,0
DA:323,0
DA:324,0
DA:327,0
DA:328,0
DA:330,0
DA:332,0
DA:337,0
DA:339,0
DA:340,0
DA:342,0
DA:343,0
DA:345,0
DA:346,0
DA:347,0
DA:348,0
DA:350,0
DA:355,0
DA:356,0
DA:357,0
DA:360,0
DA:361,0
DA:363,0
DA:364,0
DA:366,0
DA:367,0
DA:368,0
DA:369,0
DA:373,0
DA:374,0
DA:375,0
DA:376,0
DA:377,0
DA:380,0
DA:382,0
DA:387,0
DA:388,0
DA:389,0
DA:393,0
DA:394,0
DA:400,0
DA:404,0
DA:405,0
DA:406,0
DA:412,0
DA:413,0
DA:421,0
DA:423,0
DA:425,0
DA:426,0
DA:427,0
DA:430,0
DA:431,0
DA:432,0
DA:434,0
DA:435,0
DA:442,0
DA:443,0
DA:444,0
DA:446,0
DA:447,0
DA:450,0
DA:451,0
DA:453,0
DA:455,0
DA:460,0
DA:462,0
DA:463,0
DA:465,0
DA:466,0
DA:467,0
DA:468,0
DA:470,0
DA:475,0
DA:476,0
DA:477,0
DA:478,0
DA:479,0
DA:481,0
DA:486,0
DA:487,0
DA:488,0
DA:489,0
DA:490,0
DA:491,0
DA:492,0
DA:493,0
DA:496,0
DA:500,0
DA:520,0
DA:525,0
DA:536,0
DA:542,0
DA:548,0
DA:578,0
DA:600,0
DA:601,0
DA:634,0
DA:637,0
DA:774,0
DA:864,0
DA:877,0
DA:880,0
DA:892,0
DA:977,0
DA:981,0
DA:1013,0
DA:1026,0
DA:1035,0
DA:1039,0
DA:1043,0
DA:1114,0
DA:1143,0
DA:1145,0
LF:231
LH:0
BRDA:92,0,0,0
BRDA:92,0,1,0
BRDA:92,1,0,0
BRDA:92,1,1,0
BRDA:92,1,2,0
BRDA:134,2,0,0
BRDA:134,2,1,0
BRDA:138,3,0,0
BRDA:138,3,1,0
BRDA:144,4,0,0
BRDA:144,4,1,0
BRDA:153,5,0,0
BRDA:153,5,1,0
BRDA:170,6,0,0
BRDA:170,6,1,0
BRDA:174,7,0,0
BRDA:174,7,1,0
BRDA:187,8,0,0
BRDA:187,8,1,0
BRDA:233,9,0,0
BRDA:233,9,1,0
BRDA:258,10,0,0
BRDA:258,10,1,0
BRDA:265,11,0,0
BRDA:265,11,1,0
BRDA:265,12,0,0
BRDA:265,12,1,0
BRDA:273,13,0,0
BRDA:273,13,1,0
BRDA:274,14,0,0
BRDA:274,14,1,0
BRDA:275,15,0,0
BRDA:275,15,1,0
BRDA:277,16,0,0
BRDA:277,16,1,0
BRDA:278,17,0,0
BRDA:278,17,1,0
BRDA:284,18,0,0
BRDA:284,18,1,0
BRDA:287,19,0,0
BRDA:287,19,1,0
BRDA:297,20,0,0
BRDA:297,20,1,0
BRDA:302,21,0,0
BRDA:302,21,1,0
BRDA:307,22,0,0
BRDA:307,22,1,0
BRDA:307,23,0,0
BRDA:307,23,1,0
BRDA:319,24,0,0
BRDA:319,24,1,0
BRDA:330,25,0,0
BRDA:330,25,1,0
BRDA:337,26,0,0
BRDA:337,26,1,0
BRDA:340,27,0,0
BRDA:340,27,1,0
BRDA:350,28,0,0
BRDA:350,28,1,0
BRDA:355,29,0,0
BRDA:355,29,1,0
BRDA:361,30,0,0
BRDA:361,30,1,0
BRDA:370,31,0,0
BRDA:370,31,1,0
BRDA:374,32,0,0
BRDA:374,32,1,0
BRDA:374,32,2,0
BRDA:375,33,0,0
BRDA:375,33,1,0
BRDA:380,34,0,0
BRDA:380,34,1,0
BRDA:397,35,0,0
BRDA:397,35,1,0
BRDA:398,36,0,0
BRDA:398,36,1,0
BRDA:416,37,0,0
BRDA:416,37,1,0
BRDA:416,38,0,0
BRDA:416,38,1,0
BRDA:423,39,0,0
BRDA:423,39,1,0
BRDA:425,40,0,0
BRDA:425,40,1,0
BRDA:437,41,0,0
BRDA:437,41,1,0
BRDA:438,42,0,0
BRDA:438,42,1,0
BRDA:439,43,0,0
BRDA:439,43,1,0
BRDA:442,44,0,0
BRDA:442,44,1,0
BRDA:453,45,0,0
BRDA:453,45,1,0
BRDA:460,46,0,0
BRDA:460,46,1,0
BRDA:463,47,0,0
BRDA:463,47,1,0
BRDA:470,48,0,0
BRDA:470,48,1,0
BRDA:475,49,0,0
BRDA:475,49,1,0
BRDA:486,50,0,0
BRDA:486,50,1,0
BRDA:489,51,0,0
BRDA:489,51,1,0
BRDA:491,52,0,0
BRDA:491,52,1,0
BRDA:491,53,0,0
BRDA:491,53,1,0
BRDA:496,54,0,0
BRDA:496,54,1,0
BRDA:512,55,0,0
BRDA:512,55,1,0
BRDA:513,56,0,0
BRDA:513,56,1,0
BRDA:519,57,0,0
BRDA:519,57,1,0
BRDA:535,58,0,0
BRDA:535,58,1,0
BRDA:541,59,0,0
BRDA:541,59,1,0
BRDA:547,60,0,0
BRDA:547,60,1,0
BRDA:554,61,0,0
BRDA:554,61,1,0
BRDA:560,62,0,0
BRDA:560,62,1,0
BRDA:560,62,2,0
BRDA:591,63,0,0
BRDA:591,63,1,0
BRDA:593,64,0,0
BRDA:593,64,1,0
BRDA:604,65,0,0
BRDA:604,65,1,0
BRDA:609,66,0,0
BRDA:609,66,1,0
BRDA:614,67,0,0
BRDA:614,67,1,0
BRDA:650,68,0,0
BRDA:650,68,1,0
BRDA:653,69,0,0
BRDA:653,69,1,0
BRDA:784,70,0,0
BRDA:784,70,1,0
BRDA:791,71,0,0
BRDA:791,71,1,0
BRDA:833,72,0,0
BRDA:833,72,1,0
BRDA:835,73,0,0
BRDA:835,73,1,0
BRDA:846,74,0,0
BRDA:846,74,1,0
BRDA:846,74,2,0
BRDA:855,75,0,0
BRDA:855,75,1,0
BRDA:857,76,0,0
BRDA:857,76,1,0
BRDA:868,77,0,0
BRDA:868,77,1,0
BRDA:890,78,0,0
BRDA:890,78,1,0
BRDA:894,79,0,0
BRDA:894,79,1,0
BRDA:951,80,0,0
BRDA:951,80,1,0
BRDA:953,81,0,0
BRDA:953,81,1,0
BRDA:965,82,0,0
BRDA:965,82,1,0
BRDA:965,82,2,0
BRDA:989,83,0,0
BRDA:989,83,1,0
BRDA:991,84,0,0
BRDA:991,84,1,0
BRDA:993,85,0,0
BRDA:993,85,1,0
BRDA:1020,86,0,0
BRDA:1020,86,1,0
BRDA:1034,87,0,0
BRDA:1034,87,1,0
BRDA:1034,87,2,0
BRDA:1056,88,0,0
BRDA:1056,88,1,0
BRDA:1068,89,0,0
BRDA:1068,89,1,0
BRDA:1074,90,0,0
BRDA:1074,90,1,0
BRDA:1082,91,0,0
BRDA:1082,91,1,0
BRDA:1082,91,2,0
BRDA:1082,91,3,0
BRDA:1093,92,0,0
BRDA:1093,92,1,0
BRDA:1116,93,0,0
BRDA:1116,93,1,0
BRDA:1151,94,0,0
BRDA:1151,94,1,0
BRDA:1152,95,0,0
BRDA:1152,95,1,0
BRDA:1171,96,0,0
BRDA:1171,96,1,0
BRF:202
BRH:0
end_of_record
TN:
SF:src/pages/WebEditor/WebEditor.tsx
FN:11,WebEditor
FN:20,(anonymous_1)
FN:22,(anonymous_2)
FN:27,(anonymous_3)
FN:68,(anonymous_4)
FN:78,(anonymous_5)
FN:101,(anonymous_6)
FN:116,(anonymous_7)
FN:124,(anonymous_8)
FN:129,(anonymous_9)
FN:134,(anonymous_10)
FN:138,(anonymous_11)
FN:141,(anonymous_12)
FN:144,(anonymous_13)
FN:155,(anonymous_14)
FN:156,(anonymous_15)
FN:160,(anonymous_16)
FN:178,(anonymous_17)
FN:188,(anonymous_18)
FN:198,(anonymous_19)
FN:211,(anonymous_20)
FN:218,(anonymous_21)
FN:225,(anonymous_22)
FN:233,(anonymous_23)
FN:238,(anonymous_24)
FN:301,(anonymous_25)
FN:302,(anonymous_26)
FN:359,(anonymous_27)
FNF:28
FNH:0
FNDA:0,WebEditor
FNDA:0,(anonymous_1)
FNDA:0,(anonymous_2)
FNDA:0,(anonymous_3)
FNDA:0,(anonymous_4)
FNDA:0,(anonymous_5)
FNDA:0,(anonymous_6)
FNDA:0,(anonymous_7)
FNDA:0,(anonymous_8)
FNDA:0,(anonymous_9)
FNDA:0,(anonymous_10)
FNDA:0,(anonymous_11)
FNDA:0,(anonymous_12)
FNDA:0,(anonymous_13)
FNDA:0,(anonymous_14)
FNDA:0,(anonymous_15)
FNDA:0,(anonymous_16)
FNDA:0,(anonymous_17)
FNDA:0,(anonymous_18)
FNDA:0,(anonymous_19)
FNDA:0,(anonymous_20)
FNDA:0,(anonymous_21)
FNDA:0,(anonymous_22)
FNDA:0,(anonymous_23)
FNDA:0,(anonymous_24)
FNDA:0,(anonymous_25)
FNDA:0,(anonymous_26)
FNDA:0,(anonymous_27)
DA:12,0
DA:13,0
DA:14,0
DA:15,0
DA:16,0
DA:17,0
DA:18,0
DA:20,0
DA:21,0
DA:22,0
DA:25,0
DA:27,0
DA:28,0
DA:36,0
DA:44,0
DA:52,0
DA:53,0
DA:54,0
DA:55,0
DA:57,0
DA:58,0
DA:59,0
DA:60,0
DA:61,0
DA:65,0
DA:68,0
DA:69,0
DA:70,0
DA:71,0
DA:74,0
DA:76,0
DA:78,0
DA:79,0
DA:80,0
DA:81,0
DA:82,0
DA:87,0
DA:88,0
DA:94,0
DA:95,0
DA:96,0
DA:97,0
DA:101,0
DA:102,0
DA:103,0
DA:105,0
DA:106,0
DA:114,0
DA:116,0
DA:117,0
DA:118,0
DA:119,0
DA:124,0
DA:125,0
DA:129,0
DA:130,0
DA:134,0
DA:135,0
DA:136,0
DA:138,0
DA:139,0
DA:141,0
DA:142,0
DA:144,0
DA:145,0
DA:146,0
DA:149,0
DA:150,0
DA:151,0
DA:155,0
DA:156,0
DA:160,0
DA:161,0
DA:164,0
DA:179,0
DA:180,0
DA:189,0
DA:190,0
DA:199,0
DA:200,0
DA:211,0
DA:218,0
DA:225,0
DA:234,0
DA:235,0
DA:236,0
DA:237,0
DA:238,0
DA:240,0
DA:241,0
DA:242,0
DA:243,0
DA:244,0
DA:245,0
DA:246,0
DA:248,0
DA:253,0
DA:255,0
DA:262,0
DA:264,0
DA:266,0
DA:267,0
DA:268,0
DA:269,0
DA:271,0
DA:275,0
DA:276,0
DA:277,0
DA:278,0
DA:279,0
DA:280,0
DA:288,0
DA:290,0
DA:292,0
DA:299,0
DA:301,0
DA:302,0
DA:303,0
DA:308,0
DA:309,0
DA:311,0
DA:312,0
DA:315,0
DA:326,0
DA:327,0
DA:330,0
DA:331,0
DA:333,0
DA:334,0
DA:338,0
DA:340,0
DA:344,0
DA:347,0
DA:348,0
DA:350,0
DA:359,0
LF:136
LH:0
BRDA:52,0,0,0
BRDA:52,0,1,0
BRDA:57,1,0,0
BRDA:57,1,1,0
BRDA:58,2,0,0
BRDA:58,2,1,0
BRDA:59,3,0,0
BRDA:59,3,1,0
BRDA:61,4,0,0
BRDA:61,4,1,0
BRDA:65,5,0,0
BRDA:65,5,1,0
BRDA:69,6,0,0
BRDA:69,6,1,0
BRDA:80,7,0,0
BRDA:80,7,1,0
BRDA:103,8,0,0
BRDA:103,8,1,0
BRDA:105,9,0,0
BRDA:105,9,1,0
BRDA:109,10,0,0
BRDA:109,10,1,0
BRDA:117,11,0,0
BRDA:117,11,1,0
BRDA:125,12,0,0
BRDA:125,12,1,0
BRDA:146,13,0,0
BRDA:146,13,1,0
BRDA:149,14,0,0
BRDA:149,14,1,0
BRDA:149,15,0,0
BRDA:149,15,1,0
BRDA:149,15,2,0
BRDA:161,16,0,0
BRDA:161,16,1,0
BRDA:177,17,0,0
BRDA:177,17,1,0
BRDA:187,18,0,0
BRDA:187,18,1,0
BRDA:197,19,0,0
BRDA:197,19,1,0
BRDA:234,20,0,0
BRDA:234,20,1,0
BRDA:264,21,0,0
BRDA:264,21,1,0
BRDA:282,22,0,0
BRDA:282,22,1,0
BRDA:283,23,0,0
BRDA:283,23,1,0
BRDA:284,24,0,0
BRDA:284,24,1,0
BRDA:288,25,0,0
BRDA:288,25,1,0
BRDA:290,26,0,0
BRDA:290,26,1,0
BRDA:303,27,0,0
BRDA:303,27,1,0
BRDA:312,28,0,0
BRDA:312,28,1,0
BRDA:316,29,0,0
BRDA:316,29,1,0
BRDA:326,30,0,0
BRDA:326,30,1,0
BRDA:333,31,0,0
BRDA:333,31,1,0
BRDA:443,32,0,0
BRDA:443,32,1,0
BRF:67
BRH:0
end_of_record
TN:
SF:src/services/api.ts
FN:5,fetchApi
FN:20,(anonymous_1)
FNF:2
FNH:0
FNDA:0,fetchApi
FNDA:0,(anonymous_1)
DA:3,0
DA:6,0
DA:8,0
DA:14,0
DA:19,0
DA:20,0
DA:21,0
DA:24,0
DA:25,0
DA:28,0
LF:10
LH:0
BRDA:5,0,0,0
BRDA:10,1,0,0
BRDA:10,1,1,0
BRDA:19,2,0,0
BRDA:19,2,1,0
BRDA:21,3,0,0
BRDA:21,3,1,0
BRDA:24,4,0,0
BRDA:24,4,1,0
BRF:9
BRH:0
end_of_record
TN:
SF:src/services/auth.ts
FN:5,(anonymous_0)
FN:11,(anonymous_1)
FN:23,(anonymous_2)
FN:30,(anonymous_3)
FN:33,(anonymous_4)
FN:39,(anonymous_5)
FN:42,(anonymous_6)
FNF:7
FNH:0
FNDA:0,(anonymous_0)
FNDA:0,(anonymous_1)
FNDA:0,(anonymous_2)
FNDA:0,(anonymous_3)
FNDA:0,(anonymous_4)
FNDA:0,(anonymous_5)
FNDA:0,(anonymous_6)
DA:4,0
DA:6,0
DA:12,0
DA:13,0
DA:14,0
DA:15,0
DA:22,0
DA:23,0
DA:24,0
DA:26,0
DA:27,0
DA:28,0
DA:31,0
DA:34,0
DA:40,0
DA:43,0
LF:16
LH:0
BRDA:22,0,0,0
BRDA:22,0,1,0
BRDA:24,1,0,0
BRDA:24,1,1,0
BRF:4
BRH:0
end_of_record
TN:
SF:src/services/blog.ts
FN:13,(anonymous_0)
FN:18,(anonymous_1)
FN:22,(anonymous_2)
FN:29,(anonymous_3)
FN:40,(anonymous_4)
FN:49,(anonymous_5)
FN:59,(anonymous_6)
FN:79,(anonymous_7)
FNF:8
FNH:0
FNDA:0,(anonymous_0)
FNDA:0,(anonymous_1)
FNDA:0,(anonymous_2)
FNDA:0,(anonymous_3)
FNDA:0,(anonymous_4)
FNDA:0,(anonymous_5)
FNDA:0,(anonymous_6)
FNDA:0,(anonymous_7)
DA:12,0
DA:14,0
DA:15,0
DA:19,0
DA:23,0
DA:34,0
DA:41,0
DA:53,0
DA:60,0
DA:61,0
DA:63,0
DA:65,0
DA:76,0
DA:77,0
DA:79,0
DA:81,0
DA:84,0
LF:17
LH:0
BRDA:13,0,0,0
BRDA:14,1,0,0
BRDA:14,1,1,0
BRDA:70,2,0,0
BRDA:70,2,1,0
BRDA:76,3,0,0
BRDA:76,3,1,0
BRDA:81,4,0,0
BRDA:81,4,1,0
BRF:9
BRH:0
end_of_record
TN:
SF:src/services/modulo.ts
FN:5,(anonymous_0)
FN:8,(anonymous_1)
FN:11,(anonymous_2)
FN:17,(anonymous_3)
FN:23,(anonymous_4)
FNF:5
FNH:0
FNDA:0,(anonymous_0)
FNDA:0,(anonymous_1)
FNDA:0,(anonymous_2)
FNDA:0,(anonymous_3)
FNDA:0,(anonymous_4)
DA:4,0
DA:6,0
DA:9,0
DA:12,0
DA:18,0
DA:24,0
LF:6
LH:0
BRF:0
BRH:0
end_of_record
TN:
SF:src/services/plantilla.ts
FN:5,(anonymous_0)
FN:8,(anonymous_1)
FN:11,(anonymous_2)
FN:14,(anonymous_3)
FN:17,(anonymous_4)
FN:23,(anonymous_5)
FN:29,(anonymous_6)
FNF:7
FNH:0
FNDA:0,(anonymous_0)
FNDA:0,(anonymous_1)
FNDA:0,(anonymous_2)
FNDA:0,(anonymous_3)
FNDA:0,(anonymous_4)
FNDA:0,(anonymous_5)
FNDA:0,(anonymous_6)
DA:4,0
DA:6,0
DA:9,0
DA:12,0
DA:15,0
DA:18,0
DA:24,0
DA:30,0
LF:8
LH:0
BRF:0
BRH:0
end_of_record
TN:
SF:src/services/siteAuth.ts
FN:12,(anonymous_0)
FN:19,(anonymous_1)
FN:26,(anonymous_2)
FN:32,(anonymous_3)
FN:36,(anonymous_4)
FN:43,(anonymous_5)
FN:49,(anonymous_6)
FNF:7
FNH:0
FNDA:0,(anonymous_0)
FNDA:0,(anonymous_1)
FNDA:0,(anonymous_2)
FNDA:0,(anonymous_3)
FNDA:0,(anonymous_4)
FNDA:0,(anonymous_5)
FNDA:0,(anonymous_6)
DA:11,0
DA:13,0
DA:20,0
DA:27,0
DA:33,0
DA:37,0
DA:44,0
DA:50,0
LF:8
LH:0
BRF:0
BRH:0
end_of_record
TN:
SF:src/services/sitio.ts
FN:5,(anonymous_0)
FN:8,(anonymous_1)
FN:11,(anonymous_2)
FN:17,(anonymous_3)
FN:23,(anonymous_4)
FN:28,(anonymous_5)
FN:31,(anonymous_6)
FN:43,(anonymous_7)
FNF:8
FNH:0
FNDA:0,(anonymous_0)
FNDA:0,(anonymous_1)
FNDA:0,(anonymous_2)
FNDA:0,(anonymous_3)
FNDA:0,(anonymous_4)
FNDA:0,(anonymous_5)
FNDA:0,(anonymous_6)
FNDA:0,(anonymous_7)
DA:4,0
DA:6,0
DA:9,0
DA:12,0
DA:18,0
DA:24,0
DA:29,0
DA:32,0
DA:33,0
DA:34,0
DA:35,0
DA:42,0
DA:43,0
DA:44,0
DA:46,0
DA:47,0
LF:16
LH:0
BRDA:38,0,0,0
BRDA:38,0,1,0
BRDA:42,1,0,0
BRDA:42,1,1,0
BRDA:44,2,0,0
BRDA:44,2,1,0
BRF:6
BRH:0
end_of_record
TN:
SF:src/services/sitioModulo.ts
FN:4,(anonymous_0)
FN:7,(anonymous_1)
FN:10,(anonymous_2)
FNF:3
FNH:0
FNDA:0,(anonymous_0)
FNDA:0,(anonymous_1)
FNDA:0,(anonymous_2)
DA:3,0
DA:4,0
DA:7,0
DA:10,0
LF:4
LH:0
BRF:0
BRH:0
end_of_record
TN:
SF:src/services/store.ts
FN:22,(anonymous_0)
FN:27,(anonymous_1)
FN:50,(anonymous_2)
FN:59,(anonymous_3)
FN:69,(anonymous_4)
FN:83,(anonymous_5)
FN:91,(anonymous_6)
FN:101,(anonymous_7)
FN:110,(anonymous_8)
FN:120,(anonymous_9)
FN:134,(anonymous_10)
FN:146,(anonymous_11)
FN:161,(anonymous_12)
FN:165,(anonymous_13)
FN:181,(anonymous_14)
FN:189,(anonymous_15)
FN:199,(anonymous_16)
FN:210,(anonymous_17)
FN:222,(anonymous_18)
FNF:19
FNH:0
FNDA:0,(anonymous_0)
FNDA:0,(anonymous_1)
FNDA:0,(anonymous_2)
FNDA:0,(anonymous_3)
FNDA:0,(anonymous_4)
FNDA:0,(anonymous_5)
FNDA:0,(anonymous_6)
FNDA:0,(anonymous_7)
FNDA:0,(anonymous_8)
FNDA:0,(anonymous_9)
FNDA:0,(anonymous_10)
FNDA:0,(anonymous_11)
FNDA:0,(anonymous_12)
FNDA:0,(anonymous_13)
FNDA:0,(anonymous_14)
FNDA:0,(anonymous_15)
FNDA:0,(anonymous_16)
FNDA:0,(anonymous_17)
FNDA:0,(anonymous_18)
DA:22,0
DA:24,0
DA:37,0
DA:38,0
DA:39,0
DA:40,0
DA:41,0
DA:42,0
DA:44,0
DA:45,0
DA:54,0
DA:63,0
DA:74,0
DA:84,0
DA:95,0
DA:96,0
DA:105,0
DA:114,0
DA:125,0
DA:138,0
DA:150,0
DA:151,0
DA:152,0
DA:153,0
DA:155,0
DA:156,0
DA:162,0
DA:170,0
DA:185,0
DA:186,0
DA:193,0
DA:204,0
DA:214,0
DA:226,0
LF:34
LH:0
BRDA:38,0,0,0
BRDA:38,0,1,0
BRDA:39,1,0,0
BRDA:39,1,1,0
BRDA:40,2,0,0
BRDA:40,2,1,0
BRDA:41,3,0,0
BRDA:41,3,1,0
BRDA:42,4,0,0
BRDA:42,4,1,0
BRDA:46,5,0,0
BRDA:46,5,1,0
BRDA:93,6,0,0
BRDA:95,7,0,0
BRDA:95,7,1,0
BRDA:151,8,0,0
BRDA:151,8,1,0
BRDA:152,9,0,0
BRDA:152,9,1,0
BRDA:153,10,0,0
BRDA:153,10,1,0
BRDA:157,11,0,0
BRDA:157,11,1,0
BRDA:185,12,0,0
BRDA:185,12,1,0
BRF:25
BRH:0
end_of_record
TN:
SF:src/site-widget/api.ts
FN:3,getToken
FN:11,setToken
FN:19,clearToken
FN:27,isAuthenticated
FN:41,apiFetch
FN:58,(anonymous_5)
FNF:6
FNH:0
FNDA:0,getToken
FNDA:0,setToken
FNDA:0,clearToken
FNDA:0,isAuthenticated
FNDA:0,apiFetch
FNDA:0,(anonymous_5)
DA:1,0
DA:4,0
DA:5,0
DA:7,0
DA:12,0
DA:13,0
DA:20,0
DA:21,0
DA:28,0
DA:29,0
DA:30,0
DA:31,0
DA:32,0
DA:33,0
DA:35,0
DA:37,0
DA:45,0
DA:46,0
DA:52,0
DA:57,0
DA:58,0
DA:59,0
DA:62,0
DA:63,0
DA:66,0
LF:25
LH:0
BRDA:29,0,0,0
BRDA:29,0,1,0
BRDA:32,1,0,0
BRDA:32,1,1,0
BRDA:43,2,0,0
BRDA:48,3,0,0
BRDA:48,3,1,0
BRDA:49,4,0,0
BRDA:49,4,1,0
BRDA:57,5,0,0
BRDA:57,5,1,0
BRDA:59,6,0,0
BRDA:59,6,1,0
BRDA:62,7,0,0
BRDA:62,7,1,0
BRF:15
BRH:0
end_of_record
TN:
SF:src/site-widget/auth.ts
FN:5,getSitioId
FN:10,showError
FN:18,hideError
FN:25,handleLogin
FN:26,(anonymous_4)
FN:81,handleRegister
FN:82,(anonymous_6)
FN:136,handleLogout
FN:137,(anonymous_8)
FN:148,initAuthBlocks
FN:150,(anonymous_10)
FN:168,(anonymous_11)
FN:179,(anonymous_12)
FNF:13
FNH:0
FNDA:0,getSitioId
FNDA:0,showError
FNDA:0,hideError
FNDA:0,handleLogin
FNDA:0,(anonymous_4)
FNDA:0,handleRegister
FNDA:0,(anonymous_6)
FNDA:0,handleLogout
FNDA:0,(anonymous_8)
FNDA:0,initAuthBlocks
FNDA:0,(anonymous_10)
FNDA:0,(anonymous_11)
FNDA:0,(anonymous_12)
DA:6,0
DA:7,0
DA:11,0
DA:12,0
DA:13,0
DA:14,0
DA:19,0
DA:20,0
DA:21,0
DA:26,0
DA:27,0
DA:28,0
DA:30,0
DA:31,0
DA:32,0
DA:33,0
DA:36,0
DA:37,0
DA:38,0
DA:40,0
DA:41,0
DA:42,0
DA:45,0
DA:46,0
DA:47,0
DA:48,0
DA:51,0
DA:52,0
DA:57,0
DA:58,0
DA:60,0
DA:61,0
DA:62,0
DA:65,0
DA:66,0
DA:67,0
DA:68,0
DA:71,0
DA:73,0
DA:74,0
DA:75,0
DA:82,0
DA:83,0
DA:84,0
DA:86,0
DA:87,0
DA:88,0
DA:89,0
DA:92,0
DA:93,0
DA:94,0
DA:95,0
DA:96,0
DA:97,0
DA:99,0
DA:100,0
DA:101,0
DA:104,0
DA:105,0
DA:106,0
DA:107,0
DA:110,0
DA:111,0
DA:116,0
DA:126,0
DA:128,0
DA:129,0
DA:130,0
DA:137,0
DA:138,0
DA:139,0
DA:143,0
DA:144,0
DA:149,0
DA:150,0
DA:151,0
DA:152,0
DA:153,0
DA:154,0
DA:155,0
DA:156,0
DA:157,0
DA:158,0
DA:161,0
DA:162,0
DA:167,0
DA:168,0
DA:169,0
DA:170,0
DA:171,0
DA:175,0
DA:176,0
DA:178,0
DA:179,0
DA:180,0
DA:181,0
DA:182,0
DA:184,0
LF:98
LH:0
BRDA:7,0,0,0
BRDA:7,0,1,0
BRDA:12,1,0,0
BRDA:12,1,1,0
BRDA:20,2,0,0
BRDA:20,2,1,0
BRDA:31,3,0,0
BRDA:31,3,1,0
BRDA:40,4,0,0
BRDA:40,4,1,0
BRDA:40,5,0,0
BRDA:40,5,1,0
BRDA:46,6,0,0
BRDA:46,6,1,0
BRDA:61,7,0,0
BRDA:61,7,1,0
BRDA:66,8,0,0
BRDA:66,8,1,0
BRDA:71,9,0,0
BRDA:71,9,1,0
BRDA:73,10,0,0
BRDA:73,10,1,0
BRDA:87,11,0,0
BRDA:87,11,1,0
BRDA:99,12,0,0
BRDA:99,12,1,0
BRDA:99,13,0,0
BRDA:99,13,1,0
BRDA:99,13,2,0
BRDA:99,13,3,0
BRDA:105,14,0,0
BRDA:105,14,1,0
BRDA:113,15,0,0
BRDA:113,15,1,0
BRDA:126,16,0,0
BRDA:126,16,1,0
BRDA:128,17,0,0
BRDA:128,17,1,0
BRDA:152,18,0,0
BRDA:152,18,1,0
BRDA:153,19,0,0
BRDA:153,19,1,0
BRDA:156,20,0,0
BRDA:156,20,1,0
BRDA:170,21,0,0
BRDA:170,21,1,0
BRDA:180,22,0,0
BRDA:180,22,1,0
BRF:48
BRH:0
end_of_record
TN:
SF:src/site-widget/blog.ts
FN:20,getSiteId
FN:35,getLimit
FN:43,formatDate
FN:57,normalizeImage
FN:67,getPostUrl
FN:72,fetchPosts
FN:84,fetchPostBySlug
FN:96,showEmpty
FN:106,fillPostItem
FN:146,renderPostCollection
FN:163,(anonymous_10)
FN:170,(anonymous_11)
FN:179,initPostsBlock
FN:196,initFeaturedPost
FN:216,(anonymous_14)
FN:229,initPostDetail
FN:267,initSearchBlock
FN:273,(anonymous_17)
FN:282,(anonymous_18)
FN:285,(anonymous_19)
FN:296,createBlogModal
FN:388,(anonymous_21)
FN:393,(anonymous_22)
FN:400,(anonymous_23)
FN:410,openBlogModal
FN:442,initBlogBlocks
FN:444,(anonymous_26)
FN:449,(anonymous_27)
FN:454,(anonymous_28)
FN:459,(anonymous_29)
FN:464,(anonymous_30)
FN:469,(anonymous_31)
FNF:32
FNH:0
FNDA:0,getSiteId
FNDA:0,getLimit
FNDA:0,formatDate
FNDA:0,normalizeImage
FNDA:0,getPostUrl
FNDA:0,fetchPosts
FNDA:0,fetchPostBySlug
FNDA:0,showEmpty
FNDA:0,fillPostItem
FNDA:0,renderPostCollection
FNDA:0,(anonymous_10)
FNDA:0,(anonymous_11)
FNDA:0,initPostsBlock
FNDA:0,initFeaturedPost
FNDA:0,(anonymous_14)
FNDA:0,initPostDetail
FNDA:0,initSearchBlock
FNDA:0,(anonymous_17)
FNDA:0,(anonymous_18)
FNDA:0,(anonymous_19)
FNDA:0,createBlogModal
FNDA:0,(anonymous_21)
FNDA:0,(anonymous_22)
FNDA:0,(anonymous_23)
FNDA:0,openBlogModal
FNDA:0,initBlogBlocks
FNDA:0,(anonymous_26)
FNDA:0,(anonymous_27)
FNDA:0,(anonymous_28)
FNDA:0,(anonymous_29)
FNDA:0,(anonymous_30)
FNDA:0,(anonymous_31)
DA:18,0
DA:21,0
DA:23,0
DA:24,0
DA:25,0
DA:27,0
DA:28,0
DA:31,0
DA:32,0
DA:36,0
DA:37,0
DA:39,0
DA:40,0
DA:44,0
DA:46,0
DA:47,0
DA:53,0
DA:58,0
DA:59,0
DA:62,0
DA:64,0
DA:68,0
DA:69,0
DA:73,0
DA:77,0
DA:78,0
DA:81,0
DA:85,0
DA:89,0
DA:90,0
DA:93,0
DA:97,0
DA:98,0
DA:99,0
DA:101,0
DA:102,0
DA:103,0
DA:107,0
DA:108,0
DA:109,0
DA:110,0
DA:111,0
DA:112,0
DA:113,0
DA:115,0
DA:116,0
DA:117,0
DA:120,0
DA:122,0
DA:123,0
DA:129,0
DA:130,0
DA:133,0
DA:134,0
DA:137,0
DA:138,0
DA:141,0
DA:142,0
DA:147,0
DA:148,0
DA:149,0
DA:151,0
DA:153,0
DA:154,0
DA:155,0
DA:158,0
DA:160,0
DA:161,0
DA:163,0
DA:164,0
DA:165,0
DA:166,0
DA:168,0
DA:170,0
DA:171,0
DA:172,0
DA:175,0
DA:180,0
DA:181,0
DA:182,0
DA:183,0
DA:186,0
DA:187,0
DA:188,0
DA:189,0
DA:191,0
DA:192,0
DA:197,0
DA:198,0
DA:199,0
DA:200,0
DA:203,0
DA:204,0
DA:205,0
DA:207,0
DA:208,0
DA:209,0
DA:212,0
DA:213,0
DA:215,0
DA:216,0
DA:217,0
DA:218,0
DA:221,0
DA:222,0
DA:224,0
DA:225,0
DA:230,0
DA:231,0
DA:232,0
DA:234,0
DA:235,0
DA:238,0
DA:239,0
DA:240,0
DA:242,0
DA:243,0
DA:246,0
DA:247,0
DA:248,0
DA:250,0
DA:251,0
DA:252,0
DA:253,0
DA:256,0
DA:259,0
DA:260,0
DA:262,0
DA:263,0
DA:268,0
DA:269,0
DA:271,0
DA:273,0
DA:274,0
DA:276,0
DA:278,0
DA:282,0
DA:283,0
DA:285,0
DA:286,0
DA:287,0
DA:289,0
DA:290,0
DA:297,0
DA:299,0
DA:301,0
DA:302,0
DA:303,0
DA:314,0
DA:385,0
DA:387,0
DA:388,0
DA:389,0
DA:390,0
DA:393,0
DA:394,0
DA:395,0
DA:396,0
DA:400,0
DA:401,0
DA:402,0
DA:403,0
DA:407,0
DA:411,0
DA:413,0
DA:414,0
DA:415,0
DA:416,0
DA:417,0
DA:419,0
DA:420,0
DA:421,0
DA:424,0
DA:425,0
DA:427,0
DA:428,0
DA:434,0
DA:435,0
DA:438,0
DA:439,0
DA:443,0
DA:444,0
DA:445,0
DA:448,0
DA:449,0
DA:450,0
DA:453,0
DA:454,0
DA:455,0
DA:458,0
DA:459,0
DA:460,0
DA:463,0
DA:464,0
DA:465,0
DA:468,0
DA:469,0
DA:470,0
LF:198
LH:0
BRDA:23,0,0,0
BRDA:23,0,1,0
BRDA:23,1,0,0
BRDA:23,1,1,0
BRDA:25,2,0,0
BRDA:25,2,1,0
BRDA:28,3,0,0
BRDA:28,3,1,0
BRDA:32,4,0,0
BRDA:32,4,1,0
BRDA:37,5,0,0
BRDA:37,5,1,0
BRDA:40,6,0,0
BRDA:40,6,1,0
BRDA:44,7,0,0
BRDA:44,7,1,0
BRDA:58,8,0,0
BRDA:58,8,1,0
BRDA:62,9,0,0
BRDA:62,9,1,0
BRDA:77,10,0,0
BRDA:77,10,1,0
BRDA:89,11,0,0
BRDA:89,11,1,0
BRDA:101,12,0,0
BRDA:101,12,1,0
BRDA:102,13,0,0
BRDA:102,13,1,0
BRDA:103,14,0,0
BRDA:103,14,1,0
BRDA:115,15,0,0
BRDA:115,15,1,0
BRDA:120,16,0,0
BRDA:120,16,1,0
BRDA:122,17,0,0
BRDA:122,17,1,0
BRDA:124,18,0,0
BRDA:124,18,1,0
BRDA:124,18,2,0
BRDA:129,19,0,0
BRDA:129,19,1,0
BRDA:133,20,0,0
BRDA:133,20,1,0
BRDA:134,21,0,0
BRDA:134,21,1,0
BRDA:137,22,0,0
BRDA:137,22,1,0
BRDA:141,23,0,0
BRDA:141,23,1,0
BRDA:151,24,0,0
BRDA:151,24,1,0
BRDA:151,25,0,0
BRDA:151,25,1,0
BRDA:153,26,0,0
BRDA:153,26,1,0
BRDA:158,27,0,0
BRDA:158,27,1,0
BRDA:181,28,0,0
BRDA:181,28,1,0
BRDA:198,29,0,0
BRDA:198,29,1,0
BRDA:207,30,0,0
BRDA:207,30,1,0
BRDA:212,31,0,0
BRDA:212,31,1,0
BRDA:222,32,0,0
BRDA:222,32,1,0
BRDA:234,33,0,0
BRDA:234,33,1,0
BRDA:234,34,0,0
BRDA:234,34,1,0
BRDA:242,35,0,0
BRDA:242,35,1,0
BRDA:246,36,0,0
BRDA:246,36,1,0
BRDA:247,37,0,0
BRDA:247,37,1,0
BRDA:250,38,0,0
BRDA:250,38,1,0
BRDA:260,39,0,0
BRDA:260,39,1,0
BRDA:271,40,0,0
BRDA:271,40,1,0
BRDA:271,41,0,0
BRDA:271,41,1,0
BRDA:286,42,0,0
BRDA:286,42,1,0
BRDA:287,43,0,0
BRDA:287,43,1,0
BRDA:289,44,0,0
BRDA:289,44,1,0
BRDA:289,44,2,0
BRDA:290,45,0,0
BRDA:290,45,1,0
BRDA:299,46,0,0
BRDA:299,46,1,0
BRDA:394,47,0,0
BRDA:394,47,1,0
BRDA:401,48,0,0
BRDA:401,48,1,0
BRDA:401,49,0,0
BRDA:401,49,1,0
BRDA:419,50,0,0
BRDA:419,50,1,0
BRDA:424,51,0,0
BRDA:424,51,1,0
BRDA:425,52,0,0
BRDA:425,52,1,0
BRDA:425,53,0,0
BRDA:425,53,1,0
BRDA:427,54,0,0
BRDA:427,54,1,0
BRDA:429,55,0,0
BRDA:429,55,1,0
BRDA:429,55,2,0
BRDA:434,56,0,0
BRDA:434,56,1,0
BRDA:435,57,0,0
BRDA:435,57,1,0
BRF:119
BRH:0
end_of_record
TN:
SF:src/site-widget/index.ts
FN:7,(anonymous_0)
FN:8,init
FN:19,(anonymous_2)
FN:34,(anonymous_3)
FNF:4
FNH:0
FNDA:0,(anonymous_0)
FNDA:0,init
FNDA:0,(anonymous_2)
FNDA:0,(anonymous_3)
DA:7,0
DA:9,0
DA:10,0
DA:12,0
DA:13,0
DA:15,0
DA:16,0
DA:18,0
DA:19,0
DA:20,0
DA:21,0
DA:22,0
DA:23,0
DA:24,0
DA:26,0
DA:29,0
DA:33,0
DA:34,0
DA:35,0
DA:36,0
DA:37,0
DA:38,0
DA:46,0
DA:47,0
DA:50,0
DA:51,0
DA:53,0
LF:27
LH:0
BRDA:22,0,0,0
BRDA:22,0,1,0
BRDA:37,1,0,0
BRDA:37,1,1,0
BRDA:50,2,0,0
BRDA:50,2,1,0
BRF:6
BRH:0
end_of_record
TN:
SF:src/site-widget/perfil.ts
FN:15,fetchProfile
FN:19,loadProfile
FNF:2
FNH:1
FNDA:2,fetchProfile
FNDA:0,loadProfile
DA:16,2
DA:20,0
DA:21,0
DA:23,0
DA:24,0
DA:25,0
DA:28,0
DA:29,0
DA:30,0
DA:33,0
DA:34,0
DA:35,0
DA:36,0
DA:39,0
DA:40,0
DA:41,0
DA:43,0
LF:17
LH:1
BRDA:24,0,0,0
BRDA:24,0,1,0
BRDA:29,1,0,0
BRDA:29,1,1,0
BRDA:34,2,0,0
BRDA:34,2,1,0
BRDA:35,3,0,0
BRDA:35,3,1,0
BRDA:40,4,0,0
BRDA:40,4,1,0
BRF:10
BRH:0
end_of_record
TN:
SF:src/site-widget/tienda.ts
FN:44,getSiteId
FN:59,getLimit
FN:67,getUsuarioId
FN:88,formatPrice
FN:92,showToast
FN:117,(anonymous_5)
FN:118,(anonymous_6)
FN:120,(anonymous_7)
FN:124,normalizeImage
FN:130,getFirstImage
FN:137,showEmpty
FN:157,fetchData
FN:163,fetchProductos
FN:176,fetchProducto
FN:183,fetchCategorias
FN:190,fetchCarrito
FN:197,addToCart
FN:209,updateCartItem
FN:215,removeCartItem
FN:221,postCheckout
FN:229,(anonymous_20)
FN:236,fillProductItem
FN:287,renderProductCollection
FN:306,(anonymous_23)
FN:314,(anonymous_24)
FN:331,(anonymous_25)
FN:338,(anonymous_26)
FN:350,initProductosGrid
FN:367,initProductoLista
FN:384,initProductoDestacado
FN:409,(anonymous_30)
FN:424,(anonymous_31)
FN:440,initProductoDetalle
FN:460,(anonymous_33)
FN:484,(anonymous_34)
FN:493,(anonymous_35)
FN:503,(anonymous_36)
FN:518,(anonymous_37)
FN:534,initCategorias
FN:564,(anonymous_39)
FN:567,(anonymous_40)
FN:573,(anonymous_41)
FN:582,filterByCategory
FN:587,(anonymous_43)
FN:590,(anonymous_44)
FN:601,initCarrito
FN:640,(anonymous_46)
FN:666,(anonymous_47)
FN:682,(anonymous_48)
FN:697,(anonymous_49)
FN:717,(anonymous_50)
FN:739,(anonymous_51)
FN:758,refreshCartTotal
FN:760,(anonymous_53)
FN:763,(anonymous_54)
FN:767,(anonymous_55)
FN:770,refreshCarritoUI
FN:772,(anonymous_57)
FN:777,initCheckout
FN:786,(anonymous_59)
FN:787,(anonymous_60)
FN:788,(anonymous_61)
FN:801,(anonymous_62)
FN:805,(anonymous_63)
FN:828,(anonymous_64)
FN:877,initTiendaBlocks
FN:879,(anonymous_66)
FN:884,(anonymous_67)
FN:889,(anonymous_68)
FN:894,(anonymous_69)
FN:899,(anonymous_70)
FN:904,(anonymous_71)
FN:909,(anonymous_72)
FNF:73
FNH:66
FNDA:38,getSiteId
FNDA:5,getLimit
FNDA:25,getUsuarioId
FNDA:46,formatPrice
FNDA:4,showToast
FNDA:0,(anonymous_5)
FNDA:0,(anonymous_6)
FNDA:0,(anonymous_7)
FNDA:11,normalizeImage
FNDA:11,getFirstImage
FNDA:11,showEmpty
FNDA:31,fetchData
FNDA:7,fetchProductos
FNDA:2,fetchProducto
FNDA:6,fetchCategorias
FNDA:16,fetchCarrito
FNDA:3,addToCart
FNDA:4,updateCartItem
FNDA:3,removeCartItem
FNDA:2,postCheckout
FNDA:0,(anonymous_20)
FNDA:6,fillProductItem
FNDA:4,renderProductCollection
FNDA:3,(anonymous_23)
FNDA:1,(anonymous_24)
FNDA:1,(anonymous_25)
FNDA:0,(anonymous_26)
FNDA:5,initProductosGrid
FNDA:1,initProductoLista
FNDA:1,initProductoDestacado
FNDA:1,(anonymous_30)
FNDA:0,(anonymous_31)
FNDA:3,initProductoDetalle
FNDA:1,(anonymous_33)
FNDA:1,(anonymous_34)
FNDA:1,(anonymous_35)
FNDA:2,(anonymous_36)
FNDA:1,(anonymous_37)
FNDA:7,initCategorias
FNDA:1,(anonymous_39)
FNDA:1,(anonymous_40)
FNDA:1,(anonymous_41)
FNDA:2,filterByCategory
FNDA:2,(anonymous_43)
FNDA:2,(anonymous_44)
FNDA:14,initCarrito
FNDA:12,(anonymous_46)
FNDA:2,(anonymous_47)
FNDA:2,(anonymous_48)
FNDA:3,(anonymous_49)
FNDA:12,(anonymous_50)
FNDA:3,(anonymous_51)
FNDA:3,refreshCartTotal
FNDA:3,(anonymous_53)
FNDA:3,(anonymous_54)
FNDA:0,(anonymous_55)
FNDA:2,refreshCarritoUI
FNDA:1,(anonymous_57)
FNDA:6,initCheckout
FNDA:3,(anonymous_59)
FNDA:1,(anonymous_60)
FNDA:7,(anonymous_61)
FNDA:2,(anonymous_62)
FNDA:4,(anonymous_63)
FNDA:18,(anonymous_64)
FNDA:33,initTiendaBlocks
FNDA:5,(anonymous_66)
FNDA:1,(anonymous_67)
FNDA:1,(anonymous_68)
FNDA:3,(anonymous_69)
FNDA:7,(anonymous_70)
FNDA:13,(anonymous_71)
FNDA:6,(anonymous_72)
DA:41,30
DA:42,30
DA:45,38
DA:47,38
DA:48,4
DA:49,4
DA:51,0
DA:52,0
DA:55,34
DA:56,34
DA:60,5
DA:61,5
DA:63,1
DA:64,1
DA:68,25
DA:69,25
DA:70,25
DA:72,20
DA:74,20
DA:75,20
DA:76,20
DA:77,0
DA:78,0
DA:82,20
DA:84,0
DA:89,46
DA:93,4
DA:94,4
DA:96,4
DA:97,4
DA:98,4
DA:99,4
DA:116,4
DA:117,4
DA:118,4
DA:119,0
DA:120,0
DA:125,11
DA:126,11
DA:127,11
DA:131,11
DA:132,11
DA:134,0
DA:138,11
DA:139,11
DA:140,11
DA:141,11
DA:142,11
DA:143,11
DA:145,11
DA:146,11
DA:147,11
DA:148,11
DA:149,11
DA:150,11
DA:151,2
DA:152,2
DA:153,2
DA:158,31
DA:159,30
DA:160,28
DA:164,7
DA:165,7
DA:166,7
DA:167,7
DA:169,7
DA:170,7
DA:173,6
DA:177,2
DA:180,2
DA:184,6
DA:187,5
DA:191,16
DA:192,16
DA:198,3
DA:199,3
DA:201,3
DA:206,3
DA:210,4
DA:216,3
DA:222,2
DA:228,2
DA:229,1
DA:230,1
DA:233,1
DA:237,6
DA:238,6
DA:239,6
DA:240,6
DA:241,6
DA:242,6
DA:243,6
DA:244,6
DA:246,6
DA:247,4
DA:248,4
DA:251,6
DA:252,6
DA:254,6
DA:255,1
DA:256,1
DA:257,5
DA:258,0
DA:261,6
DA:262,1
DA:263,1
DA:264,1
DA:265,5
DA:266,0
DA:269,6
DA:270,6
DA:271,3
DA:272,3
DA:273,3
DA:275,0
DA:276,0
DA:280,6
DA:281,1
DA:284,6
DA:288,4
DA:289,4
DA:290,4
DA:292,4
DA:294,4
DA:295,1
DA:296,1
DA:299,3
DA:301,3
DA:303,3
DA:304,3
DA:306,3
DA:307,3
DA:308,3
DA:310,3
DA:312,3
DA:313,3
DA:314,2
DA:315,1
DA:316,1
DA:318,1
DA:319,1
DA:320,1
DA:321,0
DA:322,0
DA:325,1
DA:326,1
DA:327,1
DA:328,1
DA:329,1
DA:330,1
DA:331,1
DA:332,1
DA:333,1
DA:336,0
DA:337,0
DA:338,0
DA:339,0
DA:340,0
DA:346,3
DA:351,5
DA:352,5
DA:353,1
DA:354,1
DA:357,4
DA:358,4
DA:359,4
DA:360,3
DA:362,1
DA:363,1
DA:368,1
DA:369,1
DA:370,0
DA:371,0
DA:374,1
DA:375,1
DA:376,1
DA:377,1
DA:379,0
DA:380,0
DA:385,1
DA:386,1
DA:387,0
DA:388,0
DA:391,1
DA:392,1
DA:393,1
DA:395,1
DA:396,0
DA:397,0
DA:400,1
DA:401,1
DA:403,1
DA:404,1
DA:406,1
DA:408,1
DA:409,1
DA:410,1
DA:412,1
DA:413,1
DA:414,1
DA:415,1
DA:418,0
DA:419,0
DA:420,0
DA:421,0
DA:422,0
DA:423,0
DA:424,0
DA:425,0
DA:426,0
DA:429,0
DA:430,0
DA:435,0
DA:436,0
DA:441,3
DA:442,3
DA:444,3
DA:445,3
DA:446,3
DA:447,3
DA:449,3
DA:451,3
DA:453,3
DA:456,3
DA:457,2
DA:458,1
DA:459,1
DA:460,1
DA:461,1
DA:462,1
DA:463,1
DA:465,0
DA:466,0
DA:468,0
DA:469,0
DA:472,2
DA:474,2
DA:476,2
DA:477,2
DA:478,2
DA:479,2
DA:481,2
DA:483,2
DA:484,2
DA:485,1
DA:486,1
DA:487,1
DA:492,2
DA:493,2
DA:494,1
DA:495,1
DA:496,1
DA:501,2
DA:502,2
DA:503,2
DA:504,2
DA:506,2
DA:507,2
DA:508,0
DA:509,0
DA:512,2
DA:513,2
DA:514,2
DA:515,2
DA:516,1
DA:517,1
DA:518,1
DA:519,1
DA:520,1
DA:523,1
DA:524,1
DA:529,0
DA:530,0
DA:535,7
DA:536,7
DA:537,1
DA:538,1
DA:541,6
DA:542,6
DA:544,5
DA:545,5
DA:546,5
DA:548,5
DA:550,3
DA:551,0
DA:552,0
DA:555,1
DA:557,1
DA:558,1
DA:560,1
DA:561,1
DA:562,1
DA:563,1
DA:564,1
DA:565,1
DA:567,1
DA:568,1
DA:569,1
DA:570,1
DA:571,1
DA:573,1
DA:574,1
DA:577,3
DA:578,3
DA:583,2
DA:587,2
DA:588,2
DA:590,2
DA:591,2
DA:592,1
DA:593,1
DA:596,1
DA:602,14
DA:603,14
DA:605,14
DA:606,1
DA:607,1
DA:610,13
DA:611,13
DA:612,13
DA:614,13
DA:615,12
DA:616,12
DA:619,13
DA:620,13
DA:622,12
DA:623,1
DA:624,1
DA:627,11
DA:629,11
DA:630,11
DA:631,11
DA:632,11
DA:633,11
DA:636,11
DA:637,11
DA:638,11
DA:640,11
DA:641,12
DA:642,12
DA:643,12
DA:644,12
DA:645,12
DA:647,12
DA:648,12
DA:649,12
DA:650,12
DA:651,12
DA:652,12
DA:653,12
DA:654,12
DA:656,12
DA:657,7
DA:658,7
DA:660,12
DA:661,12
DA:662,12
DA:663,12
DA:665,12
DA:666,7
DA:667,2
DA:668,2
DA:669,2
DA:670,2
DA:671,1
DA:672,1
DA:673,1
DA:674,1
DA:676,1
DA:681,12
DA:682,7
DA:683,2
DA:684,2
DA:685,2
DA:686,1
DA:687,1
DA:688,1
DA:689,1
DA:691,1
DA:696,12
DA:697,7
DA:698,3
DA:699,3
DA:700,2
DA:701,2
DA:702,2
DA:703,1
DA:705,1
DA:708,1
DA:713,12
DA:716,11
DA:717,12
DA:718,11
DA:722,11
DA:723,11
DA:724,10
DA:725,10
DA:726,10
DA:727,10
DA:739,10
DA:740,3
DA:741,3
DA:742,1
DA:743,1
DA:745,2
DA:746,2
DA:747,1
DA:749,10
DA:750,10
DA:753,1
DA:754,1
DA:759,3
DA:761,3
DA:762,3
DA:763,3
DA:764,3
DA:771,2
DA:772,2
DA:773,1
DA:778,6
DA:779,6
DA:780,6
DA:781,6
DA:783,6
DA:785,5
DA:786,3
DA:787,3
DA:788,1
DA:789,7
DA:792,7
DA:794,1
DA:795,1
DA:796,1
DA:797,1
DA:798,1
DA:799,1
DA:800,1
DA:805,5
DA:806,4
DA:808,4
DA:809,4
DA:811,4
DA:812,1
DA:813,1
DA:814,1
DA:816,1
DA:819,3
DA:820,1
DA:821,1
DA:822,1
DA:824,1
DA:825,1
DA:828,2
DA:829,18
DA:832,18
DA:835,2
DA:848,2
DA:850,2
DA:851,2
DA:852,2
DA:853,2
DA:856,2
DA:858,2
DA:860,1
DA:861,1
DA:862,1
DA:864,1
DA:865,1
DA:866,1
DA:867,1
DA:869,1
DA:870,1
DA:871,1
DA:878,33
DA:879,33
DA:880,5
DA:883,33
DA:884,33
DA:885,1
DA:888,33
DA:889,33
DA:890,1
DA:893,33
DA:894,33
DA:895,3
DA:898,33
DA:899,33
DA:900,7
DA:903,33
DA:904,33
DA:905,13
DA:908,33
DA:909,33
DA:910,6
LF:494
LH:444
BRDA:47,0,0,4
BRDA:47,0,1,34
BRDA:47,1,0,38
BRDA:47,1,1,34
BRDA:49,2,0,4
BRDA:49,2,1,0
BRDA:52,3,0,0
BRDA:52,3,1,0
BRDA:56,4,0,0
BRDA:56,4,1,34
BRDA:61,5,0,4
BRDA:61,5,1,1
BRDA:64,6,0,0
BRDA:64,6,1,1
BRDA:70,7,0,5
BRDA:70,7,1,20
BRDA:74,8,0,20
BRDA:74,8,1,0
BRDA:76,9,0,0
BRDA:76,9,1,20
BRDA:82,10,0,20
BRDA:82,10,1,0
BRDA:82,10,2,0
BRDA:94,11,0,0
BRDA:94,11,1,4
BRDA:125,12,0,0
BRDA:125,12,1,11
BRDA:125,13,0,0
BRDA:125,13,1,0
BRDA:126,14,0,0
BRDA:126,14,1,11
BRDA:131,15,0,11
BRDA:131,15,1,0
BRDA:131,16,0,11
BRDA:131,16,1,11
BRDA:131,16,2,11
BRDA:145,17,0,9
BRDA:145,17,1,2
BRDA:146,18,0,7
BRDA:146,18,1,4
BRDA:147,19,0,11
BRDA:147,19,1,0
BRDA:148,20,0,2
BRDA:148,20,1,9
BRDA:149,21,0,1
BRDA:149,21,1,10
BRDA:150,22,0,2
BRDA:150,22,1,9
BRDA:153,23,0,2
BRDA:153,23,1,0
BRDA:159,24,0,2
BRDA:159,24,1,28
BRDA:165,25,0,0
BRDA:165,25,1,7
BRDA:166,26,0,1
BRDA:166,26,1,6
BRDA:167,27,0,7
BRDA:167,27,1,0
BRDA:171,28,0,7
BRDA:171,28,1,0
BRDA:191,29,0,0
BRDA:191,29,1,16
BRDA:199,30,0,3
BRDA:199,30,1,0
BRDA:206,31,0,1
BRDA:206,31,1,2
BRDA:228,32,0,1
BRDA:228,32,1,1
BRDA:230,33,0,1
BRDA:230,33,1,0
BRDA:246,34,0,4
BRDA:246,34,1,2
BRDA:251,35,0,5
BRDA:251,35,1,1
BRDA:252,36,0,5
BRDA:252,36,1,1
BRDA:254,37,0,1
BRDA:254,37,1,5
BRDA:254,38,0,6
BRDA:254,38,1,1
BRDA:254,38,2,1
BRDA:257,39,0,0
BRDA:257,39,1,5
BRDA:261,40,0,1
BRDA:261,40,1,5
BRDA:261,41,0,6
BRDA:261,41,1,1
BRDA:261,41,2,1
BRDA:265,42,0,0
BRDA:265,42,1,5
BRDA:269,43,0,1
BRDA:269,43,1,5
BRDA:269,44,0,1
BRDA:269,44,1,0
BRDA:270,45,0,3
BRDA:270,45,1,3
BRDA:271,46,0,3
BRDA:271,46,1,0
BRDA:280,47,0,1
BRDA:280,47,1,5
BRDA:280,48,0,6
BRDA:280,48,1,1
BRDA:292,49,0,0
BRDA:292,49,1,4
BRDA:292,50,0,4
BRDA:292,50,1,4
BRDA:294,51,0,1
BRDA:294,51,1,3
BRDA:299,52,0,1
BRDA:299,52,1,2
BRDA:313,53,0,2
BRDA:313,53,1,1
BRDA:318,54,0,0
BRDA:318,54,1,1
BRDA:320,55,0,0
BRDA:320,55,1,1
BRDA:352,56,0,1
BRDA:352,56,1,4
BRDA:369,57,0,0
BRDA:369,57,1,1
BRDA:386,58,0,0
BRDA:386,58,1,1
BRDA:395,59,0,0
BRDA:395,59,1,1
BRDA:400,60,0,1
BRDA:400,60,1,0
BRDA:404,61,0,1
BRDA:404,61,1,0
BRDA:408,62,0,1
BRDA:408,62,1,0
BRDA:413,63,0,1
BRDA:413,63,1,0
BRDA:442,64,0,0
BRDA:442,64,1,3
BRDA:447,65,0,2
BRDA:447,65,1,1
BRDA:449,66,0,0
BRDA:449,66,1,3
BRDA:449,67,0,3
BRDA:449,67,1,1
BRDA:456,68,0,2
BRDA:456,68,1,1
BRDA:458,69,0,1
BRDA:458,69,1,0
BRDA:461,70,0,1
BRDA:461,70,1,0
BRDA:462,71,0,1
BRDA:462,71,1,0
BRDA:468,72,0,0
BRDA:468,72,1,0
BRDA:474,73,0,2
BRDA:474,73,1,0
BRDA:483,74,0,2
BRDA:483,74,1,0
BRDA:485,75,0,1
BRDA:485,75,1,0
BRDA:487,76,0,1
BRDA:487,76,1,0
BRDA:492,77,0,2
BRDA:492,77,1,0
BRDA:494,78,0,1
BRDA:494,78,1,0
BRDA:496,79,0,1
BRDA:496,79,1,0
BRDA:502,80,0,2
BRDA:502,80,1,0
BRDA:502,81,0,2
BRDA:502,81,1,2
BRDA:507,82,0,0
BRDA:507,82,1,2
BRDA:530,83,0,0
BRDA:530,83,1,0
BRDA:536,84,0,1
BRDA:536,84,1,6
BRDA:548,85,0,2
BRDA:548,85,1,3
BRDA:548,86,0,5
BRDA:548,86,1,4
BRDA:550,87,0,0
BRDA:550,87,1,3
BRDA:555,88,0,1
BRDA:555,88,1,0
BRDA:563,89,0,1
BRDA:563,89,1,0
BRDA:571,90,0,1
BRDA:571,90,1,0
BRDA:591,91,0,1
BRDA:591,91,1,1
BRDA:596,92,0,0
BRDA:596,92,1,1
BRDA:605,93,0,1
BRDA:605,93,1,13
BRDA:614,94,0,12
BRDA:614,94,1,1
BRDA:614,95,0,13
BRDA:614,95,1,13
BRDA:616,96,0,12
BRDA:616,96,1,0
BRDA:622,97,0,1
BRDA:622,97,1,11
BRDA:622,98,0,12
BRDA:622,98,1,12
BRDA:627,99,0,11
BRDA:627,99,1,0
BRDA:630,100,0,6
BRDA:630,100,1,5
BRDA:631,101,0,11
BRDA:631,101,1,0
BRDA:633,102,0,11
BRDA:633,102,1,0
BRDA:636,103,0,0
BRDA:636,103,1,11
BRDA:637,104,0,0
BRDA:637,104,1,11
BRDA:656,105,0,7
BRDA:656,105,1,5
BRDA:660,106,0,12
BRDA:660,106,1,0
BRDA:661,107,0,12
BRDA:661,107,1,0
BRDA:662,108,0,12
BRDA:662,108,1,0
BRDA:663,109,0,12
BRDA:663,109,1,0
BRDA:665,110,0,7
BRDA:665,110,1,5
BRDA:668,111,0,0
BRDA:668,111,1,2
BRDA:672,112,0,1
BRDA:672,112,1,0
BRDA:673,113,0,1
BRDA:673,113,1,0
BRDA:681,114,0,7
BRDA:681,114,1,5
BRDA:687,115,0,1
BRDA:687,115,1,0
BRDA:688,116,0,1
BRDA:688,116,1,0
BRDA:696,117,0,7
BRDA:696,117,1,5
BRDA:702,118,0,1
BRDA:702,118,1,1
BRDA:716,119,0,11
BRDA:716,119,1,0
BRDA:723,120,0,10
BRDA:723,120,1,1
BRDA:731,121,0,10
BRDA:731,121,1,0
BRDA:741,122,0,1
BRDA:741,122,1,2
BRDA:746,123,0,1
BRDA:746,123,1,1
BRDA:749,124,0,10
BRDA:749,124,1,0
BRDA:762,125,0,3
BRDA:762,125,1,0
BRDA:783,126,0,1
BRDA:783,126,1,5
BRDA:785,127,0,3
BRDA:785,127,1,2
BRDA:792,128,0,7
BRDA:792,128,1,0
BRDA:792,129,0,7
BRDA:792,129,1,7
BRDA:811,130,0,1
BRDA:811,130,1,3
BRDA:812,131,0,1
BRDA:812,131,1,0
BRDA:819,132,0,1
BRDA:819,132,1,2
BRDA:820,133,0,1
BRDA:820,133,1,0
BRDA:832,134,0,18
BRDA:832,134,1,7
BRDA:851,135,0,2
BRDA:851,135,1,0
BRDA:856,136,0,2
BRDA:856,136,1,0
BRDA:861,137,0,1
BRDA:861,137,1,0
BRDA:862,138,0,1
BRDA:862,138,1,0
BRDA:862,139,0,1
BRDA:862,139,1,0
BRDA:865,140,0,1
BRDA:865,140,1,0
BRDA:866,141,0,1
BRDA:866,141,1,0
BRDA:869,142,0,1
BRDA:869,142,1,0
BRF:290
BRH:200
end_of_record
